------------------------------------------------------------------------------------------------------------------------

[2023-05-02 16:01:58 #1 store] 
Database '/home/borja/git/RepositorioPBL/Bets21/src/main/resources/bets.temp' is opened by 7620@fedora-b

[2023-05-02 16:01:58 #2 type] 
Type domain.Question is not enhanced.

[2023-05-02 16:01:58 #3 type] 
Type domain.Forecast is not enhanced.

[2023-05-02 16:01:58 #4 type] 
Type domain.Event is not enhanced.

[2023-05-02 16:01:58 #5 type] 
Type domain.Bet is not enhanced.

[2023-05-02 16:01:58 #6 type] 
Type domain.User is not enhanced.

------------------------------------------------------------------------------------------------------------------------

[2023-05-02 16:07:01 #1 store] 
Database '/home/borja/git/RepositorioPBL/Bets21/src/main/resources/bets.temp' is opened by 8022@fedora-b

[2023-05-02 16:07:01 #2 type] 
Type domain.Question is not enhanced.

[2023-05-02 16:07:01 #3 type] 
Type domain.Forecast is not enhanced.

[2023-05-02 16:07:01 #4 type] 
Type domain.Event is not enhanced.

[2023-05-02 16:07:01 #5 type] 
Type domain.Bet is not enhanced.

[2023-05-02 16:07:01 #6 type] 
Type domain.User is not enhanced.

------------------------------------------------------------------------------------------------------------------------

[2023-05-02 16:09:04 #1 store] 
Database '/home/borja/git/RepositorioPBL/Bets21/src/main/resources/bets.temp' is opened by 8177@fedora-b

[2023-05-02 16:09:04 #2 type] 
Type domain.Question is not enhanced.

[2023-05-02 16:09:04 #3 type] 
Type domain.Forecast is not enhanced.

[2023-05-02 16:09:05 #4 type] 
Type domain.Event is not enhanced.

[2023-05-02 16:09:05 #5 type] 
Type domain.Bet is not enhanced.

[2023-05-02 16:09:05 #6 type] 
Type domain.User is not enhanced.

------------------------------------------------------------------------------------------------------------------------

[2023-05-02 19:23:08 #1 store] 
Database 'C:\Users\sarag\git\RepositorioPBL\RepositorioPBL\Bets21\src\main\resources\bets.temp' is opened by 45124@LAPTOP-UUGQSHIG

[2023-05-02 19:23:08 #2 type] 
Type domain.Question is not enhanced.

[2023-05-02 19:23:08 #3 type] 
Type domain.Forecast is not enhanced.

[2023-05-02 19:23:08 #4 type] 
Type domain.Event is not enhanced.

[2023-05-02 19:23:08 #5 type] 
Type domain.Bet is not enhanced.

[2023-05-02 19:23:08 #6 type] 
Type domain.User is not enhanced.

------------------------------------------------------------------------------------------------------------------------

[2023-05-02 20:30:15 #1 store] 
Database 'C:\Users\sarag\git\RepositorioPBL\RepositorioPBL\Bets21\src\main\resources\bets.temp' is opened by 15788@LAPTOP-UUGQSHIG

[2023-05-02 20:30:15 #2 type] 
Type domain.Question is not enhanced.

[2023-05-02 20:30:15 #3 type] 
Type domain.Forecast is not enhanced.

[2023-05-02 20:30:15 #4 type] 
Type domain.Event is not enhanced.

[2023-05-02 20:30:15 #5 type] 
Type domain.Bet is not enhanced.

[2023-05-02 20:30:15 #6 type] 
Type domain.User is not enhanced.

------------------------------------------------------------------------------------------------------------------------

[2023-05-02 20:30:48 #1 store] 
Database 'C:\Users\sarag\git\RepositorioPBL\RepositorioPBL\Bets21\src\main\resources\bets.temp' is opened by 40840@LAPTOP-UUGQSHIG

[2023-05-02 20:30:48 #2 type] 
Type domain.Question is not enhanced.

[2023-05-02 20:30:48 #3 type] 
Type domain.Forecast is not enhanced.

[2023-05-02 20:30:48 #4 type] 
Type domain.Event is not enhanced.

[2023-05-02 20:30:48 #5 type] 
Type domain.Bet is not enhanced.

[2023-05-02 20:30:48 #6 type] 
Type domain.User is not enhanced.

------------------------------------------------------------------------------------------------------------------------

[2023-05-02 20:31:29 #1 store] 
Database 'C:\Users\sarag\git\RepositorioPBL\RepositorioPBL\Bets21\src\main\resources\bets.temp' is opened by 28896@LAPTOP-UUGQSHIG

[2023-05-02 20:31:29 #2 type] 
Type domain.Question is not enhanced.

[2023-05-02 20:31:29 #3 type] 
Type domain.Forecast is not enhanced.

[2023-05-02 20:31:29 #4 type] 
Type domain.Event is not enhanced.

[2023-05-02 20:31:29 #5 type] 
Type domain.Bet is not enhanced.

[2023-05-02 20:31:29 #6 type] 
Type domain.User is not enhanced.

------------------------------------------------------------------------------------------------------------------------

[2023-05-02 20:31:44 #1 store] 
Database 'C:\Users\sarag\git\RepositorioPBL\RepositorioPBL\Bets21\src\main\resources\bets.temp' is opened by 47920@LAPTOP-UUGQSHIG

[2023-05-02 20:31:45 #2 type] 
Type domain.Question is not enhanced.

[2023-05-02 20:31:45 #3 type] 
Type domain.Forecast is not enhanced.

[2023-05-02 20:31:45 #4 type] 
Type domain.Event is not enhanced.

[2023-05-02 20:31:45 #5 type] 
Type domain.Bet is not enhanced.

[2023-05-02 20:31:45 #6 type] 
Type domain.User is not enhanced.

------------------------------------------------------------------------------------------------------------------------

[2023-05-02 20:32:37 #1 store] 
Database 'C:\Users\sarag\git\RepositorioPBL\RepositorioPBL\Bets21\src\main\resources\bets.temp' is opened by 37348@LAPTOP-UUGQSHIG

[2023-05-02 20:32:37 #2 type] 
Type domain.Question is not enhanced.

[2023-05-02 20:32:37 #3 type] 
Type domain.Forecast is not enhanced.

[2023-05-02 20:32:37 #4 type] 
Type domain.Event is not enhanced.

[2023-05-02 20:32:37 #5 type] 
Type domain.Bet is not enhanced.

[2023-05-02 20:32:37 #6 type] 
Type domain.User is not enhanced.

------------------------------------------------------------------------------------------------------------------------

[2023-05-02 20:33:18 #1 store] 
Database 'C:\Users\sarag\git\RepositorioPBL\RepositorioPBL\Bets21\src\main\resources\bets.temp' is opened by 45664@LAPTOP-UUGQSHIG

[2023-05-02 20:33:18 #2 type] 
Type domain.Question is not enhanced.

[2023-05-02 20:33:18 #3 type] 
Type domain.Forecast is not enhanced.

[2023-05-02 20:33:18 #4 type] 
Type domain.Event is not enhanced.

[2023-05-02 20:33:18 #5 type] 
Type domain.Bet is not enhanced.

[2023-05-02 20:33:18 #6 type] 
Type domain.User is not enhanced.

------------------------------------------------------------------------------------------------------------------------

[2023-05-02 20:34:04 #1 store] 
Database 'C:\Users\sarag\git\RepositorioPBL\RepositorioPBL\Bets21\src\main\resources\bets.temp' is opened by 33564@LAPTOP-UUGQSHIG

[2023-05-02 20:34:04 #2 type] 
Type domain.Question is not enhanced.

[2023-05-02 20:34:04 #3 type] 
Type domain.Forecast is not enhanced.

[2023-05-02 20:34:04 #4 type] 
Type domain.Event is not enhanced.

[2023-05-02 20:34:04 #5 type] 
Type domain.Bet is not enhanced.

[2023-05-02 20:34:04 #6 type] 
Type domain.User is not enhanced.

------------------------------------------------------------------------------------------------------------------------

[2023-05-02 20:42:34 #1 store] 
Database 'C:\Users\sarag\git\RepositorioPBL\RepositorioPBL\Bets21\src\main\resources\bets.temp' is opened by 45860@LAPTOP-UUGQSHIG

[2023-05-02 20:42:34 #2 type] 
Type domain.Question is not enhanced.

[2023-05-02 20:42:34 #3 type] 
Type domain.Forecast is not enhanced.

[2023-05-02 20:42:34 #4 type] 
Type domain.Event is not enhanced.

[2023-05-02 20:42:34 #5 type] 
Type domain.Bet is not enhanced.

[2023-05-02 20:42:34 #6 type] 
Type domain.User is not enhanced.

------------------------------------------------------------------------------------------------------------------------

[2023-05-02 20:43:08 #1 store] 
Database 'C:\Users\sarag\git\RepositorioPBL\RepositorioPBL\Bets21\src\main\resources\bets.temp' is opened by 37304@LAPTOP-UUGQSHIG

[2023-05-02 20:43:08 #2 type] 
Type domain.Question is not enhanced.

[2023-05-02 20:43:08 #3 type] 
Type domain.Forecast is not enhanced.

[2023-05-02 20:43:08 #4 type] 
Type domain.Event is not enhanced.

[2023-05-02 20:43:08 #5 type] 
Type domain.Bet is not enhanced.

[2023-05-02 20:43:08 #6 type] 
Type domain.User is not enhanced.

------------------------------------------------------------------------------------------------------------------------

[2023-05-02 20:45:04 #1 store] 
Database 'C:\Users\sarag\git\RepositorioPBL\RepositorioPBL\Bets21\src\main\resources\bets.temp' is opened by 43212@LAPTOP-UUGQSHIG

[2023-05-02 20:45:04 #2 type] 
Type domain.Question is not enhanced.

[2023-05-02 20:45:04 #3 type] 
Type domain.Forecast is not enhanced.

[2023-05-02 20:45:04 #4 type] 
Type domain.Event is not enhanced.

[2023-05-02 20:45:04 #5 type] 
Type domain.Bet is not enhanced.

[2023-05-02 20:45:04 #6 type] 
Type domain.User is not enhanced.

------------------------------------------------------------------------------------------------------------------------

[2023-05-02 20:47:26 #1 store] 
Database 'C:\Users\sarag\git\RepositorioPBL\RepositorioPBL\Bets21\src\main\resources\bets.temp' is opened by 46036@LAPTOP-UUGQSHIG

[2023-05-02 20:47:26 #2 type] 
Type domain.Question is not enhanced.

[2023-05-02 20:47:26 #3 type] 
Type domain.Forecast is not enhanced.

[2023-05-02 20:47:26 #4 type] 
Type domain.Event is not enhanced.

[2023-05-02 20:47:26 #5 type] 
Type domain.Bet is not enhanced.

[2023-05-02 20:47:26 #6 type] 
Type domain.User is not enhanced.

------------------------------------------------------------------------------------------------------------------------

[2023-05-02 20:48:03 #1 store] 
Database 'C:\Users\sarag\git\RepositorioPBL\RepositorioPBL\Bets21\src\main\resources\bets.temp' is opened by 45544@LAPTOP-UUGQSHIG

[2023-05-02 20:48:03 #2 type] 
Type domain.Question is not enhanced.

[2023-05-02 20:48:03 #3 type] 
Type domain.Forecast is not enhanced.

[2023-05-02 20:48:03 #4 type] 
Type domain.Event is not enhanced.

[2023-05-02 20:48:03 #5 type] 
Type domain.Bet is not enhanced.

[2023-05-02 20:48:03 #6 type] 
Type domain.User is not enhanced.

------------------------------------------------------------------------------------------------------------------------

[2023-05-02 20:48:21 #1 store] 
Database 'C:\Users\sarag\git\RepositorioPBL\RepositorioPBL\Bets21\src\main\resources\bets.temp' is opened by 1356@LAPTOP-UUGQSHIG

[2023-05-02 20:48:21 #2 type] 
Type domain.Question is not enhanced.

[2023-05-02 20:48:21 #3 type] 
Type domain.Forecast is not enhanced.

[2023-05-02 20:48:21 #4 type] 
Type domain.Event is not enhanced.

[2023-05-02 20:48:21 #5 type] 
Type domain.Bet is not enhanced.

[2023-05-02 20:48:21 #6 type] 
Type domain.User is not enhanced.

------------------------------------------------------------------------------------------------------------------------

[2023-05-02 20:48:54 #1 store] 
Database 'C:\Users\sarag\git\RepositorioPBL\RepositorioPBL\Bets21\src\main\resources\bets.temp' is opened by 44436@LAPTOP-UUGQSHIG

[2023-05-02 20:48:54 #2 type] 
Type domain.Question is not enhanced.

[2023-05-02 20:48:54 #3 type] 
Type domain.Forecast is not enhanced.

[2023-05-02 20:48:54 #4 type] 
Type domain.Event is not enhanced.

[2023-05-02 20:48:54 #5 type] 
Type domain.Bet is not enhanced.

[2023-05-02 20:48:54 #6 type] 
Type domain.User is not enhanced.

------------------------------------------------------------------------------------------------------------------------

[2023-05-02 20:49:23 #1 store] 
Database 'C:\Users\sarag\git\RepositorioPBL\RepositorioPBL\Bets21\src\main\resources\bets.temp' is opened by 44680@LAPTOP-UUGQSHIG

[2023-05-02 20:49:23 #2 type] 
Type domain.Question is not enhanced.

[2023-05-02 20:49:23 #3 type] 
Type domain.Forecast is not enhanced.

[2023-05-02 20:49:23 #4 type] 
Type domain.Event is not enhanced.

[2023-05-02 20:49:23 #5 type] 
Type domain.Bet is not enhanced.

[2023-05-02 20:49:23 #6 type] 
Type domain.User is not enhanced.

------------------------------------------------------------------------------------------------------------------------

[2023-05-02 20:52:47 #1 store] 
Database 'C:\Users\sarag\git\RepositorioPBL\RepositorioPBL\Bets21\src\main\resources\bets.temp' is opened by 964@LAPTOP-UUGQSHIG

[2023-05-02 20:52:48 #2 type] 
Type domain.Question is not enhanced.

[2023-05-02 20:52:48 #3 type] 
Type domain.Forecast is not enhanced.

[2023-05-02 20:52:48 #4 type] 
Type domain.Event is not enhanced.

[2023-05-02 20:52:48 #5 type] 
Type domain.Bet is not enhanced.

[2023-05-02 20:52:48 #6 type] 
Type domain.User is not enhanced.

------------------------------------------------------------------------------------------------------------------------

[2023-05-02 21:27:18 #1 store] 
Database 'C:\Users\sarag\git\RepositorioPBL\RepositorioPBL\Bets21\src\main\resources\bets.temp' is opened by 19716@LAPTOP-UUGQSHIG

[2023-05-02 21:27:18 #2 type] 
Type domain.Question is not enhanced.

[2023-05-02 21:27:18 #3 type] 
Type domain.Forecast is not enhanced.

[2023-05-02 21:27:18 #4 type] 
Type domain.Event is not enhanced.

[2023-05-02 21:27:18 #5 type] 
Type domain.Bet is not enhanced.

[2023-05-02 21:27:18 #6 type] 
Type domain.User is not enhanced.

------------------------------------------------------------------------------------------------------------------------

[2023-05-02 21:32:42 #1 store] 
Database 'C:\Users\sarag\git\RepositorioPBL\RepositorioPBL\Bets21\src\main\resources\bets.temp' is opened by 45344@LAPTOP-UUGQSHIG

[2023-05-02 21:32:42 #2 type] 
Type domain.Question is not enhanced.

[2023-05-02 21:32:42 #3 type] 
Type domain.Forecast is not enhanced.

[2023-05-02 21:32:42 #4 type] 
Type domain.Event is not enhanced.

[2023-05-02 21:32:42 #5 type] 
Type domain.Bet is not enhanced.

[2023-05-02 21:32:42 #6 type] 
Type domain.User is not enhanced.

------------------------------------------------------------------------------------------------------------------------

[2023-05-02 21:39:52 #1 store] 
Database 'C:\Users\sarag\git\RepositorioPBL\RepositorioPBL\Bets21\src\main\resources\bets.temp' is opened by 25440@LAPTOP-UUGQSHIG

[2023-05-02 21:39:52 #2 type] 
Type domain.Question is not enhanced.

[2023-05-02 21:39:52 #3 type] 
Type domain.Forecast is not enhanced.

[2023-05-02 21:39:52 #4 type] 
Type domain.Event is not enhanced.

[2023-05-02 21:39:52 #5 type] 
Type domain.Bet is not enhanced.

[2023-05-02 21:39:52 #6 type] 
Type domain.User is not enhanced.

------------------------------------------------------------------------------------------------------------------------

[2023-05-02 21:48:56 #1 store] 
Database 'C:\Users\sarag\git\RepositorioPBL\RepositorioPBL\Bets21\src\main\resources\bets.temp' is opened by 43960@LAPTOP-UUGQSHIG

[2023-05-02 21:48:56 #2 type] 
Type domain.Question is not enhanced.

[2023-05-02 21:48:56 #3 type] 
Type domain.Forecast is not enhanced.

[2023-05-02 21:48:56 #4 type] 
Type domain.Event is not enhanced.

[2023-05-02 21:48:56 #5 type] 
Type domain.Bet is not enhanced.

[2023-05-02 21:48:56 #6 type] 
Type domain.User is not enhanced.

------------------------------------------------------------------------------------------------------------------------

[2023-05-02 22:00:19 #1 store] 
Database 'C:\Users\sarag\git\RepositorioPBL\RepositorioPBL\Bets21\src\main\resources\bets.temp' is opened by 42976@LAPTOP-UUGQSHIG

[2023-05-02 22:00:19 #2 type] 
Type domain.Question is not enhanced.

[2023-05-02 22:00:19 #3 type] 
Type domain.Forecast is not enhanced.

[2023-05-02 22:00:19 #4 type] 
Type domain.Event is not enhanced.

[2023-05-02 22:00:19 #5 type] 
Type domain.Bet is not enhanced.

[2023-05-02 22:00:19 #6 type] 
Type domain.User is not enhanced.

------------------------------------------------------------------------------------------------------------------------

[2023-05-02 22:01:19 #1 store] 
Database 'C:\Users\sarag\git\RepositorioPBL\RepositorioPBL\Bets21\src\main\resources\bets.temp' is opened by 34452@LAPTOP-UUGQSHIG

[2023-05-02 22:01:19 #2 type] 
Type domain.Question is not enhanced.

[2023-05-02 22:01:19 #3 type] 
Type domain.Forecast is not enhanced.

[2023-05-02 22:01:19 #4 type] 
Type domain.Event is not enhanced.

[2023-05-02 22:01:19 #5 type] 
Type domain.Bet is not enhanced.

[2023-05-02 22:01:19 #6 type] 
Type domain.User is not enhanced.

------------------------------------------------------------------------------------------------------------------------

[2023-05-02 22:05:28 #1 store] 
Database 'C:\Users\sarag\git\RepositorioPBL\RepositorioPBL\Bets21\src\main\resources\bets.temp' is opened by 41320@LAPTOP-UUGQSHIG

[2023-05-02 22:05:28 #2 type] 
Type domain.Question is not enhanced.

[2023-05-02 22:05:28 #3 type] 
Type domain.Forecast is not enhanced.

[2023-05-02 22:05:28 #4 type] 
Type domain.Event is not enhanced.

[2023-05-02 22:05:28 #5 type] 
Type domain.Bet is not enhanced.

[2023-05-02 22:05:28 #6 type] 
Type domain.User is not enhanced.

------------------------------------------------------------------------------------------------------------------------

[2023-05-02 22:05:48 #1 store] 
Database 'C:\Users\sarag\git\RepositorioPBL\RepositorioPBL\Bets21\src\main\resources\bets.temp' is opened by 44184@LAPTOP-UUGQSHIG

[2023-05-02 22:05:48 #2 type] 
Type domain.Question is not enhanced.

[2023-05-02 22:05:48 #3 type] 
Type domain.Forecast is not enhanced.

[2023-05-02 22:05:48 #4 type] 
Type domain.Event is not enhanced.

[2023-05-02 22:05:48 #5 type] 
Type domain.Bet is not enhanced.

[2023-05-02 22:05:48 #6 type] 
Type domain.User is not enhanced.

------------------------------------------------------------------------------------------------------------------------

[2023-05-02 22:10:38 #1 store] 
Database 'C:\Users\sarag\git\RepositorioPBL\RepositorioPBL\Bets21\src\main\resources\bets.temp' is opened by 47668@LAPTOP-UUGQSHIG

[2023-05-02 22:10:38 #2 type] 
Type domain.Question is not enhanced.

[2023-05-02 22:10:38 #3 type] 
Type domain.Forecast is not enhanced.

[2023-05-02 22:10:38 #4 type] 
Type domain.Event is not enhanced.

[2023-05-02 22:10:38 #5 type] 
Type domain.Bet is not enhanced.

[2023-05-02 22:10:38 #6 type] 
Type domain.User is not enhanced.

------------------------------------------------------------------------------------------------------------------------

[2023-05-02 22:11:48 #1 store] 
Database 'C:\Users\sarag\git\RepositorioPBL\RepositorioPBL\Bets21\src\main\resources\bets.temp' is opened by 40480@LAPTOP-UUGQSHIG

[2023-05-02 22:11:48 #2 type] 
Type domain.Question is not enhanced.

[2023-05-02 22:11:48 #3 type] 
Type domain.Forecast is not enhanced.

[2023-05-02 22:11:48 #4 type] 
Type domain.Event is not enhanced.

[2023-05-02 22:11:48 #5 type] 
Type domain.Bet is not enhanced.

[2023-05-02 22:11:48 #6 type] 
Type domain.User is not enhanced.

------------------------------------------------------------------------------------------------------------------------

[2023-05-02 22:13:15 #1 store] 
Database 'C:\Users\sarag\git\RepositorioPBL\RepositorioPBL\Bets21\src\main\resources\bets.temp' is opened by 18844@LAPTOP-UUGQSHIG

[2023-05-02 22:13:15 #2 type] 
Type domain.Question is not enhanced.

[2023-05-02 22:13:15 #3 type] 
Type domain.Forecast is not enhanced.

[2023-05-02 22:13:15 #4 type] 
Type domain.Event is not enhanced.

[2023-05-02 22:13:15 #5 type] 
Type domain.Bet is not enhanced.

[2023-05-02 22:13:15 #6 type] 
Type domain.User is not enhanced.

------------------------------------------------------------------------------------------------------------------------

[2023-05-02 22:14:22 #1 store] 
Database 'C:\Users\sarag\git\RepositorioPBL\RepositorioPBL\Bets21\src\main\resources\bets.temp' is opened by 28764@LAPTOP-UUGQSHIG

[2023-05-02 22:14:22 #2 type] 
Type domain.Question is not enhanced.

[2023-05-02 22:14:22 #3 type] 
Type domain.Forecast is not enhanced.

[2023-05-02 22:14:22 #4 type] 
Type domain.Event is not enhanced.

[2023-05-02 22:14:22 #5 type] 
Type domain.Bet is not enhanced.

[2023-05-02 22:14:22 #6 type] 
Type domain.User is not enhanced.

------------------------------------------------------------------------------------------------------------------------

[2023-05-02 22:15:28 #1 store] 
Database 'C:\Users\sarag\git\RepositorioPBL\RepositorioPBL\Bets21\src\main\resources\bets.temp' is opened by 21120@LAPTOP-UUGQSHIG

[2023-05-02 22:15:28 #2 type] 
Type domain.Question is not enhanced.

[2023-05-02 22:15:28 #3 type] 
Type domain.Forecast is not enhanced.

[2023-05-02 22:15:28 #4 type] 
Type domain.Event is not enhanced.

[2023-05-02 22:15:28 #5 type] 
Type domain.Bet is not enhanced.

[2023-05-02 22:15:28 #6 type] 
Type domain.User is not enhanced.

------------------------------------------------------------------------------------------------------------------------

[2023-05-02 22:17:14 #1 store] 
Database 'C:\Users\sarag\git\RepositorioPBL\RepositorioPBL\Bets21\src\main\resources\bets.temp' is opened by 39380@LAPTOP-UUGQSHIG

[2023-05-02 22:17:14 #2 type] 
Type domain.Question is not enhanced.

[2023-05-02 22:17:14 #3 type] 
Type domain.Forecast is not enhanced.

[2023-05-02 22:17:14 #4 type] 
Type domain.Event is not enhanced.

[2023-05-02 22:17:14 #5 type] 
Type domain.Bet is not enhanced.

[2023-05-02 22:17:14 #6 type] 
Type domain.User is not enhanced.

------------------------------------------------------------------------------------------------------------------------

[2023-05-02 22:18:45 #1 store] 
Database 'C:\Users\sarag\git\RepositorioPBL\RepositorioPBL\Bets21\src\main\resources\bets.temp' is opened by 40472@LAPTOP-UUGQSHIG

[2023-05-02 22:18:45 #2 type] 
Type domain.Question is not enhanced.

[2023-05-02 22:18:45 #3 type] 
Type domain.Forecast is not enhanced.

[2023-05-02 22:18:45 #4 type] 
Type domain.Event is not enhanced.

[2023-05-02 22:18:45 #5 type] 
Type domain.Bet is not enhanced.

[2023-05-02 22:18:45 #6 type] 
Type domain.User is not enhanced.

------------------------------------------------------------------------------------------------------------------------

[2023-05-02 22:20:57 #1 store] 
Database 'C:\Users\sarag\git\RepositorioPBL\RepositorioPBL\Bets21\src\main\resources\bets.temp' is opened by 29916@LAPTOP-UUGQSHIG

[2023-05-02 22:20:57 #2 type] 
Type domain.Question is not enhanced.

[2023-05-02 22:20:57 #3 type] 
Type domain.Forecast is not enhanced.

[2023-05-02 22:20:57 #4 type] 
Type domain.Event is not enhanced.

[2023-05-02 22:20:57 #5 type] 
Type domain.Bet is not enhanced.

[2023-05-02 22:20:57 #6 type] 
Type domain.User is not enhanced.

------------------------------------------------------------------------------------------------------------------------

[2023-05-02 22:22:15 #1 store] 
Database 'C:\Users\sarag\git\RepositorioPBL\RepositorioPBL\Bets21\src\main\resources\bets.temp' is opened by 35284@LAPTOP-UUGQSHIG

[2023-05-02 22:22:15 #2 type] 
Type domain.Question is not enhanced.

[2023-05-02 22:22:15 #3 type] 
Type domain.Forecast is not enhanced.

[2023-05-02 22:22:15 #4 type] 
Type domain.Event is not enhanced.

[2023-05-02 22:22:15 #5 type] 
Type domain.Bet is not enhanced.

[2023-05-02 22:22:15 #6 type] 
Type domain.User is not enhanced.

------------------------------------------------------------------------------------------------------------------------

[2023-05-02 22:23:06 #1 store] 
Database 'C:\Users\sarag\git\RepositorioPBL\RepositorioPBL\Bets21\src\main\resources\bets.temp' is opened by 47512@LAPTOP-UUGQSHIG

[2023-05-02 22:23:06 #2 type] 
Type domain.Question is not enhanced.

[2023-05-02 22:23:06 #3 type] 
Type domain.Forecast is not enhanced.

[2023-05-02 22:23:06 #4 type] 
Type domain.Event is not enhanced.

[2023-05-02 22:23:06 #5 type] 
Type domain.Bet is not enhanced.

[2023-05-02 22:23:06 #6 type] 
Type domain.User is not enhanced.

------------------------------------------------------------------------------------------------------------------------

[2023-05-02 22:35:37 #1 store] 
Database 'C:\Users\sarag\git\RepositorioPBL\RepositorioPBL\Bets21\src\main\resources\bets.temp' is opened by 32892@LAPTOP-UUGQSHIG

[2023-05-02 22:35:37 #2 type] 
Type domain.Question is not enhanced.

[2023-05-02 22:35:37 #3 type] 
Type domain.Forecast is not enhanced.

[2023-05-02 22:35:37 #4 type] 
Type domain.Event is not enhanced.

[2023-05-02 22:35:37 #5 type] 
Type domain.Bet is not enhanced.

[2023-05-02 22:35:37 #6 type] 
Type domain.User is not enhanced.

------------------------------------------------------------------------------------------------------------------------

[2023-05-02 22:47:44 #1 store] 
Database 'C:\Users\sarag\git\RepositorioPBL\RepositorioPBL\Bets21\src\main\resources\bets.temp' is opened by 24304@LAPTOP-UUGQSHIG

[2023-05-02 22:47:44 #2 type] 
Type domain.Question is not enhanced.

[2023-05-02 22:47:44 #3 type] 
Type domain.Forecast is not enhanced.

[2023-05-02 22:47:44 #4 type] 
Type domain.Event is not enhanced.

[2023-05-02 22:47:44 #5 type] 
Type domain.Bet is not enhanced.

[2023-05-02 22:47:44 #6 type] 
Type domain.User is not enhanced.

------------------------------------------------------------------------------------------------------------------------

[2023-05-02 22:48:05 #1 store] 
Database 'C:\Users\sarag\git\RepositorioPBL\RepositorioPBL\Bets21\src\main\resources\bets.temp' is opened by 10308@LAPTOP-UUGQSHIG

[2023-05-02 22:48:05 #2 type] 
Type domain.Question is not enhanced.

[2023-05-02 22:48:05 #3 type] 
Type domain.Forecast is not enhanced.

[2023-05-02 22:48:05 #4 type] 
Type domain.Event is not enhanced.

[2023-05-02 22:48:05 #5 type] 
Type domain.Bet is not enhanced.

[2023-05-02 22:48:05 #6 type] 
Type domain.User is not enhanced.

------------------------------------------------------------------------------------------------------------------------

[2023-05-02 22:48:31 #1 store] 
Database 'C:\Users\sarag\git\RepositorioPBL\RepositorioPBL\Bets21\src\main\resources\bets.temp' is opened by 36008@LAPTOP-UUGQSHIG

[2023-05-02 22:48:31 #2 type] 
Type domain.Question is not enhanced.

[2023-05-02 22:48:31 #3 type] 
Type domain.Forecast is not enhanced.

[2023-05-02 22:48:31 #4 type] 
Type domain.Event is not enhanced.

[2023-05-02 22:48:31 #5 type] 
Type domain.Bet is not enhanced.

[2023-05-02 22:48:31 #6 type] 
Type domain.User is not enhanced.

------------------------------------------------------------------------------------------------------------------------

[2023-05-02 22:49:12 #1 store] 
Database 'C:\Users\sarag\git\RepositorioPBL\RepositorioPBL\Bets21\src\main\resources\bets.temp' is opened by 21732@LAPTOP-UUGQSHIG

[2023-05-02 22:49:12 #2 type] 
Type domain.Question is not enhanced.

[2023-05-02 22:49:12 #3 type] 
Type domain.Forecast is not enhanced.

[2023-05-02 22:49:12 #4 type] 
Type domain.Event is not enhanced.

[2023-05-02 22:49:12 #5 type] 
Type domain.Bet is not enhanced.

[2023-05-02 22:49:12 #6 type] 
Type domain.User is not enhanced.

------------------------------------------------------------------------------------------------------------------------

[2023-05-02 22:51:55 #1 store] 
Database 'C:\Users\sarag\git\RepositorioPBL\RepositorioPBL\Bets21\src\main\resources\bets.temp' is opened by 3796@LAPTOP-UUGQSHIG

[2023-05-02 22:51:55 #2 type] 
Type domain.Question is not enhanced.

[2023-05-02 22:51:55 #3 type] 
Type domain.Forecast is not enhanced.

[2023-05-02 22:51:55 #4 type] 
Type domain.Event is not enhanced.

[2023-05-02 22:51:55 #5 type] 
Type domain.Bet is not enhanced.

[2023-05-02 22:51:55 #6 type] 
Type domain.User is not enhanced.

------------------------------------------------------------------------------------------------------------------------

[2023-05-02 22:53:47 #1 store] 
Database 'C:\Users\sarag\git\RepositorioPBL\RepositorioPBL\Bets21\src\main\resources\bets.temp' is opened by 47436@LAPTOP-UUGQSHIG

[2023-05-02 22:53:47 #2 type] 
Type domain.Question is not enhanced.

[2023-05-02 22:53:47 #3 type] 
Type domain.Forecast is not enhanced.

[2023-05-02 22:53:47 #4 type] 
Type domain.Event is not enhanced.

[2023-05-02 22:53:47 #5 type] 
Type domain.Bet is not enhanced.

[2023-05-02 22:53:47 #6 type] 
Type domain.User is not enhanced.

------------------------------------------------------------------------------------------------------------------------

[2023-05-02 22:55:01 #1 store] 
Database 'C:\Users\sarag\git\RepositorioPBL\RepositorioPBL\Bets21\src\main\resources\bets.temp' is opened by 35408@LAPTOP-UUGQSHIG

[2023-05-02 22:55:01 #2 type] 
Type domain.Question is not enhanced.

[2023-05-02 22:55:01 #3 type] 
Type domain.Forecast is not enhanced.

[2023-05-02 22:55:01 #4 type] 
Type domain.Event is not enhanced.

[2023-05-02 22:55:01 #5 type] 
Type domain.Bet is not enhanced.

[2023-05-02 22:55:01 #6 type] 
Type domain.User is not enhanced.

------------------------------------------------------------------------------------------------------------------------

[2023-05-02 22:57:06 #1 store] 
Database 'C:\Users\sarag\git\RepositorioPBL\RepositorioPBL\Bets21\src\main\resources\bets.temp' is opened by 47056@LAPTOP-UUGQSHIG

[2023-05-02 22:57:06 #2 type] 
Type domain.Question is not enhanced.

[2023-05-02 22:57:06 #3 type] 
Type domain.Forecast is not enhanced.

[2023-05-02 22:57:06 #4 type] 
Type domain.Event is not enhanced.

[2023-05-02 22:57:06 #5 type] 
Type domain.Bet is not enhanced.

[2023-05-02 22:57:06 #6 type] 
Type domain.User is not enhanced.

------------------------------------------------------------------------------------------------------------------------

[2023-05-02 22:58:06 #1 store] 
Database 'C:\Users\sarag\git\RepositorioPBL\RepositorioPBL\Bets21\src\main\resources\bets.temp' is opened by 20788@LAPTOP-UUGQSHIG

[2023-05-02 22:58:06 #2 type] 
Type domain.Question is not enhanced.

[2023-05-02 22:58:06 #3 type] 
Type domain.Forecast is not enhanced.

[2023-05-02 22:58:06 #4 type] 
Type domain.Event is not enhanced.

[2023-05-02 22:58:06 #5 type] 
Type domain.Bet is not enhanced.

[2023-05-02 22:58:06 #6 type] 
Type domain.User is not enhanced.

------------------------------------------------------------------------------------------------------------------------

[2023-05-02 23:00:54 #1 store] 
Database 'C:\Users\sarag\git\RepositorioPBL\RepositorioPBL\Bets21\src\main\resources\bets.temp' is opened by 39292@LAPTOP-UUGQSHIG

[2023-05-02 23:00:54 #2 type] 
Type domain.Question is not enhanced.

[2023-05-02 23:00:54 #3 type] 
Type domain.Forecast is not enhanced.

[2023-05-02 23:00:54 #4 type] 
Type domain.Event is not enhanced.

[2023-05-02 23:00:54 #5 type] 
Type domain.Bet is not enhanced.

[2023-05-02 23:00:54 #6 type] 
Type domain.User is not enhanced.

------------------------------------------------------------------------------------------------------------------------

[2023-05-02 23:03:16 #1 store] 
Database 'C:\Users\sarag\git\RepositorioPBL\RepositorioPBL\Bets21\src\main\resources\bets.temp' is opened by 29624@LAPTOP-UUGQSHIG

[2023-05-02 23:03:16 #2 type] 
Type domain.Question is not enhanced.

[2023-05-02 23:03:16 #3 type] 
Type domain.Forecast is not enhanced.

[2023-05-02 23:03:16 #4 type] 
Type domain.Event is not enhanced.

[2023-05-02 23:03:16 #5 type] 
Type domain.Bet is not enhanced.

[2023-05-02 23:03:16 #6 type] 
Type domain.User is not enhanced.

------------------------------------------------------------------------------------------------------------------------

[2023-05-02 23:04:21 #1 store] 
Database 'C:\Users\sarag\git\RepositorioPBL\RepositorioPBL\Bets21\src\main\resources\bets.temp' is opened by 39148@LAPTOP-UUGQSHIG

[2023-05-02 23:04:22 #2 type] 
Type domain.Question is not enhanced.

[2023-05-02 23:04:22 #3 type] 
Type domain.Forecast is not enhanced.

[2023-05-02 23:04:22 #4 type] 
Type domain.Event is not enhanced.

[2023-05-02 23:04:22 #5 type] 
Type domain.Bet is not enhanced.

[2023-05-02 23:04:22 #6 type] 
Type domain.User is not enhanced.

------------------------------------------------------------------------------------------------------------------------

[2023-05-02 23:05:17 #1 store] 
Database 'C:\Users\sarag\git\RepositorioPBL\RepositorioPBL\Bets21\src\main\resources\bets.temp' is opened by 31024@LAPTOP-UUGQSHIG

[2023-05-02 23:05:17 #2 type] 
Type domain.Question is not enhanced.

[2023-05-02 23:05:17 #3 type] 
Type domain.Forecast is not enhanced.

[2023-05-02 23:05:17 #4 type] 
Type domain.Event is not enhanced.

[2023-05-02 23:05:17 #5 type] 
Type domain.Bet is not enhanced.

[2023-05-02 23:05:17 #6 type] 
Type domain.User is not enhanced.

------------------------------------------------------------------------------------------------------------------------

[2023-05-02 23:06:10 #1 store] 
Database 'C:\Users\sarag\git\RepositorioPBL\RepositorioPBL\Bets21\src\main\resources\bets.temp' is opened by 23720@LAPTOP-UUGQSHIG

[2023-05-02 23:06:11 #2 type] 
Type domain.Question is not enhanced.

[2023-05-02 23:06:11 #3 type] 
Type domain.Forecast is not enhanced.

[2023-05-02 23:06:11 #4 type] 
Type domain.Event is not enhanced.

[2023-05-02 23:06:11 #5 type] 
Type domain.Bet is not enhanced.

[2023-05-02 23:06:11 #6 type] 
Type domain.User is not enhanced.

------------------------------------------------------------------------------------------------------------------------

[2023-05-02 23:06:57 #1 store] 
Database 'C:\Users\sarag\git\RepositorioPBL\RepositorioPBL\Bets21\src\main\resources\bets.temp' is opened by 47784@LAPTOP-UUGQSHIG

[2023-05-02 23:06:58 #2 type] 
Type domain.Question is not enhanced.

[2023-05-02 23:06:58 #3 type] 
Type domain.Forecast is not enhanced.

[2023-05-02 23:06:58 #4 type] 
Type domain.Event is not enhanced.

[2023-05-02 23:06:58 #5 type] 
Type domain.Bet is not enhanced.

[2023-05-02 23:06:58 #6 type] 
Type domain.User is not enhanced.

------------------------------------------------------------------------------------------------------------------------

[2023-05-02 23:07:39 #1 store] 
Database 'C:\Users\sarag\git\RepositorioPBL\RepositorioPBL\Bets21\src\main\resources\bets.temp' is opened by 44916@LAPTOP-UUGQSHIG

[2023-05-02 23:07:39 #2 type] 
Type domain.Question is not enhanced.

[2023-05-02 23:07:39 #3 type] 
Type domain.Forecast is not enhanced.

[2023-05-02 23:07:39 #4 type] 
Type domain.Event is not enhanced.

[2023-05-02 23:07:39 #5 type] 
Type domain.Bet is not enhanced.

[2023-05-02 23:07:39 #6 type] 
Type domain.User is not enhanced.

------------------------------------------------------------------------------------------------------------------------

[2023-05-02 23:09:48 #1 store] 
Database 'C:\Users\sarag\git\RepositorioPBL\RepositorioPBL\Bets21\src\main\resources\bets.temp' is opened by 35644@LAPTOP-UUGQSHIG

[2023-05-02 23:09:49 #2 type] 
Type domain.Question is not enhanced.

[2023-05-02 23:09:49 #3 type] 
Type domain.Forecast is not enhanced.

[2023-05-02 23:09:49 #4 type] 
Type domain.Event is not enhanced.

[2023-05-02 23:09:49 #5 type] 
Type domain.Bet is not enhanced.

[2023-05-02 23:09:49 #6 type] 
Type domain.User is not enhanced.

------------------------------------------------------------------------------------------------------------------------

[2023-05-02 23:10:33 #1 store] 
Database 'C:\Users\sarag\git\RepositorioPBL\RepositorioPBL\Bets21\src\main\resources\bets.temp' is opened by 48120@LAPTOP-UUGQSHIG

[2023-05-02 23:10:33 #2 type] 
Type domain.Question is not enhanced.

[2023-05-02 23:10:33 #3 type] 
Type domain.Forecast is not enhanced.

[2023-05-02 23:10:33 #4 type] 
Type domain.Event is not enhanced.

[2023-05-02 23:10:33 #5 type] 
Type domain.Bet is not enhanced.

[2023-05-02 23:10:33 #6 type] 
Type domain.User is not enhanced.

------------------------------------------------------------------------------------------------------------------------

[2023-05-02 23:11:05 #1 store] 
Database 'C:\Users\sarag\git\RepositorioPBL\RepositorioPBL\Bets21\src\main\resources\bets.temp' is opened by 29756@LAPTOP-UUGQSHIG

[2023-05-02 23:11:05 #2 type] 
Type domain.Question is not enhanced.

[2023-05-02 23:11:05 #3 type] 
Type domain.Forecast is not enhanced.

[2023-05-02 23:11:05 #4 type] 
Type domain.Event is not enhanced.

[2023-05-02 23:11:05 #5 type] 
Type domain.Bet is not enhanced.

[2023-05-02 23:11:05 #6 type] 
Type domain.User is not enhanced.

------------------------------------------------------------------------------------------------------------------------

[2023-05-02 23:14:26 #1 store] 
Database 'C:\Users\sarag\git\RepositorioPBL\RepositorioPBL\Bets21\src\main\resources\bets.temp' is opened by 46464@LAPTOP-UUGQSHIG

[2023-05-02 23:14:26 #2 type] 
Type domain.Question is not enhanced.

[2023-05-02 23:14:26 #3 type] 
Type domain.Forecast is not enhanced.

[2023-05-02 23:14:26 #4 type] 
Type domain.Event is not enhanced.

[2023-05-02 23:14:26 #5 type] 
Type domain.Bet is not enhanced.

[2023-05-02 23:14:26 #6 type] 
Type domain.User is not enhanced.

