------------------------------------------------------------------------------------------------------------------------

[2023-05-01 00:00:36 #1 store] 
Database '/home/borja/git/RepositorioPBL/Bets21/src/main/resources/bets.temp' is opened by 53753@fedora-b

[2023-05-01 00:00:36 #2 type] 
Type domain.Question is not enhanced.

[2023-05-01 00:00:36 #3 type] 
Type domain.Forecast is not enhanced.

[2023-05-01 00:00:36 #4 type] 
Type domain.Event is not enhanced.

[2023-05-01 00:00:36 #5 type] 
Type domain.Bet is not enhanced.

[2023-05-01 00:00:36 #6 type] 
Type domain.User is not enhanced.

------------------------------------------------------------------------------------------------------------------------

[2023-05-01 00:01:46 #1 store] 
Database '/home/borja/git/RepositorioPBL/Bets21/src/main/resources/bets.temp' is opened by 53896@fedora-b

[2023-05-01 00:01:46 #2 type] 
Type domain.Question is not enhanced.

[2023-05-01 00:01:46 #3 type] 
Type domain.Forecast is not enhanced.

[2023-05-01 00:01:46 #4 type] 
Type domain.Event is not enhanced.

[2023-05-01 00:01:46 #5 type] 
Type domain.Bet is not enhanced.

[2023-05-01 00:01:46 #6 type] 
Type domain.User is not enhanced.

------------------------------------------------------------------------------------------------------------------------

[2023-05-01 00:02:58 #1 store] 
Database '/home/borja/git/RepositorioPBL/Bets21/src/main/resources/bets.temp' is opened by 54007@fedora-b

[2023-05-01 00:02:59 #2 type] 
Type domain.Question is not enhanced.

[2023-05-01 00:02:59 #3 type] 
Type domain.Forecast is not enhanced.

[2023-05-01 00:02:59 #4 type] 
Type domain.Event is not enhanced.

[2023-05-01 00:02:59 #5 type] 
Type domain.Bet is not enhanced.

[2023-05-01 00:02:59 #6 type] 
Type domain.User is not enhanced.

------------------------------------------------------------------------------------------------------------------------

[2023-05-01 00:03:31 #1 store] 
Database '/home/borja/git/RepositorioPBL/Bets21/src/main/resources/bets.temp' is opened by 54057@fedora-b

[2023-05-01 00:03:31 #2 type] 
Type domain.Question is not enhanced.

[2023-05-01 00:03:31 #3 type] 
Type domain.Forecast is not enhanced.

[2023-05-01 00:03:31 #4 type] 
Type domain.Event is not enhanced.

[2023-05-01 00:03:31 #5 type] 
Type domain.Bet is not enhanced.

[2023-05-01 00:03:31 #6 type] 
Type domain.User is not enhanced.

------------------------------------------------------------------------------------------------------------------------

[2023-05-01 00:03:49 #1 store] 
Database '/home/borja/git/RepositorioPBL/Bets21/src/main/resources/bets.temp' is opened by 54134@fedora-b

[2023-05-01 00:03:50 #2 type] 
Type domain.Question is not enhanced.

[2023-05-01 00:03:50 #3 type] 
Type domain.Forecast is not enhanced.

[2023-05-01 00:03:50 #4 type] 
Type domain.Event is not enhanced.

[2023-05-01 00:03:50 #5 type] 
Type domain.Bet is not enhanced.

[2023-05-01 00:03:50 #6 type] 
Type domain.User is not enhanced.

------------------------------------------------------------------------------------------------------------------------

[2023-05-01 00:04:38 #1 store] 
Database '/home/borja/git/RepositorioPBL/Bets21/src/main/resources/bets.temp' is opened by 54252@fedora-b

[2023-05-01 00:04:39 #2 type] 
Type domain.Question is not enhanced.

[2023-05-01 00:04:39 #3 type] 
Type domain.Forecast is not enhanced.

[2023-05-01 00:04:39 #4 type] 
Type domain.Event is not enhanced.

[2023-05-01 00:04:39 #5 type] 
Type domain.Bet is not enhanced.

[2023-05-01 00:04:39 #6 type] 
Type domain.User is not enhanced.

------------------------------------------------------------------------------------------------------------------------

[2023-05-01 00:07:52 #1 store] 
Database '/home/borja/git/RepositorioPBL/Bets21/src/main/resources/bets.temp' is opened by 55008@fedora-b

[2023-05-01 00:07:52 #2 type] 
Type domain.Question is not enhanced.

[2023-05-01 00:07:52 #3 type] 
Type domain.Forecast is not enhanced.

[2023-05-01 00:07:52 #4 type] 
Type domain.Event is not enhanced.

[2023-05-01 00:07:52 #5 type] 
Type domain.Bet is not enhanced.

[2023-05-01 00:07:52 #6 type] 
Type domain.User is not enhanced.

------------------------------------------------------------------------------------------------------------------------

[2023-05-01 00:08:35 #1 store] 
Database '/home/borja/git/RepositorioPBL/Bets21/src/main/resources/bets.temp' is opened by 55056@fedora-b

[2023-05-01 00:08:35 #2 type] 
Type domain.Question is not enhanced.

[2023-05-01 00:08:35 #3 type] 
Type domain.Forecast is not enhanced.

[2023-05-01 00:08:35 #4 type] 
Type domain.Event is not enhanced.

[2023-05-01 00:08:35 #5 type] 
Type domain.Bet is not enhanced.

[2023-05-01 00:08:35 #6 type] 
Type domain.User is not enhanced.

------------------------------------------------------------------------------------------------------------------------

[2023-05-01 00:11:25 #1 store] 
Database '/home/borja/git/RepositorioPBL/Bets21/src/main/resources/bets.temp' is opened by 55500@fedora-b

[2023-05-01 00:11:25 #2 type] 
Type domain.Question is not enhanced.

[2023-05-01 00:11:25 #3 type] 
Type domain.Forecast is not enhanced.

[2023-05-01 00:11:25 #4 type] 
Type domain.Event is not enhanced.

[2023-05-01 00:11:25 #5 type] 
Type domain.Bet is not enhanced.

[2023-05-01 00:11:25 #6 type] 
Type domain.User is not enhanced.

------------------------------------------------------------------------------------------------------------------------

[2023-05-01 00:19:50 #1 store] 
Database '/home/borja/git/RepositorioPBL/Bets21/src/main/resources/bets.temp' is opened by 56725@fedora-b

[2023-05-01 00:19:50 #2 type] 
Type domain.Question is not enhanced.

[2023-05-01 00:19:50 #3 type] 
Type domain.Forecast is not enhanced.

[2023-05-01 00:19:50 #4 type] 
Type domain.Event is not enhanced.

[2023-05-01 00:19:50 #5 type] 
Type domain.Bet is not enhanced.

[2023-05-01 00:19:50 #6 type] 
Type domain.User is not enhanced.

------------------------------------------------------------------------------------------------------------------------

[2023-05-01 00:21:14 #1 store] 
Database '/home/borja/git/RepositorioPBL/Bets21/src/main/resources/bets.temp' is opened by 56865@fedora-b

[2023-05-01 00:21:15 #2 type] 
Type domain.Question is not enhanced.

[2023-05-01 00:21:15 #3 type] 
Type domain.Forecast is not enhanced.

[2023-05-01 00:21:15 #4 type] 
Type domain.Event is not enhanced.

[2023-05-01 00:21:15 #5 type] 
Type domain.Bet is not enhanced.

[2023-05-01 00:21:15 #6 type] 
Type domain.User is not enhanced.

------------------------------------------------------------------------------------------------------------------------

[2023-05-01 00:22:06 #1 store] 
Database '/home/borja/git/RepositorioPBL/Bets21/src/main/resources/bets.temp' is opened by 56991@fedora-b

[2023-05-01 00:22:06 #2 type] 
Type domain.Question is not enhanced.

[2023-05-01 00:22:06 #3 type] 
Type domain.Forecast is not enhanced.

[2023-05-01 00:22:06 #4 type] 
Type domain.Event is not enhanced.

[2023-05-01 00:22:06 #5 type] 
Type domain.Bet is not enhanced.

[2023-05-01 00:22:06 #6 type] 
Type domain.User is not enhanced.

------------------------------------------------------------------------------------------------------------------------

[2023-05-01 00:24:22 #1 store] 
Database '/home/borja/git/RepositorioPBL/Bets21/src/main/resources/bets.temp' is opened by 57412@fedora-b

[2023-05-01 00:24:22 #2 type] 
Type domain.Question is not enhanced.

[2023-05-01 00:24:22 #3 type] 
Type domain.Forecast is not enhanced.

[2023-05-01 00:24:22 #4 type] 
Type domain.Event is not enhanced.

[2023-05-01 00:24:22 #5 type] 
Type domain.Bet is not enhanced.

[2023-05-01 00:24:22 #6 type] 
Type domain.User is not enhanced.

