------------------------------------------------------------------------------------------------------------------------

[2023-04-26 00:00:07 #1 store] 
Database '/home/borja/git/RepositorioPBL/Bets21/src/main/resources/bets.temp' is opened by 9687@fedora-b

[2023-04-26 00:00:07 #2 type] 
Type domain.Question is not enhanced.

[2023-04-26 00:00:07 #3 type] 
Type domain.Forecast is not enhanced.

[2023-04-26 00:00:07 #4 type] 
Type domain.Event is not enhanced.

[2023-04-26 00:00:07 #5 type] 
Type domain.Bet is not enhanced.

[2023-04-26 00:00:07 #6 type] 
Type domain.User is not enhanced.

------------------------------------------------------------------------------------------------------------------------

[2023-04-26 00:00:11 #1 store] 
Database '/home/borja/git/RepositorioPBL/Bets21/src/main/resources/bets.temp' is opened by 9733@fedora-b

[2023-04-26 00:00:11 #2 type] 
Type domain.Question is not enhanced.

[2023-04-26 00:00:11 #3 type] 
Type domain.Forecast is not enhanced.

[2023-04-26 00:00:11 #4 type] 
Type domain.Event is not enhanced.

[2023-04-26 00:00:11 #5 type] 
Type domain.Bet is not enhanced.

[2023-04-26 00:00:11 #6 type] 
Type domain.User is not enhanced.

------------------------------------------------------------------------------------------------------------------------

[2023-04-26 00:01:46 #1 store] 
Database '/home/borja/git/RepositorioPBL/Bets21/src/main/resources/bets.temp' is opened by 10099@fedora-b

[2023-04-26 00:01:47 #2 type] 
Type domain.Question is not enhanced.

[2023-04-26 00:01:47 #3 type] 
Type domain.Forecast is not enhanced.

[2023-04-26 00:01:47 #4 type] 
Type domain.Event is not enhanced.

[2023-04-26 00:01:47 #5 type] 
Type domain.Bet is not enhanced.

[2023-04-26 00:01:47 #6 type] 
Type domain.User is not enhanced.

------------------------------------------------------------------------------------------------------------------------

[2023-04-26 00:02:43 #1 store] 
Database '/home/borja/git/RepositorioPBL/Bets21/src/main/resources/bets.temp' is opened by 10150@fedora-b

[2023-04-26 00:02:44 #2 type] 
Type domain.Question is not enhanced.

[2023-04-26 00:02:44 #3 type] 
Type domain.Forecast is not enhanced.

[2023-04-26 00:02:44 #4 type] 
Type domain.Event is not enhanced.

[2023-04-26 00:02:44 #5 type] 
Type domain.Bet is not enhanced.

[2023-04-26 00:02:44 #6 type] 
Type domain.User is not enhanced.

------------------------------------------------------------------------------------------------------------------------

[2023-04-26 00:04:53 #1 store] 
Database '/home/borja/git/RepositorioPBL/Bets21/src/main/resources/bets.temp' is opened by 10325@fedora-b

[2023-04-26 00:04:53 #2 type] 
Type domain.Question is not enhanced.

[2023-04-26 00:04:53 #3 type] 
Type domain.Forecast is not enhanced.

[2023-04-26 00:04:53 #4 type] 
Type domain.Event is not enhanced.

[2023-04-26 00:04:53 #5 type] 
Type domain.Bet is not enhanced.

[2023-04-26 00:04:53 #6 type] 
Type domain.User is not enhanced.

------------------------------------------------------------------------------------------------------------------------

[2023-04-26 00:04:59 #1 store] 
Database '/home/borja/git/RepositorioPBL/Bets21/src/main/resources/bets.temp' is opened by 10370@fedora-b

[2023-04-26 00:04:59 #2 type] 
Type domain.Question is not enhanced.

[2023-04-26 00:04:59 #3 type] 
Type domain.Forecast is not enhanced.

[2023-04-26 00:04:59 #4 type] 
Type domain.Event is not enhanced.

[2023-04-26 00:04:59 #5 type] 
Type domain.Bet is not enhanced.

[2023-04-26 00:04:59 #6 type] 
Type domain.User is not enhanced.

------------------------------------------------------------------------------------------------------------------------

[2023-04-26 00:06:19 #1 store] 
Database '/home/borja/git/RepositorioPBL/Bets21/src/main/resources/bets.temp' is opened by 10487@fedora-b

[2023-04-26 00:06:19 #2 type] 
Type domain.Question is not enhanced.

[2023-04-26 00:06:19 #3 type] 
Type domain.Forecast is not enhanced.

[2023-04-26 00:06:19 #4 type] 
Type domain.Event is not enhanced.

[2023-04-26 00:06:19 #5 type] 
Type domain.Bet is not enhanced.

[2023-04-26 00:06:19 #6 type] 
Type domain.User is not enhanced.

------------------------------------------------------------------------------------------------------------------------

[2023-04-26 00:06:43 #1 store] 
Database '/home/borja/git/RepositorioPBL/Bets21/src/main/resources/bets.temp' is opened by 10549@fedora-b

[2023-04-26 00:06:44 #2 type] 
Type domain.Question is not enhanced.

[2023-04-26 00:06:44 #3 type] 
Type domain.Forecast is not enhanced.

[2023-04-26 00:06:44 #4 type] 
Type domain.Event is not enhanced.

[2023-04-26 00:06:44 #5 type] 
Type domain.Bet is not enhanced.

[2023-04-26 00:06:44 #6 type] 
Type domain.User is not enhanced.

------------------------------------------------------------------------------------------------------------------------

[2023-04-26 00:07:10 #1 store] 
Database '/home/borja/git/RepositorioPBL/Bets21/src/main/resources/bets.temp' is opened by 10679@fedora-b

[2023-04-26 00:07:10 #2 type] 
Type domain.Question is not enhanced.

[2023-04-26 00:07:10 #3 type] 
Type domain.Forecast is not enhanced.

[2023-04-26 00:07:10 #4 type] 
Type domain.Event is not enhanced.

[2023-04-26 00:07:10 #5 type] 
Type domain.Bet is not enhanced.

[2023-04-26 00:07:10 #6 type] 
Type domain.User is not enhanced.

------------------------------------------------------------------------------------------------------------------------

[2023-04-26 00:07:36 #1 store] 
Database '/home/borja/git/RepositorioPBL/Bets21/src/main/resources/bets.temp' is opened by 10742@fedora-b

[2023-04-26 00:07:36 #2 type] 
Type domain.Question is not enhanced.

[2023-04-26 00:07:36 #3 type] 
Type domain.Forecast is not enhanced.

[2023-04-26 00:07:36 #4 type] 
Type domain.Event is not enhanced.

[2023-04-26 00:07:36 #5 type] 
Type domain.Bet is not enhanced.

[2023-04-26 00:07:36 #6 type] 
Type domain.User is not enhanced.

------------------------------------------------------------------------------------------------------------------------

[2023-04-26 00:08:17 #1 store] 
Database '/home/borja/git/RepositorioPBL/Bets21/src/main/resources/bets.temp' is opened by 10803@fedora-b

[2023-04-26 00:08:17 #2 type] 
Type domain.Question is not enhanced.

[2023-04-26 00:08:17 #3 type] 
Type domain.Forecast is not enhanced.

[2023-04-26 00:08:17 #4 type] 
Type domain.Event is not enhanced.

[2023-04-26 00:08:17 #5 type] 
Type domain.Bet is not enhanced.

[2023-04-26 00:08:17 #6 type] 
Type domain.User is not enhanced.

------------------------------------------------------------------------------------------------------------------------

[2023-04-26 00:08:41 #1 store] 
Database '/home/borja/git/RepositorioPBL/Bets21/src/main/resources/bets.temp' is opened by 10881@fedora-b

[2023-04-26 00:08:41 #2 type] 
Type domain.Question is not enhanced.

[2023-04-26 00:08:41 #3 type] 
Type domain.Forecast is not enhanced.

[2023-04-26 00:08:41 #4 type] 
Type domain.Event is not enhanced.

[2023-04-26 00:08:41 #5 type] 
Type domain.Bet is not enhanced.

[2023-04-26 00:08:41 #6 type] 
Type domain.User is not enhanced.

------------------------------------------------------------------------------------------------------------------------

[2023-04-26 00:08:59 #1 store] 
Database '/home/borja/git/RepositorioPBL/Bets21/src/main/resources/bets.temp' is opened by 10933@fedora-b

[2023-04-26 00:08:59 #2 type] 
Type domain.Question is not enhanced.

[2023-04-26 00:08:59 #3 type] 
Type domain.Forecast is not enhanced.

[2023-04-26 00:08:59 #4 type] 
Type domain.Event is not enhanced.

[2023-04-26 00:08:59 #5 type] 
Type domain.Bet is not enhanced.

[2023-04-26 00:08:59 #6 type] 
Type domain.User is not enhanced.

------------------------------------------------------------------------------------------------------------------------

[2023-04-26 00:10:26 #1 store] 
Database '/home/borja/git/RepositorioPBL/Bets21/src/main/resources/bets.temp' is opened by 11014@fedora-b

[2023-04-26 00:10:26 #2 type] 
Type domain.Question is not enhanced.

[2023-04-26 00:10:26 #3 type] 
Type domain.Forecast is not enhanced.

[2023-04-26 00:10:26 #4 type] 
Type domain.Event is not enhanced.

[2023-04-26 00:10:26 #5 type] 
Type domain.Bet is not enhanced.

[2023-04-26 00:10:26 #6 type] 
Type domain.User is not enhanced.

------------------------------------------------------------------------------------------------------------------------

[2023-04-26 00:18:58 #1 store] 
Database '/home/borja/git/RepositorioPBL/Bets21/src/main/resources/bets.temp' is opened by 12715@fedora-b

[2023-04-26 00:18:58 #2 type] 
Type domain.Question is not enhanced.

[2023-04-26 00:18:58 #3 type] 
Type domain.Forecast is not enhanced.

[2023-04-26 00:18:58 #4 type] 
Type domain.Event is not enhanced.

[2023-04-26 00:18:58 #5 type] 
Type domain.Bet is not enhanced.

[2023-04-26 00:18:58 #6 type] 
Type domain.User is not enhanced.

------------------------------------------------------------------------------------------------------------------------

[2023-04-26 00:20:07 #1 store] 
Database '/home/borja/git/RepositorioPBL/Bets21/src/main/resources/bets.temp' is opened by 12852@fedora-b

[2023-04-26 00:20:07 #2 type] 
Type domain.Question is not enhanced.

[2023-04-26 00:20:07 #3 type] 
Type domain.Forecast is not enhanced.

[2023-04-26 00:20:07 #4 type] 
Type domain.Event is not enhanced.

[2023-04-26 00:20:07 #5 type] 
Type domain.Bet is not enhanced.

[2023-04-26 00:20:07 #6 type] 
Type domain.User is not enhanced.

------------------------------------------------------------------------------------------------------------------------

[2023-04-26 00:22:08 #1 store] 
Database '/home/borja/git/RepositorioPBL/Bets21/src/main/resources/bets.temp' is opened by 12941@fedora-b

[2023-04-26 00:22:08 #2 type] 
Type domain.Question is not enhanced.

[2023-04-26 00:22:08 #3 type] 
Type domain.Forecast is not enhanced.

[2023-04-26 00:22:08 #4 type] 
Type domain.Event is not enhanced.

[2023-04-26 00:22:08 #5 type] 
Type domain.Bet is not enhanced.

[2023-04-26 00:22:08 #6 type] 
Type domain.User is not enhanced.

------------------------------------------------------------------------------------------------------------------------

[2023-04-26 00:23:10 #1 store] 
Database '/home/borja/git/RepositorioPBL/Bets21/src/main/resources/bets.temp' is opened by 13028@fedora-b

[2023-04-26 00:23:11 #2 type] 
Type domain.Question is not enhanced.

[2023-04-26 00:23:11 #3 type] 
Type domain.Forecast is not enhanced.

[2023-04-26 00:23:11 #4 type] 
Type domain.Event is not enhanced.

[2023-04-26 00:23:11 #5 type] 
Type domain.Bet is not enhanced.

[2023-04-26 00:23:11 #6 type] 
Type domain.User is not enhanced.

------------------------------------------------------------------------------------------------------------------------

[2023-04-26 00:23:46 #1 store] 
Database '/home/borja/git/RepositorioPBL/Bets21/src/main/resources/bets.temp' is opened by 13087@fedora-b

[2023-04-26 00:23:47 #2 type] 
Type domain.Question is not enhanced.

[2023-04-26 00:23:47 #3 type] 
Type domain.Forecast is not enhanced.

[2023-04-26 00:23:47 #4 type] 
Type domain.Event is not enhanced.

[2023-04-26 00:23:47 #5 type] 
Type domain.Bet is not enhanced.

[2023-04-26 00:23:47 #6 type] 
Type domain.User is not enhanced.

------------------------------------------------------------------------------------------------------------------------

[2023-04-26 00:24:23 #1 store] 
Database '/home/borja/git/RepositorioPBL/Bets21/src/main/resources/bets.temp' is opened by 13150@fedora-b

[2023-04-26 00:24:23 #2 type] 
Type domain.Question is not enhanced.

[2023-04-26 00:24:23 #3 type] 
Type domain.Forecast is not enhanced.

[2023-04-26 00:24:23 #4 type] 
Type domain.Event is not enhanced.

[2023-04-26 00:24:23 #5 type] 
Type domain.Bet is not enhanced.

[2023-04-26 00:24:23 #6 type] 
Type domain.User is not enhanced.

