------------------------------------------------------------------------------------------------------------------------

[2023-04-29 12:18:33 #1 store] 
Database '/home/borja/git/RepositorioPBL/Bets21/src/main/resources/bets.temp' is opened by 4458@fedora-b

[2023-04-29 12:18:33 #2 type] 
Type domain.Question is not enhanced.

[2023-04-29 12:18:33 #3 type] 
Type domain.Forecast is not enhanced.

[2023-04-29 12:18:33 #4 type] 
Type domain.Event is not enhanced.

[2023-04-29 12:18:33 #5 type] 
Type domain.Bet is not enhanced.

[2023-04-29 12:18:33 #6 type] 
Type domain.User is not enhanced.

------------------------------------------------------------------------------------------------------------------------

[2023-04-29 12:19:43 #1 store] 
Database '/home/borja/git/RepositorioPBL/Bets21/src/main/resources/bets.temp' is opened by 4599@fedora-b

[2023-04-29 12:19:43 #2 type] 
Type domain.Question is not enhanced.

[2023-04-29 12:19:43 #3 type] 
Type domain.Forecast is not enhanced.

[2023-04-29 12:19:43 #4 type] 
Type domain.Event is not enhanced.

[2023-04-29 12:19:43 #5 type] 
Type domain.Bet is not enhanced.

[2023-04-29 12:19:43 #6 type] 
Type domain.User is not enhanced.

------------------------------------------------------------------------------------------------------------------------

[2023-04-29 12:20:54 #1 store] 
Database '/home/borja/git/RepositorioPBL/Bets21/src/main/resources/bets.temp' is opened by 4724@fedora-b

[2023-04-29 12:20:54 #2 type] 
Type domain.Question is not enhanced.

[2023-04-29 12:20:54 #3 type] 
Type domain.Forecast is not enhanced.

[2023-04-29 12:20:54 #4 type] 
Type domain.Event is not enhanced.

[2023-04-29 12:20:54 #5 type] 
Type domain.Bet is not enhanced.

[2023-04-29 12:20:54 #6 type] 
Type domain.User is not enhanced.

------------------------------------------------------------------------------------------------------------------------

[2023-04-29 12:21:15 #1 store] 
Database '/home/borja/git/RepositorioPBL/Bets21/src/main/resources/bets.temp' is opened by 4786@fedora-b

[2023-04-29 12:21:15 #2 type] 
Type domain.Question is not enhanced.

[2023-04-29 12:21:15 #3 type] 
Type domain.Forecast is not enhanced.

[2023-04-29 12:21:15 #4 type] 
Type domain.Event is not enhanced.

[2023-04-29 12:21:15 #5 type] 
Type domain.Bet is not enhanced.

[2023-04-29 12:21:15 #6 type] 
Type domain.User is not enhanced.

------------------------------------------------------------------------------------------------------------------------

[2023-04-29 12:21:39 #1 store] 
Database '/home/borja/git/RepositorioPBL/Bets21/src/main/resources/bets.temp' is opened by 4855@fedora-b

[2023-04-29 12:21:39 #2 type] 
Type domain.Question is not enhanced.

[2023-04-29 12:21:39 #3 type] 
Type domain.Forecast is not enhanced.

[2023-04-29 12:21:39 #4 type] 
Type domain.Event is not enhanced.

[2023-04-29 12:21:39 #5 type] 
Type domain.Bet is not enhanced.

[2023-04-29 12:21:39 #6 type] 
Type domain.User is not enhanced.

------------------------------------------------------------------------------------------------------------------------

[2023-04-29 12:22:36 #1 store] 
Database '/home/borja/git/RepositorioPBL/Bets21/src/main/resources/bets.temp' is opened by 4963@fedora-b

[2023-04-29 12:22:36 #2 type] 
Type domain.Question is not enhanced.

[2023-04-29 12:22:36 #3 type] 
Type domain.Forecast is not enhanced.

[2023-04-29 12:22:36 #4 type] 
Type domain.Event is not enhanced.

[2023-04-29 12:22:36 #5 type] 
Type domain.Bet is not enhanced.

[2023-04-29 12:22:36 #6 type] 
Type domain.User is not enhanced.

------------------------------------------------------------------------------------------------------------------------

[2023-04-29 12:23:07 #1 store] 
Database '/home/borja/git/RepositorioPBL/Bets21/src/main/resources/bets.temp' is opened by 5043@fedora-b

[2023-04-29 12:23:07 #2 type] 
Type domain.Question is not enhanced.

[2023-04-29 12:23:07 #3 type] 
Type domain.Forecast is not enhanced.

[2023-04-29 12:23:07 #4 type] 
Type domain.Event is not enhanced.

[2023-04-29 12:23:07 #5 type] 
Type domain.Bet is not enhanced.

[2023-04-29 12:23:07 #6 type] 
Type domain.User is not enhanced.

------------------------------------------------------------------------------------------------------------------------

[2023-04-29 12:27:25 #1 store] 
Database '/home/borja/git/RepositorioPBL/Bets21/src/main/resources/bets.temp' is opened by 5574@fedora-b

[2023-04-29 12:27:25 #2 type] 
Type domain.Question is not enhanced.

[2023-04-29 12:27:25 #3 type] 
Type domain.Forecast is not enhanced.

[2023-04-29 12:27:25 #4 type] 
Type domain.Event is not enhanced.

[2023-04-29 12:27:25 #5 type] 
Type domain.Bet is not enhanced.

[2023-04-29 12:27:25 #6 type] 
Type domain.User is not enhanced.

------------------------------------------------------------------------------------------------------------------------

[2023-04-29 12:29:56 #1 store] 
Database '/home/borja/git/RepositorioPBL/Bets21/src/main/resources/bets.temp' is opened by 5780@fedora-b

[2023-04-29 12:29:56 #2 type] 
Type domain.Question is not enhanced.

[2023-04-29 12:29:56 #3 type] 
Type domain.Forecast is not enhanced.

[2023-04-29 12:29:56 #4 type] 
Type domain.Event is not enhanced.

[2023-04-29 12:29:56 #5 type] 
Type domain.Bet is not enhanced.

[2023-04-29 12:29:56 #6 type] 
Type domain.User is not enhanced.

------------------------------------------------------------------------------------------------------------------------

[2023-04-29 12:30:45 #1 store] 
Database '/home/borja/git/RepositorioPBL/Bets21/src/main/resources/bets.temp' is opened by 5896@fedora-b

[2023-04-29 12:30:45 #2 type] 
Type domain.Question is not enhanced.

[2023-04-29 12:30:45 #3 type] 
Type domain.Forecast is not enhanced.

[2023-04-29 12:30:45 #4 type] 
Type domain.Event is not enhanced.

[2023-04-29 12:30:45 #5 type] 
Type domain.Bet is not enhanced.

[2023-04-29 12:30:45 #6 type] 
Type domain.User is not enhanced.

------------------------------------------------------------------------------------------------------------------------

[2023-04-29 12:31:45 #1 store] 
Database '/home/borja/git/RepositorioPBL/Bets21/src/main/resources/bets.temp' is opened by 6069@fedora-b

[2023-04-29 12:31:45 #2 type] 
Type domain.Question is not enhanced.

[2023-04-29 12:31:45 #3 type] 
Type domain.Forecast is not enhanced.

[2023-04-29 12:31:45 #4 type] 
Type domain.Event is not enhanced.

[2023-04-29 12:31:45 #5 type] 
Type domain.Bet is not enhanced.

[2023-04-29 12:31:45 #6 type] 
Type domain.User is not enhanced.

------------------------------------------------------------------------------------------------------------------------

[2023-04-29 12:32:15 #1 store] 
Database '/home/borja/git/RepositorioPBL/Bets21/src/main/resources/bets.temp' is opened by 6225@fedora-b

[2023-04-29 12:32:15 #2 type] 
Type domain.Question is not enhanced.

[2023-04-29 12:32:16 #3 type] 
Type domain.Forecast is not enhanced.

[2023-04-29 12:32:16 #4 type] 
Type domain.Event is not enhanced.

[2023-04-29 12:32:16 #5 type] 
Type domain.Bet is not enhanced.

[2023-04-29 12:32:16 #6 type] 
Type domain.User is not enhanced.

------------------------------------------------------------------------------------------------------------------------

[2023-04-29 12:33:29 #1 store] 
Database '/home/borja/git/RepositorioPBL/Bets21/src/main/resources/bets.temp' is opened by 6333@fedora-b

[2023-04-29 12:33:29 #2 type] 
Type domain.Question is not enhanced.

[2023-04-29 12:33:29 #3 type] 
Type domain.Forecast is not enhanced.

[2023-04-29 12:33:29 #4 type] 
Type domain.Event is not enhanced.

[2023-04-29 12:33:29 #5 type] 
Type domain.Bet is not enhanced.

[2023-04-29 12:33:29 #6 type] 
Type domain.User is not enhanced.

------------------------------------------------------------------------------------------------------------------------

[2023-04-29 12:34:52 #1 store] 
Database '/home/borja/git/RepositorioPBL/Bets21/src/main/resources/bets.temp' is opened by 6467@fedora-b

[2023-04-29 12:34:52 #2 type] 
Type domain.Question is not enhanced.

[2023-04-29 12:34:52 #3 type] 
Type domain.Forecast is not enhanced.

[2023-04-29 12:34:52 #4 type] 
Type domain.Event is not enhanced.

[2023-04-29 12:34:52 #5 type] 
Type domain.Bet is not enhanced.

[2023-04-29 12:34:52 #6 type] 
Type domain.User is not enhanced.

------------------------------------------------------------------------------------------------------------------------

[2023-04-29 12:35:50 #1 store] 
Database '/home/borja/git/RepositorioPBL/Bets21/src/main/resources/bets.temp' is opened by 6679@fedora-b

[2023-04-29 12:35:50 #2 type] 
Type domain.Question is not enhanced.

[2023-04-29 12:35:50 #3 type] 
Type domain.Forecast is not enhanced.

[2023-04-29 12:35:50 #4 type] 
Type domain.Event is not enhanced.

[2023-04-29 12:35:50 #5 type] 
Type domain.Bet is not enhanced.

[2023-04-29 12:35:50 #6 type] 
Type domain.User is not enhanced.

------------------------------------------------------------------------------------------------------------------------

[2023-04-29 12:37:39 #1 store] 
Database '/home/borja/git/RepositorioPBL/Bets21/src/main/resources/bets.temp' is opened by 6913@fedora-b

[2023-04-29 12:37:39 #2 type] 
Type domain.Question is not enhanced.

[2023-04-29 12:37:39 #3 type] 
Type domain.Forecast is not enhanced.

[2023-04-29 12:37:39 #4 type] 
Type domain.Event is not enhanced.

[2023-04-29 12:37:39 #5 type] 
Type domain.Bet is not enhanced.

[2023-04-29 12:37:39 #6 type] 
Type domain.User is not enhanced.

------------------------------------------------------------------------------------------------------------------------

[2023-04-29 12:39:10 #1 store] 
Database '/home/borja/git/RepositorioPBL/Bets21/src/main/resources/bets.temp' is opened by 7062@fedora-b

[2023-04-29 12:39:10 #2 type] 
Type domain.Question is not enhanced.

[2023-04-29 12:39:10 #3 type] 
Type domain.Forecast is not enhanced.

[2023-04-29 12:39:10 #4 type] 
Type domain.Event is not enhanced.

[2023-04-29 12:39:10 #5 type] 
Type domain.Bet is not enhanced.

[2023-04-29 12:39:10 #6 type] 
Type domain.User is not enhanced.

------------------------------------------------------------------------------------------------------------------------

[2023-04-29 12:40:17 #1 store] 
Database '/home/borja/git/RepositorioPBL/Bets21/src/main/resources/bets.temp' is opened by 7204@fedora-b

[2023-04-29 12:40:17 #2 type] 
Type domain.Question is not enhanced.

[2023-04-29 12:40:17 #3 type] 
Type domain.Forecast is not enhanced.

[2023-04-29 12:40:17 #4 type] 
Type domain.Event is not enhanced.

[2023-04-29 12:40:17 #5 type] 
Type domain.Bet is not enhanced.

[2023-04-29 12:40:17 #6 type] 
Type domain.User is not enhanced.

------------------------------------------------------------------------------------------------------------------------

[2023-04-29 12:40:46 #1 store] 
Database '/home/borja/git/RepositorioPBL/Bets21/src/main/resources/bets.temp' is opened by 7260@fedora-b

[2023-04-29 12:40:46 #2 type] 
Type domain.Question is not enhanced.

[2023-04-29 12:40:46 #3 type] 
Type domain.Forecast is not enhanced.

[2023-04-29 12:40:46 #4 type] 
Type domain.Event is not enhanced.

[2023-04-29 12:40:46 #5 type] 
Type domain.Bet is not enhanced.

[2023-04-29 12:40:46 #6 type] 
Type domain.User is not enhanced.

------------------------------------------------------------------------------------------------------------------------

[2023-04-29 12:50:23 #1 store] 
Database '/home/borja/git/RepositorioPBL/Bets21/src/main/resources/bets.temp' is opened by 9719@fedora-b

[2023-04-29 12:50:23 #2 type] 
Type domain.Question is not enhanced.

[2023-04-29 12:50:23 #3 type] 
Type domain.Forecast is not enhanced.

[2023-04-29 12:50:23 #4 type] 
Type domain.Event is not enhanced.

[2023-04-29 12:50:23 #5 type] 
Type domain.Bet is not enhanced.

[2023-04-29 12:50:23 #6 type] 
Type domain.User is not enhanced.

------------------------------------------------------------------------------------------------------------------------

[2023-04-29 12:52:13 #1 store] 
Database '/home/borja/git/RepositorioPBL/Bets21/src/main/resources/bets.temp' is opened by 9914@fedora-b

[2023-04-29 12:52:13 #2 type] 
Type domain.Question is not enhanced.

[2023-04-29 12:52:13 #3 type] 
Type domain.Forecast is not enhanced.

[2023-04-29 12:52:13 #4 type] 
Type domain.Event is not enhanced.

[2023-04-29 12:52:13 #5 type] 
Type domain.Bet is not enhanced.

[2023-04-29 12:52:13 #6 type] 
Type domain.User is not enhanced.

------------------------------------------------------------------------------------------------------------------------

[2023-04-29 12:53:40 #1 store] 
Database '/home/borja/git/RepositorioPBL/Bets21/src/main/resources/bets.temp' is opened by 10044@fedora-b

[2023-04-29 12:53:41 #2 type] 
Type domain.Question is not enhanced.

[2023-04-29 12:53:41 #3 type] 
Type domain.Forecast is not enhanced.

[2023-04-29 12:53:41 #4 type] 
Type domain.Event is not enhanced.

[2023-04-29 12:53:41 #5 type] 
Type domain.Bet is not enhanced.

[2023-04-29 12:53:41 #6 type] 
Type domain.User is not enhanced.

------------------------------------------------------------------------------------------------------------------------

[2023-04-29 13:00:32 #1 store] 
Database '/home/borja/git/RepositorioPBL/Bets21/src/main/resources/bets.temp' is opened by 10806@fedora-b

[2023-04-29 13:00:32 #2 type] 
Type domain.Question is not enhanced.

[2023-04-29 13:00:32 #3 type] 
Type domain.Forecast is not enhanced.

[2023-04-29 13:00:32 #4 type] 
Type domain.Event is not enhanced.

[2023-04-29 13:00:32 #5 type] 
Type domain.Bet is not enhanced.

[2023-04-29 13:00:32 #6 type] 
Type domain.User is not enhanced.

