------------------------------------------------------------------------------------------------------------------------

[2023-03-17 14:05:20 #1 store] 
Database 'C:\Users\sarag\Desktop\eclipse\IS\Bets21\src\main\resources\bets.temp' is opened by 17256@LAPTOP-UUGQSHIG

[2023-03-17 14:05:20 #2 type] 
Type domain.Question is not enhanced.

[2023-03-17 14:05:20 #3 type] 
Type domain.Forecast is not enhanced.

[2023-03-17 14:05:20 #4 type] 
Type domain.Event is not enhanced.

[2023-03-17 14:05:20 #5 type] 
Type domain.User is not enhanced.

------------------------------------------------------------------------------------------------------------------------

[2023-03-17 14:57:55 #1 store] 
Database 'C:\Users\sarag\Desktop\eclipse\IS\Bets21\src\main\resources\bets.temp' is opened by 13372@LAPTOP-UUGQSHIG

[2023-03-17 14:57:55 #2 type] 
Type domain.Question is not enhanced.

[2023-03-17 14:57:55 #3 type] 
Type domain.Forecast is not enhanced.

[2023-03-17 14:57:55 #4 type] 
Type domain.Event is not enhanced.

[2023-03-17 14:57:55 #5 type] 
Type domain.User is not enhanced.

