------------------------------------------------------------------------------------------------------------------------

[2023-04-24 12:20:43 #1 store] 
Database '/home/borja/git/RepositorioPBL/Bets21/src/main/resources/bets.temp' is opened by 3514@fedora-b

[2023-04-24 12:20:43 #2 type] 
Type domain.Question is not enhanced.

[2023-04-24 12:20:43 #3 type] 
Type domain.Forecast is not enhanced.

[2023-04-24 12:20:43 #4 type] 
Type domain.Event is not enhanced.

[2023-04-24 12:20:43 #5 type] 
Type domain.Bet is not enhanced.

[2023-04-24 12:20:43 #6 type] 
Type domain.User is not enhanced.

------------------------------------------------------------------------------------------------------------------------

[2023-04-24 17:12:18 #1 store] 
Database '/home/borja/git/RepositorioPBL/Bets21/src/main/resources/bets.temp' is opened by 4535@fedora-b

[2023-04-24 17:12:18 #2 type] 
Type domain.Question is not enhanced.

[2023-04-24 17:12:18 #3 type] 
Type domain.Forecast is not enhanced.

[2023-04-24 17:12:18 #4 type] 
Type domain.Event is not enhanced.

[2023-04-24 17:12:18 #5 type] 
Type domain.Bet is not enhanced.

[2023-04-24 17:12:18 #6 type] 
Type domain.User is not enhanced.

------------------------------------------------------------------------------------------------------------------------

[2023-04-24 17:12:54 #1 store] 
Database '/home/borja/git/RepositorioPBL/Bets21/src/main/resources/bets.temp' is opened by 4607@fedora-b

[2023-04-24 17:12:54 #2 type] 
Type domain.Question is not enhanced.

[2023-04-24 17:12:54 #3 type] 
Type domain.Forecast is not enhanced.

[2023-04-24 17:12:54 #4 type] 
Type domain.Event is not enhanced.

[2023-04-24 17:12:54 #5 type] 
Type domain.Bet is not enhanced.

[2023-04-24 17:12:54 #6 type] 
Type domain.User is not enhanced.

------------------------------------------------------------------------------------------------------------------------

[2023-04-24 17:13:15 #1 store] 
Database '/home/borja/git/RepositorioPBL/Bets21/src/main/resources/bets.temp' is opened by 4668@fedora-b

[2023-04-24 17:13:15 #2 type] 
Type domain.Question is not enhanced.

[2023-04-24 17:13:15 #3 type] 
Type domain.Forecast is not enhanced.

[2023-04-24 17:13:15 #4 type] 
Type domain.Event is not enhanced.

[2023-04-24 17:13:15 #5 type] 
Type domain.Bet is not enhanced.

[2023-04-24 17:13:15 #6 type] 
Type domain.User is not enhanced.

------------------------------------------------------------------------------------------------------------------------

[2023-04-24 17:13:45 #1 store] 
Database '/home/borja/git/RepositorioPBL/Bets21/src/main/resources/bets.temp' is opened by 4724@fedora-b

[2023-04-24 17:13:45 #2 type] 
Type domain.Question is not enhanced.

[2023-04-24 17:13:45 #3 type] 
Type domain.Forecast is not enhanced.

[2023-04-24 17:13:45 #4 type] 
Type domain.Event is not enhanced.

[2023-04-24 17:13:45 #5 type] 
Type domain.Bet is not enhanced.

[2023-04-24 17:13:45 #6 type] 
Type domain.User is not enhanced.

------------------------------------------------------------------------------------------------------------------------

[2023-04-24 17:21:26 #1 store] 
Database '/home/borja/git/RepositorioPBL/Bets21/src/main/resources/bets.temp' is opened by 5461@fedora-b

[2023-04-24 17:21:26 #2 type] 
Type domain.Question is not enhanced.

[2023-04-24 17:21:26 #3 type] 
Type domain.Forecast is not enhanced.

[2023-04-24 17:21:26 #4 type] 
Type domain.Event is not enhanced.

[2023-04-24 17:21:26 #5 type] 
Type domain.Bet is not enhanced.

[2023-04-24 17:21:26 #6 type] 
Type domain.User is not enhanced.

------------------------------------------------------------------------------------------------------------------------

[2023-04-24 17:23:25 #1 store] 
Database '/home/borja/git/RepositorioPBL/Bets21/src/main/resources/bets.temp' is opened by 5667@fedora-b

[2023-04-24 17:23:25 #2 type] 
Type domain.Question is not enhanced.

[2023-04-24 17:23:25 #3 type] 
Type domain.Forecast is not enhanced.

[2023-04-24 17:23:25 #4 type] 
Type domain.Event is not enhanced.

[2023-04-24 17:23:25 #5 type] 
Type domain.Bet is not enhanced.

[2023-04-24 17:23:25 #6 type] 
Type domain.User is not enhanced.

------------------------------------------------------------------------------------------------------------------------

[2023-04-24 17:24:51 #1 store] 
Database '/home/borja/git/RepositorioPBL/Bets21/src/main/resources/bets.temp' is opened by 5831@fedora-b

[2023-04-24 17:24:51 #2 type] 
Type domain.Question is not enhanced.

[2023-04-24 17:24:51 #3 type] 
Type domain.Forecast is not enhanced.

[2023-04-24 17:24:51 #4 type] 
Type domain.Event is not enhanced.

[2023-04-24 17:24:51 #5 type] 
Type domain.Bet is not enhanced.

[2023-04-24 17:24:51 #6 type] 
Type domain.User is not enhanced.

------------------------------------------------------------------------------------------------------------------------

[2023-04-24 17:26:24 #1 store] 
Database '/home/borja/git/RepositorioPBL/Bets21/src/main/resources/bets.temp' is opened by 6049@fedora-b

[2023-04-24 17:26:24 #2 type] 
Type domain.Question is not enhanced.

[2023-04-24 17:26:24 #3 type] 
Type domain.Forecast is not enhanced.

[2023-04-24 17:26:24 #4 type] 
Type domain.Event is not enhanced.

[2023-04-24 17:26:24 #5 type] 
Type domain.Bet is not enhanced.

[2023-04-24 17:26:24 #6 type] 
Type domain.User is not enhanced.

------------------------------------------------------------------------------------------------------------------------

[2023-04-24 17:41:20 #1 store] 
Database '/home/borja/git/RepositorioPBL/Bets21/src/main/resources/bets.temp' is opened by 8586@fedora-b

[2023-04-24 17:41:20 #2 type] 
Type domain.Question is not enhanced.

[2023-04-24 17:41:20 #3 type] 
Type domain.Forecast is not enhanced.

[2023-04-24 17:41:20 #4 type] 
Type domain.Event is not enhanced.

[2023-04-24 17:41:20 #5 type] 
Type domain.Bet is not enhanced.

[2023-04-24 17:41:20 #6 type] 
Type domain.User is not enhanced.

------------------------------------------------------------------------------------------------------------------------

[2023-04-24 17:41:41 #1 store] 
Database '/home/borja/git/RepositorioPBL/Bets21/src/main/resources/bets.temp' is opened by 8645@fedora-b

[2023-04-24 17:41:41 #2 type] 
Type domain.Question is not enhanced.

[2023-04-24 17:41:41 #3 type] 
Type domain.Forecast is not enhanced.

[2023-04-24 17:41:41 #4 type] 
Type domain.Event is not enhanced.

[2023-04-24 17:41:41 #5 type] 
Type domain.Bet is not enhanced.

[2023-04-24 17:41:41 #6 type] 
Type domain.User is not enhanced.

------------------------------------------------------------------------------------------------------------------------

[2023-04-24 17:44:00 #1 store] 
Database '/home/borja/git/RepositorioPBL/Bets21/src/main/resources/bets.temp' is opened by 8985@fedora-b

[2023-04-24 17:44:01 #2 type] 
Type domain.Question is not enhanced.

[2023-04-24 17:44:01 #3 type] 
Type domain.Forecast is not enhanced.

[2023-04-24 17:44:01 #4 type] 
Type domain.Event is not enhanced.

[2023-04-24 17:44:01 #5 type] 
Type domain.Bet is not enhanced.

[2023-04-24 17:44:01 #6 type] 
Type domain.User is not enhanced.

------------------------------------------------------------------------------------------------------------------------

[2023-04-24 17:46:39 #1 store] 
Database '/home/borja/git/RepositorioPBL/Bets21/src/main/resources/bets.temp' is opened by 9406@fedora-b

[2023-04-24 17:46:40 #2 type] 
Type domain.Question is not enhanced.

[2023-04-24 17:46:40 #3 type] 
Type domain.Forecast is not enhanced.

[2023-04-24 17:46:40 #4 type] 
Type domain.Event is not enhanced.

[2023-04-24 17:46:40 #5 type] 
Type domain.Bet is not enhanced.

[2023-04-24 17:46:40 #6 type] 
Type domain.User is not enhanced.

------------------------------------------------------------------------------------------------------------------------

[2023-04-24 17:47:23 #1 store] 
Database '/home/borja/git/RepositorioPBL/Bets21/src/main/resources/bets.temp' is opened by 9465@fedora-b

[2023-04-24 17:47:23 #2 type] 
Type domain.Question is not enhanced.

[2023-04-24 17:47:23 #3 type] 
Type domain.Forecast is not enhanced.

[2023-04-24 17:47:23 #4 type] 
Type domain.Event is not enhanced.

[2023-04-24 17:47:23 #5 type] 
Type domain.Bet is not enhanced.

[2023-04-24 17:47:23 #6 type] 
Type domain.User is not enhanced.

------------------------------------------------------------------------------------------------------------------------

[2023-04-24 17:47:44 #1 store] 
Database '/home/borja/git/RepositorioPBL/Bets21/src/main/resources/bets.temp' is opened by 9509@fedora-b

[2023-04-24 17:47:44 #2 type] 
Type domain.Question is not enhanced.

[2023-04-24 17:47:44 #3 type] 
Type domain.Forecast is not enhanced.

[2023-04-24 17:47:44 #4 type] 
Type domain.Event is not enhanced.

[2023-04-24 17:47:44 #5 type] 
Type domain.Bet is not enhanced.

[2023-04-24 17:47:44 #6 type] 
Type domain.User is not enhanced.

------------------------------------------------------------------------------------------------------------------------

[2023-04-24 17:47:57 #1 store] 
Database '/home/borja/git/RepositorioPBL/Bets21/src/main/resources/bets.temp' is opened by 9552@fedora-b

[2023-04-24 17:47:57 #2 type] 
Type domain.Question is not enhanced.

[2023-04-24 17:47:57 #3 type] 
Type domain.Forecast is not enhanced.

[2023-04-24 17:47:57 #4 type] 
Type domain.Event is not enhanced.

[2023-04-24 17:47:57 #5 type] 
Type domain.Bet is not enhanced.

[2023-04-24 17:47:57 #6 type] 
Type domain.User is not enhanced.

------------------------------------------------------------------------------------------------------------------------

[2023-04-24 17:49:36 #1 store] 
Database '/home/borja/git/RepositorioPBL/Bets21/src/main/resources/bets.temp' is opened by 9682@fedora-b

[2023-04-24 17:49:36 #2 type] 
Type domain.Question is not enhanced.

[2023-04-24 17:49:36 #3 type] 
Type domain.Forecast is not enhanced.

[2023-04-24 17:49:36 #4 type] 
Type domain.Event is not enhanced.

[2023-04-24 17:49:36 #5 type] 
Type domain.Bet is not enhanced.

[2023-04-24 17:49:36 #6 type] 
Type domain.User is not enhanced.

------------------------------------------------------------------------------------------------------------------------

[2023-04-24 17:51:43 #1 store] 
Database '/home/borja/git/RepositorioPBL/Bets21/src/main/resources/bets.temp' is opened by 9880@fedora-b

[2023-04-24 17:51:44 #2 type] 
Type domain.Question is not enhanced.

[2023-04-24 17:51:44 #3 type] 
Type domain.Forecast is not enhanced.

[2023-04-24 17:51:44 #4 type] 
Type domain.Event is not enhanced.

[2023-04-24 17:51:44 #5 type] 
Type domain.Bet is not enhanced.

[2023-04-24 17:51:44 #6 type] 
Type domain.User is not enhanced.

------------------------------------------------------------------------------------------------------------------------

[2023-04-24 17:52:34 #1 store] 
Database '/home/borja/git/RepositorioPBL/Bets21/src/main/resources/bets.temp' is opened by 9950@fedora-b

[2023-04-24 17:52:34 #2 type] 
Type domain.Question is not enhanced.

[2023-04-24 17:52:34 #3 type] 
Type domain.Forecast is not enhanced.

[2023-04-24 17:52:34 #4 type] 
Type domain.Event is not enhanced.

[2023-04-24 17:52:34 #5 type] 
Type domain.Bet is not enhanced.

[2023-04-24 17:52:34 #6 type] 
Type domain.User is not enhanced.

------------------------------------------------------------------------------------------------------------------------

[2023-04-24 17:54:10 #1 store] 
Database '/home/borja/git/RepositorioPBL/Bets21/src/main/resources/bets.temp' is opened by 10018@fedora-b

[2023-04-24 17:54:10 #2 type] 
Type domain.Question is not enhanced.

[2023-04-24 17:54:10 #3 type] 
Type domain.Forecast is not enhanced.

[2023-04-24 17:54:10 #4 type] 
Type domain.Event is not enhanced.

[2023-04-24 17:54:10 #5 type] 
Type domain.Bet is not enhanced.

[2023-04-24 17:54:10 #6 type] 
Type domain.User is not enhanced.

------------------------------------------------------------------------------------------------------------------------

[2023-04-24 17:54:42 #1 store] 
Database '/home/borja/git/RepositorioPBL/Bets21/src/main/resources/bets.temp' is opened by 10099@fedora-b

[2023-04-24 17:54:42 #2 type] 
Type domain.Question is not enhanced.

[2023-04-24 17:54:42 #3 type] 
Type domain.Forecast is not enhanced.

[2023-04-24 17:54:42 #4 type] 
Type domain.Event is not enhanced.

[2023-04-24 17:54:42 #5 type] 
Type domain.Bet is not enhanced.

[2023-04-24 17:54:42 #6 type] 
Type domain.User is not enhanced.

------------------------------------------------------------------------------------------------------------------------

[2023-04-24 17:55:39 #1 store] 
Database '/home/borja/git/RepositorioPBL/Bets21/src/main/resources/bets.temp' is opened by 10305@fedora-b

[2023-04-24 17:55:39 #2 type] 
Type domain.Question is not enhanced.

[2023-04-24 17:55:39 #3 type] 
Type domain.Forecast is not enhanced.

[2023-04-24 17:55:39 #4 type] 
Type domain.Event is not enhanced.

[2023-04-24 17:55:39 #5 type] 
Type domain.Bet is not enhanced.

[2023-04-24 17:55:39 #6 type] 
Type domain.User is not enhanced.

------------------------------------------------------------------------------------------------------------------------

[2023-04-24 18:00:37 #1 store] 
Database '/home/borja/git/RepositorioPBL/Bets21/src/main/resources/bets.temp' is opened by 11130@fedora-b

[2023-04-24 18:00:37 #2 type] 
Type domain.Question is not enhanced.

[2023-04-24 18:00:37 #3 type] 
Type domain.Forecast is not enhanced.

[2023-04-24 18:00:37 #4 type] 
Type domain.Event is not enhanced.

[2023-04-24 18:00:37 #5 type] 
Type domain.Bet is not enhanced.

[2023-04-24 18:00:37 #6 type] 
Type domain.User is not enhanced.

------------------------------------------------------------------------------------------------------------------------

[2023-04-24 18:01:10 #1 store] 
Database '/home/borja/git/RepositorioPBL/Bets21/src/main/resources/bets.temp' is opened by 11258@fedora-b

[2023-04-24 18:01:10 #2 type] 
Type domain.Question is not enhanced.

[2023-04-24 18:01:10 #3 type] 
Type domain.Forecast is not enhanced.

[2023-04-24 18:01:10 #4 type] 
Type domain.Event is not enhanced.

[2023-04-24 18:01:10 #5 type] 
Type domain.Bet is not enhanced.

[2023-04-24 18:01:10 #6 type] 
Type domain.User is not enhanced.

------------------------------------------------------------------------------------------------------------------------

[2023-04-24 18:07:57 #1 store] 
Database '/home/borja/git/RepositorioPBL/Bets21/src/main/resources/bets.temp' is opened by 11907@fedora-b

[2023-04-24 18:07:58 #2 type] 
Type domain.Question is not enhanced.

[2023-04-24 18:07:58 #3 type] 
Type domain.Forecast is not enhanced.

[2023-04-24 18:07:58 #4 type] 
Type domain.Event is not enhanced.

[2023-04-24 18:07:58 #5 type] 
Type domain.Bet is not enhanced.

[2023-04-24 18:07:58 #6 type] 
Type domain.User is not enhanced.

------------------------------------------------------------------------------------------------------------------------

[2023-04-24 18:09:13 #1 store] 
Database '/home/borja/git/RepositorioPBL/Bets21/src/main/resources/bets.temp' is opened by 12177@fedora-b

[2023-04-24 18:09:13 #2 type] 
Type domain.Question is not enhanced.

[2023-04-24 18:09:13 #3 type] 
Type domain.Forecast is not enhanced.

[2023-04-24 18:09:13 #4 type] 
Type domain.Event is not enhanced.

[2023-04-24 18:09:13 #5 type] 
Type domain.Bet is not enhanced.

[2023-04-24 18:09:13 #6 type] 
Type domain.User is not enhanced.

------------------------------------------------------------------------------------------------------------------------

[2023-04-24 18:09:32 #1 store] 
Database '/home/borja/git/RepositorioPBL/Bets21/src/main/resources/bets.temp' is opened by 12256@fedora-b

[2023-04-24 18:09:32 #2 type] 
Type domain.Question is not enhanced.

[2023-04-24 18:09:32 #3 type] 
Type domain.Forecast is not enhanced.

[2023-04-24 18:09:32 #4 type] 
Type domain.Event is not enhanced.

[2023-04-24 18:09:32 #5 type] 
Type domain.Bet is not enhanced.

[2023-04-24 18:09:32 #6 type] 
Type domain.User is not enhanced.

------------------------------------------------------------------------------------------------------------------------

[2023-04-24 18:09:50 #1 store] 
Database '/home/borja/git/RepositorioPBL/Bets21/src/main/resources/bets.temp' is opened by 12303@fedora-b

[2023-04-24 18:09:50 #2 type] 
Type domain.Question is not enhanced.

[2023-04-24 18:09:50 #3 type] 
Type domain.Forecast is not enhanced.

[2023-04-24 18:09:50 #4 type] 
Type domain.Event is not enhanced.

[2023-04-24 18:09:50 #5 type] 
Type domain.Bet is not enhanced.

[2023-04-24 18:09:50 #6 type] 
Type domain.User is not enhanced.

------------------------------------------------------------------------------------------------------------------------

[2023-04-24 18:11:06 #1 store] 
Database '/home/borja/git/RepositorioPBL/Bets21/src/main/resources/bets.temp' is opened by 12502@fedora-b

[2023-04-24 18:11:07 #2 type] 
Type domain.Question is not enhanced.

[2023-04-24 18:11:07 #3 type] 
Type domain.Forecast is not enhanced.

[2023-04-24 18:11:07 #4 type] 
Type domain.Event is not enhanced.

[2023-04-24 18:11:07 #5 type] 
Type domain.Bet is not enhanced.

[2023-04-24 18:11:07 #6 type] 
Type domain.User is not enhanced.

------------------------------------------------------------------------------------------------------------------------

[2023-04-24 18:12:47 #1 store] 
Database '/home/borja/git/RepositorioPBL/Bets21/src/main/resources/bets.temp' is opened by 12581@fedora-b

[2023-04-24 18:12:47 #2 type] 
Type domain.Question is not enhanced.

[2023-04-24 18:12:47 #3 type] 
Type domain.Forecast is not enhanced.

[2023-04-24 18:12:47 #4 type] 
Type domain.Event is not enhanced.

[2023-04-24 18:12:47 #5 type] 
Type domain.Bet is not enhanced.

[2023-04-24 18:12:47 #6 type] 
Type domain.User is not enhanced.

------------------------------------------------------------------------------------------------------------------------

[2023-04-24 18:13:50 #1 store] 
Database '/home/borja/git/RepositorioPBL/Bets21/src/main/resources/bets.temp' is opened by 12751@fedora-b

[2023-04-24 18:13:50 #2 type] 
Type domain.Question is not enhanced.

[2023-04-24 18:13:50 #3 type] 
Type domain.Forecast is not enhanced.

[2023-04-24 18:13:50 #4 type] 
Type domain.Event is not enhanced.

[2023-04-24 18:13:50 #5 type] 
Type domain.Bet is not enhanced.

[2023-04-24 18:13:50 #6 type] 
Type domain.User is not enhanced.

------------------------------------------------------------------------------------------------------------------------

[2023-04-24 18:16:08 #1 store] 
Database '/home/borja/git/RepositorioPBL/Bets21/src/main/resources/bets.temp' is opened by 13173@fedora-b

[2023-04-24 18:16:08 #2 type] 
Type domain.Question is not enhanced.

[2023-04-24 18:16:08 #3 type] 
Type domain.Forecast is not enhanced.

[2023-04-24 18:16:08 #4 type] 
Type domain.Event is not enhanced.

[2023-04-24 18:16:08 #5 type] 
Type domain.Bet is not enhanced.

[2023-04-24 18:16:08 #6 type] 
Type domain.User is not enhanced.

------------------------------------------------------------------------------------------------------------------------

[2023-04-24 18:18:00 #1 store] 
Database '/home/borja/git/RepositorioPBL/Bets21/src/main/resources/bets.temp' is opened by 13485@fedora-b

[2023-04-24 18:18:00 #2 type] 
Type domain.Question is not enhanced.

[2023-04-24 18:18:00 #3 type] 
Type domain.Forecast is not enhanced.

[2023-04-24 18:18:00 #4 type] 
Type domain.Event is not enhanced.

[2023-04-24 18:18:00 #5 type] 
Type domain.Bet is not enhanced.

[2023-04-24 18:18:00 #6 type] 
Type domain.User is not enhanced.

------------------------------------------------------------------------------------------------------------------------

[2023-04-24 18:19:50 #1 store] 
Database '/home/borja/git/RepositorioPBL/Bets21/src/main/resources/bets.temp' is opened by 13710@fedora-b

[2023-04-24 18:19:50 #2 type] 
Type domain.Question is not enhanced.

[2023-04-24 18:19:50 #3 type] 
Type domain.Forecast is not enhanced.

[2023-04-24 18:19:50 #4 type] 
Type domain.Event is not enhanced.

[2023-04-24 18:19:50 #5 type] 
Type domain.Bet is not enhanced.

[2023-04-24 18:19:50 #6 type] 
Type domain.User is not enhanced.

------------------------------------------------------------------------------------------------------------------------

[2023-04-24 18:20:15 #1 store] 
Database '/home/borja/git/RepositorioPBL/Bets21/src/main/resources/bets.temp' is opened by 13817@fedora-b

[2023-04-24 18:20:15 #2 type] 
Type domain.Question is not enhanced.

[2023-04-24 18:20:15 #3 type] 
Type domain.Forecast is not enhanced.

[2023-04-24 18:20:15 #4 type] 
Type domain.Event is not enhanced.

[2023-04-24 18:20:15 #5 type] 
Type domain.Bet is not enhanced.

[2023-04-24 18:20:15 #6 type] 
Type domain.User is not enhanced.

------------------------------------------------------------------------------------------------------------------------

[2023-04-24 18:20:54 #1 store] 
Database '/home/borja/git/RepositorioPBL/Bets21/src/main/resources/bets.temp' is opened by 13881@fedora-b

[2023-04-24 18:20:54 #2 type] 
Type domain.Question is not enhanced.

[2023-04-24 18:20:54 #3 type] 
Type domain.Forecast is not enhanced.

[2023-04-24 18:20:54 #4 type] 
Type domain.Event is not enhanced.

[2023-04-24 18:20:54 #5 type] 
Type domain.Bet is not enhanced.

[2023-04-24 18:20:54 #6 type] 
Type domain.User is not enhanced.

------------------------------------------------------------------------------------------------------------------------

[2023-04-24 18:21:25 #1 store] 
Database '/home/borja/git/RepositorioPBL/Bets21/src/main/resources/bets.temp' is opened by 13946@fedora-b

[2023-04-24 18:21:25 #2 type] 
Type domain.Question is not enhanced.

[2023-04-24 18:21:25 #3 type] 
Type domain.Forecast is not enhanced.

[2023-04-24 18:21:25 #4 type] 
Type domain.Event is not enhanced.

[2023-04-24 18:21:25 #5 type] 
Type domain.Bet is not enhanced.

[2023-04-24 18:21:25 #6 type] 
Type domain.User is not enhanced.

------------------------------------------------------------------------------------------------------------------------

[2023-04-24 18:22:41 #1 store] 
Database '/home/borja/git/RepositorioPBL/Bets21/src/main/resources/bets.temp' is opened by 14032@fedora-b

[2023-04-24 18:22:41 #2 type] 
Type domain.Question is not enhanced.

[2023-04-24 18:22:41 #3 type] 
Type domain.Forecast is not enhanced.

[2023-04-24 18:22:41 #4 type] 
Type domain.Event is not enhanced.

[2023-04-24 18:22:41 #5 type] 
Type domain.Bet is not enhanced.

[2023-04-24 18:22:41 #6 type] 
Type domain.User is not enhanced.

------------------------------------------------------------------------------------------------------------------------

[2023-04-24 18:23:27 #1 store] 
Database '/home/borja/git/RepositorioPBL/Bets21/src/main/resources/bets.temp' is opened by 14094@fedora-b

[2023-04-24 18:23:27 #2 type] 
Type domain.Question is not enhanced.

[2023-04-24 18:23:27 #3 type] 
Type domain.Forecast is not enhanced.

[2023-04-24 18:23:27 #4 type] 
Type domain.Event is not enhanced.

[2023-04-24 18:23:27 #5 type] 
Type domain.Bet is not enhanced.

[2023-04-24 18:23:27 #6 type] 
Type domain.User is not enhanced.

------------------------------------------------------------------------------------------------------------------------

[2023-04-24 18:24:07 #1 store] 
Database '/home/borja/git/RepositorioPBL/Bets21/src/main/resources/bets.temp' is opened by 14157@fedora-b

[2023-04-24 18:24:07 #2 type] 
Type domain.Question is not enhanced.

[2023-04-24 18:24:07 #3 type] 
Type domain.Forecast is not enhanced.

[2023-04-24 18:24:07 #4 type] 
Type domain.Event is not enhanced.

[2023-04-24 18:24:07 #5 type] 
Type domain.Bet is not enhanced.

[2023-04-24 18:24:07 #6 type] 
Type domain.User is not enhanced.

------------------------------------------------------------------------------------------------------------------------

[2023-04-24 18:24:36 #1 store] 
Database '/home/borja/git/RepositorioPBL/Bets21/src/main/resources/bets.temp' is opened by 14206@fedora-b

[2023-04-24 18:24:36 #2 type] 
Type domain.Question is not enhanced.

[2023-04-24 18:24:36 #3 type] 
Type domain.Forecast is not enhanced.

[2023-04-24 18:24:36 #4 type] 
Type domain.Event is not enhanced.

[2023-04-24 18:24:36 #5 type] 
Type domain.Bet is not enhanced.

[2023-04-24 18:24:36 #6 type] 
Type domain.User is not enhanced.

------------------------------------------------------------------------------------------------------------------------

[2023-04-24 18:25:15 #1 store] 
Database '/home/borja/git/RepositorioPBL/Bets21/src/main/resources/bets.temp' is opened by 14279@fedora-b

[2023-04-24 18:25:15 #2 type] 
Type domain.Question is not enhanced.

[2023-04-24 18:25:15 #3 type] 
Type domain.Forecast is not enhanced.

[2023-04-24 18:25:15 #4 type] 
Type domain.Event is not enhanced.

[2023-04-24 18:25:15 #5 type] 
Type domain.Bet is not enhanced.

[2023-04-24 18:25:15 #6 type] 
Type domain.User is not enhanced.

------------------------------------------------------------------------------------------------------------------------

[2023-04-24 18:26:14 #1 store] 
Database '/home/borja/git/RepositorioPBL/Bets21/src/main/resources/bets.temp' is opened by 14359@fedora-b

[2023-04-24 18:26:14 #2 type] 
Type domain.Question is not enhanced.

[2023-04-24 18:26:14 #3 type] 
Type domain.Forecast is not enhanced.

[2023-04-24 18:26:14 #4 type] 
Type domain.Event is not enhanced.

[2023-04-24 18:26:14 #5 type] 
Type domain.Bet is not enhanced.

[2023-04-24 18:26:14 #6 type] 
Type domain.User is not enhanced.

------------------------------------------------------------------------------------------------------------------------

[2023-04-24 18:26:28 #1 store] 
Database '/home/borja/git/RepositorioPBL/Bets21/src/main/resources/bets.temp' is opened by 14406@fedora-b

[2023-04-24 18:26:29 #2 type] 
Type domain.Question is not enhanced.

[2023-04-24 18:26:29 #3 type] 
Type domain.Forecast is not enhanced.

[2023-04-24 18:26:29 #4 type] 
Type domain.Event is not enhanced.

[2023-04-24 18:26:29 #5 type] 
Type domain.Bet is not enhanced.

[2023-04-24 18:26:29 #6 type] 
Type domain.User is not enhanced.

------------------------------------------------------------------------------------------------------------------------

[2023-04-24 18:26:41 #1 store] 
Database '/home/borja/git/RepositorioPBL/Bets21/src/main/resources/bets.temp' is opened by 14451@fedora-b

[2023-04-24 18:26:41 #2 type] 
Type domain.Question is not enhanced.

[2023-04-24 18:26:41 #3 type] 
Type domain.Forecast is not enhanced.

[2023-04-24 18:26:41 #4 type] 
Type domain.Event is not enhanced.

[2023-04-24 18:26:41 #5 type] 
Type domain.Bet is not enhanced.

[2023-04-24 18:26:41 #6 type] 
Type domain.User is not enhanced.

------------------------------------------------------------------------------------------------------------------------

[2023-04-24 20:12:42 #1 store] 
Database '/home/borja/git/RepositorioPBL/Bets21/src/main/resources/bets.temp' is opened by 6354@fedora-b

[2023-04-24 20:12:42 #2 type] 
Type domain.Question is not enhanced.

[2023-04-24 20:12:42 #3 type] 
Type domain.Forecast is not enhanced.

[2023-04-24 20:12:42 #4 type] 
Type domain.Event is not enhanced.

[2023-04-24 20:12:42 #5 type] 
Type domain.Bet is not enhanced.

[2023-04-24 20:12:42 #6 type] 
Type domain.User is not enhanced.

------------------------------------------------------------------------------------------------------------------------

[2023-04-24 20:27:19 #1 store] 
Database '/home/borja/git/RepositorioPBL/Bets21/src/main/resources/bets.temp' is opened by 8258@fedora-b

[2023-04-24 20:27:19 #2 type] 
Type domain.Question is not enhanced.

[2023-04-24 20:27:19 #3 type] 
Type domain.Forecast is not enhanced.

[2023-04-24 20:27:19 #4 type] 
Type domain.Event is not enhanced.

[2023-04-24 20:27:19 #5 type] 
Type domain.Bet is not enhanced.

[2023-04-24 20:27:19 #6 type] 
Type domain.User is not enhanced.

------------------------------------------------------------------------------------------------------------------------

[2023-04-24 20:33:40 #1 store] 
Database '/home/borja/git/RepositorioPBL/Bets21/src/main/resources/bets.temp' is opened by 8998@fedora-b

[2023-04-24 20:33:40 #2 type] 
Type domain.Question is not enhanced.

[2023-04-24 20:33:40 #3 type] 
Type domain.Forecast is not enhanced.

[2023-04-24 20:33:40 #4 type] 
Type domain.Event is not enhanced.

[2023-04-24 20:33:40 #5 type] 
Type domain.Bet is not enhanced.

[2023-04-24 20:33:40 #6 type] 
Type domain.User is not enhanced.

------------------------------------------------------------------------------------------------------------------------

[2023-04-24 20:34:00 #1 store] 
Database '/home/borja/git/RepositorioPBL/Bets21/src/main/resources/bets.temp' is opened by 9049@fedora-b

[2023-04-24 20:34:00 #2 type] 
Type domain.Question is not enhanced.

[2023-04-24 20:34:00 #3 type] 
Type domain.Forecast is not enhanced.

[2023-04-24 20:34:00 #4 type] 
Type domain.Event is not enhanced.

[2023-04-24 20:34:00 #5 type] 
Type domain.Bet is not enhanced.

[2023-04-24 20:34:00 #6 type] 
Type domain.User is not enhanced.

------------------------------------------------------------------------------------------------------------------------

[2023-04-24 20:34:18 #1 store] 
Database '/home/borja/git/RepositorioPBL/Bets21/src/main/resources/bets.temp' is opened by 9102@fedora-b

[2023-04-24 20:34:19 #2 type] 
Type domain.Question is not enhanced.

[2023-04-24 20:34:19 #3 type] 
Type domain.Forecast is not enhanced.

[2023-04-24 20:34:19 #4 type] 
Type domain.Event is not enhanced.

[2023-04-24 20:34:19 #5 type] 
Type domain.Bet is not enhanced.

[2023-04-24 20:34:19 #6 type] 
Type domain.User is not enhanced.

------------------------------------------------------------------------------------------------------------------------

[2023-04-24 20:35:13 #1 store] 
Database '/home/borja/git/RepositorioPBL/Bets21/src/main/resources/bets.temp' is opened by 9211@fedora-b

[2023-04-24 20:35:13 #2 type] 
Type domain.Question is not enhanced.

[2023-04-24 20:35:13 #3 type] 
Type domain.Forecast is not enhanced.

[2023-04-24 20:35:13 #4 type] 
Type domain.Event is not enhanced.

[2023-04-24 20:35:13 #5 type] 
Type domain.Bet is not enhanced.

[2023-04-24 20:35:13 #6 type] 
Type domain.User is not enhanced.

------------------------------------------------------------------------------------------------------------------------

[2023-04-24 20:36:08 #1 store] 
Database '/home/borja/git/RepositorioPBL/Bets21/src/main/resources/bets.temp' is opened by 9350@fedora-b

[2023-04-24 20:36:08 #2 type] 
Type domain.Question is not enhanced.

[2023-04-24 20:36:08 #3 type] 
Type domain.Forecast is not enhanced.

[2023-04-24 20:36:08 #4 type] 
Type domain.Event is not enhanced.

[2023-04-24 20:36:08 #5 type] 
Type domain.Bet is not enhanced.

[2023-04-24 20:36:08 #6 type] 
Type domain.User is not enhanced.

------------------------------------------------------------------------------------------------------------------------

[2023-04-24 20:39:49 #1 store] 
Database '/home/borja/git/RepositorioPBL/Bets21/src/main/resources/bets.temp' is opened by 10076@fedora-b

[2023-04-24 20:39:49 #2 type] 
Type domain.Question is not enhanced.

[2023-04-24 20:39:49 #3 type] 
Type domain.Forecast is not enhanced.

[2023-04-24 20:39:49 #4 type] 
Type domain.Event is not enhanced.

[2023-04-24 20:39:49 #5 type] 
Type domain.Bet is not enhanced.

[2023-04-24 20:39:49 #6 type] 
Type domain.User is not enhanced.

------------------------------------------------------------------------------------------------------------------------

[2023-04-24 20:40:16 #1 store] 
Database '/home/borja/git/RepositorioPBL/Bets21/src/main/resources/bets.temp' is opened by 10137@fedora-b

[2023-04-24 20:40:16 #2 type] 
Type domain.Question is not enhanced.

[2023-04-24 20:40:16 #3 type] 
Type domain.Forecast is not enhanced.

[2023-04-24 20:40:16 #4 type] 
Type domain.Event is not enhanced.

[2023-04-24 20:40:16 #5 type] 
Type domain.Bet is not enhanced.

[2023-04-24 20:40:16 #6 type] 
Type domain.User is not enhanced.

------------------------------------------------------------------------------------------------------------------------

[2023-04-24 20:40:56 #1 store] 
Database '/home/borja/git/RepositorioPBL/Bets21/src/main/resources/bets.temp' is opened by 10208@fedora-b

[2023-04-24 20:40:56 #2 type] 
Type domain.Question is not enhanced.

[2023-04-24 20:40:56 #3 type] 
Type domain.Forecast is not enhanced.

[2023-04-24 20:40:56 #4 type] 
Type domain.Event is not enhanced.

[2023-04-24 20:40:56 #5 type] 
Type domain.Bet is not enhanced.

[2023-04-24 20:40:56 #6 type] 
Type domain.User is not enhanced.

------------------------------------------------------------------------------------------------------------------------

[2023-04-24 20:41:37 #1 store] 
Database '/home/borja/git/RepositorioPBL/Bets21/src/main/resources/bets.temp' is opened by 10284@fedora-b

[2023-04-24 20:41:37 #2 type] 
Type domain.Question is not enhanced.

[2023-04-24 20:41:37 #3 type] 
Type domain.Forecast is not enhanced.

[2023-04-24 20:41:37 #4 type] 
Type domain.Event is not enhanced.

[2023-04-24 20:41:37 #5 type] 
Type domain.Bet is not enhanced.

[2023-04-24 20:41:37 #6 type] 
Type domain.User is not enhanced.

------------------------------------------------------------------------------------------------------------------------

[2023-04-24 20:42:48 #1 store] 
Database '/home/borja/git/RepositorioPBL/Bets21/src/main/resources/bets.temp' is opened by 10344@fedora-b

[2023-04-24 20:42:48 #2 type] 
Type domain.Question is not enhanced.

[2023-04-24 20:42:48 #3 type] 
Type domain.Forecast is not enhanced.

[2023-04-24 20:42:48 #4 type] 
Type domain.Event is not enhanced.

[2023-04-24 20:42:48 #5 type] 
Type domain.Bet is not enhanced.

[2023-04-24 20:42:48 #6 type] 
Type domain.User is not enhanced.

------------------------------------------------------------------------------------------------------------------------

[2023-04-24 20:43:29 #1 store] 
Database '/home/borja/git/RepositorioPBL/Bets21/src/main/resources/bets.temp' is opened by 10461@fedora-b

[2023-04-24 20:43:29 #2 type] 
Type domain.Question is not enhanced.

[2023-04-24 20:43:29 #3 type] 
Type domain.Forecast is not enhanced.

[2023-04-24 20:43:29 #4 type] 
Type domain.Event is not enhanced.

[2023-04-24 20:43:29 #5 type] 
Type domain.Bet is not enhanced.

[2023-04-24 20:43:29 #6 type] 
Type domain.User is not enhanced.

------------------------------------------------------------------------------------------------------------------------

[2023-04-24 20:45:43 #1 store] 
Database '/home/borja/git/RepositorioPBL/Bets21/src/main/resources/bets.temp' is opened by 10714@fedora-b

[2023-04-24 20:45:43 #2 type] 
Type domain.Question is not enhanced.

[2023-04-24 20:45:43 #3 type] 
Type domain.Forecast is not enhanced.

[2023-04-24 20:45:43 #4 type] 
Type domain.Event is not enhanced.

[2023-04-24 20:45:43 #5 type] 
Type domain.Bet is not enhanced.

[2023-04-24 20:45:43 #6 type] 
Type domain.User is not enhanced.

------------------------------------------------------------------------------------------------------------------------

[2023-04-24 21:02:35 #1 store] 
Database '/home/borja/git/RepositorioPBL/Bets21/src/main/resources/bets.temp' is opened by 12867@fedora-b

[2023-04-24 21:02:35 #2 type] 
Type domain.Question is not enhanced.

[2023-04-24 21:02:35 #3 type] 
Type domain.Forecast is not enhanced.

[2023-04-24 21:02:35 #4 type] 
Type domain.Event is not enhanced.

[2023-04-24 21:02:35 #5 type] 
Type domain.Bet is not enhanced.

[2023-04-24 21:02:35 #6 type] 
Type domain.User is not enhanced.

------------------------------------------------------------------------------------------------------------------------

[2023-04-24 21:02:43 #1 store] 
Database '/home/borja/git/RepositorioPBL/Bets21/src/main/resources/bets.temp' is opened by 12915@fedora-b

[2023-04-24 21:02:43 #2 type] 
Type domain.Question is not enhanced.

[2023-04-24 21:02:43 #3 type] 
Type domain.Forecast is not enhanced.

[2023-04-24 21:02:43 #4 type] 
Type domain.Event is not enhanced.

[2023-04-24 21:02:43 #5 type] 
Type domain.Bet is not enhanced.

[2023-04-24 21:02:43 #6 type] 
Type domain.User is not enhanced.

------------------------------------------------------------------------------------------------------------------------

[2023-04-24 21:02:59 #1 store] 
Database '/home/borja/git/RepositorioPBL/Bets21/src/main/resources/bets.temp' is opened by 12967@fedora-b

[2023-04-24 21:02:59 #2 type] 
Type domain.Question is not enhanced.

[2023-04-24 21:02:59 #3 type] 
Type domain.Forecast is not enhanced.

[2023-04-24 21:02:59 #4 type] 
Type domain.Event is not enhanced.

[2023-04-24 21:02:59 #5 type] 
Type domain.Bet is not enhanced.

[2023-04-24 21:02:59 #6 type] 
Type domain.User is not enhanced.

------------------------------------------------------------------------------------------------------------------------

[2023-04-24 21:04:39 #1 store] 
Database '/home/borja/git/RepositorioPBL/Bets21/src/main/resources/bets.temp' is opened by 13192@fedora-b

[2023-04-24 21:04:39 #2 type] 
Type domain.Question is not enhanced.

[2023-04-24 21:04:39 #3 type] 
Type domain.Forecast is not enhanced.

[2023-04-24 21:04:39 #4 type] 
Type domain.Event is not enhanced.

[2023-04-24 21:04:39 #5 type] 
Type domain.Bet is not enhanced.

[2023-04-24 21:04:39 #6 type] 
Type domain.User is not enhanced.

------------------------------------------------------------------------------------------------------------------------

[2023-04-24 21:19:46 #1 store] 
Database '/home/borja/git/RepositorioPBL/Bets21/src/main/resources/bets.temp' is opened by 14475@fedora-b

[2023-04-24 21:19:46 #2 type] 
Type domain.Question is not enhanced.

[2023-04-24 21:19:46 #3 type] 
Type domain.Forecast is not enhanced.

[2023-04-24 21:19:46 #4 type] 
Type domain.Event is not enhanced.

[2023-04-24 21:19:46 #5 type] 
Type domain.Bet is not enhanced.

[2023-04-24 21:19:46 #6 type] 
Type domain.User is not enhanced.

------------------------------------------------------------------------------------------------------------------------

[2023-04-24 21:20:35 #1 store] 
Database '/home/borja/git/RepositorioPBL/Bets21/src/main/resources/bets.temp' is opened by 14556@fedora-b

[2023-04-24 21:20:35 #2 type] 
Type domain.Question is not enhanced.

[2023-04-24 21:20:35 #3 type] 
Type domain.Forecast is not enhanced.

[2023-04-24 21:20:35 #4 type] 
Type domain.Event is not enhanced.

[2023-04-24 21:20:35 #5 type] 
Type domain.Bet is not enhanced.

[2023-04-24 21:20:35 #6 type] 
Type domain.User is not enhanced.

------------------------------------------------------------------------------------------------------------------------

[2023-04-24 21:23:03 #1 store] 
Database '/home/borja/git/RepositorioPBL/Bets21/src/main/resources/bets.temp' is opened by 14668@fedora-b

[2023-04-24 21:23:03 #2 type] 
Type domain.Question is not enhanced.

[2023-04-24 21:23:03 #3 type] 
Type domain.Forecast is not enhanced.

[2023-04-24 21:23:03 #4 type] 
Type domain.Event is not enhanced.

[2023-04-24 21:23:03 #5 type] 
Type domain.Bet is not enhanced.

[2023-04-24 21:23:03 #6 type] 
Type domain.User is not enhanced.

------------------------------------------------------------------------------------------------------------------------

[2023-04-24 21:32:33 #1 store] 
Database '/home/borja/git/RepositorioPBL/Bets21/src/main/resources/bets.temp' is opened by 15378@fedora-b

[2023-04-24 21:32:33 #2 type] 
Type domain.Question is not enhanced.

[2023-04-24 21:32:33 #3 type] 
Type domain.Forecast is not enhanced.

[2023-04-24 21:32:33 #4 type] 
Type domain.Event is not enhanced.

[2023-04-24 21:32:33 #5 type] 
Type domain.Bet is not enhanced.

[2023-04-24 21:32:33 #6 type] 
Type domain.User is not enhanced.

------------------------------------------------------------------------------------------------------------------------

[2023-04-24 21:34:43 #1 store] 
Database '/home/borja/git/RepositorioPBL/Bets21/src/main/resources/bets.temp' is opened by 15529@fedora-b

[2023-04-24 21:34:43 #2 type] 
Type domain.Question is not enhanced.

[2023-04-24 21:34:43 #3 type] 
Type domain.Forecast is not enhanced.

[2023-04-24 21:34:43 #4 type] 
Type domain.Event is not enhanced.

[2023-04-24 21:34:43 #5 type] 
Type domain.Bet is not enhanced.

[2023-04-24 21:34:43 #6 type] 
Type domain.User is not enhanced.

------------------------------------------------------------------------------------------------------------------------

[2023-04-24 21:39:00 #1 store] 
Database '/home/borja/git/RepositorioPBL/Bets21/src/main/resources/bets.temp' is opened by 16043@fedora-b

[2023-04-24 21:39:00 #2 type] 
Type domain.Question is not enhanced.

[2023-04-24 21:39:00 #3 type] 
Type domain.Forecast is not enhanced.

[2023-04-24 21:39:00 #4 type] 
Type domain.Event is not enhanced.

[2023-04-24 21:39:00 #5 type] 
Type domain.Bet is not enhanced.

[2023-04-24 21:39:00 #6 type] 
Type domain.User is not enhanced.

------------------------------------------------------------------------------------------------------------------------

[2023-04-24 21:40:37 #1 store] 
Database '/home/borja/git/RepositorioPBL/Bets21/src/main/resources/bets.temp' is opened by 16174@fedora-b

[2023-04-24 21:40:37 #2 type] 
Type domain.Question is not enhanced.

[2023-04-24 21:40:37 #3 type] 
Type domain.Forecast is not enhanced.

[2023-04-24 21:40:37 #4 type] 
Type domain.Event is not enhanced.

[2023-04-24 21:40:37 #5 type] 
Type domain.Bet is not enhanced.

[2023-04-24 21:40:37 #6 type] 
Type domain.User is not enhanced.

------------------------------------------------------------------------------------------------------------------------

[2023-04-24 21:41:57 #1 store] 
Database '/home/borja/git/RepositorioPBL/Bets21/src/main/resources/bets.temp' is opened by 16387@fedora-b

[2023-04-24 21:41:57 #2 type] 
Type domain.Question is not enhanced.

[2023-04-24 21:41:57 #3 type] 
Type domain.Forecast is not enhanced.

[2023-04-24 21:41:57 #4 type] 
Type domain.Event is not enhanced.

[2023-04-24 21:41:57 #5 type] 
Type domain.Bet is not enhanced.

[2023-04-24 21:41:57 #6 type] 
Type domain.User is not enhanced.

------------------------------------------------------------------------------------------------------------------------

[2023-04-24 21:45:16 #1 store] 
Database '/home/borja/git/RepositorioPBL/Bets21/src/main/resources/bets.temp' is opened by 16927@fedora-b

[2023-04-24 21:45:16 #2 type] 
Type domain.Question is not enhanced.

[2023-04-24 21:45:16 #3 type] 
Type domain.Forecast is not enhanced.

[2023-04-24 21:45:16 #4 type] 
Type domain.Event is not enhanced.

[2023-04-24 21:45:16 #5 type] 
Type domain.Bet is not enhanced.

[2023-04-24 21:45:16 #6 type] 
Type domain.User is not enhanced.

------------------------------------------------------------------------------------------------------------------------

[2023-04-24 21:45:35 #1 store] 
Database '/home/borja/git/RepositorioPBL/Bets21/src/main/resources/bets.temp' is opened by 16976@fedora-b

[2023-04-24 21:45:35 #2 type] 
Type domain.Question is not enhanced.

[2023-04-24 21:45:35 #3 type] 
Type domain.Forecast is not enhanced.

[2023-04-24 21:45:35 #4 type] 
Type domain.Event is not enhanced.

[2023-04-24 21:45:35 #5 type] 
Type domain.Bet is not enhanced.

[2023-04-24 21:45:35 #6 type] 
Type domain.User is not enhanced.

------------------------------------------------------------------------------------------------------------------------

[2023-04-24 21:45:59 #1 store] 
Database '/home/borja/git/RepositorioPBL/Bets21/src/main/resources/bets.temp' is opened by 17063@fedora-b

[2023-04-24 21:46:00 #2 type] 
Type domain.Question is not enhanced.

[2023-04-24 21:46:00 #3 type] 
Type domain.Forecast is not enhanced.

[2023-04-24 21:46:00 #4 type] 
Type domain.Event is not enhanced.

[2023-04-24 21:46:00 #5 type] 
Type domain.Bet is not enhanced.

[2023-04-24 21:46:00 #6 type] 
Type domain.User is not enhanced.

------------------------------------------------------------------------------------------------------------------------

[2023-04-24 21:48:20 #1 store] 
Database '/home/borja/git/RepositorioPBL/Bets21/src/main/resources/bets.temp' is opened by 17148@fedora-b

[2023-04-24 21:48:20 #2 type] 
Type domain.Question is not enhanced.

[2023-04-24 21:48:20 #3 type] 
Type domain.Forecast is not enhanced.

[2023-04-24 21:48:20 #4 type] 
Type domain.Event is not enhanced.

[2023-04-24 21:48:20 #5 type] 
Type domain.Bet is not enhanced.

[2023-04-24 21:48:20 #6 type] 
Type domain.User is not enhanced.

------------------------------------------------------------------------------------------------------------------------

[2023-04-24 21:49:20 #1 store] 
Database '/home/borja/git/RepositorioPBL/Bets21/src/main/resources/bets.temp' is opened by 17217@fedora-b

[2023-04-24 21:49:20 #2 type] 
Type domain.Question is not enhanced.

[2023-04-24 21:49:20 #3 type] 
Type domain.Forecast is not enhanced.

[2023-04-24 21:49:20 #4 type] 
Type domain.Event is not enhanced.

[2023-04-24 21:49:20 #5 type] 
Type domain.Bet is not enhanced.

[2023-04-24 21:49:20 #6 type] 
Type domain.User is not enhanced.

------------------------------------------------------------------------------------------------------------------------

[2023-04-24 21:54:53 #1 store] 
Database '/home/borja/git/RepositorioPBL/Bets21/src/main/resources/bets.temp' is opened by 17951@fedora-b

[2023-04-24 21:54:53 #2 type] 
Type domain.Question is not enhanced.

[2023-04-24 21:54:53 #3 type] 
Type domain.Forecast is not enhanced.

[2023-04-24 21:54:53 #4 type] 
Type domain.Event is not enhanced.

[2023-04-24 21:54:53 #5 type] 
Type domain.Bet is not enhanced.

[2023-04-24 21:54:53 #6 type] 
Type domain.User is not enhanced.

------------------------------------------------------------------------------------------------------------------------

[2023-04-24 21:55:15 #1 store] 
Database '/home/borja/git/RepositorioPBL/Bets21/src/main/resources/bets.temp' is opened by 18016@fedora-b

[2023-04-24 21:55:15 #2 type] 
Type domain.Question is not enhanced.

[2023-04-24 21:55:15 #3 type] 
Type domain.Forecast is not enhanced.

[2023-04-24 21:55:15 #4 type] 
Type domain.Event is not enhanced.

[2023-04-24 21:55:15 #5 type] 
Type domain.Bet is not enhanced.

[2023-04-24 21:55:15 #6 type] 
Type domain.User is not enhanced.

------------------------------------------------------------------------------------------------------------------------

[2023-04-24 21:56:30 #1 store] 
Database '/home/borja/git/RepositorioPBL/Bets21/src/main/resources/bets.temp' is opened by 18140@fedora-b

[2023-04-24 21:56:30 #2 type] 
Type domain.Question is not enhanced.

[2023-04-24 21:56:30 #3 type] 
Type domain.Forecast is not enhanced.

[2023-04-24 21:56:30 #4 type] 
Type domain.Event is not enhanced.

[2023-04-24 21:56:30 #5 type] 
Type domain.Bet is not enhanced.

[2023-04-24 21:56:30 #6 type] 
Type domain.User is not enhanced.

------------------------------------------------------------------------------------------------------------------------

[2023-04-24 21:57:49 #1 store] 
Database '/home/borja/git/RepositorioPBL/Bets21/src/main/resources/bets.temp' is opened by 18229@fedora-b

[2023-04-24 21:57:49 #2 type] 
Type domain.Question is not enhanced.

[2023-04-24 21:57:49 #3 type] 
Type domain.Forecast is not enhanced.

[2023-04-24 21:57:49 #4 type] 
Type domain.Event is not enhanced.

[2023-04-24 21:57:49 #5 type] 
Type domain.Bet is not enhanced.

[2023-04-24 21:57:49 #6 type] 
Type domain.User is not enhanced.

------------------------------------------------------------------------------------------------------------------------

[2023-04-24 21:58:33 #1 store] 
Database '/home/borja/git/RepositorioPBL/Bets21/src/main/resources/bets.temp' is opened by 18395@fedora-b

[2023-04-24 21:58:33 #2 type] 
Type domain.Question is not enhanced.

[2023-04-24 21:58:33 #3 type] 
Type domain.Forecast is not enhanced.

[2023-04-24 21:58:33 #4 type] 
Type domain.Event is not enhanced.

[2023-04-24 21:58:33 #5 type] 
Type domain.Bet is not enhanced.

[2023-04-24 21:58:33 #6 type] 
Type domain.User is not enhanced.

------------------------------------------------------------------------------------------------------------------------

[2023-04-24 22:09:55 #1 store] 
Database '/home/borja/git/RepositorioPBL/Bets21/src/main/resources/bets.temp' is opened by 18792@fedora-b

[2023-04-24 22:09:55 #2 type] 
Type domain.Question is not enhanced.

[2023-04-24 22:09:55 #3 type] 
Type domain.Forecast is not enhanced.

[2023-04-24 22:09:55 #4 type] 
Type domain.Event is not enhanced.

[2023-04-24 22:09:55 #5 type] 
Type domain.Bet is not enhanced.

[2023-04-24 22:09:55 #6 type] 
Type domain.User is not enhanced.

------------------------------------------------------------------------------------------------------------------------

[2023-04-24 22:29:22 #1 store] 
Database '/home/borja/git/RepositorioPBL/Bets21/src/main/resources/bets.temp' is opened by 21290@fedora-b

[2023-04-24 22:29:22 #2 type] 
Type domain.Question is not enhanced.

[2023-04-24 22:29:22 #3 type] 
Type domain.Forecast is not enhanced.

[2023-04-24 22:29:22 #4 type] 
Type domain.Event is not enhanced.

[2023-04-24 22:29:22 #5 type] 
Type domain.Bet is not enhanced.

[2023-04-24 22:29:22 #6 type] 
Type domain.User is not enhanced.

------------------------------------------------------------------------------------------------------------------------

[2023-04-24 22:30:18 #1 store] 
Database '/home/borja/git/RepositorioPBL/Bets21/src/main/resources/bets.temp' is opened by 21383@fedora-b

[2023-04-24 22:30:19 #2 type] 
Type domain.Question is not enhanced.

[2023-04-24 22:30:19 #3 type] 
Type domain.Forecast is not enhanced.

[2023-04-24 22:30:19 #4 type] 
Type domain.Event is not enhanced.

[2023-04-24 22:30:19 #5 type] 
Type domain.Bet is not enhanced.

[2023-04-24 22:30:19 #6 type] 
Type domain.User is not enhanced.

------------------------------------------------------------------------------------------------------------------------

[2023-04-24 22:30:39 #1 store] 
Database '/home/borja/git/RepositorioPBL/Bets21/src/main/resources/bets.temp' is opened by 21553@fedora-b

[2023-04-24 22:30:39 #2 type] 
Type domain.Question is not enhanced.

[2023-04-24 22:30:39 #3 type] 
Type domain.Forecast is not enhanced.

[2023-04-24 22:30:39 #4 type] 
Type domain.Event is not enhanced.

[2023-04-24 22:30:39 #5 type] 
Type domain.Bet is not enhanced.

[2023-04-24 22:30:39 #6 type] 
Type domain.User is not enhanced.

------------------------------------------------------------------------------------------------------------------------

[2023-04-24 22:30:56 #1 store] 
Database '/home/borja/git/RepositorioPBL/Bets21/src/main/resources/bets.temp' is opened by 21601@fedora-b

[2023-04-24 22:30:56 #2 type] 
Type domain.Question is not enhanced.

[2023-04-24 22:30:56 #3 type] 
Type domain.Forecast is not enhanced.

[2023-04-24 22:30:56 #4 type] 
Type domain.Event is not enhanced.

[2023-04-24 22:30:56 #5 type] 
Type domain.Bet is not enhanced.

[2023-04-24 22:30:56 #6 type] 
Type domain.User is not enhanced.

------------------------------------------------------------------------------------------------------------------------

[2023-04-24 22:31:12 #1 store] 
Database '/home/borja/git/RepositorioPBL/Bets21/src/main/resources/bets.temp' is opened by 21649@fedora-b

[2023-04-24 22:31:12 #2 type] 
Type domain.Question is not enhanced.

[2023-04-24 22:31:12 #3 type] 
Type domain.Forecast is not enhanced.

[2023-04-24 22:31:12 #4 type] 
Type domain.Event is not enhanced.

[2023-04-24 22:31:12 #5 type] 
Type domain.Bet is not enhanced.

[2023-04-24 22:31:12 #6 type] 
Type domain.User is not enhanced.

------------------------------------------------------------------------------------------------------------------------

[2023-04-24 22:31:48 #1 store] 
Database '/home/borja/git/RepositorioPBL/Bets21/src/main/resources/bets.temp' is opened by 21710@fedora-b

[2023-04-24 22:31:48 #2 type] 
Type domain.Question is not enhanced.

[2023-04-24 22:31:48 #3 type] 
Type domain.Forecast is not enhanced.

[2023-04-24 22:31:48 #4 type] 
Type domain.Event is not enhanced.

[2023-04-24 22:31:48 #5 type] 
Type domain.Bet is not enhanced.

[2023-04-24 22:31:48 #6 type] 
Type domain.User is not enhanced.

