------------------------------------------------------------------------------------------------------------------------

[2023-04-27 00:31:17 #1 store] 
Database '/home/borja/git/RepositorioPBL/Bets21/src/main/resources/bets.temp' is opened by 29579@fedora-b

[2023-04-27 00:31:17 #2 type] 
Type domain.Question is not enhanced.

[2023-04-27 00:31:17 #3 type] 
Type domain.Forecast is not enhanced.

[2023-04-27 00:31:17 #4 type] 
Type domain.Event is not enhanced.

[2023-04-27 00:31:17 #5 type] 
Type domain.Bet is not enhanced.

[2023-04-27 00:31:17 #6 type] 
Type domain.User is not enhanced.

------------------------------------------------------------------------------------------------------------------------

[2023-04-27 00:31:43 #1 store] 
Database '/home/borja/git/RepositorioPBL/Bets21/src/main/resources/bets.temp' is opened by 29641@fedora-b

[2023-04-27 00:31:43 #2 type] 
Type domain.Question is not enhanced.

[2023-04-27 00:31:43 #3 type] 
Type domain.Forecast is not enhanced.

[2023-04-27 00:31:43 #4 type] 
Type domain.Event is not enhanced.

[2023-04-27 00:31:43 #5 type] 
Type domain.Bet is not enhanced.

[2023-04-27 00:31:43 #6 type] 
Type domain.User is not enhanced.

------------------------------------------------------------------------------------------------------------------------

[2023-04-27 00:33:47 #1 store] 
Database '/home/borja/git/RepositorioPBL/Bets21/src/main/resources/bets.temp' is opened by 29884@fedora-b

[2023-04-27 00:33:47 #2 type] 
Type domain.Question is not enhanced.

[2023-04-27 00:33:47 #3 type] 
Type domain.Forecast is not enhanced.

[2023-04-27 00:33:47 #4 type] 
Type domain.Event is not enhanced.

[2023-04-27 00:33:47 #5 type] 
Type domain.Bet is not enhanced.

[2023-04-27 00:33:47 #6 type] 
Type domain.User is not enhanced.

------------------------------------------------------------------------------------------------------------------------

[2023-04-27 00:35:01 #1 store] 
Database '/home/borja/git/RepositorioPBL/Bets21/src/main/resources/bets.temp' is opened by 30097@fedora-b

[2023-04-27 00:35:01 #2 type] 
Type domain.Question is not enhanced.

[2023-04-27 00:35:01 #3 type] 
Type domain.Forecast is not enhanced.

[2023-04-27 00:35:01 #4 type] 
Type domain.Event is not enhanced.

[2023-04-27 00:35:01 #5 type] 
Type domain.Bet is not enhanced.

[2023-04-27 00:35:01 #6 type] 
Type domain.User is not enhanced.

------------------------------------------------------------------------------------------------------------------------

[2023-04-27 00:35:55 #1 store] 
Database '/home/borja/git/RepositorioPBL/Bets21/src/main/resources/bets.temp' is opened by 30164@fedora-b

[2023-04-27 00:35:55 #2 type] 
Type domain.Question is not enhanced.

[2023-04-27 00:35:55 #3 type] 
Type domain.Forecast is not enhanced.

[2023-04-27 00:35:55 #4 type] 
Type domain.Event is not enhanced.

[2023-04-27 00:35:55 #5 type] 
Type domain.Bet is not enhanced.

[2023-04-27 00:35:55 #6 type] 
Type domain.User is not enhanced.

------------------------------------------------------------------------------------------------------------------------

[2023-04-27 00:37:21 #1 store] 
Database '/home/borja/git/RepositorioPBL/Bets21/src/main/resources/bets.temp' is opened by 30434@fedora-b

[2023-04-27 00:37:21 #2 type] 
Type domain.Question is not enhanced.

[2023-04-27 00:37:21 #3 type] 
Type domain.Forecast is not enhanced.

[2023-04-27 00:37:21 #4 type] 
Type domain.Event is not enhanced.

[2023-04-27 00:37:21 #5 type] 
Type domain.Bet is not enhanced.

[2023-04-27 00:37:21 #6 type] 
Type domain.User is not enhanced.

------------------------------------------------------------------------------------------------------------------------

[2023-04-27 00:37:48 #1 store] 
Database '/home/borja/git/RepositorioPBL/Bets21/src/main/resources/bets.temp' is opened by 30503@fedora-b

[2023-04-27 00:37:48 #2 type] 
Type domain.Question is not enhanced.

[2023-04-27 00:37:48 #3 type] 
Type domain.Forecast is not enhanced.

[2023-04-27 00:37:48 #4 type] 
Type domain.Event is not enhanced.

[2023-04-27 00:37:48 #5 type] 
Type domain.Bet is not enhanced.

[2023-04-27 00:37:48 #6 type] 
Type domain.User is not enhanced.

------------------------------------------------------------------------------------------------------------------------

[2023-04-27 00:38:12 #1 store] 
Database '/home/borja/git/RepositorioPBL/Bets21/src/main/resources/bets.temp' is opened by 30554@fedora-b

[2023-04-27 00:38:12 #2 type] 
Type domain.Question is not enhanced.

[2023-04-27 00:38:12 #3 type] 
Type domain.Forecast is not enhanced.

[2023-04-27 00:38:12 #4 type] 
Type domain.Event is not enhanced.

[2023-04-27 00:38:12 #5 type] 
Type domain.Bet is not enhanced.

[2023-04-27 00:38:12 #6 type] 
Type domain.User is not enhanced.

------------------------------------------------------------------------------------------------------------------------

[2023-04-27 00:51:09 #1 store] 
Database '/home/borja/git/RepositorioPBL/Bets21/src/main/resources/bets.temp' is opened by 31216@fedora-b

[2023-04-27 00:51:09 #2 type] 
Type domain.Question is not enhanced.

[2023-04-27 00:51:09 #3 type] 
Type domain.Forecast is not enhanced.

[2023-04-27 00:51:09 #4 type] 
Type domain.Event is not enhanced.

[2023-04-27 00:51:09 #5 type] 
Type domain.Bet is not enhanced.

[2023-04-27 00:51:09 #6 type] 
Type domain.User is not enhanced.

------------------------------------------------------------------------------------------------------------------------

[2023-04-27 00:51:21 #1 store] 
Database '/home/borja/git/RepositorioPBL/Bets21/src/main/resources/bets.temp' is opened by 31265@fedora-b

[2023-04-27 00:51:21 #2 type] 
Type domain.Question is not enhanced.

[2023-04-27 00:51:21 #3 type] 
Type domain.Forecast is not enhanced.

[2023-04-27 00:51:21 #4 type] 
Type domain.Event is not enhanced.

[2023-04-27 00:51:21 #5 type] 
Type domain.Bet is not enhanced.

[2023-04-27 00:51:21 #6 type] 
Type domain.User is not enhanced.

------------------------------------------------------------------------------------------------------------------------

[2023-04-27 00:52:38 #1 store] 
Database '/home/borja/git/RepositorioPBL/Bets21/src/main/resources/bets.temp' is opened by 31364@fedora-b

[2023-04-27 00:52:38 #2 type] 
Type domain.Question is not enhanced.

[2023-04-27 00:52:38 #3 type] 
Type domain.Forecast is not enhanced.

[2023-04-27 00:52:38 #4 type] 
Type domain.Event is not enhanced.

[2023-04-27 00:52:38 #5 type] 
Type domain.Bet is not enhanced.

[2023-04-27 00:52:38 #6 type] 
Type domain.User is not enhanced.

------------------------------------------------------------------------------------------------------------------------

[2023-04-27 00:54:39 #1 store] 
Database '/home/borja/git/RepositorioPBL/Bets21/src/main/resources/bets.temp' is opened by 31759@fedora-b

[2023-04-27 00:54:39 #2 type] 
Type domain.Question is not enhanced.

[2023-04-27 00:54:39 #3 type] 
Type domain.Forecast is not enhanced.

[2023-04-27 00:54:39 #4 type] 
Type domain.Event is not enhanced.

[2023-04-27 00:54:39 #5 type] 
Type domain.Bet is not enhanced.

[2023-04-27 00:54:39 #6 type] 
Type domain.User is not enhanced.

------------------------------------------------------------------------------------------------------------------------

[2023-04-27 00:56:56 #1 store] 
Database '/home/borja/git/RepositorioPBL/Bets21/src/main/resources/bets.temp' is opened by 32329@fedora-b

[2023-04-27 00:56:56 #2 type] 
Type domain.Question is not enhanced.

[2023-04-27 00:56:56 #3 type] 
Type domain.Forecast is not enhanced.

[2023-04-27 00:56:56 #4 type] 
Type domain.Event is not enhanced.

[2023-04-27 00:56:56 #5 type] 
Type domain.Bet is not enhanced.

[2023-04-27 00:56:56 #6 type] 
Type domain.User is not enhanced.

------------------------------------------------------------------------------------------------------------------------

[2023-04-27 01:06:35 #1 store] 
Database '/home/borja/git/RepositorioPBL/Bets21/src/main/resources/bets.temp' is opened by 34631@fedora-b

[2023-04-27 01:06:35 #2 type] 
Type domain.Question is not enhanced.

[2023-04-27 01:06:35 #3 type] 
Type domain.Forecast is not enhanced.

[2023-04-27 01:06:35 #4 type] 
Type domain.Event is not enhanced.

[2023-04-27 01:06:35 #5 type] 
Type domain.Bet is not enhanced.

[2023-04-27 01:06:35 #6 type] 
Type domain.User is not enhanced.

------------------------------------------------------------------------------------------------------------------------

[2023-04-27 01:06:58 #1 store] 
Database '/home/borja/git/RepositorioPBL/Bets21/src/main/resources/bets.temp' is opened by 34746@fedora-b

[2023-04-27 01:06:58 #2 type] 
Type domain.Question is not enhanced.

[2023-04-27 01:06:58 #3 type] 
Type domain.Forecast is not enhanced.

[2023-04-27 01:06:58 #4 type] 
Type domain.Event is not enhanced.

[2023-04-27 01:06:58 #5 type] 
Type domain.Bet is not enhanced.

[2023-04-27 01:06:58 #6 type] 
Type domain.User is not enhanced.

------------------------------------------------------------------------------------------------------------------------

[2023-04-27 01:07:12 #1 store] 
Database '/home/borja/git/RepositorioPBL/Bets21/src/main/resources/bets.temp' is opened by 34796@fedora-b

[2023-04-27 01:07:12 #2 type] 
Type domain.Question is not enhanced.

[2023-04-27 01:07:12 #3 type] 
Type domain.Forecast is not enhanced.

[2023-04-27 01:07:12 #4 type] 
Type domain.Event is not enhanced.

[2023-04-27 01:07:12 #5 type] 
Type domain.Bet is not enhanced.

[2023-04-27 01:07:12 #6 type] 
Type domain.User is not enhanced.

------------------------------------------------------------------------------------------------------------------------

[2023-04-27 01:07:19 #1 store] 
Database '/home/borja/git/RepositorioPBL/Bets21/src/main/resources/bets.temp' is opened by 34858@fedora-b

[2023-04-27 01:07:19 #2 type] 
Type domain.Question is not enhanced.

[2023-04-27 01:07:19 #3 type] 
Type domain.Forecast is not enhanced.

[2023-04-27 01:07:19 #4 type] 
Type domain.Event is not enhanced.

[2023-04-27 01:07:19 #5 type] 
Type domain.Bet is not enhanced.

[2023-04-27 01:07:19 #6 type] 
Type domain.User is not enhanced.

------------------------------------------------------------------------------------------------------------------------

[2023-04-27 01:08:27 #1 store] 
Database '/home/borja/git/RepositorioPBL/Bets21/src/main/resources/bets.temp' is opened by 34998@fedora-b

[2023-04-27 01:08:27 #2 type] 
Type domain.Question is not enhanced.

[2023-04-27 01:08:27 #3 type] 
Type domain.Forecast is not enhanced.

[2023-04-27 01:08:27 #4 type] 
Type domain.Event is not enhanced.

[2023-04-27 01:08:27 #5 type] 
Type domain.Bet is not enhanced.

[2023-04-27 01:08:27 #6 type] 
Type domain.User is not enhanced.

------------------------------------------------------------------------------------------------------------------------

[2023-04-27 01:09:07 #1 store] 
Database '/home/borja/git/RepositorioPBL/Bets21/src/main/resources/bets.temp' is opened by 35107@fedora-b

[2023-04-27 01:09:07 #2 type] 
Type domain.Question is not enhanced.

[2023-04-27 01:09:07 #3 type] 
Type domain.Forecast is not enhanced.

[2023-04-27 01:09:07 #4 type] 
Type domain.Event is not enhanced.

[2023-04-27 01:09:07 #5 type] 
Type domain.Bet is not enhanced.

[2023-04-27 01:09:07 #6 type] 
Type domain.User is not enhanced.

------------------------------------------------------------------------------------------------------------------------

[2023-04-27 01:10:23 #1 store] 
Database '/home/borja/git/RepositorioPBL/Bets21/src/main/resources/bets.temp' is opened by 35347@fedora-b

[2023-04-27 01:10:23 #2 type] 
Type domain.Question is not enhanced.

[2023-04-27 01:10:23 #3 type] 
Type domain.Forecast is not enhanced.

[2023-04-27 01:10:23 #4 type] 
Type domain.Event is not enhanced.

[2023-04-27 01:10:23 #5 type] 
Type domain.Bet is not enhanced.

[2023-04-27 01:10:23 #6 type] 
Type domain.User is not enhanced.

------------------------------------------------------------------------------------------------------------------------

[2023-04-27 01:11:20 #1 store] 
Database '/home/borja/git/RepositorioPBL/Bets21/src/main/resources/bets.temp' is opened by 35481@fedora-b

[2023-04-27 01:11:20 #2 type] 
Type domain.Question is not enhanced.

[2023-04-27 01:11:20 #3 type] 
Type domain.Forecast is not enhanced.

[2023-04-27 01:11:20 #4 type] 
Type domain.Event is not enhanced.

[2023-04-27 01:11:20 #5 type] 
Type domain.Bet is not enhanced.

[2023-04-27 01:11:20 #6 type] 
Type domain.User is not enhanced.

------------------------------------------------------------------------------------------------------------------------

[2023-04-27 01:15:00 #1 store] 
Database '/home/borja/git/RepositorioPBL/Bets21/src/main/resources/bets.temp' is opened by 35832@fedora-b

[2023-04-27 01:15:00 #2 type] 
Type domain.Question is not enhanced.

[2023-04-27 01:15:00 #3 type] 
Type domain.Forecast is not enhanced.

[2023-04-27 01:15:00 #4 type] 
Type domain.Event is not enhanced.

[2023-04-27 01:15:00 #5 type] 
Type domain.Bet is not enhanced.

[2023-04-27 01:15:00 #6 type] 
Type domain.User is not enhanced.

------------------------------------------------------------------------------------------------------------------------

[2023-04-27 01:17:01 #1 store] 
Database '/home/borja/git/RepositorioPBL/Bets21/src/main/resources/bets.temp' is opened by 36129@fedora-b

[2023-04-27 01:17:01 #2 type] 
Type domain.Question is not enhanced.

[2023-04-27 01:17:01 #3 type] 
Type domain.Forecast is not enhanced.

[2023-04-27 01:17:01 #4 type] 
Type domain.Event is not enhanced.

[2023-04-27 01:17:01 #5 type] 
Type domain.Bet is not enhanced.

[2023-04-27 01:17:01 #6 type] 
Type domain.User is not enhanced.

------------------------------------------------------------------------------------------------------------------------

[2023-04-27 01:19:23 #1 store] 
Database '/home/borja/git/RepositorioPBL/Bets21/src/main/resources/bets.temp' is opened by 36242@fedora-b

[2023-04-27 01:19:23 #2 type] 
Type domain.Question is not enhanced.

[2023-04-27 01:19:23 #3 type] 
Type domain.Forecast is not enhanced.

[2023-04-27 01:19:23 #4 type] 
Type domain.Event is not enhanced.

[2023-04-27 01:19:23 #5 type] 
Type domain.Bet is not enhanced.

[2023-04-27 01:19:23 #6 type] 
Type domain.User is not enhanced.

------------------------------------------------------------------------------------------------------------------------

[2023-04-27 01:20:13 #1 store] 
Database '/home/borja/git/RepositorioPBL/Bets21/src/main/resources/bets.temp' is opened by 36300@fedora-b

[2023-04-27 01:20:13 #2 type] 
Type domain.Question is not enhanced.

[2023-04-27 01:20:13 #3 type] 
Type domain.Forecast is not enhanced.

[2023-04-27 01:20:13 #4 type] 
Type domain.Event is not enhanced.

[2023-04-27 01:20:13 #5 type] 
Type domain.Bet is not enhanced.

[2023-04-27 01:20:13 #6 type] 
Type domain.User is not enhanced.

------------------------------------------------------------------------------------------------------------------------

[2023-04-27 01:23:46 #1 store] 
Database '/home/borja/git/RepositorioPBL/Bets21/src/main/resources/bets.temp' is opened by 36622@fedora-b

[2023-04-27 01:23:46 #2 type] 
Type domain.Question is not enhanced.

[2023-04-27 01:23:46 #3 type] 
Type domain.Forecast is not enhanced.

[2023-04-27 01:23:46 #4 type] 
Type domain.Event is not enhanced.

[2023-04-27 01:23:46 #5 type] 
Type domain.Bet is not enhanced.

[2023-04-27 01:23:46 #6 type] 
Type domain.User is not enhanced.

------------------------------------------------------------------------------------------------------------------------

[2023-04-27 01:26:34 #1 store] 
Database '/home/borja/git/RepositorioPBL/Bets21/src/main/resources/bets.temp' is opened by 37017@fedora-b

[2023-04-27 01:26:34 #2 type] 
Type domain.Question is not enhanced.

[2023-04-27 01:26:34 #3 type] 
Type domain.Forecast is not enhanced.

[2023-04-27 01:26:34 #4 type] 
Type domain.Event is not enhanced.

[2023-04-27 01:26:34 #5 type] 
Type domain.Bet is not enhanced.

[2023-04-27 01:26:34 #6 type] 
Type domain.User is not enhanced.

------------------------------------------------------------------------------------------------------------------------

[2023-04-27 01:28:01 #1 store] 
Database '/home/borja/git/RepositorioPBL/Bets21/src/main/resources/bets.temp' is opened by 37309@fedora-b

[2023-04-27 01:28:01 #2 type] 
Type domain.Question is not enhanced.

[2023-04-27 01:28:01 #3 type] 
Type domain.Forecast is not enhanced.

[2023-04-27 01:28:01 #4 type] 
Type domain.Event is not enhanced.

[2023-04-27 01:28:01 #5 type] 
Type domain.Bet is not enhanced.

[2023-04-27 01:28:01 #6 type] 
Type domain.User is not enhanced.

------------------------------------------------------------------------------------------------------------------------

[2023-04-27 01:28:41 #1 store] 
Database '/home/borja/git/RepositorioPBL/Bets21/src/main/resources/bets.temp' is opened by 37388@fedora-b

[2023-04-27 01:28:41 #2 type] 
Type domain.Question is not enhanced.

[2023-04-27 01:28:41 #3 type] 
Type domain.Forecast is not enhanced.

[2023-04-27 01:28:41 #4 type] 
Type domain.Event is not enhanced.

[2023-04-27 01:28:41 #5 type] 
Type domain.Bet is not enhanced.

[2023-04-27 01:28:41 #6 type] 
Type domain.User is not enhanced.

