------------------------------------------------------------------------------------------------------------------------

[2023-04-25 00:24:11 #1 store] 
Database '/home/borja/git/RepositorioPBL/Bets21/src/main/resources/bets.temp' is opened by 26980@fedora-b

[2023-04-25 00:24:11 #2 type] 
Type domain.Question is not enhanced.

[2023-04-25 00:24:11 #3 type] 
Type domain.Forecast is not enhanced.

[2023-04-25 00:24:11 #4 type] 
Type domain.Event is not enhanced.

[2023-04-25 00:24:11 #5 type] 
Type domain.Bet is not enhanced.

[2023-04-25 00:24:11 #6 type] 
Type domain.User is not enhanced.

------------------------------------------------------------------------------------------------------------------------

[2023-04-25 00:24:19 #1 store] 
Database '/home/borja/git/RepositorioPBL/Bets21/src/main/resources/bets.temp' is opened by 27048@fedora-b

[2023-04-25 00:24:19 #2 type] 
Type domain.Question is not enhanced.

[2023-04-25 00:24:19 #3 type] 
Type domain.Forecast is not enhanced.

[2023-04-25 00:24:19 #4 type] 
Type domain.Event is not enhanced.

[2023-04-25 00:24:19 #5 type] 
Type domain.Bet is not enhanced.

[2023-04-25 00:24:19 #6 type] 
Type domain.User is not enhanced.

------------------------------------------------------------------------------------------------------------------------

[2023-04-25 00:26:15 #1 store] 
Database '/home/borja/git/RepositorioPBL/Bets21/src/main/resources/bets.temp' is opened by 27345@fedora-b

[2023-04-25 00:26:15 #2 type] 
Type domain.Question is not enhanced.

[2023-04-25 00:26:15 #3 type] 
Type domain.Forecast is not enhanced.

[2023-04-25 00:26:15 #4 type] 
Type domain.Event is not enhanced.

[2023-04-25 00:26:15 #5 type] 
Type domain.Bet is not enhanced.

[2023-04-25 00:26:15 #6 type] 
Type domain.User is not enhanced.

------------------------------------------------------------------------------------------------------------------------

[2023-04-25 00:27:30 #1 store] 
Database '/home/borja/git/RepositorioPBL/Bets21/src/main/resources/bets.temp' is opened by 27507@fedora-b

[2023-04-25 00:27:31 #2 type] 
Type domain.Question is not enhanced.

[2023-04-25 00:27:31 #3 type] 
Type domain.Forecast is not enhanced.

[2023-04-25 00:27:31 #4 type] 
Type domain.Event is not enhanced.

[2023-04-25 00:27:31 #5 type] 
Type domain.Bet is not enhanced.

[2023-04-25 00:27:31 #6 type] 
Type domain.User is not enhanced.

------------------------------------------------------------------------------------------------------------------------

[2023-04-25 00:28:57 #1 store] 
Database '/home/borja/git/RepositorioPBL/Bets21/src/main/resources/bets.temp' is opened by 27578@fedora-b

[2023-04-25 00:28:57 #2 type] 
Type domain.Question is not enhanced.

[2023-04-25 00:28:57 #3 type] 
Type domain.Forecast is not enhanced.

[2023-04-25 00:28:57 #4 type] 
Type domain.Event is not enhanced.

[2023-04-25 00:28:57 #5 type] 
Type domain.Bet is not enhanced.

[2023-04-25 00:28:57 #6 type] 
Type domain.User is not enhanced.

------------------------------------------------------------------------------------------------------------------------

[2023-04-25 00:30:20 #1 store] 
Database '/home/borja/git/RepositorioPBL/Bets21/src/main/resources/bets.temp' is opened by 27667@fedora-b

[2023-04-25 00:30:20 #2 type] 
Type domain.Question is not enhanced.

[2023-04-25 00:30:20 #3 type] 
Type domain.Forecast is not enhanced.

[2023-04-25 00:30:20 #4 type] 
Type domain.Event is not enhanced.

[2023-04-25 00:30:20 #5 type] 
Type domain.Bet is not enhanced.

[2023-04-25 00:30:20 #6 type] 
Type domain.User is not enhanced.

------------------------------------------------------------------------------------------------------------------------

[2023-04-25 11:19:35 #1 store] 
Database '/home/borja/git/RepositorioPBL/Bets21/src/main/resources/bets.temp' is opened by 4759@fedora-b

[2023-04-25 11:19:35 #2 type] 
Type domain.Question is not enhanced.

[2023-04-25 11:19:35 #3 type] 
Type domain.Forecast is not enhanced.

[2023-04-25 11:19:35 #4 type] 
Type domain.Event is not enhanced.

[2023-04-25 11:19:35 #5 type] 
Type domain.Bet is not enhanced.

[2023-04-25 11:19:35 #6 type] 
Type domain.User is not enhanced.

------------------------------------------------------------------------------------------------------------------------

[2023-04-25 11:19:45 #1 store] 
Database '/home/borja/git/RepositorioPBL/Bets21/src/main/resources/bets.temp' is opened by 4812@fedora-b

[2023-04-25 11:19:45 #2 type] 
Type domain.Question is not enhanced.

[2023-04-25 11:19:45 #3 type] 
Type domain.Forecast is not enhanced.

[2023-04-25 11:19:45 #4 type] 
Type domain.Event is not enhanced.

[2023-04-25 11:19:45 #5 type] 
Type domain.Bet is not enhanced.

[2023-04-25 11:19:45 #6 type] 
Type domain.User is not enhanced.

------------------------------------------------------------------------------------------------------------------------

[2023-04-25 11:21:03 #1 store] 
Database '/home/borja/git/RepositorioPBL/Bets21/src/main/resources/bets.temp' is opened by 5049@fedora-b

[2023-04-25 11:21:03 #2 type] 
Type domain.Question is not enhanced.

[2023-04-25 11:21:03 #3 type] 
Type domain.Forecast is not enhanced.

[2023-04-25 11:21:03 #4 type] 
Type domain.Event is not enhanced.

[2023-04-25 11:21:03 #5 type] 
Type domain.Bet is not enhanced.

[2023-04-25 11:21:03 #6 type] 
Type domain.User is not enhanced.

------------------------------------------------------------------------------------------------------------------------

[2023-04-25 11:23:47 #1 store] 
Database '/home/borja/git/RepositorioPBL/Bets21/src/main/resources/bets.temp' is opened by 5493@fedora-b

[2023-04-25 11:23:47 #2 type] 
Type domain.Question is not enhanced.

[2023-04-25 11:23:47 #3 type] 
Type domain.Forecast is not enhanced.

[2023-04-25 11:23:47 #4 type] 
Type domain.Event is not enhanced.

[2023-04-25 11:23:47 #5 type] 
Type domain.Bet is not enhanced.

[2023-04-25 11:23:47 #6 type] 
Type domain.User is not enhanced.

------------------------------------------------------------------------------------------------------------------------

[2023-04-25 11:24:54 #1 store] 
Database '/home/borja/git/RepositorioPBL/Bets21/src/main/resources/bets.temp' is opened by 5640@fedora-b

[2023-04-25 11:24:54 #2 type] 
Type domain.Question is not enhanced.

[2023-04-25 11:24:54 #3 type] 
Type domain.Forecast is not enhanced.

[2023-04-25 11:24:54 #4 type] 
Type domain.Event is not enhanced.

[2023-04-25 11:24:54 #5 type] 
Type domain.Bet is not enhanced.

[2023-04-25 11:24:54 #6 type] 
Type domain.User is not enhanced.

------------------------------------------------------------------------------------------------------------------------

[2023-04-25 11:26:06 #1 store] 
Database '/home/borja/git/RepositorioPBL/Bets21/src/main/resources/bets.temp' is opened by 5904@fedora-b

[2023-04-25 11:26:07 #2 type] 
Type domain.Question is not enhanced.

[2023-04-25 11:26:07 #3 type] 
Type domain.Forecast is not enhanced.

[2023-04-25 11:26:07 #4 type] 
Type domain.Event is not enhanced.

[2023-04-25 11:26:07 #5 type] 
Type domain.Bet is not enhanced.

[2023-04-25 11:26:07 #6 type] 
Type domain.User is not enhanced.

------------------------------------------------------------------------------------------------------------------------

[2023-04-25 11:27:33 #1 store] 
Database '/home/borja/git/RepositorioPBL/Bets21/src/main/resources/bets.temp' is opened by 6113@fedora-b

[2023-04-25 11:27:34 #2 type] 
Type domain.Question is not enhanced.

[2023-04-25 11:27:34 #3 type] 
Type domain.Forecast is not enhanced.

[2023-04-25 11:27:34 #4 type] 
Type domain.Event is not enhanced.

[2023-04-25 11:27:34 #5 type] 
Type domain.Bet is not enhanced.

[2023-04-25 11:27:34 #6 type] 
Type domain.User is not enhanced.

------------------------------------------------------------------------------------------------------------------------

[2023-04-25 11:27:55 #1 store] 
Database '/home/borja/git/RepositorioPBL/Bets21/src/main/resources/bets.temp' is opened by 6165@fedora-b

[2023-04-25 11:27:55 #2 type] 
Type domain.Question is not enhanced.

[2023-04-25 11:27:55 #3 type] 
Type domain.Forecast is not enhanced.

[2023-04-25 11:27:55 #4 type] 
Type domain.Event is not enhanced.

[2023-04-25 11:27:55 #5 type] 
Type domain.Bet is not enhanced.

[2023-04-25 11:27:55 #6 type] 
Type domain.User is not enhanced.

------------------------------------------------------------------------------------------------------------------------

[2023-04-25 11:30:28 #1 store] 
Database '/home/borja/git/RepositorioPBL/Bets21/src/main/resources/bets.temp' is opened by 6988@fedora-b

[2023-04-25 11:30:28 #2 type] 
Type domain.Question is not enhanced.

[2023-04-25 11:30:28 #3 type] 
Type domain.Forecast is not enhanced.

[2023-04-25 11:30:28 #4 type] 
Type domain.Event is not enhanced.

[2023-04-25 11:30:28 #5 type] 
Type domain.Bet is not enhanced.

[2023-04-25 11:30:28 #6 type] 
Type domain.User is not enhanced.

------------------------------------------------------------------------------------------------------------------------

[2023-04-25 11:31:01 #1 store] 
Database '/home/borja/git/RepositorioPBL/Bets21/src/main/resources/bets.temp' is opened by 7053@fedora-b

[2023-04-25 11:31:01 #2 type] 
Type domain.Question is not enhanced.

[2023-04-25 11:31:01 #3 type] 
Type domain.Forecast is not enhanced.

[2023-04-25 11:31:01 #4 type] 
Type domain.Event is not enhanced.

[2023-04-25 11:31:01 #5 type] 
Type domain.Bet is not enhanced.

[2023-04-25 11:31:01 #6 type] 
Type domain.User is not enhanced.

------------------------------------------------------------------------------------------------------------------------

[2023-04-25 11:32:39 #1 store] 
Database '/home/borja/git/RepositorioPBL/Bets21/src/main/resources/bets.temp' is opened by 7318@fedora-b

[2023-04-25 11:32:39 #2 type] 
Type domain.Question is not enhanced.

[2023-04-25 11:32:39 #3 type] 
Type domain.Forecast is not enhanced.

[2023-04-25 11:32:39 #4 type] 
Type domain.Event is not enhanced.

[2023-04-25 11:32:39 #5 type] 
Type domain.Bet is not enhanced.

[2023-04-25 11:32:39 #6 type] 
Type domain.User is not enhanced.

------------------------------------------------------------------------------------------------------------------------

[2023-04-25 11:34:12 #1 store] 
Database '/home/borja/git/RepositorioPBL/Bets21/src/main/resources/bets.temp' is opened by 7717@fedora-b

[2023-04-25 11:34:12 #2 type] 
Type domain.Question is not enhanced.

[2023-04-25 11:34:12 #3 type] 
Type domain.Forecast is not enhanced.

[2023-04-25 11:34:12 #4 type] 
Type domain.Event is not enhanced.

[2023-04-25 11:34:12 #5 type] 
Type domain.Bet is not enhanced.

[2023-04-25 11:34:12 #6 type] 
Type domain.User is not enhanced.

------------------------------------------------------------------------------------------------------------------------

[2023-04-25 11:35:14 #1 store] 
Database '/home/borja/git/RepositorioPBL/Bets21/src/main/resources/bets.temp' is opened by 7852@fedora-b

[2023-04-25 11:35:14 #2 type] 
Type domain.Question is not enhanced.

[2023-04-25 11:35:14 #3 type] 
Type domain.Forecast is not enhanced.

[2023-04-25 11:35:14 #4 type] 
Type domain.Event is not enhanced.

[2023-04-25 11:35:14 #5 type] 
Type domain.Bet is not enhanced.

[2023-04-25 11:35:14 #6 type] 
Type domain.User is not enhanced.

------------------------------------------------------------------------------------------------------------------------

[2023-04-25 11:41:38 #1 store] 
Database '/home/borja/git/RepositorioPBL/Bets21/src/main/resources/bets.temp' is opened by 9006@fedora-b

[2023-04-25 11:41:38 #2 type] 
Type domain.Question is not enhanced.

[2023-04-25 11:41:38 #3 type] 
Type domain.Forecast is not enhanced.

[2023-04-25 11:41:38 #4 type] 
Type domain.Event is not enhanced.

[2023-04-25 11:41:38 #5 type] 
Type domain.Bet is not enhanced.

[2023-04-25 11:41:38 #6 type] 
Type domain.User is not enhanced.

------------------------------------------------------------------------------------------------------------------------

[2023-04-25 11:41:57 #1 store] 
Database '/home/borja/git/RepositorioPBL/Bets21/src/main/resources/bets.temp' is opened by 9070@fedora-b

[2023-04-25 11:41:57 #2 type] 
Type domain.Question is not enhanced.

[2023-04-25 11:41:57 #3 type] 
Type domain.Forecast is not enhanced.

[2023-04-25 11:41:57 #4 type] 
Type domain.Event is not enhanced.

[2023-04-25 11:41:57 #5 type] 
Type domain.Bet is not enhanced.

[2023-04-25 11:41:57 #6 type] 
Type domain.User is not enhanced.

------------------------------------------------------------------------------------------------------------------------

[2023-04-25 11:42:43 #1 store] 
Database '/home/borja/git/RepositorioPBL/Bets21/src/main/resources/bets.temp' is opened by 9214@fedora-b

[2023-04-25 11:42:43 #2 type] 
Type domain.Question is not enhanced.

[2023-04-25 11:42:43 #3 type] 
Type domain.Forecast is not enhanced.

[2023-04-25 11:42:43 #4 type] 
Type domain.Event is not enhanced.

[2023-04-25 11:42:43 #5 type] 
Type domain.Bet is not enhanced.

[2023-04-25 11:42:43 #6 type] 
Type domain.User is not enhanced.

------------------------------------------------------------------------------------------------------------------------

[2023-04-25 11:43:07 #1 store] 
Database '/home/borja/git/RepositorioPBL/Bets21/src/main/resources/bets.temp' is opened by 9266@fedora-b

[2023-04-25 11:43:07 #2 type] 
Type domain.Question is not enhanced.

[2023-04-25 11:43:07 #3 type] 
Type domain.Forecast is not enhanced.

[2023-04-25 11:43:07 #4 type] 
Type domain.Event is not enhanced.

[2023-04-25 11:43:07 #5 type] 
Type domain.Bet is not enhanced.

[2023-04-25 11:43:07 #6 type] 
Type domain.User is not enhanced.

------------------------------------------------------------------------------------------------------------------------

[2023-04-25 11:43:55 #1 store] 
Database '/home/borja/git/RepositorioPBL/Bets21/src/main/resources/bets.temp' is opened by 9361@fedora-b

[2023-04-25 11:43:55 #2 type] 
Type domain.Question is not enhanced.

[2023-04-25 11:43:55 #3 type] 
Type domain.Forecast is not enhanced.

[2023-04-25 11:43:55 #4 type] 
Type domain.Event is not enhanced.

[2023-04-25 11:43:55 #5 type] 
Type domain.Bet is not enhanced.

[2023-04-25 11:43:55 #6 type] 
Type domain.User is not enhanced.

------------------------------------------------------------------------------------------------------------------------

[2023-04-25 11:49:28 #1 store] 
Database '/home/borja/git/RepositorioPBL/Bets21/src/main/resources/bets.temp' is opened by 9981@fedora-b

[2023-04-25 11:49:28 #2 type] 
Type domain.Question is not enhanced.

[2023-04-25 11:49:28 #3 type] 
Type domain.Forecast is not enhanced.

[2023-04-25 11:49:28 #4 type] 
Type domain.Event is not enhanced.

[2023-04-25 11:49:28 #5 type] 
Type domain.Bet is not enhanced.

[2023-04-25 11:49:28 #6 type] 
Type domain.User is not enhanced.

------------------------------------------------------------------------------------------------------------------------

[2023-04-25 11:53:24 #1 store] 
Database '/home/borja/git/RepositorioPBL/Bets21/src/main/resources/bets.temp' is opened by 10668@fedora-b

[2023-04-25 11:53:24 #2 type] 
Type domain.Question is not enhanced.

[2023-04-25 11:53:24 #3 type] 
Type domain.Forecast is not enhanced.

[2023-04-25 11:53:24 #4 type] 
Type domain.Event is not enhanced.

[2023-04-25 11:53:24 #5 type] 
Type domain.Bet is not enhanced.

[2023-04-25 11:53:24 #6 type] 
Type domain.User is not enhanced.

------------------------------------------------------------------------------------------------------------------------

[2023-04-25 11:54:05 #1 store] 
Database '/home/borja/git/RepositorioPBL/Bets21/src/main/resources/bets.temp' is opened by 10784@fedora-b

[2023-04-25 11:54:05 #2 type] 
Type domain.Question is not enhanced.

[2023-04-25 11:54:05 #3 type] 
Type domain.Forecast is not enhanced.

[2023-04-25 11:54:05 #4 type] 
Type domain.Event is not enhanced.

[2023-04-25 11:54:05 #5 type] 
Type domain.Bet is not enhanced.

[2023-04-25 11:54:05 #6 type] 
Type domain.User is not enhanced.

------------------------------------------------------------------------------------------------------------------------

[2023-04-25 11:58:38 #1 store] 
Database '/home/borja/git/RepositorioPBL/Bets21/src/main/resources/bets.temp' is opened by 11356@fedora-b

[2023-04-25 11:58:38 #2 type] 
Type domain.Question is not enhanced.

[2023-04-25 11:58:38 #3 type] 
Type domain.Forecast is not enhanced.

[2023-04-25 11:58:38 #4 type] 
Type domain.Event is not enhanced.

[2023-04-25 11:58:38 #5 type] 
Type domain.Bet is not enhanced.

[2023-04-25 11:58:38 #6 type] 
Type domain.User is not enhanced.

------------------------------------------------------------------------------------------------------------------------

[2023-04-25 11:59:49 #1 store] 
Database '/home/borja/git/RepositorioPBL/Bets21/src/main/resources/bets.temp' is opened by 11571@fedora-b

[2023-04-25 11:59:49 #2 type] 
Type domain.Question is not enhanced.

[2023-04-25 11:59:49 #3 type] 
Type domain.Forecast is not enhanced.

[2023-04-25 11:59:49 #4 type] 
Type domain.Event is not enhanced.

[2023-04-25 11:59:49 #5 type] 
Type domain.Bet is not enhanced.

[2023-04-25 11:59:49 #6 type] 
Type domain.User is not enhanced.

------------------------------------------------------------------------------------------------------------------------

[2023-04-25 12:00:29 #1 store] 
Database '/home/borja/git/RepositorioPBL/Bets21/src/main/resources/bets.temp' is opened by 11687@fedora-b

[2023-04-25 12:00:29 #2 type] 
Type domain.Question is not enhanced.

[2023-04-25 12:00:29 #3 type] 
Type domain.Forecast is not enhanced.

[2023-04-25 12:00:29 #4 type] 
Type domain.Event is not enhanced.

[2023-04-25 12:00:29 #5 type] 
Type domain.Bet is not enhanced.

[2023-04-25 12:00:29 #6 type] 
Type domain.User is not enhanced.

------------------------------------------------------------------------------------------------------------------------

[2023-04-25 12:04:29 #1 store] 
Database '/home/borja/git/RepositorioPBL/Bets21/src/main/resources/bets.temp' is opened by 11883@fedora-b

[2023-04-25 12:04:29 #2 type] 
Type domain.Question is not enhanced.

[2023-04-25 12:04:29 #3 type] 
Type domain.Forecast is not enhanced.

[2023-04-25 12:04:29 #4 type] 
Type domain.Event is not enhanced.

[2023-04-25 12:04:29 #5 type] 
Type domain.Bet is not enhanced.

[2023-04-25 12:04:29 #6 type] 
Type domain.User is not enhanced.

