------------------------------------------------------------------------------------------------------------------------

[2023-05-08 18:59:27 #1 store] 
Database '/home/borja/git/RepositorioPBL/Bets21/src/main/resources/bets.temp' is opened by 4023@fedora-b

[2023-05-08 18:59:27 #2 type] 
Type domain.Question is not enhanced.

[2023-05-08 18:59:27 #3 type] 
Type domain.Forecast is not enhanced.

[2023-05-08 18:59:27 #4 type] 
Type domain.Event is not enhanced.

[2023-05-08 18:59:27 #5 type] 
Type domain.Bet is not enhanced.

[2023-05-08 18:59:27 #6 type] 
Type domain.User is not enhanced.

------------------------------------------------------------------------------------------------------------------------

[2023-05-08 20:43:29 #1 store] 
Database '/home/borja/git/RepositorioPBL/Bets21/src/main/resources/bets.temp' is opened by 4937@fedora-b

[2023-05-08 20:43:29 #2 type] 
Type domain.Question is not enhanced.

[2023-05-08 20:43:29 #3 type] 
Type domain.Forecast is not enhanced.

[2023-05-08 20:43:29 #4 type] 
Type domain.Event is not enhanced.

[2023-05-08 20:43:29 #5 type] 
Type domain.Bet is not enhanced.

[2023-05-08 20:43:29 #6 type] 
Type domain.User is not enhanced.

------------------------------------------------------------------------------------------------------------------------

[2023-05-08 20:43:35 #1 store] 
Database '/home/borja/git/RepositorioPBL/Bets21/src/main/resources/bets.temp' is opened by 5032@fedora-b

[2023-05-08 20:43:35 #2 type] 
Type domain.Question is not enhanced.

[2023-05-08 20:43:35 #3 type] 
Type domain.Forecast is not enhanced.

[2023-05-08 20:43:35 #4 type] 
Type domain.Event is not enhanced.

[2023-05-08 20:43:35 #5 type] 
Type domain.Bet is not enhanced.

[2023-05-08 20:43:35 #6 type] 
Type domain.User is not enhanced.

------------------------------------------------------------------------------------------------------------------------

[2023-05-08 21:00:53 #1 store] 
Database '/home/borja/git/RepositorioPBL/Bets21/src/main/resources/bets.temp' is opened by 6488@fedora-b

[2023-05-08 21:00:53 #2 type] 
Type domain.Question is not enhanced.

[2023-05-08 21:00:53 #3 type] 
Type domain.Forecast is not enhanced.

[2023-05-08 21:00:53 #4 type] 
Type domain.Event is not enhanced.

[2023-05-08 21:00:53 #5 type] 
Type domain.Bet is not enhanced.

[2023-05-08 21:00:53 #6 type] 
Type domain.User is not enhanced.

------------------------------------------------------------------------------------------------------------------------

[2023-05-08 21:02:04 #1 store] 
Database '/home/borja/git/RepositorioPBL/Bets21/src/main/resources/bets.temp' is opened by 6586@fedora-b

[2023-05-08 21:02:04 #2 type] 
Type domain.Question is not enhanced.

[2023-05-08 21:02:04 #3 type] 
Type domain.Forecast is not enhanced.

[2023-05-08 21:02:04 #4 type] 
Type domain.Event is not enhanced.

[2023-05-08 21:02:04 #5 type] 
Type domain.Bet is not enhanced.

[2023-05-08 21:02:04 #6 type] 
Type domain.User is not enhanced.

------------------------------------------------------------------------------------------------------------------------

[2023-05-08 21:04:13 #1 store] 
Database '/home/borja/git/RepositorioPBL/Bets21/src/main/resources/bets.temp' is opened by 6653@fedora-b

[2023-05-08 21:04:13 #2 type] 
Type domain.Question is not enhanced.

[2023-05-08 21:04:13 #3 type] 
Type domain.Forecast is not enhanced.

[2023-05-08 21:04:13 #4 type] 
Type domain.Event is not enhanced.

[2023-05-08 21:04:13 #5 type] 
Type domain.Bet is not enhanced.

[2023-05-08 21:04:13 #6 type] 
Type domain.User is not enhanced.

------------------------------------------------------------------------------------------------------------------------

[2023-05-08 21:10:04 #1 store] 
Database '/home/borja/git/RepositorioPBL/Bets21/src/main/resources/bets.temp' is opened by 7188@fedora-b

[2023-05-08 21:10:04 #2 type] 
Type domain.Question is not enhanced.

[2023-05-08 21:10:04 #3 type] 
Type domain.Forecast is not enhanced.

[2023-05-08 21:10:04 #4 type] 
Type domain.Event is not enhanced.

[2023-05-08 21:10:04 #5 type] 
Type domain.Bet is not enhanced.

[2023-05-08 21:10:04 #6 type] 
Type domain.User is not enhanced.

------------------------------------------------------------------------------------------------------------------------

[2023-05-08 21:34:13 #1 store] 
Database '/home/borja/git/RepositorioPBL/Bets21/src/main/resources/bets.temp' has been recovered (tr. 260-265)

[2023-05-08 21:34:13 #2 store] 
Database '/home/borja/git/RepositorioPBL/Bets21/src/main/resources/bets.temp' is opened by 10835@fedora-b

[2023-05-08 21:34:13 #3 type] 
Type domain.Question is not enhanced.

[2023-05-08 21:34:13 #4 type] 
Type domain.Forecast is not enhanced.

[2023-05-08 21:34:13 #5 type] 
Type domain.Event is not enhanced.

[2023-05-08 21:34:13 #6 type] 
Type domain.Bet is not enhanced.

[2023-05-08 21:34:13 #7 type] 
Type domain.User is not enhanced.

------------------------------------------------------------------------------------------------------------------------

[2023-05-08 21:34:34 #1 store] 
Database '/home/borja/git/RepositorioPBL/Bets21/src/main/resources/bets.temp' is opened by 10898@fedora-b

[2023-05-08 21:34:34 #2 type] 
Type domain.Question is not enhanced.

[2023-05-08 21:34:34 #3 type] 
Type domain.Forecast is not enhanced.

[2023-05-08 21:34:34 #4 type] 
Type domain.Event is not enhanced.

[2023-05-08 21:34:34 #5 type] 
Type domain.Bet is not enhanced.

[2023-05-08 21:34:34 #6 type] 
Type domain.User is not enhanced.

------------------------------------------------------------------------------------------------------------------------

[2023-05-08 21:35:26 #1 store] 
Database '/home/borja/git/RepositorioPBL/Bets21/src/main/resources/bets.temp' is opened by 10982@fedora-b

[2023-05-08 21:35:26 #2 type] 
Type domain.Question is not enhanced.

[2023-05-08 21:35:26 #3 type] 
Type domain.Forecast is not enhanced.

[2023-05-08 21:35:26 #4 type] 
Type domain.Event is not enhanced.

[2023-05-08 21:35:26 #5 type] 
Type domain.Bet is not enhanced.

[2023-05-08 21:35:26 #6 type] 
Type domain.User is not enhanced.

------------------------------------------------------------------------------------------------------------------------

[2023-05-08 21:36:15 #1 store] 
Database '/home/borja/git/RepositorioPBL/Bets21/src/main/resources/bets.temp' is opened by 11106@fedora-b

[2023-05-08 21:36:15 #2 type] 
Type domain.Question is not enhanced.

[2023-05-08 21:36:15 #3 type] 
Type domain.Forecast is not enhanced.

[2023-05-08 21:36:15 #4 type] 
Type domain.Event is not enhanced.

[2023-05-08 21:36:15 #5 type] 
Type domain.Bet is not enhanced.

[2023-05-08 21:36:15 #6 type] 
Type domain.User is not enhanced.

------------------------------------------------------------------------------------------------------------------------

[2023-05-08 21:36:28 #1 store] 
Database '/home/borja/git/RepositorioPBL/Bets21/src/main/resources/bets.temp' is opened by 11174@fedora-b

[2023-05-08 21:36:28 #2 type] 
Type domain.Question is not enhanced.

[2023-05-08 21:36:28 #3 type] 
Type domain.Forecast is not enhanced.

[2023-05-08 21:36:28 #4 type] 
Type domain.Event is not enhanced.

[2023-05-08 21:36:28 #5 type] 
Type domain.Bet is not enhanced.

[2023-05-08 21:36:28 #6 type] 
Type domain.User is not enhanced.

------------------------------------------------------------------------------------------------------------------------

[2023-05-08 21:37:48 #1 store] 
Database '/home/borja/git/RepositorioPBL/Bets21/src/main/resources/bets.temp' is opened by 11518@fedora-b

[2023-05-08 21:37:48 #2 type] 
Type domain.Question is not enhanced.

[2023-05-08 21:37:48 #3 type] 
Type domain.Forecast is not enhanced.

[2023-05-08 21:37:48 #4 type] 
Type domain.Event is not enhanced.

[2023-05-08 21:37:48 #5 type] 
Type domain.Bet is not enhanced.

[2023-05-08 21:37:48 #6 type] 
Type domain.User is not enhanced.

------------------------------------------------------------------------------------------------------------------------

[2023-05-08 21:38:14 #1 store] 
Database '/home/borja/git/RepositorioPBL/Bets21/src/main/resources/bets.temp' is opened by 11571@fedora-b

[2023-05-08 21:38:14 #2 type] 
Type domain.Question is not enhanced.

[2023-05-08 21:38:14 #3 type] 
Type domain.Forecast is not enhanced.

[2023-05-08 21:38:14 #4 type] 
Type domain.Event is not enhanced.

[2023-05-08 21:38:14 #5 type] 
Type domain.Bet is not enhanced.

[2023-05-08 21:38:14 #6 type] 
Type domain.User is not enhanced.

------------------------------------------------------------------------------------------------------------------------

[2023-05-08 21:39:02 #1 store] 
Database '/home/borja/git/RepositorioPBL/Bets21/src/main/resources/bets.temp' is opened by 11665@fedora-b

[2023-05-08 21:39:02 #2 type] 
Type domain.Question is not enhanced.

[2023-05-08 21:39:02 #3 type] 
Type domain.Forecast is not enhanced.

[2023-05-08 21:39:02 #4 type] 
Type domain.Event is not enhanced.

[2023-05-08 21:39:02 #5 type] 
Type domain.Bet is not enhanced.

[2023-05-08 21:39:02 #6 type] 
Type domain.User is not enhanced.

------------------------------------------------------------------------------------------------------------------------

[2023-05-08 21:39:40 #1 store] 
Database '/home/borja/git/RepositorioPBL/Bets21/src/main/resources/bets.temp' is opened by 11760@fedora-b

[2023-05-08 21:39:40 #2 type] 
Type domain.Question is not enhanced.

[2023-05-08 21:39:40 #3 type] 
Type domain.Forecast is not enhanced.

[2023-05-08 21:39:40 #4 type] 
Type domain.Event is not enhanced.

[2023-05-08 21:39:40 #5 type] 
Type domain.Bet is not enhanced.

[2023-05-08 21:39:40 #6 type] 
Type domain.User is not enhanced.

------------------------------------------------------------------------------------------------------------------------

[2023-05-08 21:40:10 #1 store] 
Database '/home/borja/git/RepositorioPBL/Bets21/src/main/resources/bets.temp' is opened by 11828@fedora-b

[2023-05-08 21:40:10 #2 type] 
Type domain.Question is not enhanced.

[2023-05-08 21:40:10 #3 type] 
Type domain.Forecast is not enhanced.

[2023-05-08 21:40:10 #4 type] 
Type domain.Event is not enhanced.

[2023-05-08 21:40:10 #5 type] 
Type domain.Bet is not enhanced.

[2023-05-08 21:40:10 #6 type] 
Type domain.User is not enhanced.

------------------------------------------------------------------------------------------------------------------------

[2023-05-08 21:43:32 #1 store] 
Database '/home/borja/git/RepositorioPBL/Bets21/src/main/resources/bets.temp' is opened by 12203@fedora-b

[2023-05-08 21:43:32 #2 type] 
Type domain.Question is not enhanced.

[2023-05-08 21:43:32 #3 type] 
Type domain.Forecast is not enhanced.

[2023-05-08 21:43:32 #4 type] 
Type domain.Event is not enhanced.

[2023-05-08 21:43:32 #5 type] 
Type domain.Bet is not enhanced.

[2023-05-08 21:43:32 #6 type] 
Type domain.User is not enhanced.

------------------------------------------------------------------------------------------------------------------------

[2023-05-08 21:44:50 #1 store] 
Database '/home/borja/git/RepositorioPBL/Bets21/src/main/resources/bets.temp' is opened by 12368@fedora-b

[2023-05-08 21:44:50 #2 type] 
Type domain.Question is not enhanced.

[2023-05-08 21:44:50 #3 type] 
Type domain.Forecast is not enhanced.

[2023-05-08 21:44:50 #4 type] 
Type domain.Event is not enhanced.

[2023-05-08 21:44:50 #5 type] 
Type domain.Bet is not enhanced.

[2023-05-08 21:44:50 #6 type] 
Type domain.User is not enhanced.

------------------------------------------------------------------------------------------------------------------------

[2023-05-08 21:45:36 #1 store] 
Database '/home/borja/git/RepositorioPBL/Bets21/src/main/resources/bets.temp' is opened by 12432@fedora-b

[2023-05-08 21:45:36 #2 type] 
Type domain.Question is not enhanced.

[2023-05-08 21:45:36 #3 type] 
Type domain.Forecast is not enhanced.

[2023-05-08 21:45:36 #4 type] 
Type domain.Event is not enhanced.

[2023-05-08 21:45:36 #5 type] 
Type domain.Bet is not enhanced.

[2023-05-08 21:45:36 #6 type] 
Type domain.User is not enhanced.

------------------------------------------------------------------------------------------------------------------------

[2023-05-08 21:47:21 #1 store] 
Database '/home/borja/git/RepositorioPBL/Bets21/src/main/resources/bets.temp' is opened by 12653@fedora-b

[2023-05-08 21:47:21 #2 type] 
Type domain.Question is not enhanced.

[2023-05-08 21:47:21 #3 type] 
Type domain.Forecast is not enhanced.

[2023-05-08 21:47:21 #4 type] 
Type domain.Event is not enhanced.

[2023-05-08 21:47:21 #5 type] 
Type domain.Bet is not enhanced.

[2023-05-08 21:47:21 #6 type] 
Type domain.User is not enhanced.

------------------------------------------------------------------------------------------------------------------------

[2023-05-08 21:48:13 #1 store] 
Database '/home/borja/git/RepositorioPBL/Bets21/src/main/resources/bets.temp' is opened by 12778@fedora-b

[2023-05-08 21:48:13 #2 type] 
Type domain.Question is not enhanced.

[2023-05-08 21:48:13 #3 type] 
Type domain.Forecast is not enhanced.

[2023-05-08 21:48:13 #4 type] 
Type domain.Event is not enhanced.

[2023-05-08 21:48:13 #5 type] 
Type domain.Bet is not enhanced.

[2023-05-08 21:48:13 #6 type] 
Type domain.User is not enhanced.

------------------------------------------------------------------------------------------------------------------------

[2023-05-08 21:52:33 #1 store] 
Database '/home/borja/git/RepositorioPBL/Bets21/src/main/resources/bets.temp' is opened by 12987@fedora-b

[2023-05-08 21:52:33 #2 type] 
Type domain.Question is not enhanced.

[2023-05-08 21:52:33 #3 type] 
Type domain.Forecast is not enhanced.

[2023-05-08 21:52:33 #4 type] 
Type domain.Event is not enhanced.

[2023-05-08 21:52:33 #5 type] 
Type domain.Bet is not enhanced.

[2023-05-08 21:52:33 #6 type] 
Type domain.User is not enhanced.

------------------------------------------------------------------------------------------------------------------------

[2023-05-08 21:53:07 #1 store] 
Database '/home/borja/git/RepositorioPBL/Bets21/src/main/resources/bets.temp' is opened by 13085@fedora-b

[2023-05-08 21:53:08 #2 type] 
Type domain.Question is not enhanced.

[2023-05-08 21:53:08 #3 type] 
Type domain.Forecast is not enhanced.

[2023-05-08 21:53:08 #4 type] 
Type domain.Event is not enhanced.

[2023-05-08 21:53:08 #5 type] 
Type domain.Bet is not enhanced.

[2023-05-08 21:53:08 #6 type] 
Type domain.User is not enhanced.

------------------------------------------------------------------------------------------------------------------------

[2023-05-08 21:58:32 #1 store] 
Database '/home/borja/git/RepositorioPBL/Bets21/src/main/resources/bets.temp' is opened by 13763@fedora-b

[2023-05-08 21:58:32 #2 type] 
Type domain.Question is not enhanced.

[2023-05-08 21:58:32 #3 type] 
Type domain.Forecast is not enhanced.

[2023-05-08 21:58:32 #4 type] 
Type domain.Event is not enhanced.

[2023-05-08 21:58:32 #5 type] 
Type domain.Bet is not enhanced.

[2023-05-08 21:58:32 #6 type] 
Type domain.User is not enhanced.

------------------------------------------------------------------------------------------------------------------------

[2023-05-08 21:59:54 #1 store] 
Database '/home/borja/git/RepositorioPBL/Bets21/src/main/resources/bets.temp' is opened by 13843@fedora-b

[2023-05-08 21:59:54 #2 type] 
Type domain.Question is not enhanced.

[2023-05-08 21:59:54 #3 type] 
Type domain.Forecast is not enhanced.

[2023-05-08 21:59:54 #4 type] 
Type domain.Event is not enhanced.

[2023-05-08 21:59:54 #5 type] 
Type domain.Bet is not enhanced.

[2023-05-08 21:59:54 #6 type] 
Type domain.User is not enhanced.

------------------------------------------------------------------------------------------------------------------------

[2023-05-08 22:01:42 #1 store] 
Database '/home/borja/git/RepositorioPBL/Bets21/src/main/resources/bets.temp' is opened by 14037@fedora-b

[2023-05-08 22:01:42 #2 type] 
Type domain.Question is not enhanced.

[2023-05-08 22:01:42 #3 type] 
Type domain.Forecast is not enhanced.

[2023-05-08 22:01:42 #4 type] 
Type domain.Event is not enhanced.

[2023-05-08 22:01:42 #5 type] 
Type domain.Bet is not enhanced.

[2023-05-08 22:01:42 #6 type] 
Type domain.User is not enhanced.

------------------------------------------------------------------------------------------------------------------------

[2023-05-08 22:02:18 #1 store] 
Database '/home/borja/git/RepositorioPBL/Bets21/src/main/resources/bets.temp' is opened by 14095@fedora-b

[2023-05-08 22:02:18 #2 type] 
Type domain.Question is not enhanced.

[2023-05-08 22:02:18 #3 type] 
Type domain.Forecast is not enhanced.

[2023-05-08 22:02:18 #4 type] 
Type domain.Event is not enhanced.

[2023-05-08 22:02:18 #5 type] 
Type domain.Bet is not enhanced.

[2023-05-08 22:02:18 #6 type] 
Type domain.User is not enhanced.

------------------------------------------------------------------------------------------------------------------------

[2023-05-08 22:03:23 #1 store] 
Database '/home/borja/git/RepositorioPBL/Bets21/src/main/resources/bets.temp' is opened by 14207@fedora-b

[2023-05-08 22:03:23 #2 type] 
Type domain.Question is not enhanced.

[2023-05-08 22:03:23 #3 type] 
Type domain.Forecast is not enhanced.

[2023-05-08 22:03:23 #4 type] 
Type domain.Event is not enhanced.

[2023-05-08 22:03:23 #5 type] 
Type domain.Bet is not enhanced.

[2023-05-08 22:03:23 #6 type] 
Type domain.User is not enhanced.

------------------------------------------------------------------------------------------------------------------------

[2023-05-08 22:04:04 #1 store] 
Database '/home/borja/git/RepositorioPBL/Bets21/src/main/resources/bets.temp' is opened by 14259@fedora-b

[2023-05-08 22:04:04 #2 type] 
Type domain.Question is not enhanced.

[2023-05-08 22:04:04 #3 type] 
Type domain.Forecast is not enhanced.

[2023-05-08 22:04:04 #4 type] 
Type domain.Event is not enhanced.

[2023-05-08 22:04:04 #5 type] 
Type domain.Bet is not enhanced.

[2023-05-08 22:04:04 #6 type] 
Type domain.User is not enhanced.

------------------------------------------------------------------------------------------------------------------------

[2023-05-08 22:05:00 #1 store] 
Database '/home/borja/git/RepositorioPBL/Bets21/src/main/resources/bets.temp' is opened by 14319@fedora-b

[2023-05-08 22:05:00 #2 type] 
Type domain.Question is not enhanced.

[2023-05-08 22:05:00 #3 type] 
Type domain.Forecast is not enhanced.

[2023-05-08 22:05:00 #4 type] 
Type domain.Event is not enhanced.

[2023-05-08 22:05:00 #5 type] 
Type domain.Bet is not enhanced.

[2023-05-08 22:05:00 #6 type] 
Type domain.User is not enhanced.

------------------------------------------------------------------------------------------------------------------------

[2023-05-08 22:07:23 #1 store] 
Database '/home/borja/git/RepositorioPBL/Bets21/src/main/resources/bets.temp' is opened by 14471@fedora-b

[2023-05-08 22:07:23 #2 type] 
Type domain.Question is not enhanced.

[2023-05-08 22:07:23 #3 type] 
Type domain.Forecast is not enhanced.

[2023-05-08 22:07:23 #4 type] 
Type domain.Event is not enhanced.

[2023-05-08 22:07:23 #5 type] 
Type domain.Bet is not enhanced.

[2023-05-08 22:07:23 #6 type] 
Type domain.User is not enhanced.

------------------------------------------------------------------------------------------------------------------------

[2023-05-08 22:07:45 #1 store] 
Database '/home/borja/git/RepositorioPBL/Bets21/src/main/resources/bets.temp' is opened by 14518@fedora-b

[2023-05-08 22:07:45 #2 type] 
Type domain.Question is not enhanced.

[2023-05-08 22:07:45 #3 type] 
Type domain.Forecast is not enhanced.

[2023-05-08 22:07:45 #4 type] 
Type domain.Event is not enhanced.

[2023-05-08 22:07:45 #5 type] 
Type domain.Bet is not enhanced.

[2023-05-08 22:07:45 #6 type] 
Type domain.User is not enhanced.

------------------------------------------------------------------------------------------------------------------------

[2023-05-08 22:09:17 #1 store] 
Database '/home/borja/git/RepositorioPBL/Bets21/src/main/resources/bets.temp' is opened by 14578@fedora-b

[2023-05-08 22:09:17 #2 type] 
Type domain.Question is not enhanced.

[2023-05-08 22:09:17 #3 type] 
Type domain.Forecast is not enhanced.

[2023-05-08 22:09:17 #4 type] 
Type domain.Event is not enhanced.

[2023-05-08 22:09:17 #5 type] 
Type domain.Bet is not enhanced.

[2023-05-08 22:09:17 #6 type] 
Type domain.User is not enhanced.

------------------------------------------------------------------------------------------------------------------------

[2023-05-08 22:09:41 #1 store] 
Database '/home/borja/git/RepositorioPBL/Bets21/src/main/resources/bets.temp' is opened by 14634@fedora-b

[2023-05-08 22:09:42 #2 type] 
Type domain.Question is not enhanced.

[2023-05-08 22:09:42 #3 type] 
Type domain.Forecast is not enhanced.

[2023-05-08 22:09:42 #4 type] 
Type domain.Event is not enhanced.

[2023-05-08 22:09:42 #5 type] 
Type domain.Bet is not enhanced.

[2023-05-08 22:09:42 #6 type] 
Type domain.User is not enhanced.

------------------------------------------------------------------------------------------------------------------------

[2023-05-08 22:10:29 #1 store] 
Database '/home/borja/git/RepositorioPBL/Bets21/src/main/resources/bets.temp' is opened by 14700@fedora-b

[2023-05-08 22:10:29 #2 type] 
Type domain.Question is not enhanced.

[2023-05-08 22:10:29 #3 type] 
Type domain.Forecast is not enhanced.

[2023-05-08 22:10:29 #4 type] 
Type domain.Event is not enhanced.

[2023-05-08 22:10:29 #5 type] 
Type domain.Bet is not enhanced.

[2023-05-08 22:10:29 #6 type] 
Type domain.User is not enhanced.

------------------------------------------------------------------------------------------------------------------------

[2023-05-08 22:11:29 #1 store] 
Database '/home/borja/git/RepositorioPBL/Bets21/src/main/resources/bets.temp' is opened by 14776@fedora-b

[2023-05-08 22:11:29 #2 type] 
Type domain.Question is not enhanced.

[2023-05-08 22:11:29 #3 type] 
Type domain.Forecast is not enhanced.

[2023-05-08 22:11:29 #4 type] 
Type domain.Event is not enhanced.

[2023-05-08 22:11:29 #5 type] 
Type domain.Bet is not enhanced.

[2023-05-08 22:11:29 #6 type] 
Type domain.User is not enhanced.

------------------------------------------------------------------------------------------------------------------------

[2023-05-08 22:12:29 #1 store] 
Database '/home/borja/git/RepositorioPBL/Bets21/src/main/resources/bets.temp' is opened by 14854@fedora-b

[2023-05-08 22:12:29 #2 type] 
Type domain.Question is not enhanced.

[2023-05-08 22:12:29 #3 type] 
Type domain.Forecast is not enhanced.

[2023-05-08 22:12:29 #4 type] 
Type domain.Event is not enhanced.

[2023-05-08 22:12:29 #5 type] 
Type domain.Bet is not enhanced.

[2023-05-08 22:12:29 #6 type] 
Type domain.User is not enhanced.

------------------------------------------------------------------------------------------------------------------------

[2023-05-08 22:12:46 #1 store] 
Database '/home/borja/git/RepositorioPBL/Bets21/src/main/resources/bets.temp' is opened by 14903@fedora-b

[2023-05-08 22:12:46 #2 type] 
Type domain.Question is not enhanced.

[2023-05-08 22:12:46 #3 type] 
Type domain.Forecast is not enhanced.

[2023-05-08 22:12:46 #4 type] 
Type domain.Event is not enhanced.

[2023-05-08 22:12:46 #5 type] 
Type domain.Bet is not enhanced.

[2023-05-08 22:12:46 #6 type] 
Type domain.User is not enhanced.

------------------------------------------------------------------------------------------------------------------------

[2023-05-08 22:13:29 #1 store] 
Database '/home/borja/git/RepositorioPBL/Bets21/src/main/resources/bets.temp' is opened by 15024@fedora-b

[2023-05-08 22:13:29 #2 type] 
Type domain.Question is not enhanced.

[2023-05-08 22:13:29 #3 type] 
Type domain.Forecast is not enhanced.

[2023-05-08 22:13:29 #4 type] 
Type domain.Event is not enhanced.

[2023-05-08 22:13:29 #5 type] 
Type domain.Bet is not enhanced.

[2023-05-08 22:13:29 #6 type] 
Type domain.User is not enhanced.

------------------------------------------------------------------------------------------------------------------------

[2023-05-08 22:14:11 #1 store] 
Database '/home/borja/git/RepositorioPBL/Bets21/src/main/resources/bets.temp' is opened by 15199@fedora-b

[2023-05-08 22:14:11 #2 type] 
Type domain.Question is not enhanced.

[2023-05-08 22:14:11 #3 type] 
Type domain.Forecast is not enhanced.

[2023-05-08 22:14:11 #4 type] 
Type domain.Event is not enhanced.

[2023-05-08 22:14:11 #5 type] 
Type domain.Bet is not enhanced.

[2023-05-08 22:14:11 #6 type] 
Type domain.User is not enhanced.

------------------------------------------------------------------------------------------------------------------------

[2023-05-08 22:15:27 #1 store] 
Database '/home/borja/git/RepositorioPBL/Bets21/src/main/resources/bets.temp' is opened by 15360@fedora-b

[2023-05-08 22:15:27 #2 type] 
Type domain.Question is not enhanced.

[2023-05-08 22:15:27 #3 type] 
Type domain.Forecast is not enhanced.

[2023-05-08 22:15:27 #4 type] 
Type domain.Event is not enhanced.

[2023-05-08 22:15:27 #5 type] 
Type domain.Bet is not enhanced.

[2023-05-08 22:15:27 #6 type] 
Type domain.User is not enhanced.

------------------------------------------------------------------------------------------------------------------------

[2023-05-08 22:15:59 #1 store] 
Database '/home/borja/git/RepositorioPBL/Bets21/src/main/resources/bets.temp' is opened by 15412@fedora-b

[2023-05-08 22:15:59 #2 type] 
Type domain.Question is not enhanced.

[2023-05-08 22:15:59 #3 type] 
Type domain.Forecast is not enhanced.

[2023-05-08 22:15:59 #4 type] 
Type domain.Event is not enhanced.

[2023-05-08 22:15:59 #5 type] 
Type domain.Bet is not enhanced.

[2023-05-08 22:15:59 #6 type] 
Type domain.User is not enhanced.

------------------------------------------------------------------------------------------------------------------------

[2023-05-08 22:16:32 #1 store] 
Database '/home/borja/git/RepositorioPBL/Bets21/src/main/resources/bets.temp' is opened by 15532@fedora-b

[2023-05-08 22:16:32 #2 type] 
Type domain.Question is not enhanced.

[2023-05-08 22:16:32 #3 type] 
Type domain.Forecast is not enhanced.

[2023-05-08 22:16:32 #4 type] 
Type domain.Event is not enhanced.

[2023-05-08 22:16:32 #5 type] 
Type domain.Bet is not enhanced.

[2023-05-08 22:16:32 #6 type] 
Type domain.User is not enhanced.

------------------------------------------------------------------------------------------------------------------------

[2023-05-08 22:16:51 #1 store] 
Database '/home/borja/git/RepositorioPBL/Bets21/src/main/resources/bets.temp' is opened by 15648@fedora-b

[2023-05-08 22:16:51 #2 type] 
Type domain.Question is not enhanced.

[2023-05-08 22:16:51 #3 type] 
Type domain.Forecast is not enhanced.

[2023-05-08 22:16:51 #4 type] 
Type domain.Event is not enhanced.

[2023-05-08 22:16:51 #5 type] 
Type domain.Bet is not enhanced.

[2023-05-08 22:16:51 #6 type] 
Type domain.User is not enhanced.

------------------------------------------------------------------------------------------------------------------------

[2023-05-08 22:17:59 #1 store] 
Database '/home/borja/git/RepositorioPBL/Bets21/src/main/resources/bets.temp' is opened by 15781@fedora-b

[2023-05-08 22:17:59 #2 type] 
Type domain.Question is not enhanced.

[2023-05-08 22:17:59 #3 type] 
Type domain.Forecast is not enhanced.

[2023-05-08 22:17:59 #4 type] 
Type domain.Event is not enhanced.

[2023-05-08 22:17:59 #5 type] 
Type domain.Bet is not enhanced.

[2023-05-08 22:17:59 #6 type] 
Type domain.User is not enhanced.

------------------------------------------------------------------------------------------------------------------------

[2023-05-08 22:18:16 #1 store] 
Database '/home/borja/git/RepositorioPBL/Bets21/src/main/resources/bets.temp' is opened by 15871@fedora-b

[2023-05-08 22:18:16 #2 type] 
Type domain.Question is not enhanced.

[2023-05-08 22:18:16 #3 type] 
Type domain.Forecast is not enhanced.

[2023-05-08 22:18:16 #4 type] 
Type domain.Event is not enhanced.

[2023-05-08 22:18:16 #5 type] 
Type domain.Bet is not enhanced.

[2023-05-08 22:18:16 #6 type] 
Type domain.User is not enhanced.

------------------------------------------------------------------------------------------------------------------------

[2023-05-08 22:18:33 #1 store] 
Database '/home/borja/git/RepositorioPBL/Bets21/src/main/resources/bets.temp' is opened by 15942@fedora-b

[2023-05-08 22:18:33 #2 type] 
Type domain.Question is not enhanced.

[2023-05-08 22:18:33 #3 type] 
Type domain.Forecast is not enhanced.

[2023-05-08 22:18:33 #4 type] 
Type domain.Event is not enhanced.

[2023-05-08 22:18:33 #5 type] 
Type domain.Bet is not enhanced.

[2023-05-08 22:18:33 #6 type] 
Type domain.User is not enhanced.

------------------------------------------------------------------------------------------------------------------------

[2023-05-08 22:18:45 #1 store] 
Database '/home/borja/git/RepositorioPBL/Bets21/src/main/resources/bets.temp' is opened by 15993@fedora-b

[2023-05-08 22:18:45 #2 type] 
Type domain.Question is not enhanced.

[2023-05-08 22:18:45 #3 type] 
Type domain.Forecast is not enhanced.

[2023-05-08 22:18:45 #4 type] 
Type domain.Event is not enhanced.

[2023-05-08 22:18:45 #5 type] 
Type domain.Bet is not enhanced.

[2023-05-08 22:18:45 #6 type] 
Type domain.User is not enhanced.

------------------------------------------------------------------------------------------------------------------------

[2023-05-08 22:19:27 #1 store] 
Database '/home/borja/git/RepositorioPBL/Bets21/src/main/resources/bets.temp' is opened by 16048@fedora-b

[2023-05-08 22:19:27 #2 type] 
Type domain.Question is not enhanced.

[2023-05-08 22:19:27 #3 type] 
Type domain.Forecast is not enhanced.

[2023-05-08 22:19:27 #4 type] 
Type domain.Event is not enhanced.

[2023-05-08 22:19:27 #5 type] 
Type domain.Bet is not enhanced.

[2023-05-08 22:19:27 #6 type] 
Type domain.User is not enhanced.

------------------------------------------------------------------------------------------------------------------------

[2023-05-08 22:26:37 #1 store] 
Database '/home/borja/git/RepositorioPBL/Bets21/src/main/resources/bets.temp' has been recovered (tr. 266-267)

[2023-05-08 22:26:37 #2 store] 
Database '/home/borja/git/RepositorioPBL/Bets21/src/main/resources/bets.temp' is opened by 16576@fedora-b

[2023-05-08 22:26:37 #3 type] 
Type domain.Question is not enhanced.

[2023-05-08 22:26:37 #4 type] 
Type domain.Forecast is not enhanced.

[2023-05-08 22:26:37 #5 type] 
Type domain.Event is not enhanced.

[2023-05-08 22:26:37 #6 type] 
Type domain.Bet is not enhanced.

[2023-05-08 22:26:37 #7 type] 
Type domain.User is not enhanced.

------------------------------------------------------------------------------------------------------------------------

[2023-05-08 22:27:41 #1 store] 
Database '/home/borja/git/RepositorioPBL/Bets21/src/main/resources/bets.temp' is opened by 16975@fedora-b

[2023-05-08 22:27:41 #2 type] 
Type domain.Question is not enhanced.

[2023-05-08 22:27:41 #3 type] 
Type domain.Forecast is not enhanced.

[2023-05-08 22:27:41 #4 type] 
Type domain.Event is not enhanced.

[2023-05-08 22:27:41 #5 type] 
Type domain.Bet is not enhanced.

[2023-05-08 22:27:41 #6 type] 
Type domain.User is not enhanced.

------------------------------------------------------------------------------------------------------------------------

[2023-05-08 22:28:31 #1 store] 
Database '/home/borja/git/RepositorioPBL/Bets21/src/main/resources/bets.temp' is opened by 17138@fedora-b

[2023-05-08 22:28:31 #2 type] 
Type domain.Question is not enhanced.

[2023-05-08 22:28:31 #3 type] 
Type domain.Forecast is not enhanced.

[2023-05-08 22:28:31 #4 type] 
Type domain.Event is not enhanced.

[2023-05-08 22:28:31 #5 type] 
Type domain.Bet is not enhanced.

[2023-05-08 22:28:31 #6 type] 
Type domain.User is not enhanced.

------------------------------------------------------------------------------------------------------------------------

[2023-05-08 22:34:32 #1 store] 
Database '/home/borja/git/RepositorioPBL/Bets21/src/main/resources/bets.temp' is opened by 17618@fedora-b

[2023-05-08 22:34:32 #2 type] 
Type domain.Question is not enhanced.

[2023-05-08 22:34:32 #3 type] 
Type domain.Forecast is not enhanced.

[2023-05-08 22:34:32 #4 type] 
Type domain.Event is not enhanced.

[2023-05-08 22:34:32 #5 type] 
Type domain.Bet is not enhanced.

[2023-05-08 22:34:32 #6 type] 
Type domain.User is not enhanced.

------------------------------------------------------------------------------------------------------------------------

[2023-05-08 22:37:58 #1 store] 
Database '/home/borja/git/RepositorioPBL/Bets21/src/main/resources/bets.temp' is opened by 18056@fedora-b

[2023-05-08 22:37:58 #2 type] 
Type domain.Question is not enhanced.

[2023-05-08 22:37:58 #3 type] 
Type domain.Forecast is not enhanced.

[2023-05-08 22:37:58 #4 type] 
Type domain.Event is not enhanced.

[2023-05-08 22:37:58 #5 type] 
Type domain.Bet is not enhanced.

[2023-05-08 22:37:58 #6 type] 
Type domain.User is not enhanced.

------------------------------------------------------------------------------------------------------------------------

[2023-05-08 22:38:45 #1 store] 
Database '/home/borja/git/RepositorioPBL/Bets21/src/main/resources/bets.temp' is opened by 18145@fedora-b

[2023-05-08 22:38:46 #2 type] 
Type domain.Question is not enhanced.

[2023-05-08 22:38:46 #3 type] 
Type domain.Forecast is not enhanced.

[2023-05-08 22:38:46 #4 type] 
Type domain.Event is not enhanced.

[2023-05-08 22:38:46 #5 type] 
Type domain.Bet is not enhanced.

[2023-05-08 22:38:46 #6 type] 
Type domain.User is not enhanced.

------------------------------------------------------------------------------------------------------------------------

[2023-05-08 22:39:56 #1 store] 
Database '/home/borja/git/RepositorioPBL/Bets21/src/main/resources/bets.temp' is opened by 18227@fedora-b

[2023-05-08 22:39:56 #2 type] 
Type domain.Question is not enhanced.

[2023-05-08 22:39:56 #3 type] 
Type domain.Forecast is not enhanced.

[2023-05-08 22:39:56 #4 type] 
Type domain.Event is not enhanced.

[2023-05-08 22:39:56 #5 type] 
Type domain.Bet is not enhanced.

[2023-05-08 22:39:56 #6 type] 
Type domain.User is not enhanced.

------------------------------------------------------------------------------------------------------------------------

[2023-05-08 22:42:54 #1 store] 
Database '/home/borja/git/RepositorioPBL/Bets21/src/main/resources/bets.temp' is opened by 18546@fedora-b

[2023-05-08 22:42:54 #2 type] 
Type domain.Question is not enhanced.

[2023-05-08 22:42:54 #3 type] 
Type domain.Forecast is not enhanced.

[2023-05-08 22:42:54 #4 type] 
Type domain.Event is not enhanced.

[2023-05-08 22:42:54 #5 type] 
Type domain.Bet is not enhanced.

[2023-05-08 22:42:54 #6 type] 
Type domain.User is not enhanced.

------------------------------------------------------------------------------------------------------------------------

[2023-05-08 22:43:33 #1 store] 
Database '/home/borja/git/RepositorioPBL/Bets21/src/main/resources/bets.temp' is opened by 18634@fedora-b

[2023-05-08 22:43:33 #2 type] 
Type domain.Question is not enhanced.

[2023-05-08 22:43:33 #3 type] 
Type domain.Forecast is not enhanced.

[2023-05-08 22:43:33 #4 type] 
Type domain.Event is not enhanced.

[2023-05-08 22:43:33 #5 type] 
Type domain.Bet is not enhanced.

[2023-05-08 22:43:33 #6 type] 
Type domain.User is not enhanced.

------------------------------------------------------------------------------------------------------------------------

[2023-05-08 22:43:53 #1 store] 
Database '/home/borja/git/RepositorioPBL/Bets21/src/main/resources/bets.temp' is opened by 18694@fedora-b

[2023-05-08 22:43:53 #2 type] 
Type domain.Question is not enhanced.

[2023-05-08 22:43:53 #3 type] 
Type domain.Forecast is not enhanced.

[2023-05-08 22:43:53 #4 type] 
Type domain.Event is not enhanced.

[2023-05-08 22:43:53 #5 type] 
Type domain.Bet is not enhanced.

[2023-05-08 22:43:53 #6 type] 
Type domain.User is not enhanced.

------------------------------------------------------------------------------------------------------------------------

[2023-05-08 22:44:38 #1 store] 
Database '/home/borja/git/RepositorioPBL/Bets21/src/main/resources/bets.temp' is opened by 18843@fedora-b

[2023-05-08 22:44:38 #2 type] 
Type domain.Question is not enhanced.

[2023-05-08 22:44:38 #3 type] 
Type domain.Forecast is not enhanced.

[2023-05-08 22:44:38 #4 type] 
Type domain.Event is not enhanced.

[2023-05-08 22:44:38 #5 type] 
Type domain.Bet is not enhanced.

[2023-05-08 22:44:38 #6 type] 
Type domain.User is not enhanced.

------------------------------------------------------------------------------------------------------------------------

[2023-05-08 22:44:50 #1 store] 
Database '/home/borja/git/RepositorioPBL/Bets21/src/main/resources/bets.temp' is opened by 18895@fedora-b

[2023-05-08 22:44:50 #2 type] 
Type domain.Question is not enhanced.

[2023-05-08 22:44:50 #3 type] 
Type domain.Forecast is not enhanced.

[2023-05-08 22:44:50 #4 type] 
Type domain.Event is not enhanced.

[2023-05-08 22:44:50 #5 type] 
Type domain.Bet is not enhanced.

[2023-05-08 22:44:50 #6 type] 
Type domain.User is not enhanced.

------------------------------------------------------------------------------------------------------------------------

[2023-05-08 22:45:05 #1 store] 
Database '/home/borja/git/RepositorioPBL/Bets21/src/main/resources/bets.temp' is opened by 18956@fedora-b

[2023-05-08 22:45:05 #2 type] 
Type domain.Question is not enhanced.

[2023-05-08 22:45:05 #3 type] 
Type domain.Forecast is not enhanced.

[2023-05-08 22:45:05 #4 type] 
Type domain.Event is not enhanced.

[2023-05-08 22:45:05 #5 type] 
Type domain.Bet is not enhanced.

[2023-05-08 22:45:05 #6 type] 
Type domain.User is not enhanced.

------------------------------------------------------------------------------------------------------------------------

[2023-05-08 22:45:19 #1 store] 
Database '/home/borja/git/RepositorioPBL/Bets21/src/main/resources/bets.temp' is opened by 19013@fedora-b

[2023-05-08 22:45:19 #2 type] 
Type domain.Question is not enhanced.

[2023-05-08 22:45:19 #3 type] 
Type domain.Forecast is not enhanced.

[2023-05-08 22:45:19 #4 type] 
Type domain.Event is not enhanced.

[2023-05-08 22:45:19 #5 type] 
Type domain.Bet is not enhanced.

[2023-05-08 22:45:19 #6 type] 
Type domain.User is not enhanced.

------------------------------------------------------------------------------------------------------------------------

[2023-05-08 22:45:52 #1 store] 
Database '/home/borja/git/RepositorioPBL/Bets21/src/main/resources/bets.temp' is opened by 19091@fedora-b

[2023-05-08 22:45:52 #2 type] 
Type domain.Question is not enhanced.

[2023-05-08 22:45:52 #3 type] 
Type domain.Forecast is not enhanced.

[2023-05-08 22:45:52 #4 type] 
Type domain.Event is not enhanced.

[2023-05-08 22:45:52 #5 type] 
Type domain.Bet is not enhanced.

[2023-05-08 22:45:52 #6 type] 
Type domain.User is not enhanced.

------------------------------------------------------------------------------------------------------------------------

[2023-05-08 22:46:21 #1 store] 
Database '/home/borja/git/RepositorioPBL/Bets21/src/main/resources/bets.temp' is opened by 19144@fedora-b

[2023-05-08 22:46:21 #2 type] 
Type domain.Question is not enhanced.

[2023-05-08 22:46:21 #3 type] 
Type domain.Forecast is not enhanced.

[2023-05-08 22:46:21 #4 type] 
Type domain.Event is not enhanced.

[2023-05-08 22:46:21 #5 type] 
Type domain.Bet is not enhanced.

[2023-05-08 22:46:21 #6 type] 
Type domain.User is not enhanced.

------------------------------------------------------------------------------------------------------------------------

[2023-05-08 22:48:30 #1 store] 
Database '/home/borja/git/RepositorioPBL/Bets21/src/main/resources/bets.temp' is opened by 19290@fedora-b

[2023-05-08 22:48:30 #2 type] 
Type domain.Question is not enhanced.

[2023-05-08 22:48:30 #3 type] 
Type domain.Forecast is not enhanced.

[2023-05-08 22:48:30 #4 type] 
Type domain.Event is not enhanced.

[2023-05-08 22:48:30 #5 type] 
Type domain.Bet is not enhanced.

[2023-05-08 22:48:30 #6 type] 
Type domain.User is not enhanced.

------------------------------------------------------------------------------------------------------------------------

[2023-05-08 22:49:27 #1 store] 
Database '/home/borja/git/RepositorioPBL/Bets21/src/main/resources/bets.temp' is opened by 19373@fedora-b

[2023-05-08 22:49:27 #2 type] 
Type domain.Question is not enhanced.

[2023-05-08 22:49:27 #3 type] 
Type domain.Forecast is not enhanced.

[2023-05-08 22:49:27 #4 type] 
Type domain.Event is not enhanced.

[2023-05-08 22:49:27 #5 type] 
Type domain.Bet is not enhanced.

[2023-05-08 22:49:27 #6 type] 
Type domain.User is not enhanced.

------------------------------------------------------------------------------------------------------------------------

[2023-05-08 22:49:49 #1 store] 
Database '/home/borja/git/RepositorioPBL/Bets21/src/main/resources/bets.temp' is opened by 19455@fedora-b

[2023-05-08 22:49:49 #2 type] 
Type domain.Question is not enhanced.

[2023-05-08 22:49:49 #3 type] 
Type domain.Forecast is not enhanced.

[2023-05-08 22:49:49 #4 type] 
Type domain.Event is not enhanced.

[2023-05-08 22:49:49 #5 type] 
Type domain.Bet is not enhanced.

[2023-05-08 22:49:49 #6 type] 
Type domain.User is not enhanced.

------------------------------------------------------------------------------------------------------------------------

[2023-05-08 22:50:35 #1 store] 
Database '/home/borja/git/RepositorioPBL/Bets21/src/main/resources/bets.temp' is opened by 19540@fedora-b

[2023-05-08 22:50:36 #2 type] 
Type domain.Question is not enhanced.

[2023-05-08 22:50:36 #3 type] 
Type domain.Forecast is not enhanced.

[2023-05-08 22:50:36 #4 type] 
Type domain.Event is not enhanced.

[2023-05-08 22:50:36 #5 type] 
Type domain.Bet is not enhanced.

[2023-05-08 22:50:36 #6 type] 
Type domain.User is not enhanced.

