------------------------------------------------------------------------------------------------------------------------

[2023-03-13 09:34:19 #1 store] 
Database 'C:\Users\sarag\Desktop\eclipse\IS\Bets21\src\main\resources\bets.temp' is opened by 26804@LAPTOP-UUGQSHIG

[2023-03-13 09:34:19 #2 type] 
Type domain.Question is not enhanced.

[2023-03-13 09:34:19 #3 type] 
Type domain.Forecast is not enhanced.

[2023-03-13 09:34:19 #4 type] 
Type domain.Event is not enhanced.

[2023-03-13 09:34:19 #5 type] 
Type domain.User is not enhanced.

------------------------------------------------------------------------------------------------------------------------

[2023-03-13 09:54:19 #1 store] 
Database 'C:\Users\sarag\Desktop\eclipse\IS\Bets21\src\main\resources\bets.temp' has been recovered (tr. 30-30)

[2023-03-13 09:54:19 #2 store] 
Database 'C:\Users\sarag\Desktop\eclipse\IS\Bets21\src\main\resources\bets.temp' is opened by 7136@LAPTOP-UUGQSHIG

[2023-03-13 09:54:19 #3 type] 
Type domain.Question is not enhanced.

[2023-03-13 09:54:19 #4 type] 
Type domain.Forecast is not enhanced.

[2023-03-13 09:54:19 #5 type] 
Type domain.Event is not enhanced.

[2023-03-13 09:54:19 #6 type] 
Type domain.User is not enhanced.

