------------------------------------------------------------------------------------------------------------------------

[2023-04-27 00:31:17 #1 store] 
Database '/home/borja/git/RepositorioPBL/Bets21/src/main/resources/bets.temp' is opened by 29579@fedora-b

[2023-04-27 00:31:17 #2 type] 
Type domain.Question is not enhanced.

[2023-04-27 00:31:17 #3 type] 
Type domain.Forecast is not enhanced.

[2023-04-27 00:31:17 #4 type] 
Type domain.Event is not enhanced.

[2023-04-27 00:31:17 #5 type] 
Type domain.Bet is not enhanced.

[2023-04-27 00:31:17 #6 type] 
Type domain.User is not enhanced.

------------------------------------------------------------------------------------------------------------------------

[2023-04-27 00:31:43 #1 store] 
Database '/home/borja/git/RepositorioPBL/Bets21/src/main/resources/bets.temp' is opened by 29641@fedora-b

[2023-04-27 00:31:43 #2 type] 
Type domain.Question is not enhanced.

[2023-04-27 00:31:43 #3 type] 
Type domain.Forecast is not enhanced.

[2023-04-27 00:31:43 #4 type] 
Type domain.Event is not enhanced.

[2023-04-27 00:31:43 #5 type] 
Type domain.Bet is not enhanced.

[2023-04-27 00:31:43 #6 type] 
Type domain.User is not enhanced.

------------------------------------------------------------------------------------------------------------------------

[2023-04-27 00:33:47 #1 store] 
Database '/home/borja/git/RepositorioPBL/Bets21/src/main/resources/bets.temp' is opened by 29884@fedora-b

[2023-04-27 00:33:47 #2 type] 
Type domain.Question is not enhanced.

[2023-04-27 00:33:47 #3 type] 
Type domain.Forecast is not enhanced.

[2023-04-27 00:33:47 #4 type] 
Type domain.Event is not enhanced.

[2023-04-27 00:33:47 #5 type] 
Type domain.Bet is not enhanced.

[2023-04-27 00:33:47 #6 type] 
Type domain.User is not enhanced.

------------------------------------------------------------------------------------------------------------------------

[2023-04-27 00:35:01 #1 store] 
Database '/home/borja/git/RepositorioPBL/Bets21/src/main/resources/bets.temp' is opened by 30097@fedora-b

[2023-04-27 00:35:01 #2 type] 
Type domain.Question is not enhanced.

[2023-04-27 00:35:01 #3 type] 
Type domain.Forecast is not enhanced.

[2023-04-27 00:35:01 #4 type] 
Type domain.Event is not enhanced.

[2023-04-27 00:35:01 #5 type] 
Type domain.Bet is not enhanced.

[2023-04-27 00:35:01 #6 type] 
Type domain.User is not enhanced.

------------------------------------------------------------------------------------------------------------------------

[2023-04-27 00:35:55 #1 store] 
Database '/home/borja/git/RepositorioPBL/Bets21/src/main/resources/bets.temp' is opened by 30164@fedora-b

[2023-04-27 00:35:55 #2 type] 
Type domain.Question is not enhanced.

[2023-04-27 00:35:55 #3 type] 
Type domain.Forecast is not enhanced.

[2023-04-27 00:35:55 #4 type] 
Type domain.Event is not enhanced.

[2023-04-27 00:35:55 #5 type] 
Type domain.Bet is not enhanced.

[2023-04-27 00:35:55 #6 type] 
Type domain.User is not enhanced.

------------------------------------------------------------------------------------------------------------------------

[2023-04-27 00:37:21 #1 store] 
Database '/home/borja/git/RepositorioPBL/Bets21/src/main/resources/bets.temp' is opened by 30434@fedora-b

[2023-04-27 00:37:21 #2 type] 
Type domain.Question is not enhanced.

[2023-04-27 00:37:21 #3 type] 
Type domain.Forecast is not enhanced.

[2023-04-27 00:37:21 #4 type] 
Type domain.Event is not enhanced.

[2023-04-27 00:37:21 #5 type] 
Type domain.Bet is not enhanced.

[2023-04-27 00:37:21 #6 type] 
Type domain.User is not enhanced.

------------------------------------------------------------------------------------------------------------------------

[2023-04-27 00:37:48 #1 store] 
Database '/home/borja/git/RepositorioPBL/Bets21/src/main/resources/bets.temp' is opened by 30503@fedora-b

[2023-04-27 00:37:48 #2 type] 
Type domain.Question is not enhanced.

[2023-04-27 00:37:48 #3 type] 
Type domain.Forecast is not enhanced.

[2023-04-27 00:37:48 #4 type] 
Type domain.Event is not enhanced.

[2023-04-27 00:37:48 #5 type] 
Type domain.Bet is not enhanced.

[2023-04-27 00:37:48 #6 type] 
Type domain.User is not enhanced.

------------------------------------------------------------------------------------------------------------------------

[2023-04-27 00:38:12 #1 store] 
Database '/home/borja/git/RepositorioPBL/Bets21/src/main/resources/bets.temp' is opened by 30554@fedora-b

[2023-04-27 00:38:12 #2 type] 
Type domain.Question is not enhanced.

[2023-04-27 00:38:12 #3 type] 
Type domain.Forecast is not enhanced.

[2023-04-27 00:38:12 #4 type] 
Type domain.Event is not enhanced.

[2023-04-27 00:38:12 #5 type] 
Type domain.Bet is not enhanced.

[2023-04-27 00:38:12 #6 type] 
Type domain.User is not enhanced.

------------------------------------------------------------------------------------------------------------------------

[2023-04-27 00:51:09 #1 store] 
Database '/home/borja/git/RepositorioPBL/Bets21/src/main/resources/bets.temp' is opened by 31216@fedora-b

[2023-04-27 00:51:09 #2 type] 
Type domain.Question is not enhanced.

[2023-04-27 00:51:09 #3 type] 
Type domain.Forecast is not enhanced.

[2023-04-27 00:51:09 #4 type] 
Type domain.Event is not enhanced.

[2023-04-27 00:51:09 #5 type] 
Type domain.Bet is not enhanced.

[2023-04-27 00:51:09 #6 type] 
Type domain.User is not enhanced.

------------------------------------------------------------------------------------------------------------------------

[2023-04-27 00:51:21 #1 store] 
Database '/home/borja/git/RepositorioPBL/Bets21/src/main/resources/bets.temp' is opened by 31265@fedora-b

[2023-04-27 00:51:21 #2 type] 
Type domain.Question is not enhanced.

[2023-04-27 00:51:21 #3 type] 
Type domain.Forecast is not enhanced.

[2023-04-27 00:51:21 #4 type] 
Type domain.Event is not enhanced.

[2023-04-27 00:51:21 #5 type] 
Type domain.Bet is not enhanced.

[2023-04-27 00:51:21 #6 type] 
Type domain.User is not enhanced.

------------------------------------------------------------------------------------------------------------------------

[2023-04-27 00:52:38 #1 store] 
Database '/home/borja/git/RepositorioPBL/Bets21/src/main/resources/bets.temp' is opened by 31364@fedora-b

[2023-04-27 00:52:38 #2 type] 
Type domain.Question is not enhanced.

[2023-04-27 00:52:38 #3 type] 
Type domain.Forecast is not enhanced.

[2023-04-27 00:52:38 #4 type] 
Type domain.Event is not enhanced.

[2023-04-27 00:52:38 #5 type] 
Type domain.Bet is not enhanced.

[2023-04-27 00:52:38 #6 type] 
Type domain.User is not enhanced.

------------------------------------------------------------------------------------------------------------------------

[2023-04-27 00:54:39 #1 store] 
Database '/home/borja/git/RepositorioPBL/Bets21/src/main/resources/bets.temp' is opened by 31759@fedora-b

[2023-04-27 00:54:39 #2 type] 
Type domain.Question is not enhanced.

[2023-04-27 00:54:39 #3 type] 
Type domain.Forecast is not enhanced.

[2023-04-27 00:54:39 #4 type] 
Type domain.Event is not enhanced.

[2023-04-27 00:54:39 #5 type] 
Type domain.Bet is not enhanced.

[2023-04-27 00:54:39 #6 type] 
Type domain.User is not enhanced.

------------------------------------------------------------------------------------------------------------------------

[2023-04-27 00:56:56 #1 store] 
Database '/home/borja/git/RepositorioPBL/Bets21/src/main/resources/bets.temp' is opened by 32329@fedora-b

[2023-04-27 00:56:56 #2 type] 
Type domain.Question is not enhanced.

[2023-04-27 00:56:56 #3 type] 
Type domain.Forecast is not enhanced.

[2023-04-27 00:56:56 #4 type] 
Type domain.Event is not enhanced.

[2023-04-27 00:56:56 #5 type] 
Type domain.Bet is not enhanced.

[2023-04-27 00:56:56 #6 type] 
Type domain.User is not enhanced.

------------------------------------------------------------------------------------------------------------------------

[2023-04-27 01:06:35 #1 store] 
Database '/home/borja/git/RepositorioPBL/Bets21/src/main/resources/bets.temp' is opened by 34631@fedora-b

[2023-04-27 01:06:35 #2 type] 
Type domain.Question is not enhanced.

[2023-04-27 01:06:35 #3 type] 
Type domain.Forecast is not enhanced.

[2023-04-27 01:06:35 #4 type] 
Type domain.Event is not enhanced.

[2023-04-27 01:06:35 #5 type] 
Type domain.Bet is not enhanced.

[2023-04-27 01:06:35 #6 type] 
Type domain.User is not enhanced.

------------------------------------------------------------------------------------------------------------------------

[2023-04-27 01:06:58 #1 store] 
Database '/home/borja/git/RepositorioPBL/Bets21/src/main/resources/bets.temp' is opened by 34746@fedora-b

[2023-04-27 01:06:58 #2 type] 
Type domain.Question is not enhanced.

[2023-04-27 01:06:58 #3 type] 
Type domain.Forecast is not enhanced.

[2023-04-27 01:06:58 #4 type] 
Type domain.Event is not enhanced.

[2023-04-27 01:06:58 #5 type] 
Type domain.Bet is not enhanced.

[2023-04-27 01:06:58 #6 type] 
Type domain.User is not enhanced.

------------------------------------------------------------------------------------------------------------------------

[2023-04-27 01:07:12 #1 store] 
Database '/home/borja/git/RepositorioPBL/Bets21/src/main/resources/bets.temp' is opened by 34796@fedora-b

[2023-04-27 01:07:12 #2 type] 
Type domain.Question is not enhanced.

[2023-04-27 01:07:12 #3 type] 
Type domain.Forecast is not enhanced.

[2023-04-27 01:07:12 #4 type] 
Type domain.Event is not enhanced.

[2023-04-27 01:07:12 #5 type] 
Type domain.Bet is not enhanced.

[2023-04-27 01:07:12 #6 type] 
Type domain.User is not enhanced.

------------------------------------------------------------------------------------------------------------------------

[2023-04-27 01:07:19 #1 store] 
Database '/home/borja/git/RepositorioPBL/Bets21/src/main/resources/bets.temp' is opened by 34858@fedora-b

[2023-04-27 01:07:19 #2 type] 
Type domain.Question is not enhanced.

[2023-04-27 01:07:19 #3 type] 
Type domain.Forecast is not enhanced.

[2023-04-27 01:07:19 #4 type] 
Type domain.Event is not enhanced.

[2023-04-27 01:07:19 #5 type] 
Type domain.Bet is not enhanced.

[2023-04-27 01:07:19 #6 type] 
Type domain.User is not enhanced.

------------------------------------------------------------------------------------------------------------------------

[2023-04-27 01:08:27 #1 store] 
Database '/home/borja/git/RepositorioPBL/Bets21/src/main/resources/bets.temp' is opened by 34998@fedora-b

[2023-04-27 01:08:27 #2 type] 
Type domain.Question is not enhanced.

[2023-04-27 01:08:27 #3 type] 
Type domain.Forecast is not enhanced.

[2023-04-27 01:08:27 #4 type] 
Type domain.Event is not enhanced.

[2023-04-27 01:08:27 #5 type] 
Type domain.Bet is not enhanced.

[2023-04-27 01:08:27 #6 type] 
Type domain.User is not enhanced.

------------------------------------------------------------------------------------------------------------------------

[2023-04-27 01:09:07 #1 store] 
Database '/home/borja/git/RepositorioPBL/Bets21/src/main/resources/bets.temp' is opened by 35107@fedora-b

[2023-04-27 01:09:07 #2 type] 
Type domain.Question is not enhanced.

[2023-04-27 01:09:07 #3 type] 
Type domain.Forecast is not enhanced.

[2023-04-27 01:09:07 #4 type] 
Type domain.Event is not enhanced.

[2023-04-27 01:09:07 #5 type] 
Type domain.Bet is not enhanced.

[2023-04-27 01:09:07 #6 type] 
Type domain.User is not enhanced.

------------------------------------------------------------------------------------------------------------------------

[2023-04-27 01:10:23 #1 store] 
Database '/home/borja/git/RepositorioPBL/Bets21/src/main/resources/bets.temp' is opened by 35347@fedora-b

[2023-04-27 01:10:23 #2 type] 
Type domain.Question is not enhanced.

[2023-04-27 01:10:23 #3 type] 
Type domain.Forecast is not enhanced.

[2023-04-27 01:10:23 #4 type] 
Type domain.Event is not enhanced.

[2023-04-27 01:10:23 #5 type] 
Type domain.Bet is not enhanced.

[2023-04-27 01:10:23 #6 type] 
Type domain.User is not enhanced.

------------------------------------------------------------------------------------------------------------------------

[2023-04-27 01:11:20 #1 store] 
Database '/home/borja/git/RepositorioPBL/Bets21/src/main/resources/bets.temp' is opened by 35481@fedora-b

[2023-04-27 01:11:20 #2 type] 
Type domain.Question is not enhanced.

[2023-04-27 01:11:20 #3 type] 
Type domain.Forecast is not enhanced.

[2023-04-27 01:11:20 #4 type] 
Type domain.Event is not enhanced.

[2023-04-27 01:11:20 #5 type] 
Type domain.Bet is not enhanced.

[2023-04-27 01:11:20 #6 type] 
Type domain.User is not enhanced.

------------------------------------------------------------------------------------------------------------------------

[2023-04-27 01:15:00 #1 store] 
Database '/home/borja/git/RepositorioPBL/Bets21/src/main/resources/bets.temp' is opened by 35832@fedora-b

[2023-04-27 01:15:00 #2 type] 
Type domain.Question is not enhanced.

[2023-04-27 01:15:00 #3 type] 
Type domain.Forecast is not enhanced.

[2023-04-27 01:15:00 #4 type] 
Type domain.Event is not enhanced.

[2023-04-27 01:15:00 #5 type] 
Type domain.Bet is not enhanced.

[2023-04-27 01:15:00 #6 type] 
Type domain.User is not enhanced.

------------------------------------------------------------------------------------------------------------------------

[2023-04-27 01:17:01 #1 store] 
Database '/home/borja/git/RepositorioPBL/Bets21/src/main/resources/bets.temp' is opened by 36129@fedora-b

[2023-04-27 01:17:01 #2 type] 
Type domain.Question is not enhanced.

[2023-04-27 01:17:01 #3 type] 
Type domain.Forecast is not enhanced.

[2023-04-27 01:17:01 #4 type] 
Type domain.Event is not enhanced.

[2023-04-27 01:17:01 #5 type] 
Type domain.Bet is not enhanced.

[2023-04-27 01:17:01 #6 type] 
Type domain.User is not enhanced.

------------------------------------------------------------------------------------------------------------------------

[2023-04-27 01:19:23 #1 store] 
Database '/home/borja/git/RepositorioPBL/Bets21/src/main/resources/bets.temp' is opened by 36242@fedora-b

[2023-04-27 01:19:23 #2 type] 
Type domain.Question is not enhanced.

[2023-04-27 01:19:23 #3 type] 
Type domain.Forecast is not enhanced.

[2023-04-27 01:19:23 #4 type] 
Type domain.Event is not enhanced.

[2023-04-27 01:19:23 #5 type] 
Type domain.Bet is not enhanced.

[2023-04-27 01:19:23 #6 type] 
Type domain.User is not enhanced.

------------------------------------------------------------------------------------------------------------------------

[2023-04-27 01:20:13 #1 store] 
Database '/home/borja/git/RepositorioPBL/Bets21/src/main/resources/bets.temp' is opened by 36300@fedora-b

[2023-04-27 01:20:13 #2 type] 
Type domain.Question is not enhanced.

[2023-04-27 01:20:13 #3 type] 
Type domain.Forecast is not enhanced.

[2023-04-27 01:20:13 #4 type] 
Type domain.Event is not enhanced.

[2023-04-27 01:20:13 #5 type] 
Type domain.Bet is not enhanced.

[2023-04-27 01:20:13 #6 type] 
Type domain.User is not enhanced.

------------------------------------------------------------------------------------------------------------------------

[2023-04-27 01:23:46 #1 store] 
Database '/home/borja/git/RepositorioPBL/Bets21/src/main/resources/bets.temp' is opened by 36622@fedora-b

[2023-04-27 01:23:46 #2 type] 
Type domain.Question is not enhanced.

[2023-04-27 01:23:46 #3 type] 
Type domain.Forecast is not enhanced.

[2023-04-27 01:23:46 #4 type] 
Type domain.Event is not enhanced.

[2023-04-27 01:23:46 #5 type] 
Type domain.Bet is not enhanced.

[2023-04-27 01:23:46 #6 type] 
Type domain.User is not enhanced.

------------------------------------------------------------------------------------------------------------------------

[2023-04-27 01:26:34 #1 store] 
Database '/home/borja/git/RepositorioPBL/Bets21/src/main/resources/bets.temp' is opened by 37017@fedora-b

[2023-04-27 01:26:34 #2 type] 
Type domain.Question is not enhanced.

[2023-04-27 01:26:34 #3 type] 
Type domain.Forecast is not enhanced.

[2023-04-27 01:26:34 #4 type] 
Type domain.Event is not enhanced.

[2023-04-27 01:26:34 #5 type] 
Type domain.Bet is not enhanced.

[2023-04-27 01:26:34 #6 type] 
Type domain.User is not enhanced.

------------------------------------------------------------------------------------------------------------------------

[2023-04-27 01:28:01 #1 store] 
Database '/home/borja/git/RepositorioPBL/Bets21/src/main/resources/bets.temp' is opened by 37309@fedora-b

[2023-04-27 01:28:01 #2 type] 
Type domain.Question is not enhanced.

[2023-04-27 01:28:01 #3 type] 
Type domain.Forecast is not enhanced.

[2023-04-27 01:28:01 #4 type] 
Type domain.Event is not enhanced.

[2023-04-27 01:28:01 #5 type] 
Type domain.Bet is not enhanced.

[2023-04-27 01:28:01 #6 type] 
Type domain.User is not enhanced.

------------------------------------------------------------------------------------------------------------------------

[2023-04-27 01:28:41 #1 store] 
Database '/home/borja/git/RepositorioPBL/Bets21/src/main/resources/bets.temp' is opened by 37388@fedora-b

[2023-04-27 01:28:41 #2 type] 
Type domain.Question is not enhanced.

[2023-04-27 01:28:41 #3 type] 
Type domain.Forecast is not enhanced.

[2023-04-27 01:28:41 #4 type] 
Type domain.Event is not enhanced.

[2023-04-27 01:28:41 #5 type] 
Type domain.Bet is not enhanced.

[2023-04-27 01:28:41 #6 type] 
Type domain.User is not enhanced.

------------------------------------------------------------------------------------------------------------------------

[2023-04-27 12:22:31 #1 store] 
Database '/home/borja/git/RepositorioPBL/Bets21/src/main/resources/bets.temp' is opened by 44239@fedora-b

[2023-04-27 12:22:31 #2 type] 
Type domain.Question is not enhanced.

[2023-04-27 12:22:31 #3 type] 
Type domain.Forecast is not enhanced.

[2023-04-27 12:22:31 #4 type] 
Type domain.Event is not enhanced.

[2023-04-27 12:22:31 #5 type] 
Type domain.Bet is not enhanced.

[2023-04-27 12:22:31 #6 type] 
Type domain.User is not enhanced.

------------------------------------------------------------------------------------------------------------------------

[2023-04-27 12:25:02 #1 store] 
Database '/home/borja/git/RepositorioPBL/Bets21/src/main/resources/bets.temp' is opened by 44416@fedora-b

[2023-04-27 12:25:02 #2 type] 
Type domain.Question is not enhanced.

[2023-04-27 12:25:02 #3 type] 
Type domain.Forecast is not enhanced.

[2023-04-27 12:25:02 #4 type] 
Type domain.Event is not enhanced.

[2023-04-27 12:25:02 #5 type] 
Type domain.Bet is not enhanced.

[2023-04-27 12:25:02 #6 type] 
Type domain.User is not enhanced.

------------------------------------------------------------------------------------------------------------------------

[2023-04-27 12:26:07 #1 store] 
Database '/home/borja/git/RepositorioPBL/Bets21/src/main/resources/bets.temp' is opened by 44502@fedora-b

[2023-04-27 12:26:07 #2 type] 
Type domain.Question is not enhanced.

[2023-04-27 12:26:07 #3 type] 
Type domain.Forecast is not enhanced.

[2023-04-27 12:26:07 #4 type] 
Type domain.Event is not enhanced.

[2023-04-27 12:26:07 #5 type] 
Type domain.Bet is not enhanced.

[2023-04-27 12:26:07 #6 type] 
Type domain.User is not enhanced.

------------------------------------------------------------------------------------------------------------------------

[2023-04-27 12:27:03 #1 store] 
Database '/home/borja/git/RepositorioPBL/Bets21/src/main/resources/bets.temp' is opened by 44610@fedora-b

[2023-04-27 12:27:03 #2 type] 
Type domain.Question is not enhanced.

[2023-04-27 12:27:03 #3 type] 
Type domain.Forecast is not enhanced.

[2023-04-27 12:27:03 #4 type] 
Type domain.Event is not enhanced.

[2023-04-27 12:27:03 #5 type] 
Type domain.Bet is not enhanced.

[2023-04-27 12:27:03 #6 type] 
Type domain.User is not enhanced.

------------------------------------------------------------------------------------------------------------------------

[2023-04-27 12:27:33 #1 store] 
Database '/home/borja/git/RepositorioPBL/Bets21/src/main/resources/bets.temp' is opened by 44677@fedora-b

[2023-04-27 12:27:33 #2 type] 
Type domain.Question is not enhanced.

[2023-04-27 12:27:33 #3 type] 
Type domain.Forecast is not enhanced.

[2023-04-27 12:27:33 #4 type] 
Type domain.Event is not enhanced.

[2023-04-27 12:27:33 #5 type] 
Type domain.Bet is not enhanced.

[2023-04-27 12:27:33 #6 type] 
Type domain.User is not enhanced.

------------------------------------------------------------------------------------------------------------------------

[2023-04-27 12:27:46 #1 store] 
Database '/home/borja/git/RepositorioPBL/Bets21/src/main/resources/bets.temp' is opened by 44725@fedora-b

[2023-04-27 12:27:47 #2 type] 
Type domain.Question is not enhanced.

[2023-04-27 12:27:47 #3 type] 
Type domain.Forecast is not enhanced.

[2023-04-27 12:27:47 #4 type] 
Type domain.Event is not enhanced.

[2023-04-27 12:27:47 #5 type] 
Type domain.Bet is not enhanced.

[2023-04-27 12:27:47 #6 type] 
Type domain.User is not enhanced.

------------------------------------------------------------------------------------------------------------------------

[2023-04-27 12:40:01 #1 store] 
Database '/home/borja/git/RepositorioPBL/Bets21/src/main/resources/bets.temp' is opened by 44958@fedora-b

[2023-04-27 12:40:02 #2 type] 
Type domain.Question is not enhanced.

[2023-04-27 12:40:02 #3 type] 
Type domain.Forecast is not enhanced.

[2023-04-27 12:40:02 #4 type] 
Type domain.Event is not enhanced.

[2023-04-27 12:40:02 #5 type] 
Type domain.Bet is not enhanced.

[2023-04-27 12:40:02 #6 type] 
Type domain.User is not enhanced.

------------------------------------------------------------------------------------------------------------------------

[2023-04-27 12:40:16 #1 store] 
Database '/home/borja/git/RepositorioPBL/Bets21/src/main/resources/bets.temp' is opened by 45021@fedora-b

[2023-04-27 12:40:16 #2 type] 
Type domain.Question is not enhanced.

[2023-04-27 12:40:16 #3 type] 
Type domain.Forecast is not enhanced.

[2023-04-27 12:40:16 #4 type] 
Type domain.Event is not enhanced.

[2023-04-27 12:40:16 #5 type] 
Type domain.Bet is not enhanced.

[2023-04-27 12:40:16 #6 type] 
Type domain.User is not enhanced.

------------------------------------------------------------------------------------------------------------------------

[2023-04-27 12:41:30 #1 store] 
Database '/home/borja/git/RepositorioPBL/Bets21/src/main/resources/bets.temp' is opened by 45112@fedora-b

[2023-04-27 12:41:30 #2 type] 
Type domain.Question is not enhanced.

[2023-04-27 12:41:30 #3 type] 
Type domain.Forecast is not enhanced.

[2023-04-27 12:41:30 #4 type] 
Type domain.Event is not enhanced.

[2023-04-27 12:41:30 #5 type] 
Type domain.Bet is not enhanced.

[2023-04-27 12:41:30 #6 type] 
Type domain.User is not enhanced.

------------------------------------------------------------------------------------------------------------------------

[2023-04-27 12:42:03 #1 store] 
Database '/home/borja/git/RepositorioPBL/Bets21/src/main/resources/bets.temp' is opened by 45282@fedora-b

[2023-04-27 12:42:04 #2 type] 
Type domain.Question is not enhanced.

[2023-04-27 12:42:04 #3 type] 
Type domain.Forecast is not enhanced.

[2023-04-27 12:42:04 #4 type] 
Type domain.Event is not enhanced.

[2023-04-27 12:42:04 #5 type] 
Type domain.Bet is not enhanced.

[2023-04-27 12:42:04 #6 type] 
Type domain.User is not enhanced.

------------------------------------------------------------------------------------------------------------------------

[2023-04-27 12:42:34 #1 store] 
Database '/home/borja/git/RepositorioPBL/Bets21/src/main/resources/bets.temp' is opened by 45364@fedora-b

[2023-04-27 12:42:34 #2 type] 
Type domain.Question is not enhanced.

[2023-04-27 12:42:34 #3 type] 
Type domain.Forecast is not enhanced.

[2023-04-27 12:42:34 #4 type] 
Type domain.Event is not enhanced.

[2023-04-27 12:42:34 #5 type] 
Type domain.Bet is not enhanced.

[2023-04-27 12:42:34 #6 type] 
Type domain.User is not enhanced.

------------------------------------------------------------------------------------------------------------------------

[2023-04-27 12:42:49 #1 store] 
Database '/home/borja/git/RepositorioPBL/Bets21/src/main/resources/bets.temp' is opened by 45412@fedora-b

[2023-04-27 12:42:49 #2 type] 
Type domain.Question is not enhanced.

[2023-04-27 12:42:49 #3 type] 
Type domain.Forecast is not enhanced.

[2023-04-27 12:42:49 #4 type] 
Type domain.Event is not enhanced.

[2023-04-27 12:42:49 #5 type] 
Type domain.Bet is not enhanced.

[2023-04-27 12:42:49 #6 type] 
Type domain.User is not enhanced.

------------------------------------------------------------------------------------------------------------------------

[2023-04-27 12:43:01 #1 store] 
Database '/home/borja/git/RepositorioPBL/Bets21/src/main/resources/bets.temp' is opened by 45456@fedora-b

[2023-04-27 12:43:01 #2 type] 
Type domain.Question is not enhanced.

[2023-04-27 12:43:01 #3 type] 
Type domain.Forecast is not enhanced.

[2023-04-27 12:43:01 #4 type] 
Type domain.Event is not enhanced.

[2023-04-27 12:43:01 #5 type] 
Type domain.Bet is not enhanced.

[2023-04-27 12:43:01 #6 type] 
Type domain.User is not enhanced.

------------------------------------------------------------------------------------------------------------------------

[2023-04-27 12:43:21 #1 store] 
Database '/home/borja/git/RepositorioPBL/Bets21/src/main/resources/bets.temp' is opened by 45509@fedora-b

[2023-04-27 12:43:21 #2 type] 
Type domain.Question is not enhanced.

[2023-04-27 12:43:21 #3 type] 
Type domain.Forecast is not enhanced.

[2023-04-27 12:43:21 #4 type] 
Type domain.Event is not enhanced.

[2023-04-27 12:43:21 #5 type] 
Type domain.Bet is not enhanced.

[2023-04-27 12:43:21 #6 type] 
Type domain.User is not enhanced.

------------------------------------------------------------------------------------------------------------------------

[2023-04-27 12:44:56 #1 store] 
Database '/home/borja/git/RepositorioPBL/Bets21/src/main/resources/bets.temp' is opened by 45664@fedora-b

[2023-04-27 12:44:56 #2 type] 
Type domain.Question is not enhanced.

[2023-04-27 12:44:56 #3 type] 
Type domain.Forecast is not enhanced.

[2023-04-27 12:44:56 #4 type] 
Type domain.Event is not enhanced.

[2023-04-27 12:44:56 #5 type] 
Type domain.Bet is not enhanced.

[2023-04-27 12:44:56 #6 type] 
Type domain.User is not enhanced.

------------------------------------------------------------------------------------------------------------------------

[2023-04-27 12:45:39 #1 store] 
Database '/home/borja/git/RepositorioPBL/Bets21/src/main/resources/bets.temp' is opened by 45779@fedora-b

[2023-04-27 12:45:39 #2 type] 
Type domain.Question is not enhanced.

[2023-04-27 12:45:39 #3 type] 
Type domain.Forecast is not enhanced.

[2023-04-27 12:45:39 #4 type] 
Type domain.Event is not enhanced.

[2023-04-27 12:45:39 #5 type] 
Type domain.Bet is not enhanced.

[2023-04-27 12:45:39 #6 type] 
Type domain.User is not enhanced.

------------------------------------------------------------------------------------------------------------------------

[2023-04-27 12:45:58 #1 store] 
Database '/home/borja/git/RepositorioPBL/Bets21/src/main/resources/bets.temp' is opened by 45832@fedora-b

[2023-04-27 12:45:58 #2 type] 
Type domain.Question is not enhanced.

[2023-04-27 12:45:58 #3 type] 
Type domain.Forecast is not enhanced.

[2023-04-27 12:45:58 #4 type] 
Type domain.Event is not enhanced.

[2023-04-27 12:45:58 #5 type] 
Type domain.Bet is not enhanced.

[2023-04-27 12:45:58 #6 type] 
Type domain.User is not enhanced.

------------------------------------------------------------------------------------------------------------------------

[2023-04-27 12:46:24 #1 store] 
Database '/home/borja/git/RepositorioPBL/Bets21/src/main/resources/bets.temp' is opened by 45885@fedora-b

[2023-04-27 12:46:24 #2 type] 
Type domain.Question is not enhanced.

[2023-04-27 12:46:24 #3 type] 
Type domain.Forecast is not enhanced.

[2023-04-27 12:46:24 #4 type] 
Type domain.Event is not enhanced.

[2023-04-27 12:46:24 #5 type] 
Type domain.Bet is not enhanced.

[2023-04-27 12:46:24 #6 type] 
Type domain.User is not enhanced.

------------------------------------------------------------------------------------------------------------------------

[2023-04-27 12:46:53 #1 store] 
Database '/home/borja/git/RepositorioPBL/Bets21/src/main/resources/bets.temp' is opened by 45947@fedora-b

[2023-04-27 12:46:53 #2 type] 
Type domain.Question is not enhanced.

[2023-04-27 12:46:53 #3 type] 
Type domain.Forecast is not enhanced.

[2023-04-27 12:46:53 #4 type] 
Type domain.Event is not enhanced.

[2023-04-27 12:46:53 #5 type] 
Type domain.Bet is not enhanced.

[2023-04-27 12:46:53 #6 type] 
Type domain.User is not enhanced.

------------------------------------------------------------------------------------------------------------------------

[2023-04-27 12:58:34 #1 store] 
Database '/home/borja/git/RepositorioPBL/Bets21/src/main/resources/bets.temp' is opened by 46825@fedora-b

[2023-04-27 12:58:34 #2 type] 
Type domain.Question is not enhanced.

[2023-04-27 12:58:34 #3 type] 
Type domain.Forecast is not enhanced.

[2023-04-27 12:58:34 #4 type] 
Type domain.Event is not enhanced.

[2023-04-27 12:58:34 #5 type] 
Type domain.Bet is not enhanced.

[2023-04-27 12:58:34 #6 type] 
Type domain.User is not enhanced.

------------------------------------------------------------------------------------------------------------------------

[2023-04-27 17:06:47 #1 store] 
Database '/home/borja/git/RepositorioPBL/Bets21/src/main/resources/bets.temp' is opened by 4102@fedora-b

[2023-04-27 17:06:47 #2 type] 
Type domain.Question is not enhanced.

[2023-04-27 17:06:47 #3 type] 
Type domain.Forecast is not enhanced.

[2023-04-27 17:06:47 #4 type] 
Type domain.Event is not enhanced.

[2023-04-27 17:06:47 #5 type] 
Type domain.Bet is not enhanced.

[2023-04-27 17:06:47 #6 type] 
Type domain.User is not enhanced.

------------------------------------------------------------------------------------------------------------------------

[2023-04-27 17:10:42 #1 store] 
Database '/home/borja/git/RepositorioPBL/Bets21/src/main/resources/bets.temp' is opened by 4688@fedora-b

[2023-04-27 17:10:43 #2 type] 
Type domain.Question is not enhanced.

[2023-04-27 17:10:43 #3 type] 
Type domain.Forecast is not enhanced.

[2023-04-27 17:10:43 #4 type] 
Type domain.Event is not enhanced.

[2023-04-27 17:10:43 #5 type] 
Type domain.Bet is not enhanced.

[2023-04-27 17:10:43 #6 type] 
Type domain.User is not enhanced.

------------------------------------------------------------------------------------------------------------------------

[2023-04-27 17:15:19 #1 store] 
Database '/home/borja/git/RepositorioPBL/Bets21/src/main/resources/bets.temp' is opened by 5183@fedora-b

[2023-04-27 17:15:20 #2 type] 
Type domain.Question is not enhanced.

[2023-04-27 17:15:20 #3 type] 
Type domain.Forecast is not enhanced.

[2023-04-27 17:15:20 #4 type] 
Type domain.Event is not enhanced.

[2023-04-27 17:15:20 #5 type] 
Type domain.Bet is not enhanced.

[2023-04-27 17:15:20 #6 type] 
Type domain.User is not enhanced.

------------------------------------------------------------------------------------------------------------------------

[2023-04-27 17:17:02 #1 store] 
Database '/home/borja/git/RepositorioPBL/Bets21/src/main/resources/bets.temp' is opened by 5339@fedora-b

[2023-04-27 17:17:03 #2 type] 
Type domain.Question is not enhanced.

[2023-04-27 17:17:03 #3 type] 
Type domain.Forecast is not enhanced.

[2023-04-27 17:17:03 #4 type] 
Type domain.Event is not enhanced.

[2023-04-27 17:17:03 #5 type] 
Type domain.Bet is not enhanced.

[2023-04-27 17:17:03 #6 type] 
Type domain.User is not enhanced.

------------------------------------------------------------------------------------------------------------------------

[2023-04-27 17:17:11 #1 store] 
Database '/home/borja/git/RepositorioPBL/Bets21/src/main/resources/bets.temp' is opened by 5402@fedora-b

[2023-04-27 17:17:11 #2 type] 
Type domain.Question is not enhanced.

[2023-04-27 17:17:11 #3 type] 
Type domain.Forecast is not enhanced.

[2023-04-27 17:17:11 #4 type] 
Type domain.Event is not enhanced.

[2023-04-27 17:17:11 #5 type] 
Type domain.Bet is not enhanced.

[2023-04-27 17:17:11 #6 type] 
Type domain.User is not enhanced.

------------------------------------------------------------------------------------------------------------------------

[2023-04-27 17:17:43 #1 store] 
Database '/home/borja/git/RepositorioPBL/Bets21/src/main/resources/bets.temp' is opened by 5490@fedora-b

[2023-04-27 17:17:43 #2 type] 
Type domain.Question is not enhanced.

[2023-04-27 17:17:43 #3 type] 
Type domain.Forecast is not enhanced.

[2023-04-27 17:17:43 #4 type] 
Type domain.Event is not enhanced.

[2023-04-27 17:17:43 #5 type] 
Type domain.Bet is not enhanced.

[2023-04-27 17:17:43 #6 type] 
Type domain.User is not enhanced.

------------------------------------------------------------------------------------------------------------------------

[2023-04-27 17:20:36 #1 store] 
Database '/home/borja/git/RepositorioPBL/Bets21/src/main/resources/bets.temp' is opened by 5821@fedora-b

[2023-04-27 17:20:36 #2 type] 
Type domain.Question is not enhanced.

[2023-04-27 17:20:36 #3 type] 
Type domain.Forecast is not enhanced.

[2023-04-27 17:20:36 #4 type] 
Type domain.Event is not enhanced.

[2023-04-27 17:20:36 #5 type] 
Type domain.Bet is not enhanced.

[2023-04-27 17:20:36 #6 type] 
Type domain.User is not enhanced.

------------------------------------------------------------------------------------------------------------------------

[2023-04-27 17:21:16 #1 store] 
Database '/home/borja/git/RepositorioPBL/Bets21/src/main/resources/bets.temp' is opened by 5924@fedora-b

[2023-04-27 17:21:16 #2 type] 
Type domain.Question is not enhanced.

[2023-04-27 17:21:16 #3 type] 
Type domain.Forecast is not enhanced.

[2023-04-27 17:21:16 #4 type] 
Type domain.Event is not enhanced.

[2023-04-27 17:21:16 #5 type] 
Type domain.Bet is not enhanced.

[2023-04-27 17:21:16 #6 type] 
Type domain.User is not enhanced.

------------------------------------------------------------------------------------------------------------------------

[2023-04-27 17:23:55 #1 store] 
Database '/home/borja/git/RepositorioPBL/Bets21/src/main/resources/bets.temp' is opened by 6224@fedora-b

[2023-04-27 17:23:55 #2 type] 
Type domain.Question is not enhanced.

[2023-04-27 17:23:55 #3 type] 
Type domain.Forecast is not enhanced.

[2023-04-27 17:23:55 #4 type] 
Type domain.Event is not enhanced.

[2023-04-27 17:23:55 #5 type] 
Type domain.Bet is not enhanced.

[2023-04-27 17:23:55 #6 type] 
Type domain.User is not enhanced.

------------------------------------------------------------------------------------------------------------------------

[2023-04-27 17:26:13 #1 store] 
Database '/home/borja/git/RepositorioPBL/Bets21/src/main/resources/bets.temp' is opened by 6333@fedora-b

[2023-04-27 17:26:13 #2 type] 
Type domain.Question is not enhanced.

[2023-04-27 17:26:13 #3 type] 
Type domain.Forecast is not enhanced.

[2023-04-27 17:26:13 #4 type] 
Type domain.Event is not enhanced.

[2023-04-27 17:26:13 #5 type] 
Type domain.Bet is not enhanced.

[2023-04-27 17:26:13 #6 type] 
Type domain.User is not enhanced.

------------------------------------------------------------------------------------------------------------------------

[2023-04-27 17:27:43 #1 store] 
Database '/home/borja/git/RepositorioPBL/Bets21/src/main/resources/bets.temp' is opened by 6426@fedora-b

[2023-04-27 17:27:43 #2 type] 
Type domain.Question is not enhanced.

[2023-04-27 17:27:43 #3 type] 
Type domain.Forecast is not enhanced.

[2023-04-27 17:27:43 #4 type] 
Type domain.Event is not enhanced.

[2023-04-27 17:27:43 #5 type] 
Type domain.Bet is not enhanced.

[2023-04-27 17:27:43 #6 type] 
Type domain.User is not enhanced.

------------------------------------------------------------------------------------------------------------------------

[2023-04-27 17:28:53 #1 store] 
Database '/home/borja/git/RepositorioPBL/Bets21/src/main/resources/bets.temp' is opened by 6532@fedora-b

[2023-04-27 17:28:53 #2 type] 
Type domain.Question is not enhanced.

[2023-04-27 17:28:53 #3 type] 
Type domain.Forecast is not enhanced.

[2023-04-27 17:28:53 #4 type] 
Type domain.Event is not enhanced.

[2023-04-27 17:28:53 #5 type] 
Type domain.Bet is not enhanced.

[2023-04-27 17:28:53 #6 type] 
Type domain.User is not enhanced.

------------------------------------------------------------------------------------------------------------------------

[2023-04-27 17:29:24 #1 store] 
Database '/home/borja/git/RepositorioPBL/Bets21/src/main/resources/bets.temp' is opened by 6594@fedora-b

[2023-04-27 17:29:25 #2 type] 
Type domain.Question is not enhanced.

[2023-04-27 17:29:25 #3 type] 
Type domain.Forecast is not enhanced.

[2023-04-27 17:29:25 #4 type] 
Type domain.Event is not enhanced.

[2023-04-27 17:29:25 #5 type] 
Type domain.Bet is not enhanced.

[2023-04-27 17:29:25 #6 type] 
Type domain.User is not enhanced.

------------------------------------------------------------------------------------------------------------------------

[2023-04-27 17:32:31 #1 store] 
Database '/home/borja/git/RepositorioPBL/Bets21/src/main/resources/bets.temp' is opened by 6976@fedora-b

[2023-04-27 17:32:31 #2 type] 
Type domain.Question is not enhanced.

[2023-04-27 17:32:31 #3 type] 
Type domain.Forecast is not enhanced.

[2023-04-27 17:32:31 #4 type] 
Type domain.Event is not enhanced.

[2023-04-27 17:32:31 #5 type] 
Type domain.Bet is not enhanced.

[2023-04-27 17:32:31 #6 type] 
Type domain.User is not enhanced.

------------------------------------------------------------------------------------------------------------------------

[2023-04-27 17:32:39 #1 store] 
Database '/home/borja/git/RepositorioPBL/Bets21/src/main/resources/bets.temp' is opened by 7028@fedora-b

[2023-04-27 17:32:39 #2 type] 
Type domain.Question is not enhanced.

[2023-04-27 17:32:39 #3 type] 
Type domain.Forecast is not enhanced.

[2023-04-27 17:32:39 #4 type] 
Type domain.Event is not enhanced.

[2023-04-27 17:32:39 #5 type] 
Type domain.Bet is not enhanced.

[2023-04-27 17:32:39 #6 type] 
Type domain.User is not enhanced.

------------------------------------------------------------------------------------------------------------------------

[2023-04-27 17:39:55 #1 store] 
Database '/home/borja/git/RepositorioPBL/Bets21/src/main/resources/bets.temp' is opened by 7679@fedora-b

[2023-04-27 17:39:55 #2 type] 
Type domain.Question is not enhanced.

[2023-04-27 17:39:55 #3 type] 
Type domain.Forecast is not enhanced.

[2023-04-27 17:39:55 #4 type] 
Type domain.Event is not enhanced.

[2023-04-27 17:39:55 #5 type] 
Type domain.Bet is not enhanced.

[2023-04-27 17:39:55 #6 type] 
Type domain.User is not enhanced.

------------------------------------------------------------------------------------------------------------------------

[2023-04-27 17:40:28 #1 store] 
Database '/home/borja/git/RepositorioPBL/Bets21/src/main/resources/bets.temp' is opened by 7738@fedora-b

[2023-04-27 17:40:28 #2 type] 
Type domain.Question is not enhanced.

[2023-04-27 17:40:28 #3 type] 
Type domain.Forecast is not enhanced.

[2023-04-27 17:40:28 #4 type] 
Type domain.Event is not enhanced.

[2023-04-27 17:40:28 #5 type] 
Type domain.Bet is not enhanced.

[2023-04-27 17:40:28 #6 type] 
Type domain.User is not enhanced.

------------------------------------------------------------------------------------------------------------------------

[2023-04-27 17:41:10 #1 store] 
Database '/home/borja/git/RepositorioPBL/Bets21/src/main/resources/bets.temp' is opened by 7864@fedora-b

[2023-04-27 17:41:10 #2 type] 
Type domain.Question is not enhanced.

[2023-04-27 17:41:10 #3 type] 
Type domain.Forecast is not enhanced.

[2023-04-27 17:41:10 #4 type] 
Type domain.Event is not enhanced.

[2023-04-27 17:41:10 #5 type] 
Type domain.Bet is not enhanced.

[2023-04-27 17:41:10 #6 type] 
Type domain.User is not enhanced.

------------------------------------------------------------------------------------------------------------------------

[2023-04-27 17:41:42 #1 store] 
Database '/home/borja/git/RepositorioPBL/Bets21/src/main/resources/bets.temp' is opened by 7922@fedora-b

[2023-04-27 17:41:42 #2 type] 
Type domain.Question is not enhanced.

[2023-04-27 17:41:42 #3 type] 
Type domain.Forecast is not enhanced.

[2023-04-27 17:41:42 #4 type] 
Type domain.Event is not enhanced.

[2023-04-27 17:41:42 #5 type] 
Type domain.Bet is not enhanced.

[2023-04-27 17:41:42 #6 type] 
Type domain.User is not enhanced.

------------------------------------------------------------------------------------------------------------------------

[2023-04-27 17:46:44 #1 store] 
Database '/home/borja/git/RepositorioPBL/Bets21/src/main/resources/bets.temp' is opened by 8283@fedora-b

[2023-04-27 17:46:44 #2 type] 
Type domain.Question is not enhanced.

[2023-04-27 17:46:44 #3 type] 
Type domain.Forecast is not enhanced.

[2023-04-27 17:46:44 #4 type] 
Type domain.Event is not enhanced.

[2023-04-27 17:46:44 #5 type] 
Type domain.Bet is not enhanced.

[2023-04-27 17:46:44 #6 type] 
Type domain.User is not enhanced.

------------------------------------------------------------------------------------------------------------------------

[2023-04-27 17:47:53 #1 store] 
Database '/home/borja/git/RepositorioPBL/Bets21/src/main/resources/bets.temp' is opened by 8380@fedora-b

[2023-04-27 17:47:53 #2 type] 
Type domain.Question is not enhanced.

[2023-04-27 17:47:53 #3 type] 
Type domain.Forecast is not enhanced.

[2023-04-27 17:47:53 #4 type] 
Type domain.Event is not enhanced.

[2023-04-27 17:47:53 #5 type] 
Type domain.Bet is not enhanced.

[2023-04-27 17:47:53 #6 type] 
Type domain.User is not enhanced.

------------------------------------------------------------------------------------------------------------------------

[2023-04-27 17:48:26 #1 store] 
Database '/home/borja/git/RepositorioPBL/Bets21/src/main/resources/bets.temp' is opened by 8451@fedora-b

[2023-04-27 17:48:26 #2 type] 
Type domain.Question is not enhanced.

[2023-04-27 17:48:26 #3 type] 
Type domain.Forecast is not enhanced.

[2023-04-27 17:48:26 #4 type] 
Type domain.Event is not enhanced.

[2023-04-27 17:48:26 #5 type] 
Type domain.Bet is not enhanced.

[2023-04-27 17:48:26 #6 type] 
Type domain.User is not enhanced.

------------------------------------------------------------------------------------------------------------------------

[2023-04-27 17:48:41 #1 store] 
Database '/home/borja/git/RepositorioPBL/Bets21/src/main/resources/bets.temp' is opened by 8499@fedora-b

[2023-04-27 17:48:41 #2 type] 
Type domain.Question is not enhanced.

[2023-04-27 17:48:41 #3 type] 
Type domain.Forecast is not enhanced.

[2023-04-27 17:48:41 #4 type] 
Type domain.Event is not enhanced.

[2023-04-27 17:48:41 #5 type] 
Type domain.Bet is not enhanced.

[2023-04-27 17:48:41 #6 type] 
Type domain.User is not enhanced.

------------------------------------------------------------------------------------------------------------------------

[2023-04-27 17:52:07 #1 store] 
Database '/home/borja/git/RepositorioPBL/Bets21/src/main/resources/bets.temp' is opened by 8703@fedora-b

[2023-04-27 17:52:07 #2 type] 
Type domain.Question is not enhanced.

[2023-04-27 17:52:07 #3 type] 
Type domain.Forecast is not enhanced.

[2023-04-27 17:52:07 #4 type] 
Type domain.Event is not enhanced.

[2023-04-27 17:52:07 #5 type] 
Type domain.Bet is not enhanced.

[2023-04-27 17:52:07 #6 type] 
Type domain.User is not enhanced.

------------------------------------------------------------------------------------------------------------------------

[2023-04-27 17:53:12 #1 store] 
Database '/home/borja/git/RepositorioPBL/Bets21/src/main/resources/bets.temp' is opened by 8809@fedora-b

[2023-04-27 17:53:12 #2 type] 
Type domain.Question is not enhanced.

[2023-04-27 17:53:12 #3 type] 
Type domain.Forecast is not enhanced.

[2023-04-27 17:53:12 #4 type] 
Type domain.Event is not enhanced.

[2023-04-27 17:53:12 #5 type] 
Type domain.Bet is not enhanced.

[2023-04-27 17:53:12 #6 type] 
Type domain.User is not enhanced.

------------------------------------------------------------------------------------------------------------------------

[2023-04-27 17:53:31 #1 store] 
Database '/home/borja/git/RepositorioPBL/Bets21/src/main/resources/bets.temp' is opened by 8858@fedora-b

[2023-04-27 17:53:31 #2 type] 
Type domain.Question is not enhanced.

[2023-04-27 17:53:31 #3 type] 
Type domain.Forecast is not enhanced.

[2023-04-27 17:53:31 #4 type] 
Type domain.Event is not enhanced.

[2023-04-27 17:53:31 #5 type] 
Type domain.Bet is not enhanced.

[2023-04-27 17:53:31 #6 type] 
Type domain.User is not enhanced.

------------------------------------------------------------------------------------------------------------------------

[2023-04-27 17:53:47 #1 store] 
Database '/home/borja/git/RepositorioPBL/Bets21/src/main/resources/bets.temp' is opened by 8911@fedora-b

[2023-04-27 17:53:47 #2 type] 
Type domain.Question is not enhanced.

[2023-04-27 17:53:47 #3 type] 
Type domain.Forecast is not enhanced.

[2023-04-27 17:53:47 #4 type] 
Type domain.Event is not enhanced.

[2023-04-27 17:53:47 #5 type] 
Type domain.Bet is not enhanced.

[2023-04-27 17:53:47 #6 type] 
Type domain.User is not enhanced.

------------------------------------------------------------------------------------------------------------------------

[2023-04-27 17:54:31 #1 store] 
Database '/home/borja/git/RepositorioPBL/Bets21/src/main/resources/bets.temp' is opened by 9024@fedora-b

[2023-04-27 17:54:31 #2 type] 
Type domain.Question is not enhanced.

[2023-04-27 17:54:31 #3 type] 
Type domain.Forecast is not enhanced.

[2023-04-27 17:54:31 #4 type] 
Type domain.Event is not enhanced.

[2023-04-27 17:54:31 #5 type] 
Type domain.Bet is not enhanced.

[2023-04-27 17:54:31 #6 type] 
Type domain.User is not enhanced.

------------------------------------------------------------------------------------------------------------------------

[2023-04-27 17:56:00 #1 store] 
Database '/home/borja/git/RepositorioPBL/Bets21/src/main/resources/bets.temp' is opened by 9125@fedora-b

[2023-04-27 17:56:00 #2 type] 
Type domain.Question is not enhanced.

[2023-04-27 17:56:00 #3 type] 
Type domain.Forecast is not enhanced.

[2023-04-27 17:56:00 #4 type] 
Type domain.Event is not enhanced.

[2023-04-27 17:56:00 #5 type] 
Type domain.Bet is not enhanced.

[2023-04-27 17:56:00 #6 type] 
Type domain.User is not enhanced.

------------------------------------------------------------------------------------------------------------------------

[2023-04-27 17:56:30 #1 store] 
Database '/home/borja/git/RepositorioPBL/Bets21/src/main/resources/bets.temp' is opened by 9195@fedora-b

[2023-04-27 17:56:30 #2 type] 
Type domain.Question is not enhanced.

[2023-04-27 17:56:30 #3 type] 
Type domain.Forecast is not enhanced.

[2023-04-27 17:56:30 #4 type] 
Type domain.Event is not enhanced.

[2023-04-27 17:56:30 #5 type] 
Type domain.Bet is not enhanced.

[2023-04-27 17:56:30 #6 type] 
Type domain.User is not enhanced.

------------------------------------------------------------------------------------------------------------------------

[2023-04-27 17:58:39 #1 store] 
Database '/home/borja/git/RepositorioPBL/Bets21/src/main/resources/bets.temp' is opened by 9733@fedora-b

[2023-04-27 17:58:39 #2 type] 
Type domain.Question is not enhanced.

[2023-04-27 17:58:39 #3 type] 
Type domain.Forecast is not enhanced.

[2023-04-27 17:58:39 #4 type] 
Type domain.Event is not enhanced.

[2023-04-27 17:58:39 #5 type] 
Type domain.Bet is not enhanced.

[2023-04-27 17:58:39 #6 type] 
Type domain.User is not enhanced.

------------------------------------------------------------------------------------------------------------------------

[2023-04-27 17:58:51 #1 store] 
Database '/home/borja/git/RepositorioPBL/Bets21/src/main/resources/bets.temp' is opened by 9794@fedora-b

[2023-04-27 17:58:51 #2 type] 
Type domain.Question is not enhanced.

[2023-04-27 17:58:51 #3 type] 
Type domain.Forecast is not enhanced.

[2023-04-27 17:58:51 #4 type] 
Type domain.Event is not enhanced.

[2023-04-27 17:58:51 #5 type] 
Type domain.Bet is not enhanced.

[2023-04-27 17:58:51 #6 type] 
Type domain.User is not enhanced.

------------------------------------------------------------------------------------------------------------------------

[2023-04-27 17:59:16 #1 store] 
Database '/home/borja/git/RepositorioPBL/Bets21/src/main/resources/bets.temp' is opened by 9869@fedora-b

[2023-04-27 17:59:17 #2 type] 
Type domain.Question is not enhanced.

[2023-04-27 17:59:17 #3 type] 
Type domain.Forecast is not enhanced.

[2023-04-27 17:59:17 #4 type] 
Type domain.Event is not enhanced.

[2023-04-27 17:59:17 #5 type] 
Type domain.Bet is not enhanced.

[2023-04-27 17:59:17 #6 type] 
Type domain.User is not enhanced.

------------------------------------------------------------------------------------------------------------------------

[2023-04-27 18:00:08 #1 store] 
Database '/home/borja/git/RepositorioPBL/Bets21/src/main/resources/bets.temp' is opened by 10002@fedora-b

[2023-04-27 18:00:08 #2 type] 
Type domain.Question is not enhanced.

[2023-04-27 18:00:08 #3 type] 
Type domain.Forecast is not enhanced.

[2023-04-27 18:00:08 #4 type] 
Type domain.Event is not enhanced.

[2023-04-27 18:00:08 #5 type] 
Type domain.Bet is not enhanced.

[2023-04-27 18:00:08 #6 type] 
Type domain.User is not enhanced.

------------------------------------------------------------------------------------------------------------------------

[2023-04-27 18:01:36 #1 store] 
Database '/home/borja/git/RepositorioPBL/Bets21/src/main/resources/bets.temp' is opened by 10204@fedora-b

[2023-04-27 18:01:37 #2 type] 
Type domain.Question is not enhanced.

[2023-04-27 18:01:37 #3 type] 
Type domain.Forecast is not enhanced.

[2023-04-27 18:01:37 #4 type] 
Type domain.Event is not enhanced.

[2023-04-27 18:01:37 #5 type] 
Type domain.Bet is not enhanced.

[2023-04-27 18:01:37 #6 type] 
Type domain.User is not enhanced.

------------------------------------------------------------------------------------------------------------------------

[2023-04-27 18:02:31 #1 store] 
Database '/home/borja/git/RepositorioPBL/Bets21/src/main/resources/bets.temp' is opened by 10277@fedora-b

[2023-04-27 18:02:31 #2 type] 
Type domain.Question is not enhanced.

[2023-04-27 18:02:31 #3 type] 
Type domain.Forecast is not enhanced.

[2023-04-27 18:02:31 #4 type] 
Type domain.Event is not enhanced.

[2023-04-27 18:02:31 #5 type] 
Type domain.Bet is not enhanced.

[2023-04-27 18:02:31 #6 type] 
Type domain.User is not enhanced.

------------------------------------------------------------------------------------------------------------------------

[2023-04-27 18:05:24 #1 store] 
Database '/home/borja/git/RepositorioPBL/Bets21/src/main/resources/bets.temp' is opened by 10428@fedora-b

[2023-04-27 18:05:24 #2 type] 
Type domain.Question is not enhanced.

[2023-04-27 18:05:24 #3 type] 
Type domain.Forecast is not enhanced.

[2023-04-27 18:05:24 #4 type] 
Type domain.Event is not enhanced.

[2023-04-27 18:05:24 #5 type] 
Type domain.Bet is not enhanced.

[2023-04-27 18:05:24 #6 type] 
Type domain.User is not enhanced.

------------------------------------------------------------------------------------------------------------------------

[2023-04-27 18:11:47 #1 store] 
Database '/home/borja/git/RepositorioPBL/Bets21/src/main/resources/bets.temp' is opened by 11297@fedora-b

[2023-04-27 18:11:47 #2 type] 
Type domain.Question is not enhanced.

[2023-04-27 18:11:47 #3 type] 
Type domain.Forecast is not enhanced.

[2023-04-27 18:11:47 #4 type] 
Type domain.Event is not enhanced.

[2023-04-27 18:11:47 #5 type] 
Type domain.Bet is not enhanced.

[2023-04-27 18:11:47 #6 type] 
Type domain.User is not enhanced.

------------------------------------------------------------------------------------------------------------------------

[2023-04-27 18:13:55 #1 store] 
Database '/home/borja/git/RepositorioPBL/Bets21/src/main/resources/bets.temp' is opened by 11555@fedora-b

[2023-04-27 18:13:55 #2 type] 
Type domain.Question is not enhanced.

[2023-04-27 18:13:55 #3 type] 
Type domain.Forecast is not enhanced.

[2023-04-27 18:13:55 #4 type] 
Type domain.Event is not enhanced.

[2023-04-27 18:13:55 #5 type] 
Type domain.Bet is not enhanced.

[2023-04-27 18:13:55 #6 type] 
Type domain.User is not enhanced.

------------------------------------------------------------------------------------------------------------------------

[2023-04-27 18:16:08 #1 store] 
Database '/home/borja/git/RepositorioPBL/Bets21/src/main/resources/bets.temp' is opened by 11814@fedora-b

[2023-04-27 18:16:09 #2 type] 
Type domain.Question is not enhanced.

[2023-04-27 18:16:09 #3 type] 
Type domain.Forecast is not enhanced.

[2023-04-27 18:16:09 #4 type] 
Type domain.Event is not enhanced.

[2023-04-27 18:16:09 #5 type] 
Type domain.Bet is not enhanced.

[2023-04-27 18:16:09 #6 type] 
Type domain.User is not enhanced.

------------------------------------------------------------------------------------------------------------------------

[2023-04-27 18:16:39 #1 store] 
Database '/home/borja/git/RepositorioPBL/Bets21/src/main/resources/bets.temp' is opened by 11888@fedora-b

[2023-04-27 18:16:39 #2 type] 
Type domain.Question is not enhanced.

[2023-04-27 18:16:39 #3 type] 
Type domain.Forecast is not enhanced.

[2023-04-27 18:16:39 #4 type] 
Type domain.Event is not enhanced.

[2023-04-27 18:16:39 #5 type] 
Type domain.Bet is not enhanced.

[2023-04-27 18:16:39 #6 type] 
Type domain.User is not enhanced.

------------------------------------------------------------------------------------------------------------------------

[2023-04-27 18:17:02 #1 store] 
Database '/home/borja/git/RepositorioPBL/Bets21/src/main/resources/bets.temp' is opened by 11952@fedora-b

[2023-04-27 18:17:02 #2 type] 
Type domain.Question is not enhanced.

[2023-04-27 18:17:02 #3 type] 
Type domain.Forecast is not enhanced.

[2023-04-27 18:17:02 #4 type] 
Type domain.Event is not enhanced.

[2023-04-27 18:17:02 #5 type] 
Type domain.Bet is not enhanced.

[2023-04-27 18:17:02 #6 type] 
Type domain.User is not enhanced.

------------------------------------------------------------------------------------------------------------------------

[2023-04-27 18:18:02 #1 store] 
Database '/home/borja/git/RepositorioPBL/Bets21/src/main/resources/bets.temp' is opened by 12009@fedora-b

[2023-04-27 18:18:02 #2 type] 
Type domain.Question is not enhanced.

[2023-04-27 18:18:02 #3 type] 
Type domain.Forecast is not enhanced.

[2023-04-27 18:18:02 #4 type] 
Type domain.Event is not enhanced.

[2023-04-27 18:18:02 #5 type] 
Type domain.Bet is not enhanced.

[2023-04-27 18:18:02 #6 type] 
Type domain.User is not enhanced.

------------------------------------------------------------------------------------------------------------------------

[2023-04-27 18:18:22 #1 store] 
Database '/home/borja/git/RepositorioPBL/Bets21/src/main/resources/bets.temp' is opened by 12066@fedora-b

[2023-04-27 18:18:22 #2 type] 
Type domain.Question is not enhanced.

[2023-04-27 18:18:22 #3 type] 
Type domain.Forecast is not enhanced.

[2023-04-27 18:18:22 #4 type] 
Type domain.Event is not enhanced.

[2023-04-27 18:18:22 #5 type] 
Type domain.Bet is not enhanced.

[2023-04-27 18:18:22 #6 type] 
Type domain.User is not enhanced.

------------------------------------------------------------------------------------------------------------------------

[2023-04-27 18:19:42 #1 store] 
Database '/home/borja/git/RepositorioPBL/Bets21/src/main/resources/bets.temp' is opened by 12217@fedora-b

[2023-04-27 18:19:42 #2 type] 
Type domain.Question is not enhanced.

[2023-04-27 18:19:42 #3 type] 
Type domain.Forecast is not enhanced.

[2023-04-27 18:19:42 #4 type] 
Type domain.Event is not enhanced.

[2023-04-27 18:19:42 #5 type] 
Type domain.Bet is not enhanced.

[2023-04-27 18:19:42 #6 type] 
Type domain.User is not enhanced.

------------------------------------------------------------------------------------------------------------------------

[2023-04-27 18:20:46 #1 store] 
Database '/home/borja/git/RepositorioPBL/Bets21/src/main/resources/bets.temp' is opened by 12303@fedora-b

[2023-04-27 18:20:47 #2 type] 
Type domain.Question is not enhanced.

[2023-04-27 18:20:47 #3 type] 
Type domain.Forecast is not enhanced.

[2023-04-27 18:20:47 #4 type] 
Type domain.Event is not enhanced.

[2023-04-27 18:20:47 #5 type] 
Type domain.Bet is not enhanced.

[2023-04-27 18:20:47 #6 type] 
Type domain.User is not enhanced.

------------------------------------------------------------------------------------------------------------------------

[2023-04-27 18:21:13 #1 store] 
Database '/home/borja/git/RepositorioPBL/Bets21/src/main/resources/bets.temp' is opened by 12371@fedora-b

[2023-04-27 18:21:13 #2 type] 
Type domain.Question is not enhanced.

[2023-04-27 18:21:13 #3 type] 
Type domain.Forecast is not enhanced.

[2023-04-27 18:21:13 #4 type] 
Type domain.Event is not enhanced.

[2023-04-27 18:21:13 #5 type] 
Type domain.Bet is not enhanced.

[2023-04-27 18:21:13 #6 type] 
Type domain.User is not enhanced.

------------------------------------------------------------------------------------------------------------------------

[2023-04-27 18:23:26 #1 store] 
Database '/home/borja/git/RepositorioPBL/Bets21/src/main/resources/bets.temp' is opened by 12493@fedora-b

[2023-04-27 18:23:26 #2 type] 
Type domain.Question is not enhanced.

[2023-04-27 18:23:26 #3 type] 
Type domain.Forecast is not enhanced.

[2023-04-27 18:23:26 #4 type] 
Type domain.Event is not enhanced.

[2023-04-27 18:23:26 #5 type] 
Type domain.Bet is not enhanced.

[2023-04-27 18:23:26 #6 type] 
Type domain.User is not enhanced.

