------------------------------------------------------------------------------------------------------------------------

[2023-04-17 20:30:42 #1 store] 
Database '/home/borja/git/RepositorioPBL/Bets21/src/main/resources/bets.temp' has been recovered (tr. 198-202)

[2023-04-17 20:30:42 #2 store] 
Database '/home/borja/git/RepositorioPBL/Bets21/src/main/resources/bets.temp' is opened by 33838@fedora-b

[2023-04-17 20:30:42 #3 type] 
Type domain.Question is not enhanced.

[2023-04-17 20:30:42 #4 type] 
Type domain.Forecast is not enhanced.

[2023-04-17 20:30:42 #5 type] 
Type domain.Event is not enhanced.

[2023-04-17 20:30:42 #6 type] 
Type domain.Bet is not enhanced.

[2023-04-17 20:30:42 #7 type] 
Type domain.User is not enhanced.

------------------------------------------------------------------------------------------------------------------------

[2023-04-17 20:42:48 #1 store] 
Database '/home/borja/git/RepositorioPBL/Bets21/src/main/resources/bets.temp' is opened by 35763@fedora-b

[2023-04-17 20:42:48 #2 type] 
Type domain.Question is not enhanced.

[2023-04-17 20:42:48 #3 type] 
Type domain.Forecast is not enhanced.

[2023-04-17 20:42:48 #4 type] 
Type domain.Event is not enhanced.

[2023-04-17 20:42:48 #5 type] 
Type domain.Bet is not enhanced.

[2023-04-17 20:42:48 #6 type] 
Type domain.User is not enhanced.

------------------------------------------------------------------------------------------------------------------------

[2023-04-17 20:44:29 #1 store] 
Database '/home/borja/git/RepositorioPBL/Bets21/src/main/resources/bets.temp' is opened by 36073@fedora-b

[2023-04-17 20:44:29 #2 type] 
Type domain.Question is not enhanced.

[2023-04-17 20:44:29 #3 type] 
Type domain.Forecast is not enhanced.

[2023-04-17 20:44:29 #4 type] 
Type domain.Event is not enhanced.

[2023-04-17 20:44:29 #5 type] 
Type domain.Bet is not enhanced.

[2023-04-17 20:44:29 #6 type] 
Type domain.User is not enhanced.

------------------------------------------------------------------------------------------------------------------------

[2023-04-17 20:54:33 #1 store] 
Database '/home/borja/git/RepositorioPBL/Bets21/src/main/resources/bets.temp' is opened by 36600@fedora-b

[2023-04-17 20:54:33 #2 type] 
Type domain.Question is not enhanced.

[2023-04-17 20:54:33 #3 type] 
Type domain.Forecast is not enhanced.

[2023-04-17 20:54:33 #4 type] 
Type domain.Event is not enhanced.

[2023-04-17 20:54:33 #5 type] 
Type domain.Bet is not enhanced.

[2023-04-17 20:54:33 #6 type] 
Type domain.User is not enhanced.

------------------------------------------------------------------------------------------------------------------------

[2023-04-17 20:55:52 #1 store] 
Database '/home/borja/git/RepositorioPBL/Bets21/src/main/resources/bets.temp' is opened by 36875@fedora-b

[2023-04-17 20:55:52 #2 type] 
Type domain.Question is not enhanced.

[2023-04-17 20:55:52 #3 type] 
Type domain.Forecast is not enhanced.

[2023-04-17 20:55:52 #4 type] 
Type domain.Event is not enhanced.

[2023-04-17 20:55:52 #5 type] 
Type domain.Bet is not enhanced.

[2023-04-17 20:55:52 #6 type] 
Type domain.User is not enhanced.

------------------------------------------------------------------------------------------------------------------------

[2023-04-17 20:58:37 #1 store] 
Database '/home/borja/git/RepositorioPBL/Bets21/src/main/resources/bets.temp' is opened by 36991@fedora-b

[2023-04-17 20:58:37 #2 type] 
Type domain.Question is not enhanced.

[2023-04-17 20:58:37 #3 type] 
Type domain.Forecast is not enhanced.

[2023-04-17 20:58:37 #4 type] 
Type domain.Event is not enhanced.

[2023-04-17 20:58:37 #5 type] 
Type domain.Bet is not enhanced.

[2023-04-17 20:58:37 #6 type] 
Type domain.User is not enhanced.

------------------------------------------------------------------------------------------------------------------------

[2023-04-17 21:21:45 #1 store] 
Database '/home/borja/git/RepositorioPBL/Bets21/src/main/resources/bets.temp' is opened by 38417@fedora-b

[2023-04-17 21:21:45 #2 type] 
Type domain.Question is not enhanced.

[2023-04-17 21:21:45 #3 type] 
Type domain.Forecast is not enhanced.

[2023-04-17 21:21:45 #4 type] 
Type domain.Event is not enhanced.

[2023-04-17 21:21:45 #5 type] 
Type domain.Bet is not enhanced.

[2023-04-17 21:21:45 #6 type] 
Type domain.User is not enhanced.

------------------------------------------------------------------------------------------------------------------------

[2023-04-17 21:29:41 #1 store] 
Database '/home/borja/git/RepositorioPBL/Bets21/src/main/resources/bets.temp' has been recovered (tr. 203-204)

[2023-04-17 21:29:41 #2 store] 
Database '/home/borja/git/RepositorioPBL/Bets21/src/main/resources/bets.temp' is opened by 39223@fedora-b

[2023-04-17 21:29:41 #3 type] 
Type domain.Question is not enhanced.

[2023-04-17 21:29:41 #4 type] 
Type domain.Forecast is not enhanced.

[2023-04-17 21:29:41 #5 type] 
Type domain.Event is not enhanced.

[2023-04-17 21:29:41 #6 type] 
Type domain.Bet is not enhanced.

[2023-04-17 21:29:41 #7 type] 
Type domain.User is not enhanced.

------------------------------------------------------------------------------------------------------------------------

[2023-04-17 21:38:11 #1 store] 
Database '/home/borja/git/RepositorioPBL/Bets21/src/main/resources/bets.temp' is opened by 39813@fedora-b

[2023-04-17 21:38:11 #2 type] 
Type domain.Question is not enhanced.

[2023-04-17 21:38:11 #3 type] 
Type domain.Forecast is not enhanced.

[2023-04-17 21:38:11 #4 type] 
Type domain.Event is not enhanced.

[2023-04-17 21:38:11 #5 type] 
Type domain.Bet is not enhanced.

[2023-04-17 21:38:11 #6 type] 
Type domain.User is not enhanced.

------------------------------------------------------------------------------------------------------------------------

[2023-04-17 21:42:52 #1 store] 
Database '/home/borja/git/RepositorioPBL/Bets21/src/main/resources/bets.temp' is opened by 40038@fedora-b

[2023-04-17 21:42:52 #2 type] 
Type domain.Question is not enhanced.

[2023-04-17 21:42:52 #3 type] 
Type domain.Forecast is not enhanced.

[2023-04-17 21:42:52 #4 type] 
Type domain.Event is not enhanced.

[2023-04-17 21:42:52 #5 type] 
Type domain.Bet is not enhanced.

[2023-04-17 21:42:52 #6 type] 
Type domain.User is not enhanced.

------------------------------------------------------------------------------------------------------------------------

[2023-04-17 21:52:36 #1 store] 
Database '/home/borja/git/RepositorioPBL/Bets21/src/main/resources/bets.temp' is opened by 40480@fedora-b

[2023-04-17 21:52:36 #2 type] 
Type domain.Question is not enhanced.

[2023-04-17 21:52:36 #3 type] 
Type domain.Forecast is not enhanced.

[2023-04-17 21:52:36 #4 type] 
Type domain.Event is not enhanced.

[2023-04-17 21:52:36 #5 type] 
Type domain.Bet is not enhanced.

[2023-04-17 21:52:36 #6 type] 
Type domain.User is not enhanced.

