------------------------------------------------------------------------------------------------------------------------

[2023-03-04 14:14:30 #1 store] 
Database '/home/borja/git/Bets21/src/main/resources/bets.temp' is opened by 7246@debian-b

[2023-03-04 14:14:31 #2 type] 
Type domain.Question is not enhanced.

[2023-03-04 14:14:31 #3 type] 
Type domain.Forecast is not enhanced.

[2023-03-04 14:14:31 #4 type] 
Type domain.Event is not enhanced.

[2023-03-04 14:14:31 #5 type] 
Type domain.User is not enhanced.

------------------------------------------------------------------------------------------------------------------------

[2023-03-04 14:22:42 #1 store] 
Database '/home/borja/git/Bets21/src/main/resources/bets.temp' is opened by 7607@debian-b

[2023-03-04 14:22:43 #2 type] 
Type domain.Question is not enhanced.

[2023-03-04 14:22:43 #3 type] 
Type domain.Forecast is not enhanced.

[2023-03-04 14:22:43 #4 type] 
Type domain.Event is not enhanced.

[2023-03-04 14:22:43 #5 type] 
Type domain.User is not enhanced.

------------------------------------------------------------------------------------------------------------------------

[2023-03-04 14:24:38 #1 store] 
Database '/home/borja/git/Bets21/src/main/resources/bets.temp' is opened by 7668@debian-b

[2023-03-04 14:24:38 #2 type] 
Type domain.Question is not enhanced.

[2023-03-04 14:24:38 #3 type] 
Type domain.Forecast is not enhanced.

[2023-03-04 14:24:38 #4 type] 
Type domain.Event is not enhanced.

[2023-03-04 14:24:38 #5 type] 
Type domain.User is not enhanced.

------------------------------------------------------------------------------------------------------------------------

[2023-03-04 14:34:35 #1 store] 
Database '/home/borja/git/Bets21/src/main/resources/bets.temp' is opened by 9855@debian-b

[2023-03-04 14:34:36 #2 type.registry] 
New type domain.Question

[2023-03-04 14:34:36 #3 type] 
Type domain.Question is not enhanced.

[2023-03-04 14:34:36 #4 type.registry] 
New type domain.Forecast

[2023-03-04 14:34:36 #5 type.registry] 
New type java.util.Vector<domain.Forecast>

[2023-03-04 14:34:36 #6 type.registry] 
New type domain.Event

[2023-03-04 14:34:36 #7 type] 
Type domain.Forecast is not enhanced.

[2023-03-04 14:34:36 #8 type] 
Type domain.Event is not enhanced.

[2023-03-04 14:34:36 #9 type.registry] 
New type java.util.Vector<domain.Question>

[2023-03-04 14:34:36 #10 type.registry] 
New type java.util.Vector<java.lang.Object>

[2023-03-04 14:34:40 #11 type.registry] 
New type domain.User

[2023-03-04 14:34:40 #12 type] 
Type domain.User is not enhanced.

------------------------------------------------------------------------------------------------------------------------

[2023-03-04 14:40:34 #1 store] 
Database '/home/borja/git/Bets21/src/main/resources/bets.temp' is opened by 10195@debian-b

[2023-03-04 14:40:34 #2 type.registry] 
New type domain.Question

[2023-03-04 14:40:34 #3 type] 
Type domain.Question is not enhanced.

[2023-03-04 14:40:34 #4 type.registry] 
New type domain.Forecast

[2023-03-04 14:40:34 #5 type.registry] 
New type java.util.Vector<domain.Forecast>

[2023-03-04 14:40:34 #6 type.registry] 
New type domain.Event

[2023-03-04 14:40:34 #7 type] 
Type domain.Forecast is not enhanced.

[2023-03-04 14:40:34 #8 type] 
Type domain.Event is not enhanced.

[2023-03-04 14:40:34 #9 type.registry] 
New type java.util.Vector<domain.Question>

[2023-03-04 14:40:34 #10 type.registry] 
New type java.util.Vector<java.lang.Object>

[2023-03-04 14:40:37 #11 type.registry] 
New type domain.User

[2023-03-04 14:40:37 #12 type] 
Type domain.User is not enhanced.

------------------------------------------------------------------------------------------------------------------------

[2023-03-04 14:41:35 #1 store] 
Database '/home/borja/git/Bets21/src/main/resources/bets.temp' has been recovered (tr. 1-8)

[2023-03-04 14:41:36 #2 store] 
Database '/home/borja/git/Bets21/src/main/resources/bets.temp' is opened by 10263@debian-b

[2023-03-04 14:41:36 #3 type] 
Type domain.Question is not enhanced.

[2023-03-04 14:41:36 #4 type] 
Type domain.Forecast is not enhanced.

[2023-03-04 14:41:36 #5 type] 
Type domain.Event is not enhanced.

[2023-03-04 14:41:36 #6 type] 
Type domain.User is not enhanced.

------------------------------------------------------------------------------------------------------------------------

[2023-03-04 15:17:01 #1 store] 
Database '/home/borja/git/Bets21/src/main/resources/bets.temp' has been recovered (tr. 9-9)

[2023-03-04 15:17:01 #2 store] 
Database '/home/borja/git/Bets21/src/main/resources/bets.temp' is opened by 10960@debian-b

[2023-03-04 15:17:02 #3 type] 
Type domain.Question is not enhanced.

[2023-03-04 15:17:02 #4 type] 
Type domain.Forecast is not enhanced.

[2023-03-04 15:17:02 #5 type] 
Type domain.Event is not enhanced.

[2023-03-04 15:17:02 #6 type] 
Type domain.User is not enhanced.

------------------------------------------------------------------------------------------------------------------------

[2023-03-04 15:20:32 #1 store] 
Database '/home/borja/git/Bets21/src/main/resources/bets.temp' is opened by 11224@debian-b

[2023-03-04 15:20:32 #2 type] 
Type domain.Question is not enhanced.

[2023-03-04 15:20:32 #3 type] 
Type domain.Forecast is not enhanced.

[2023-03-04 15:20:32 #4 type] 
Type domain.Event is not enhanced.

[2023-03-04 15:20:32 #5 type] 
Type domain.User is not enhanced.

------------------------------------------------------------------------------------------------------------------------

[2023-03-04 15:21:53 #1 store] 
Database '/home/borja/git/Bets21/src/main/resources/bets.temp' has been recovered (tr. 10-10)

[2023-03-04 15:21:53 #2 store] 
Database '/home/borja/git/Bets21/src/main/resources/bets.temp' is opened by 11375@debian-b

[2023-03-04 15:21:53 #3 type] 
Type domain.Question is not enhanced.

[2023-03-04 15:21:53 #4 type] 
Type domain.Forecast is not enhanced.

[2023-03-04 15:21:53 #5 type] 
Type domain.Event is not enhanced.

[2023-03-04 15:21:53 #6 type] 
Type domain.User is not enhanced.

------------------------------------------------------------------------------------------------------------------------

[2023-03-04 15:23:55 #1 store] 
Database '/home/borja/git/Bets21/src/main/resources/bets.temp' has been recovered (tr. 11-11)

[2023-03-04 15:23:55 #2 store] 
Database '/home/borja/git/Bets21/src/main/resources/bets.temp' is opened by 11484@debian-b

[2023-03-04 15:23:55 #3 type] 
Type domain.Question is not enhanced.

[2023-03-04 15:23:55 #4 type] 
Type domain.Forecast is not enhanced.

[2023-03-04 15:23:55 #5 type] 
Type domain.Event is not enhanced.

[2023-03-04 15:23:55 #6 type] 
Type domain.User is not enhanced.

------------------------------------------------------------------------------------------------------------------------

[2023-03-04 15:35:58 #1 store] 
Database '/home/borja/git/Bets21/src/main/resources/bets.temp' has been recovered (tr. 12-13)

[2023-03-04 15:35:58 #2 store] 
Database '/home/borja/git/Bets21/src/main/resources/bets.temp' is opened by 12434@debian-b

[2023-03-04 15:35:58 #3 type] 
Type domain.Question is not enhanced.

[2023-03-04 15:35:58 #4 type] 
Type domain.Forecast is not enhanced.

[2023-03-04 15:35:58 #5 type] 
Type domain.Event is not enhanced.

[2023-03-04 15:35:58 #6 type] 
Type domain.User is not enhanced.

------------------------------------------------------------------------------------------------------------------------

[2023-03-04 15:39:22 #1 store] 
Database '/home/borja/git/Bets21/src/main/resources/bets.temp' is opened by 12567@debian-b

[2023-03-04 15:39:22 #2 type] 
Type domain.Question is not enhanced.

[2023-03-04 15:39:22 #3 type] 
Type domain.Forecast is not enhanced.

[2023-03-04 15:39:22 #4 type] 
Type domain.Event is not enhanced.

[2023-03-04 15:39:22 #5 type] 
Type domain.User is not enhanced.

------------------------------------------------------------------------------------------------------------------------

[2023-03-04 15:46:22 #1 store] 
Database '/home/borja/git/Bets21/src/main/resources/bets.temp' is opened by 12847@debian-b

[2023-03-04 15:46:22 #2 type] 
Type domain.Question is not enhanced.

[2023-03-04 15:46:22 #3 type] 
Type domain.Forecast is not enhanced.

[2023-03-04 15:46:22 #4 type] 
Type domain.Event is not enhanced.

[2023-03-04 15:46:22 #5 type] 
Type domain.User is not enhanced.

------------------------------------------------------------------------------------------------------------------------

[2023-03-04 15:50:02 #1 store] 
Database '/home/borja/git/Bets21/src/main/resources/bets.temp' is opened by 13013@debian-b

[2023-03-04 15:50:02 #2 type] 
Type domain.Question is not enhanced.

[2023-03-04 15:50:02 #3 type] 
Type domain.Forecast is not enhanced.

[2023-03-04 15:50:02 #4 type] 
Type domain.Event is not enhanced.

[2023-03-04 15:50:02 #5 type] 
Type domain.User is not enhanced.

------------------------------------------------------------------------------------------------------------------------

[2023-03-04 15:55:17 #1 store] 
Database '/home/borja/git/Bets21/src/main/resources/bets.temp' is opened by 13475@debian-b

[2023-03-04 15:55:17 #2 type] 
Type domain.Question is not enhanced.

[2023-03-04 15:55:17 #3 type] 
Type domain.Forecast is not enhanced.

[2023-03-04 15:55:17 #4 type] 
Type domain.Event is not enhanced.

[2023-03-04 15:55:17 #5 type] 
Type domain.User is not enhanced.

------------------------------------------------------------------------------------------------------------------------

[2023-03-04 16:01:42 #1 store] 
Database '/home/borja/git/Bets21/src/main/resources/bets.temp' is opened by 14335@debian-b

[2023-03-04 16:01:42 #2 type] 
Type domain.Question is not enhanced.

[2023-03-04 16:01:42 #3 type] 
Type domain.Forecast is not enhanced.

[2023-03-04 16:01:42 #4 type] 
Type domain.Event is not enhanced.

[2023-03-04 16:01:42 #5 type] 
Type domain.User is not enhanced.

------------------------------------------------------------------------------------------------------------------------

[2023-03-04 16:05:02 #1 store] 
Database '/home/borja/git/Bets21/src/main/resources/bets.temp' has been recovered (tr. 14-14)

[2023-03-04 16:05:02 #2 store] 
Database '/home/borja/git/Bets21/src/main/resources/bets.temp' is opened by 14678@debian-b

[2023-03-04 16:05:02 #3 type] 
Type domain.Question is not enhanced.

[2023-03-04 16:05:02 #4 type] 
Type domain.Forecast is not enhanced.

[2023-03-04 16:05:02 #5 type] 
Type domain.Event is not enhanced.

[2023-03-04 16:05:02 #6 type] 
Type domain.User is not enhanced.

------------------------------------------------------------------------------------------------------------------------

[2023-03-04 16:44:46 #1 store] 
Database '/home/borja/git/Bets21/src/main/resources/bets.temp' has been recovered (tr. 15-15)

[2023-03-04 16:44:46 #2 store] 
Database '/home/borja/git/Bets21/src/main/resources/bets.temp' is opened by 17687@debian-b

[2023-03-04 16:44:46 #3 type] 
Type domain.Question is not enhanced.

[2023-03-04 16:44:46 #4 type] 
Type domain.Forecast is not enhanced.

[2023-03-04 16:44:46 #5 type] 
Type domain.Event is not enhanced.

[2023-03-04 16:44:46 #6 type] 
Type domain.User is not enhanced.

------------------------------------------------------------------------------------------------------------------------

[2023-03-04 16:45:08 #1 store] 
Database '/home/borja/git/Bets21/src/main/resources/bets.temp' is opened by 17730@debian-b

[2023-03-04 16:45:09 #2 type] 
Type domain.Question is not enhanced.

[2023-03-04 16:45:09 #3 type] 
Type domain.Forecast is not enhanced.

[2023-03-04 16:45:09 #4 type] 
Type domain.Event is not enhanced.

[2023-03-04 16:45:09 #5 type] 
Type domain.User is not enhanced.

------------------------------------------------------------------------------------------------------------------------

[2023-03-04 16:47:29 #1 store] 
Database '/home/borja/git/Bets21/src/main/resources/bets.temp' is opened by 17956@debian-b

[2023-03-04 16:47:29 #2 type] 
Type domain.Question is not enhanced.

[2023-03-04 16:47:29 #3 type] 
Type domain.Forecast is not enhanced.

[2023-03-04 16:47:29 #4 type] 
Type domain.Event is not enhanced.

[2023-03-04 16:47:29 #5 type] 
Type domain.User is not enhanced.

------------------------------------------------------------------------------------------------------------------------

[2023-03-04 16:48:19 #1 store] 
Database '/home/borja/git/Bets21/src/main/resources/bets.temp' is opened by 18069@debian-b

[2023-03-04 16:48:19 #2 type] 
Type domain.Question is not enhanced.

[2023-03-04 16:48:19 #3 type] 
Type domain.Forecast is not enhanced.

[2023-03-04 16:48:19 #4 type] 
Type domain.Event is not enhanced.

[2023-03-04 16:48:19 #5 type] 
Type domain.User is not enhanced.

------------------------------------------------------------------------------------------------------------------------

[2023-03-04 16:49:33 #1 store] 
Database '/home/borja/git/Bets21/src/main/resources/bets.temp' is opened by 18177@debian-b

[2023-03-04 16:49:33 #2 type] 
Type domain.Question is not enhanced.

[2023-03-04 16:49:33 #3 type] 
Type domain.Forecast is not enhanced.

[2023-03-04 16:49:33 #4 type] 
Type domain.Event is not enhanced.

[2023-03-04 16:49:33 #5 type] 
Type domain.User is not enhanced.

------------------------------------------------------------------------------------------------------------------------

[2023-03-04 16:56:49 #1 store] 
Database '/home/borja/git/Bets21/src/main/resources/bets.temp' is opened by 18907@debian-b

[2023-03-04 16:56:49 #2 type] 
Type domain.Question is not enhanced.

[2023-03-04 16:56:49 #3 type] 
Type domain.Forecast is not enhanced.

[2023-03-04 16:56:49 #4 type] 
Type domain.Event is not enhanced.

[2023-03-04 16:56:49 #5 type] 
Type domain.User is not enhanced.

------------------------------------------------------------------------------------------------------------------------

[2023-03-04 16:57:42 #1 store] 
Database '/home/borja/git/Bets21/src/main/resources/bets.temp' is opened by 19085@debian-b

[2023-03-04 16:57:42 #2 type] 
Type domain.Question is not enhanced.

[2023-03-04 16:57:42 #3 type] 
Type domain.Forecast is not enhanced.

[2023-03-04 16:57:42 #4 type] 
Type domain.Event is not enhanced.

[2023-03-04 16:57:42 #5 type] 
Type domain.User is not enhanced.

------------------------------------------------------------------------------------------------------------------------

[2023-03-04 17:03:49 #1 store] 
Database '/home/borja/git/Bets21/src/main/resources/bets.temp' is opened by 19380@debian-b

[2023-03-04 17:03:49 #2 type] 
Type domain.Question is not enhanced.

[2023-03-04 17:03:49 #3 type] 
Type domain.Forecast is not enhanced.

[2023-03-04 17:03:49 #4 type] 
Type domain.Event is not enhanced.

[2023-03-04 17:03:49 #5 type] 
Type domain.User is not enhanced.

------------------------------------------------------------------------------------------------------------------------

[2023-03-04 17:05:21 #1 store] 
Database '/home/borja/git/Bets21/src/main/resources/bets.temp' is opened by 19489@debian-b

[2023-03-04 17:05:21 #2 type] 
Type domain.Question is not enhanced.

[2023-03-04 17:05:21 #3 type] 
Type domain.Forecast is not enhanced.

[2023-03-04 17:05:21 #4 type] 
Type domain.Event is not enhanced.

[2023-03-04 17:05:21 #5 type] 
Type domain.User is not enhanced.

------------------------------------------------------------------------------------------------------------------------

[2023-03-04 17:07:14 #1 store] 
Database '/home/borja/git/Bets21/src/main/resources/bets.temp' is opened by 19745@debian-b

[2023-03-04 17:07:14 #2 type] 
Type domain.Question is not enhanced.

[2023-03-04 17:07:14 #3 type] 
Type domain.Forecast is not enhanced.

[2023-03-04 17:07:14 #4 type] 
Type domain.Event is not enhanced.

[2023-03-04 17:07:14 #5 type] 
Type domain.User is not enhanced.

------------------------------------------------------------------------------------------------------------------------

[2023-03-04 17:07:29 #1 store] 
Database '/home/borja/git/Bets21/src/main/resources/bets.temp' is opened by 19792@debian-b

[2023-03-04 17:07:29 #2 type] 
Type domain.Question is not enhanced.

[2023-03-04 17:07:29 #3 type] 
Type domain.Forecast is not enhanced.

[2023-03-04 17:07:29 #4 type] 
Type domain.Event is not enhanced.

[2023-03-04 17:07:29 #5 type] 
Type domain.User is not enhanced.

------------------------------------------------------------------------------------------------------------------------

[2023-03-04 17:07:45 #1 store] 
Database '/home/borja/git/Bets21/src/main/resources/bets.temp' is opened by 19850@debian-b

[2023-03-04 17:07:45 #2 type] 
Type domain.Question is not enhanced.

[2023-03-04 17:07:45 #3 type] 
Type domain.Forecast is not enhanced.

[2023-03-04 17:07:45 #4 type] 
Type domain.Event is not enhanced.

[2023-03-04 17:07:45 #5 type] 
Type domain.User is not enhanced.

------------------------------------------------------------------------------------------------------------------------

[2023-03-04 17:08:19 #1 store] 
Database '/home/borja/git/Bets21/src/main/resources/bets.temp' is opened by 19915@debian-b

[2023-03-04 17:08:19 #2 type] 
Type domain.Question is not enhanced.

[2023-03-04 17:08:19 #3 type] 
Type domain.Forecast is not enhanced.

[2023-03-04 17:08:19 #4 type] 
Type domain.Event is not enhanced.

[2023-03-04 17:08:19 #5 type] 
Type domain.User is not enhanced.

------------------------------------------------------------------------------------------------------------------------

[2023-03-04 17:09:11 #1 store] 
Database '/home/borja/git/Bets21/src/main/resources/bets.temp' is opened by 20082@debian-b

[2023-03-04 17:09:11 #2 type] 
Type domain.Question is not enhanced.

[2023-03-04 17:09:11 #3 type] 
Type domain.Forecast is not enhanced.

[2023-03-04 17:09:11 #4 type] 
Type domain.Event is not enhanced.

[2023-03-04 17:09:11 #5 type] 
Type domain.User is not enhanced.

------------------------------------------------------------------------------------------------------------------------

[2023-03-04 17:10:37 #1 store] 
Database '/home/borja/git/Bets21/src/main/resources/bets.temp' is opened by 20373@debian-b

[2023-03-04 17:10:37 #2 type] 
Type domain.Question is not enhanced.

[2023-03-04 17:10:37 #3 type] 
Type domain.Forecast is not enhanced.

[2023-03-04 17:10:37 #4 type] 
Type domain.Event is not enhanced.

[2023-03-04 17:10:37 #5 type] 
Type domain.User is not enhanced.

------------------------------------------------------------------------------------------------------------------------

[2023-03-04 17:17:35 #1 store] 
Database '/home/borja/git/Bets21/src/main/resources/bets.temp' is opened by 20742@debian-b

[2023-03-04 17:17:35 #2 type] 
Type domain.Question is not enhanced.

[2023-03-04 17:17:35 #3 type] 
Type domain.Forecast is not enhanced.

[2023-03-04 17:17:35 #4 type] 
Type domain.Event is not enhanced.

[2023-03-04 17:17:35 #5 type] 
Type domain.User is not enhanced.

------------------------------------------------------------------------------------------------------------------------

[2023-03-04 17:21:14 #1 store] 
Database '/home/borja/git/Bets21/src/main/resources/bets.temp' is opened by 20961@debian-b

[2023-03-04 17:21:14 #2 type] 
Type domain.Question is not enhanced.

[2023-03-04 17:21:14 #3 type] 
Type domain.Forecast is not enhanced.

[2023-03-04 17:21:14 #4 type] 
Type domain.Event is not enhanced.

[2023-03-04 17:21:14 #5 type] 
Type domain.User is not enhanced.

------------------------------------------------------------------------------------------------------------------------

[2023-03-04 17:23:51 #1 store] 
Database '/home/borja/git/Bets21/src/main/resources/bets.temp' is opened by 21126@debian-b

[2023-03-04 17:23:51 #2 type] 
Type domain.Question is not enhanced.

[2023-03-04 17:23:51 #3 type] 
Type domain.Forecast is not enhanced.

[2023-03-04 17:23:51 #4 type] 
Type domain.Event is not enhanced.

[2023-03-04 17:23:51 #5 type] 
Type domain.User is not enhanced.

------------------------------------------------------------------------------------------------------------------------

[2023-03-04 17:31:24 #1 store] 
Database '/home/borja/git/Bets21/src/main/resources/bets.temp' has been recovered (tr. 19-21)

[2023-03-04 17:31:24 #2 store] 
Database '/home/borja/git/Bets21/src/main/resources/bets.temp' is opened by 21495@debian-b

[2023-03-04 17:31:25 #3 type] 
Type domain.Question is not enhanced.

[2023-03-04 17:31:25 #4 type] 
Type domain.Forecast is not enhanced.

[2023-03-04 17:31:25 #5 type] 
Type domain.Event is not enhanced.

[2023-03-04 17:31:25 #6 type] 
Type domain.User is not enhanced.

------------------------------------------------------------------------------------------------------------------------

[2023-03-04 17:39:44 #1 store] 
Database '/home/borja/git/Bets21/src/main/resources/bets.temp' is opened by 22166@debian-b

[2023-03-04 17:39:44 #2 type] 
Type domain.Question is not enhanced.

[2023-03-04 17:39:44 #3 type] 
Type domain.Forecast is not enhanced.

[2023-03-04 17:39:44 #4 type] 
Type domain.Event is not enhanced.

[2023-03-04 17:39:44 #5 type] 
Type domain.User is not enhanced.

------------------------------------------------------------------------------------------------------------------------

[2023-03-04 17:54:47 #1 store] 
Database '/home/borja/git/Bets21/src/main/resources/bets.temp' is opened by 23272@debian-b

[2023-03-04 17:54:47 #2 type] 
Type domain.Question is not enhanced.

[2023-03-04 17:54:47 #3 type] 
Type domain.Forecast is not enhanced.

[2023-03-04 17:54:47 #4 type] 
Type domain.Event is not enhanced.

[2023-03-04 17:54:47 #5 type] 
Type domain.User is not enhanced.

------------------------------------------------------------------------------------------------------------------------

[2023-03-04 17:55:10 #1 store] 
Database '/home/borja/git/Bets21/src/main/resources/bets.temp' is opened by 23329@debian-b

[2023-03-04 17:55:10 #2 type] 
Type domain.Question is not enhanced.

[2023-03-04 17:55:10 #3 type] 
Type domain.Forecast is not enhanced.

[2023-03-04 17:55:10 #4 type] 
Type domain.Event is not enhanced.

[2023-03-04 17:55:10 #5 type] 
Type domain.User is not enhanced.

------------------------------------------------------------------------------------------------------------------------

[2023-03-04 17:57:24 #1 store] 
Database '/home/borja/git/Bets21/src/main/resources/bets.temp' is opened by 23488@debian-b

[2023-03-04 17:57:24 #2 type] 
Type domain.Question is not enhanced.

[2023-03-04 17:57:24 #3 type] 
Type domain.Forecast is not enhanced.

[2023-03-04 17:57:24 #4 type] 
Type domain.Event is not enhanced.

[2023-03-04 17:57:24 #5 type] 
Type domain.User is not enhanced.

------------------------------------------------------------------------------------------------------------------------

[2023-03-04 17:59:52 #1 store] 
Database '/home/borja/git/Bets21/src/main/resources/bets.temp' is opened by 23735@debian-b

[2023-03-04 17:59:52 #2 type] 
Type domain.Question is not enhanced.

[2023-03-04 17:59:52 #3 type] 
Type domain.Forecast is not enhanced.

[2023-03-04 17:59:52 #4 type] 
Type domain.Event is not enhanced.

[2023-03-04 17:59:52 #5 type] 
Type domain.User is not enhanced.

------------------------------------------------------------------------------------------------------------------------

[2023-03-04 18:00:51 #1 store] 
Database '/home/borja/git/Bets21/src/main/resources/bets.temp' is opened by 23857@debian-b

[2023-03-04 18:00:52 #2 type] 
Type domain.Question is not enhanced.

[2023-03-04 18:00:52 #3 type] 
Type domain.Forecast is not enhanced.

[2023-03-04 18:00:52 #4 type] 
Type domain.Event is not enhanced.

[2023-03-04 18:00:52 #5 type] 
Type domain.User is not enhanced.

------------------------------------------------------------------------------------------------------------------------

[2023-03-04 18:06:08 #1 store] 
Database '/home/borja/git/Bets21/src/main/resources/bets.temp' is opened by 24528@debian-b

[2023-03-04 18:06:08 #2 type] 
Type domain.Question is not enhanced.

[2023-03-04 18:06:08 #3 type] 
Type domain.Forecast is not enhanced.

[2023-03-04 18:06:08 #4 type] 
Type domain.Event is not enhanced.

[2023-03-04 18:06:08 #5 type] 
Type domain.User is not enhanced.

------------------------------------------------------------------------------------------------------------------------

[2023-03-04 18:08:06 #1 store] 
Database '/home/borja/git/Bets21/src/main/resources/bets.temp' has been recovered (tr. 22-24)

[2023-03-04 18:08:06 #2 store] 
Database '/home/borja/git/Bets21/src/main/resources/bets.temp' is opened by 24591@debian-b

[2023-03-04 18:08:06 #3 type] 
Type domain.Question is not enhanced.

[2023-03-04 18:08:06 #4 type] 
Type domain.Forecast is not enhanced.

[2023-03-04 18:08:06 #5 type] 
Type domain.Event is not enhanced.

[2023-03-04 18:08:06 #6 type] 
Type domain.User is not enhanced.

------------------------------------------------------------------------------------------------------------------------

[2023-03-04 18:10:10 #1 store] 
Database '/home/borja/git/Bets21/src/main/resources/bets.temp' is opened by 24778@debian-b

[2023-03-04 18:10:10 #2 type] 
Type domain.Question is not enhanced.

[2023-03-04 18:10:10 #3 type] 
Type domain.Forecast is not enhanced.

[2023-03-04 18:10:10 #4 type] 
Type domain.Event is not enhanced.

[2023-03-04 18:10:10 #5 type] 
Type domain.User is not enhanced.

