------------------------------------------------------------------------------------------------------------------------

[2023-03-05 16:51:32 #1 store] 
Database 'C:\Users\sarag\Desktop\eclipse\IS\Bets21\src\main\resources\bets.temp' is opened by 9536@LAPTOP-UUGQSHIG

[2023-03-05 16:51:32 #2 type] 
Type domain.Question is not enhanced.

[2023-03-05 16:51:32 #3 type] 
Type domain.Forecast is not enhanced.

[2023-03-05 16:51:32 #4 type] 
Type domain.Event is not enhanced.

[2023-03-05 16:51:32 #5 type] 
Type domain.User is not enhanced.

------------------------------------------------------------------------------------------------------------------------

[2023-03-05 16:54:27 #1 store] 
Database 'C:\Users\sarag\Desktop\eclipse\IS\Bets21\src\main\resources\bets.temp' has been recovered (tr. 25-25)

[2023-03-05 16:54:27 #2 store] 
Database 'C:\Users\sarag\Desktop\eclipse\IS\Bets21\src\main\resources\bets.temp' is opened by 31592@LAPTOP-UUGQSHIG

[2023-03-05 16:54:27 #3 type] 
Type domain.Question is not enhanced.

[2023-03-05 16:54:27 #4 type] 
Type domain.Forecast is not enhanced.

[2023-03-05 16:54:27 #5 type] 
Type domain.Event is not enhanced.

[2023-03-05 16:54:27 #6 type] 
Type domain.User is not enhanced.

------------------------------------------------------------------------------------------------------------------------

[2023-03-05 16:56:19 #1 store] 
Database 'C:\Users\sarag\Desktop\eclipse\IS\Bets21\src\main\resources\bets.temp' is opened by 32796@LAPTOP-UUGQSHIG

[2023-03-05 16:56:20 #2 type] 
Type domain.Question is not enhanced.

[2023-03-05 16:56:20 #3 type] 
Type domain.Forecast is not enhanced.

[2023-03-05 16:56:20 #4 type] 
Type domain.Event is not enhanced.

[2023-03-05 16:56:20 #5 type] 
Type domain.User is not enhanced.

------------------------------------------------------------------------------------------------------------------------

[2023-03-05 16:58:13 #1 store] 
Database 'C:\Users\sarag\Desktop\eclipse\IS\Bets21\src\main\resources\bets.temp' is opened by 16212@LAPTOP-UUGQSHIG

[2023-03-05 16:58:13 #2 type] 
Type domain.Question is not enhanced.

[2023-03-05 16:58:13 #3 type] 
Type domain.Forecast is not enhanced.

[2023-03-05 16:58:13 #4 type] 
Type domain.Event is not enhanced.

[2023-03-05 16:58:13 #5 type] 
Type domain.User is not enhanced.

------------------------------------------------------------------------------------------------------------------------

[2023-03-05 16:58:49 #1 store] 
Database 'C:\Users\sarag\Desktop\eclipse\IS\Bets21\src\main\resources\bets.temp' is opened by 22504@LAPTOP-UUGQSHIG

[2023-03-05 16:58:49 #2 type] 
Type domain.Question is not enhanced.

[2023-03-05 16:58:49 #3 type] 
Type domain.Forecast is not enhanced.

[2023-03-05 16:58:49 #4 type] 
Type domain.Event is not enhanced.

[2023-03-05 16:58:49 #5 type] 
Type domain.User is not enhanced.

------------------------------------------------------------------------------------------------------------------------

[2023-03-05 16:59:27 #1 store] 
Database 'C:\Users\sarag\Desktop\eclipse\IS\Bets21\src\main\resources\bets.temp' is opened by 29980@LAPTOP-UUGQSHIG

[2023-03-05 16:59:27 #2 type] 
Type domain.Question is not enhanced.

[2023-03-05 16:59:27 #3 type] 
Type domain.Forecast is not enhanced.

[2023-03-05 16:59:27 #4 type] 
Type domain.Event is not enhanced.

[2023-03-05 16:59:27 #5 type] 
Type domain.User is not enhanced.

------------------------------------------------------------------------------------------------------------------------

[2023-03-05 17:00:08 #1 store] 
Database 'C:\Users\sarag\Desktop\eclipse\IS\Bets21\src\main\resources\bets.temp' is opened by 29536@LAPTOP-UUGQSHIG

[2023-03-05 17:00:09 #2 type] 
Type domain.Question is not enhanced.

[2023-03-05 17:00:09 #3 type] 
Type domain.Forecast is not enhanced.

[2023-03-05 17:00:09 #4 type] 
Type domain.Event is not enhanced.

[2023-03-05 17:00:09 #5 type] 
Type domain.User is not enhanced.

------------------------------------------------------------------------------------------------------------------------

[2023-03-05 17:00:45 #1 store] 
Database 'C:\Users\sarag\Desktop\eclipse\IS\Bets21\src\main\resources\bets.temp' is opened by 30808@LAPTOP-UUGQSHIG

[2023-03-05 17:00:45 #2 type] 
Type domain.Question is not enhanced.

[2023-03-05 17:00:45 #3 type] 
Type domain.Forecast is not enhanced.

[2023-03-05 17:00:45 #4 type] 
Type domain.Event is not enhanced.

[2023-03-05 17:00:45 #5 type] 
Type domain.User is not enhanced.

------------------------------------------------------------------------------------------------------------------------

[2023-03-05 17:01:52 #1 store] 
Database 'C:\Users\sarag\Desktop\eclipse\IS\Bets21\src\main\resources\bets.temp' is opened by 34596@LAPTOP-UUGQSHIG

[2023-03-05 17:01:52 #2 type] 
Type domain.Question is not enhanced.

[2023-03-05 17:01:52 #3 type] 
Type domain.Forecast is not enhanced.

[2023-03-05 17:01:52 #4 type] 
Type domain.Event is not enhanced.

[2023-03-05 17:01:52 #5 type] 
Type domain.User is not enhanced.

------------------------------------------------------------------------------------------------------------------------

[2023-03-05 17:08:01 #1 store] 
Database 'C:\Users\sarag\Desktop\eclipse\IS\Bets21\src\main\resources\bets.temp' is opened by 15484@LAPTOP-UUGQSHIG

[2023-03-05 17:08:01 #2 type] 
Type domain.Question is not enhanced.

[2023-03-05 17:08:01 #3 type] 
Type domain.Forecast is not enhanced.

[2023-03-05 17:08:01 #4 type] 
Type domain.Event is not enhanced.

[2023-03-05 17:08:01 #5 type] 
Type domain.User is not enhanced.

------------------------------------------------------------------------------------------------------------------------

[2023-03-05 17:10:16 #1 store] 
Database 'C:\Users\sarag\Desktop\eclipse\IS\Bets21\src\main\resources\bets.temp' has been recovered (tr. 26-27)

[2023-03-05 17:10:16 #2 store] 
Database 'C:\Users\sarag\Desktop\eclipse\IS\Bets21\src\main\resources\bets.temp' is opened by 25432@LAPTOP-UUGQSHIG

[2023-03-05 17:10:16 #3 type] 
Type domain.Question is not enhanced.

[2023-03-05 17:10:16 #4 type] 
Type domain.Forecast is not enhanced.

[2023-03-05 17:10:16 #5 type] 
Type domain.Event is not enhanced.

[2023-03-05 17:10:16 #6 type] 
Type domain.User is not enhanced.

------------------------------------------------------------------------------------------------------------------------

[2023-03-05 18:55:13 #1 store] 
Database 'C:\Users\sarag\Desktop\eclipse\IS\Bets21\src\main\resources\bets.temp' has been recovered (tr. 28-28)

[2023-03-05 18:55:13 #2 store] 
Database 'C:\Users\sarag\Desktop\eclipse\IS\Bets21\src\main\resources\bets.temp' is opened by 24620@LAPTOP-UUGQSHIG

[2023-03-05 18:55:13 #3 type] 
Type domain.Question is not enhanced.

[2023-03-05 18:55:13 #4 type] 
Type domain.Forecast is not enhanced.

[2023-03-05 18:55:13 #5 type] 
Type domain.Event is not enhanced.

[2023-03-05 18:55:13 #6 type] 
Type domain.User is not enhanced.

------------------------------------------------------------------------------------------------------------------------

[2023-03-05 18:58:42 #1 store] 
Database 'C:\Users\sarag\Desktop\eclipse\IS\Bets21\src\main\resources\bets.temp' is opened by 15284@LAPTOP-UUGQSHIG

[2023-03-05 18:58:43 #2 type] 
Type domain.Question is not enhanced.

[2023-03-05 18:58:43 #3 type] 
Type domain.Forecast is not enhanced.

[2023-03-05 18:58:43 #4 type] 
Type domain.Event is not enhanced.

[2023-03-05 18:58:43 #5 type] 
Type domain.User is not enhanced.

------------------------------------------------------------------------------------------------------------------------

[2023-03-05 19:11:18 #1 store] 
Database 'C:\Users\sarag\Desktop\eclipse\IS\Bets21\src\main\resources\bets.temp' has been recovered (tr. 29-29)

[2023-03-05 19:11:18 #2 store] 
Database 'C:\Users\sarag\Desktop\eclipse\IS\Bets21\src\main\resources\bets.temp' is opened by 21484@LAPTOP-UUGQSHIG

[2023-03-05 19:11:18 #3 type] 
Type domain.Question is not enhanced.

[2023-03-05 19:11:18 #4 type] 
Type domain.Forecast is not enhanced.

[2023-03-05 19:11:18 #5 type] 
Type domain.Event is not enhanced.

[2023-03-05 19:11:18 #6 type] 
Type domain.User is not enhanced.

------------------------------------------------------------------------------------------------------------------------

[2023-03-05 19:26:32 #1 store] 
Database 'C:\Users\sarag\Desktop\eclipse\IS\Bets21\src\main\resources\bets.temp' is opened by 28824@LAPTOP-UUGQSHIG

[2023-03-05 19:26:32 #2 type] 
Type domain.Question is not enhanced.

[2023-03-05 19:26:32 #3 type] 
Type domain.Forecast is not enhanced.

[2023-03-05 19:26:32 #4 type] 
Type domain.Event is not enhanced.

[2023-03-05 19:26:32 #5 type] 
Type domain.User is not enhanced.

