------------------------------------------------------------------------------------------------------------------------

[2023-04-01 13:05:41 #1 store] 
Database '/home/borja/git/RepositorioPBL/Bets21/src/main/resources/bets.temp' is opened by 6071@debian-b

[2023-04-01 13:05:41 #2 type] 
Type domain.Question is not enhanced.

[2023-04-01 13:05:41 #3 type] 
Type domain.Forecast is not enhanced.

[2023-04-01 13:05:41 #4 type] 
Type domain.Event is not enhanced.

[2023-04-01 13:05:41 #5 type] 
Type domain.User is not enhanced.

------------------------------------------------------------------------------------------------------------------------

[2023-04-01 13:12:55 #1 store] 
Database '/home/borja/git/RepositorioPBL/Bets21/src/main/resources/bets.temp' is opened by 6800@debian-b

[2023-04-01 13:12:56 #2 type] 
Type domain.Question is not enhanced.

[2023-04-01 13:12:56 #3 type] 
Type domain.Forecast is not enhanced.

[2023-04-01 13:12:56 #4 type] 
Type domain.Event is not enhanced.

[2023-04-01 13:12:56 #5 type] 
Type domain.User is not enhanced.

------------------------------------------------------------------------------------------------------------------------

[2023-04-01 13:16:34 #1 store] 
Database '/home/borja/git/RepositorioPBL/Bets21/src/main/resources/bets.temp' is opened by 6994@debian-b

[2023-04-01 13:16:34 #2 type] 
Type domain.Question is not enhanced.

[2023-04-01 13:16:34 #3 type] 
Type domain.Forecast is not enhanced.

[2023-04-01 13:16:34 #4 type] 
Type domain.Event is not enhanced.

[2023-04-01 13:16:34 #5 type] 
Type domain.User is not enhanced.

------------------------------------------------------------------------------------------------------------------------

[2023-04-01 13:17:51 #1 store] 
Database '/home/borja/git/RepositorioPBL/Bets21/src/main/resources/bets.temp' is opened by 7062@debian-b

[2023-04-01 13:17:51 #2 type] 
Type domain.Question is not enhanced.

[2023-04-01 13:17:51 #3 type] 
Type domain.Forecast is not enhanced.

[2023-04-01 13:17:51 #4 type] 
Type domain.Event is not enhanced.

[2023-04-01 13:17:51 #5 type] 
Type domain.User is not enhanced.

------------------------------------------------------------------------------------------------------------------------

[2023-04-01 13:20:47 #1 store] 
Database '/home/borja/git/RepositorioPBL/Bets21/src/main/resources/bets.temp' is opened by 7219@debian-b

[2023-04-01 13:20:48 #2 type] 
Type domain.Question is not enhanced.

[2023-04-01 13:20:48 #3 type] 
Type domain.Forecast is not enhanced.

[2023-04-01 13:20:48 #4 type] 
Type domain.Event is not enhanced.

[2023-04-01 13:20:48 #5 type] 
Type domain.User is not enhanced.

------------------------------------------------------------------------------------------------------------------------

[2023-04-01 13:21:43 #1 store] 
Database '/home/borja/git/RepositorioPBL/Bets21/src/main/resources/bets.temp' is opened by 7280@debian-b

[2023-04-01 13:21:43 #2 type] 
Type domain.Question is not enhanced.

[2023-04-01 13:21:43 #3 type] 
Type domain.Forecast is not enhanced.

[2023-04-01 13:21:43 #4 type] 
Type domain.Event is not enhanced.

[2023-04-01 13:21:43 #5 type] 
Type domain.User is not enhanced.

------------------------------------------------------------------------------------------------------------------------

[2023-04-01 13:49:39 #1 store] 
Database '/home/borja/git/RepositorioPBL/Bets21/src/main/resources/bets.temp' is opened by 14364@debian-b

[2023-04-01 13:49:39 #2 type] 
Type domain.Question is not enhanced.

[2023-04-01 13:49:39 #3 type] 
Type domain.Forecast is not enhanced.

[2023-04-01 13:49:39 #4 type] 
Type domain.Event is not enhanced.

[2023-04-01 13:49:39 #5 type] 
Type domain.User is not enhanced.

------------------------------------------------------------------------------------------------------------------------

[2023-04-01 14:07:01 #1 store] 
Database '/home/borja/git/RepositorioPBL/Bets21/src/main/resources/bets.temp' is opened by 15486@debian-b

[2023-04-01 14:07:01 #2 type] 
Type domain.Question is not enhanced.

[2023-04-01 14:07:01 #3 type] 
Type domain.Forecast is not enhanced.

[2023-04-01 14:07:01 #4 type] 
Type domain.Event is not enhanced.

[2023-04-01 14:07:01 #5 type] 
Type domain.User is not enhanced.

------------------------------------------------------------------------------------------------------------------------

[2023-04-01 14:10:35 #1 store] 
Database '/home/borja/git/RepositorioPBL/Bets21/src/main/resources/bets.temp' is opened by 15744@debian-b

[2023-04-01 14:10:35 #2 type] 
Type domain.Question is not enhanced.

[2023-04-01 14:10:35 #3 type] 
Type domain.Forecast is not enhanced.

[2023-04-01 14:10:35 #4 type] 
Type domain.Event is not enhanced.

[2023-04-01 14:10:35 #5 type] 
Type domain.User is not enhanced.

------------------------------------------------------------------------------------------------------------------------

[2023-04-01 15:46:30 #1 store] 
Database '/home/borja/git/RepositorioPBL/Bets21/src/main/resources/bets.temp' is opened by 17822@debian-b

[2023-04-01 15:46:30 #2 type] 
Type domain.Question is not enhanced.

[2023-04-01 15:46:30 #3 type] 
Type domain.Forecast is not enhanced.

[2023-04-01 15:46:30 #4 type] 
Type domain.Event is not enhanced.

[2023-04-01 15:46:30 #5 type] 
Type domain.User is not enhanced.

------------------------------------------------------------------------------------------------------------------------

[2023-04-01 15:52:01 #1 store] 
Database '/home/borja/git/RepositorioPBL/Bets21/src/main/resources/bets.temp' has been recovered (tr. 35-35)

[2023-04-01 15:52:01 #2 store] 
Database '/home/borja/git/RepositorioPBL/Bets21/src/main/resources/bets.temp' is opened by 18577@debian-b

[2023-04-01 15:52:01 #3 type] 
Type domain.Question is not enhanced.

[2023-04-01 15:52:01 #4 type] 
Type domain.Forecast is not enhanced.

[2023-04-01 15:52:01 #5 type] 
Type domain.Event is not enhanced.

[2023-04-01 15:52:01 #6 type] 
Type domain.User is not enhanced.

------------------------------------------------------------------------------------------------------------------------

[2023-04-01 16:38:07 #1 store] 
Database '/home/borja/git/RepositorioPBL/Bets21/src/main/resources/bets.temp' is opened by 21887@debian-b

[2023-04-01 16:38:07 #2 type] 
Type domain.Question is not enhanced.

[2023-04-01 16:38:07 #3 type] 
Type domain.Forecast is not enhanced.

[2023-04-01 16:38:07 #4 type] 
Type domain.Event is not enhanced.

[2023-04-01 16:38:07 #5 type] 
Type domain.User is not enhanced.

------------------------------------------------------------------------------------------------------------------------

[2023-04-01 16:49:37 #1 store] 
Database '/home/borja/git/RepositorioPBL/Bets21/src/main/resources/bets.temp' is opened by 23592@debian-b

[2023-04-01 16:49:37 #2 type] 
Type domain.Question is not enhanced.

[2023-04-01 16:49:37 #3 type] 
Type domain.Forecast is not enhanced.

[2023-04-01 16:49:37 #4 type] 
Type domain.Event is not enhanced.

[2023-04-01 16:49:37 #5 type] 
Type domain.User is not enhanced.

------------------------------------------------------------------------------------------------------------------------

[2023-04-01 16:55:22 #1 store] 
Database '/home/borja/git/RepositorioPBL/Bets21/src/main/resources/bets.temp' is opened by 24383@debian-b

[2023-04-01 16:55:22 #2 type] 
Type domain.Question is not enhanced.

[2023-04-01 16:55:22 #3 type] 
Type domain.Forecast is not enhanced.

[2023-04-01 16:55:22 #4 type] 
Type domain.Event is not enhanced.

[2023-04-01 16:55:22 #5 type] 
Type domain.User is not enhanced.

------------------------------------------------------------------------------------------------------------------------

[2023-04-01 16:56:57 #1 store] 
Database '/home/borja/git/RepositorioPBL/Bets21/src/main/resources/bets.temp' has been recovered (tr. 36-36)

[2023-04-01 16:56:57 #2 store] 
Database '/home/borja/git/RepositorioPBL/Bets21/src/main/resources/bets.temp' is opened by 24630@debian-b

[2023-04-01 16:56:57 #3 type] 
Type domain.Question is not enhanced.

[2023-04-01 16:56:57 #4 type] 
Type domain.Forecast is not enhanced.

[2023-04-01 16:56:57 #5 type] 
Type domain.Event is not enhanced.

[2023-04-01 16:56:57 #6 type] 
Type domain.User is not enhanced.

------------------------------------------------------------------------------------------------------------------------

[2023-04-01 17:09:40 #1 store] 
Database '/home/borja/git/RepositorioPBL/Bets21/src/main/resources/bets.temp' is opened by 26013@debian-b

[2023-04-01 17:09:41 #2 type] 
Type domain.Question is not enhanced.

[2023-04-01 17:09:41 #3 type] 
Type domain.Forecast is not enhanced.

[2023-04-01 17:09:41 #4 type] 
Type domain.Event is not enhanced.

[2023-04-01 17:09:41 #5 type] 
Type domain.User is not enhanced.

------------------------------------------------------------------------------------------------------------------------

[2023-04-01 17:15:45 #1 store] 
Database '/home/borja/git/RepositorioPBL/Bets21/src/main/resources/bets.temp' is opened by 26264@debian-b

[2023-04-01 17:15:46 #2 type] 
Type domain.Question is not enhanced.

[2023-04-01 17:15:46 #3 type] 
Type domain.Forecast is not enhanced.

[2023-04-01 17:15:46 #4 type] 
Type domain.Event is not enhanced.

[2023-04-01 17:15:46 #5 type] 
Type domain.User is not enhanced.

------------------------------------------------------------------------------------------------------------------------

[2023-04-01 17:16:58 #1 store] 
Database '/home/borja/git/RepositorioPBL/Bets21/src/main/resources/bets.temp' is opened by 26337@debian-b

[2023-04-01 17:16:58 #2 type] 
Type domain.Question is not enhanced.

[2023-04-01 17:16:58 #3 type] 
Type domain.Forecast is not enhanced.

[2023-04-01 17:16:58 #4 type] 
Type domain.Event is not enhanced.

[2023-04-01 17:16:58 #5 type] 
Type domain.User is not enhanced.

------------------------------------------------------------------------------------------------------------------------

[2023-04-01 17:19:33 #1 store] 
Database '/home/borja/git/RepositorioPBL/Bets21/src/main/resources/bets.temp' is opened by 26577@debian-b

[2023-04-01 17:19:33 #2 type] 
Type domain.Question is not enhanced.

[2023-04-01 17:19:33 #3 type] 
Type domain.Forecast is not enhanced.

[2023-04-01 17:19:33 #4 type] 
Type domain.Event is not enhanced.

[2023-04-01 17:19:33 #5 type] 
Type domain.User is not enhanced.

------------------------------------------------------------------------------------------------------------------------

[2023-04-01 17:20:19 #1 store] 
Database '/home/borja/git/RepositorioPBL/Bets21/src/main/resources/bets.temp' is opened by 26631@debian-b

[2023-04-01 17:20:20 #2 type] 
Type domain.Question is not enhanced.

[2023-04-01 17:20:20 #3 type] 
Type domain.Forecast is not enhanced.

[2023-04-01 17:20:20 #4 type] 
Type domain.Event is not enhanced.

[2023-04-01 17:20:20 #5 type] 
Type domain.User is not enhanced.

------------------------------------------------------------------------------------------------------------------------

[2023-04-01 17:21:12 #1 store] 
Database '/home/borja/git/RepositorioPBL/Bets21/src/main/resources/bets.temp' is opened by 26757@debian-b

[2023-04-01 17:21:13 #2 type] 
Type domain.Question is not enhanced.

[2023-04-01 17:21:13 #3 type] 
Type domain.Forecast is not enhanced.

[2023-04-01 17:21:13 #4 type] 
Type domain.Event is not enhanced.

[2023-04-01 17:21:13 #5 type] 
Type domain.User is not enhanced.

------------------------------------------------------------------------------------------------------------------------

[2023-04-01 17:22:02 #1 store] 
Database '/home/borja/git/RepositorioPBL/Bets21/src/main/resources/bets.temp' is opened by 26859@debian-b

[2023-04-01 17:22:02 #2 type] 
Type domain.Question is not enhanced.

[2023-04-01 17:22:02 #3 type] 
Type domain.Forecast is not enhanced.

[2023-04-01 17:22:02 #4 type] 
Type domain.Event is not enhanced.

[2023-04-01 17:22:02 #5 type] 
Type domain.User is not enhanced.

------------------------------------------------------------------------------------------------------------------------

[2023-04-01 17:23:22 #1 store] 
Database '/home/borja/git/RepositorioPBL/Bets21/src/main/resources/bets.temp' is opened by 26924@debian-b

[2023-04-01 17:23:22 #2 type] 
Type domain.Question is not enhanced.

[2023-04-01 17:23:22 #3 type] 
Type domain.Forecast is not enhanced.

[2023-04-01 17:23:22 #4 type] 
Type domain.Event is not enhanced.

[2023-04-01 17:23:22 #5 type] 
Type domain.User is not enhanced.

------------------------------------------------------------------------------------------------------------------------

[2023-04-01 17:25:34 #1 store] 
Database '/home/borja/git/RepositorioPBL/Bets21/src/main/resources/bets.temp' is opened by 27101@debian-b

[2023-04-01 17:25:34 #2 type] 
Type domain.Question is not enhanced.

[2023-04-01 17:25:34 #3 type] 
Type domain.Forecast is not enhanced.

[2023-04-01 17:25:34 #4 type] 
Type domain.Event is not enhanced.

[2023-04-01 17:25:34 #5 type] 
Type domain.User is not enhanced.

------------------------------------------------------------------------------------------------------------------------

[2023-04-01 17:27:47 #1 store] 
Database '/home/borja/git/RepositorioPBL/Bets21/src/main/resources/bets.temp' is opened by 27262@debian-b

[2023-04-01 17:27:47 #2 type] 
Type domain.Question is not enhanced.

[2023-04-01 17:27:47 #3 type] 
Type domain.Forecast is not enhanced.

[2023-04-01 17:27:47 #4 type] 
Type domain.Event is not enhanced.

[2023-04-01 17:27:47 #5 type] 
Type domain.User is not enhanced.

------------------------------------------------------------------------------------------------------------------------

[2023-04-01 17:29:42 #1 store] 
Database '/home/borja/git/RepositorioPBL/Bets21/src/main/resources/bets.temp' is opened by 27401@debian-b

[2023-04-01 17:29:42 #2 type] 
Type domain.Question is not enhanced.

[2023-04-01 17:29:42 #3 type] 
Type domain.Forecast is not enhanced.

[2023-04-01 17:29:42 #4 type] 
Type domain.Event is not enhanced.

[2023-04-01 17:29:42 #5 type] 
Type domain.User is not enhanced.

------------------------------------------------------------------------------------------------------------------------

[2023-04-01 17:30:50 #1 store] 
Database '/home/borja/git/RepositorioPBL/Bets21/src/main/resources/bets.temp' is opened by 27469@debian-b

[2023-04-01 17:30:50 #2 type] 
Type domain.Question is not enhanced.

[2023-04-01 17:30:50 #3 type] 
Type domain.Forecast is not enhanced.

[2023-04-01 17:30:50 #4 type] 
Type domain.Event is not enhanced.

[2023-04-01 17:30:50 #5 type] 
Type domain.User is not enhanced.

------------------------------------------------------------------------------------------------------------------------

[2023-04-01 17:33:41 #1 store] 
Database '/home/borja/git/RepositorioPBL/Bets21/src/main/resources/bets.temp' is opened by 27580@debian-b

[2023-04-01 17:33:41 #2 type] 
Type domain.Question is not enhanced.

[2023-04-01 17:33:41 #3 type] 
Type domain.Forecast is not enhanced.

[2023-04-01 17:33:41 #4 type] 
Type domain.Event is not enhanced.

[2023-04-01 17:33:41 #5 type] 
Type domain.User is not enhanced.

------------------------------------------------------------------------------------------------------------------------

[2023-04-01 17:36:33 #1 store] 
Database '/home/borja/git/RepositorioPBL/Bets21/src/main/resources/bets.temp' is opened by 27996@debian-b

[2023-04-01 17:36:33 #2 type] 
Type domain.Question is not enhanced.

[2023-04-01 17:36:33 #3 type] 
Type domain.Forecast is not enhanced.

[2023-04-01 17:36:33 #4 type] 
Type domain.Event is not enhanced.

[2023-04-01 17:36:33 #5 type] 
Type domain.User is not enhanced.

------------------------------------------------------------------------------------------------------------------------

[2023-04-01 17:39:22 #1 store] 
Database '/home/borja/git/RepositorioPBL/Bets21/src/main/resources/bets.temp' is opened by 28376@debian-b

[2023-04-01 17:39:22 #2 type] 
Type domain.Question is not enhanced.

[2023-04-01 17:39:22 #3 type] 
Type domain.Forecast is not enhanced.

[2023-04-01 17:39:22 #4 type] 
Type domain.Event is not enhanced.

[2023-04-01 17:39:22 #5 type] 
Type domain.User is not enhanced.

------------------------------------------------------------------------------------------------------------------------

[2023-04-01 17:46:30 #1 store] 
Database '/home/borja/git/RepositorioPBL/Bets21/src/main/resources/bets.temp' is opened by 29336@debian-b

[2023-04-01 17:46:30 #2 type] 
Type domain.Question is not enhanced.

[2023-04-01 17:46:30 #3 type] 
Type domain.Forecast is not enhanced.

[2023-04-01 17:46:30 #4 type] 
Type domain.Event is not enhanced.

[2023-04-01 17:46:30 #5 type] 
Type domain.User is not enhanced.

