------------------------------------------------------------------------------------------------------------------------

[2023-04-29 12:18:33 #1 store] 
Database '/home/borja/git/RepositorioPBL/Bets21/src/main/resources/bets.temp' is opened by 4458@fedora-b

[2023-04-29 12:18:33 #2 type] 
Type domain.Question is not enhanced.

[2023-04-29 12:18:33 #3 type] 
Type domain.Forecast is not enhanced.

[2023-04-29 12:18:33 #4 type] 
Type domain.Event is not enhanced.

[2023-04-29 12:18:33 #5 type] 
Type domain.Bet is not enhanced.

[2023-04-29 12:18:33 #6 type] 
Type domain.User is not enhanced.

------------------------------------------------------------------------------------------------------------------------

[2023-04-29 12:19:43 #1 store] 
Database '/home/borja/git/RepositorioPBL/Bets21/src/main/resources/bets.temp' is opened by 4599@fedora-b

[2023-04-29 12:19:43 #2 type] 
Type domain.Question is not enhanced.

[2023-04-29 12:19:43 #3 type] 
Type domain.Forecast is not enhanced.

[2023-04-29 12:19:43 #4 type] 
Type domain.Event is not enhanced.

[2023-04-29 12:19:43 #5 type] 
Type domain.Bet is not enhanced.

[2023-04-29 12:19:43 #6 type] 
Type domain.User is not enhanced.

------------------------------------------------------------------------------------------------------------------------

[2023-04-29 12:20:54 #1 store] 
Database '/home/borja/git/RepositorioPBL/Bets21/src/main/resources/bets.temp' is opened by 4724@fedora-b

[2023-04-29 12:20:54 #2 type] 
Type domain.Question is not enhanced.

[2023-04-29 12:20:54 #3 type] 
Type domain.Forecast is not enhanced.

[2023-04-29 12:20:54 #4 type] 
Type domain.Event is not enhanced.

[2023-04-29 12:20:54 #5 type] 
Type domain.Bet is not enhanced.

[2023-04-29 12:20:54 #6 type] 
Type domain.User is not enhanced.

------------------------------------------------------------------------------------------------------------------------

[2023-04-29 12:21:15 #1 store] 
Database '/home/borja/git/RepositorioPBL/Bets21/src/main/resources/bets.temp' is opened by 4786@fedora-b

[2023-04-29 12:21:15 #2 type] 
Type domain.Question is not enhanced.

[2023-04-29 12:21:15 #3 type] 
Type domain.Forecast is not enhanced.

[2023-04-29 12:21:15 #4 type] 
Type domain.Event is not enhanced.

[2023-04-29 12:21:15 #5 type] 
Type domain.Bet is not enhanced.

[2023-04-29 12:21:15 #6 type] 
Type domain.User is not enhanced.

------------------------------------------------------------------------------------------------------------------------

[2023-04-29 12:21:39 #1 store] 
Database '/home/borja/git/RepositorioPBL/Bets21/src/main/resources/bets.temp' is opened by 4855@fedora-b

[2023-04-29 12:21:39 #2 type] 
Type domain.Question is not enhanced.

[2023-04-29 12:21:39 #3 type] 
Type domain.Forecast is not enhanced.

[2023-04-29 12:21:39 #4 type] 
Type domain.Event is not enhanced.

[2023-04-29 12:21:39 #5 type] 
Type domain.Bet is not enhanced.

[2023-04-29 12:21:39 #6 type] 
Type domain.User is not enhanced.

------------------------------------------------------------------------------------------------------------------------

[2023-04-29 12:22:36 #1 store] 
Database '/home/borja/git/RepositorioPBL/Bets21/src/main/resources/bets.temp' is opened by 4963@fedora-b

[2023-04-29 12:22:36 #2 type] 
Type domain.Question is not enhanced.

[2023-04-29 12:22:36 #3 type] 
Type domain.Forecast is not enhanced.

[2023-04-29 12:22:36 #4 type] 
Type domain.Event is not enhanced.

[2023-04-29 12:22:36 #5 type] 
Type domain.Bet is not enhanced.

[2023-04-29 12:22:36 #6 type] 
Type domain.User is not enhanced.

------------------------------------------------------------------------------------------------------------------------

[2023-04-29 12:23:07 #1 store] 
Database '/home/borja/git/RepositorioPBL/Bets21/src/main/resources/bets.temp' is opened by 5043@fedora-b

[2023-04-29 12:23:07 #2 type] 
Type domain.Question is not enhanced.

[2023-04-29 12:23:07 #3 type] 
Type domain.Forecast is not enhanced.

[2023-04-29 12:23:07 #4 type] 
Type domain.Event is not enhanced.

[2023-04-29 12:23:07 #5 type] 
Type domain.Bet is not enhanced.

[2023-04-29 12:23:07 #6 type] 
Type domain.User is not enhanced.

------------------------------------------------------------------------------------------------------------------------

[2023-04-29 12:27:25 #1 store] 
Database '/home/borja/git/RepositorioPBL/Bets21/src/main/resources/bets.temp' is opened by 5574@fedora-b

[2023-04-29 12:27:25 #2 type] 
Type domain.Question is not enhanced.

[2023-04-29 12:27:25 #3 type] 
Type domain.Forecast is not enhanced.

[2023-04-29 12:27:25 #4 type] 
Type domain.Event is not enhanced.

[2023-04-29 12:27:25 #5 type] 
Type domain.Bet is not enhanced.

[2023-04-29 12:27:25 #6 type] 
Type domain.User is not enhanced.

------------------------------------------------------------------------------------------------------------------------

[2023-04-29 12:29:56 #1 store] 
Database '/home/borja/git/RepositorioPBL/Bets21/src/main/resources/bets.temp' is opened by 5780@fedora-b

[2023-04-29 12:29:56 #2 type] 
Type domain.Question is not enhanced.

[2023-04-29 12:29:56 #3 type] 
Type domain.Forecast is not enhanced.

[2023-04-29 12:29:56 #4 type] 
Type domain.Event is not enhanced.

[2023-04-29 12:29:56 #5 type] 
Type domain.Bet is not enhanced.

[2023-04-29 12:29:56 #6 type] 
Type domain.User is not enhanced.

------------------------------------------------------------------------------------------------------------------------

[2023-04-29 12:30:45 #1 store] 
Database '/home/borja/git/RepositorioPBL/Bets21/src/main/resources/bets.temp' is opened by 5896@fedora-b

[2023-04-29 12:30:45 #2 type] 
Type domain.Question is not enhanced.

[2023-04-29 12:30:45 #3 type] 
Type domain.Forecast is not enhanced.

[2023-04-29 12:30:45 #4 type] 
Type domain.Event is not enhanced.

[2023-04-29 12:30:45 #5 type] 
Type domain.Bet is not enhanced.

[2023-04-29 12:30:45 #6 type] 
Type domain.User is not enhanced.

------------------------------------------------------------------------------------------------------------------------

[2023-04-29 12:31:45 #1 store] 
Database '/home/borja/git/RepositorioPBL/Bets21/src/main/resources/bets.temp' is opened by 6069@fedora-b

[2023-04-29 12:31:45 #2 type] 
Type domain.Question is not enhanced.

[2023-04-29 12:31:45 #3 type] 
Type domain.Forecast is not enhanced.

[2023-04-29 12:31:45 #4 type] 
Type domain.Event is not enhanced.

[2023-04-29 12:31:45 #5 type] 
Type domain.Bet is not enhanced.

[2023-04-29 12:31:45 #6 type] 
Type domain.User is not enhanced.

------------------------------------------------------------------------------------------------------------------------

[2023-04-29 12:32:15 #1 store] 
Database '/home/borja/git/RepositorioPBL/Bets21/src/main/resources/bets.temp' is opened by 6225@fedora-b

[2023-04-29 12:32:15 #2 type] 
Type domain.Question is not enhanced.

[2023-04-29 12:32:16 #3 type] 
Type domain.Forecast is not enhanced.

[2023-04-29 12:32:16 #4 type] 
Type domain.Event is not enhanced.

[2023-04-29 12:32:16 #5 type] 
Type domain.Bet is not enhanced.

[2023-04-29 12:32:16 #6 type] 
Type domain.User is not enhanced.

------------------------------------------------------------------------------------------------------------------------

[2023-04-29 12:33:29 #1 store] 
Database '/home/borja/git/RepositorioPBL/Bets21/src/main/resources/bets.temp' is opened by 6333@fedora-b

[2023-04-29 12:33:29 #2 type] 
Type domain.Question is not enhanced.

[2023-04-29 12:33:29 #3 type] 
Type domain.Forecast is not enhanced.

[2023-04-29 12:33:29 #4 type] 
Type domain.Event is not enhanced.

[2023-04-29 12:33:29 #5 type] 
Type domain.Bet is not enhanced.

[2023-04-29 12:33:29 #6 type] 
Type domain.User is not enhanced.

------------------------------------------------------------------------------------------------------------------------

[2023-04-29 12:34:52 #1 store] 
Database '/home/borja/git/RepositorioPBL/Bets21/src/main/resources/bets.temp' is opened by 6467@fedora-b

[2023-04-29 12:34:52 #2 type] 
Type domain.Question is not enhanced.

[2023-04-29 12:34:52 #3 type] 
Type domain.Forecast is not enhanced.

[2023-04-29 12:34:52 #4 type] 
Type domain.Event is not enhanced.

[2023-04-29 12:34:52 #5 type] 
Type domain.Bet is not enhanced.

[2023-04-29 12:34:52 #6 type] 
Type domain.User is not enhanced.

------------------------------------------------------------------------------------------------------------------------

[2023-04-29 12:35:50 #1 store] 
Database '/home/borja/git/RepositorioPBL/Bets21/src/main/resources/bets.temp' is opened by 6679@fedora-b

[2023-04-29 12:35:50 #2 type] 
Type domain.Question is not enhanced.

[2023-04-29 12:35:50 #3 type] 
Type domain.Forecast is not enhanced.

[2023-04-29 12:35:50 #4 type] 
Type domain.Event is not enhanced.

[2023-04-29 12:35:50 #5 type] 
Type domain.Bet is not enhanced.

[2023-04-29 12:35:50 #6 type] 
Type domain.User is not enhanced.

------------------------------------------------------------------------------------------------------------------------

[2023-04-29 12:37:39 #1 store] 
Database '/home/borja/git/RepositorioPBL/Bets21/src/main/resources/bets.temp' is opened by 6913@fedora-b

[2023-04-29 12:37:39 #2 type] 
Type domain.Question is not enhanced.

[2023-04-29 12:37:39 #3 type] 
Type domain.Forecast is not enhanced.

[2023-04-29 12:37:39 #4 type] 
Type domain.Event is not enhanced.

[2023-04-29 12:37:39 #5 type] 
Type domain.Bet is not enhanced.

[2023-04-29 12:37:39 #6 type] 
Type domain.User is not enhanced.

------------------------------------------------------------------------------------------------------------------------

[2023-04-29 12:39:10 #1 store] 
Database '/home/borja/git/RepositorioPBL/Bets21/src/main/resources/bets.temp' is opened by 7062@fedora-b

[2023-04-29 12:39:10 #2 type] 
Type domain.Question is not enhanced.

[2023-04-29 12:39:10 #3 type] 
Type domain.Forecast is not enhanced.

[2023-04-29 12:39:10 #4 type] 
Type domain.Event is not enhanced.

[2023-04-29 12:39:10 #5 type] 
Type domain.Bet is not enhanced.

[2023-04-29 12:39:10 #6 type] 
Type domain.User is not enhanced.

------------------------------------------------------------------------------------------------------------------------

[2023-04-29 12:40:17 #1 store] 
Database '/home/borja/git/RepositorioPBL/Bets21/src/main/resources/bets.temp' is opened by 7204@fedora-b

[2023-04-29 12:40:17 #2 type] 
Type domain.Question is not enhanced.

[2023-04-29 12:40:17 #3 type] 
Type domain.Forecast is not enhanced.

[2023-04-29 12:40:17 #4 type] 
Type domain.Event is not enhanced.

[2023-04-29 12:40:17 #5 type] 
Type domain.Bet is not enhanced.

[2023-04-29 12:40:17 #6 type] 
Type domain.User is not enhanced.

------------------------------------------------------------------------------------------------------------------------

[2023-04-29 12:40:46 #1 store] 
Database '/home/borja/git/RepositorioPBL/Bets21/src/main/resources/bets.temp' is opened by 7260@fedora-b

[2023-04-29 12:40:46 #2 type] 
Type domain.Question is not enhanced.

[2023-04-29 12:40:46 #3 type] 
Type domain.Forecast is not enhanced.

[2023-04-29 12:40:46 #4 type] 
Type domain.Event is not enhanced.

[2023-04-29 12:40:46 #5 type] 
Type domain.Bet is not enhanced.

[2023-04-29 12:40:46 #6 type] 
Type domain.User is not enhanced.

------------------------------------------------------------------------------------------------------------------------

[2023-04-29 12:50:23 #1 store] 
Database '/home/borja/git/RepositorioPBL/Bets21/src/main/resources/bets.temp' is opened by 9719@fedora-b

[2023-04-29 12:50:23 #2 type] 
Type domain.Question is not enhanced.

[2023-04-29 12:50:23 #3 type] 
Type domain.Forecast is not enhanced.

[2023-04-29 12:50:23 #4 type] 
Type domain.Event is not enhanced.

[2023-04-29 12:50:23 #5 type] 
Type domain.Bet is not enhanced.

[2023-04-29 12:50:23 #6 type] 
Type domain.User is not enhanced.

------------------------------------------------------------------------------------------------------------------------

[2023-04-29 12:52:13 #1 store] 
Database '/home/borja/git/RepositorioPBL/Bets21/src/main/resources/bets.temp' is opened by 9914@fedora-b

[2023-04-29 12:52:13 #2 type] 
Type domain.Question is not enhanced.

[2023-04-29 12:52:13 #3 type] 
Type domain.Forecast is not enhanced.

[2023-04-29 12:52:13 #4 type] 
Type domain.Event is not enhanced.

[2023-04-29 12:52:13 #5 type] 
Type domain.Bet is not enhanced.

[2023-04-29 12:52:13 #6 type] 
Type domain.User is not enhanced.

------------------------------------------------------------------------------------------------------------------------

[2023-04-29 12:53:40 #1 store] 
Database '/home/borja/git/RepositorioPBL/Bets21/src/main/resources/bets.temp' is opened by 10044@fedora-b

[2023-04-29 12:53:41 #2 type] 
Type domain.Question is not enhanced.

[2023-04-29 12:53:41 #3 type] 
Type domain.Forecast is not enhanced.

[2023-04-29 12:53:41 #4 type] 
Type domain.Event is not enhanced.

[2023-04-29 12:53:41 #5 type] 
Type domain.Bet is not enhanced.

[2023-04-29 12:53:41 #6 type] 
Type domain.User is not enhanced.

------------------------------------------------------------------------------------------------------------------------

[2023-04-29 13:00:32 #1 store] 
Database '/home/borja/git/RepositorioPBL/Bets21/src/main/resources/bets.temp' is opened by 10806@fedora-b

[2023-04-29 13:00:32 #2 type] 
Type domain.Question is not enhanced.

[2023-04-29 13:00:32 #3 type] 
Type domain.Forecast is not enhanced.

[2023-04-29 13:00:32 #4 type] 
Type domain.Event is not enhanced.

[2023-04-29 13:00:32 #5 type] 
Type domain.Bet is not enhanced.

[2023-04-29 13:00:32 #6 type] 
Type domain.User is not enhanced.

------------------------------------------------------------------------------------------------------------------------

[2023-04-29 13:03:07 #1 store] 
Database '/home/borja/git/RepositorioPBL/Bets21/src/main/resources/bets.temp' is opened by 11161@fedora-b

[2023-04-29 13:03:07 #2 type] 
Type domain.Question is not enhanced.

[2023-04-29 13:03:07 #3 type] 
Type domain.Forecast is not enhanced.

[2023-04-29 13:03:07 #4 type] 
Type domain.Event is not enhanced.

[2023-04-29 13:03:07 #5 type] 
Type domain.Bet is not enhanced.

[2023-04-29 13:03:07 #6 type] 
Type domain.User is not enhanced.

------------------------------------------------------------------------------------------------------------------------

[2023-04-29 13:05:55 #1 store] 
Database '/home/borja/git/RepositorioPBL/Bets21/src/main/resources/bets.temp' is opened by 11444@fedora-b

[2023-04-29 13:05:55 #2 type] 
Type domain.Question is not enhanced.

[2023-04-29 13:05:55 #3 type] 
Type domain.Forecast is not enhanced.

[2023-04-29 13:05:55 #4 type] 
Type domain.Event is not enhanced.

[2023-04-29 13:05:55 #5 type] 
Type domain.Bet is not enhanced.

[2023-04-29 13:05:55 #6 type] 
Type domain.User is not enhanced.

------------------------------------------------------------------------------------------------------------------------

[2023-04-29 13:06:39 #1 store] 
Database '/home/borja/git/RepositorioPBL/Bets21/src/main/resources/bets.temp' is opened by 11530@fedora-b

[2023-04-29 13:06:39 #2 type] 
Type domain.Question is not enhanced.

[2023-04-29 13:06:39 #3 type] 
Type domain.Forecast is not enhanced.

[2023-04-29 13:06:39 #4 type] 
Type domain.Event is not enhanced.

[2023-04-29 13:06:39 #5 type] 
Type domain.Bet is not enhanced.

[2023-04-29 13:06:39 #6 type] 
Type domain.User is not enhanced.

------------------------------------------------------------------------------------------------------------------------

[2023-04-29 13:11:18 #1 store] 
Database '/home/borja/git/RepositorioPBL/Bets21/src/main/resources/bets.temp' is opened by 12289@fedora-b

[2023-04-29 13:11:18 #2 type] 
Type domain.Question is not enhanced.

[2023-04-29 13:11:18 #3 type] 
Type domain.Forecast is not enhanced.

[2023-04-29 13:11:18 #4 type] 
Type domain.Event is not enhanced.

[2023-04-29 13:11:18 #5 type] 
Type domain.Bet is not enhanced.

[2023-04-29 13:11:18 #6 type] 
Type domain.User is not enhanced.

------------------------------------------------------------------------------------------------------------------------

[2023-04-29 13:17:35 #1 store] 
Database '/home/borja/git/RepositorioPBL/Bets21/src/main/resources/bets.temp' is opened by 13089@fedora-b

[2023-04-29 13:17:36 #2 type] 
Type domain.Question is not enhanced.

[2023-04-29 13:17:36 #3 type] 
Type domain.Forecast is not enhanced.

[2023-04-29 13:17:36 #4 type] 
Type domain.Event is not enhanced.

[2023-04-29 13:17:36 #5 type] 
Type domain.Bet is not enhanced.

[2023-04-29 13:17:36 #6 type] 
Type domain.User is not enhanced.

------------------------------------------------------------------------------------------------------------------------

[2023-04-29 13:18:02 #1 store] 
Database '/home/borja/git/RepositorioPBL/Bets21/src/main/resources/bets.temp' is opened by 13183@fedora-b

[2023-04-29 13:18:02 #2 type] 
Type domain.Question is not enhanced.

[2023-04-29 13:18:02 #3 type] 
Type domain.Forecast is not enhanced.

[2023-04-29 13:18:02 #4 type] 
Type domain.Event is not enhanced.

[2023-04-29 13:18:02 #5 type] 
Type domain.Bet is not enhanced.

[2023-04-29 13:18:02 #6 type] 
Type domain.User is not enhanced.

------------------------------------------------------------------------------------------------------------------------

[2023-04-29 13:20:02 #1 store] 
Database '/home/borja/git/RepositorioPBL/Bets21/src/main/resources/bets.temp' is opened by 13423@fedora-b

[2023-04-29 13:20:02 #2 type] 
Type domain.Question is not enhanced.

[2023-04-29 13:20:02 #3 type] 
Type domain.Forecast is not enhanced.

[2023-04-29 13:20:02 #4 type] 
Type domain.Event is not enhanced.

[2023-04-29 13:20:02 #5 type] 
Type domain.Bet is not enhanced.

[2023-04-29 13:20:02 #6 type] 
Type domain.User is not enhanced.

------------------------------------------------------------------------------------------------------------------------

[2023-04-29 13:21:05 #1 store] 
Database '/home/borja/git/RepositorioPBL/Bets21/src/main/resources/bets.temp' is opened by 13501@fedora-b

[2023-04-29 13:21:05 #2 type] 
Type domain.Question is not enhanced.

[2023-04-29 13:21:05 #3 type] 
Type domain.Forecast is not enhanced.

[2023-04-29 13:21:05 #4 type] 
Type domain.Event is not enhanced.

[2023-04-29 13:21:05 #5 type] 
Type domain.Bet is not enhanced.

[2023-04-29 13:21:05 #6 type] 
Type domain.User is not enhanced.

------------------------------------------------------------------------------------------------------------------------

[2023-04-29 13:38:27 #1 store] 
Database '/home/borja/git/RepositorioPBL/Bets21/src/main/resources/bets.temp' is opened by 15999@fedora-b

[2023-04-29 13:38:27 #2 type] 
Type domain.Question is not enhanced.

[2023-04-29 13:38:27 #3 type] 
Type domain.Forecast is not enhanced.

[2023-04-29 13:38:27 #4 type] 
Type domain.Event is not enhanced.

[2023-04-29 13:38:27 #5 type] 
Type domain.Bet is not enhanced.

[2023-04-29 13:38:27 #6 type] 
Type domain.User is not enhanced.

------------------------------------------------------------------------------------------------------------------------

[2023-04-29 13:40:04 #1 store] 
Database '/home/borja/git/RepositorioPBL/Bets21/src/main/resources/bets.temp' is opened by 16292@fedora-b

[2023-04-29 13:40:04 #2 type] 
Type domain.Question is not enhanced.

[2023-04-29 13:40:04 #3 type] 
Type domain.Forecast is not enhanced.

[2023-04-29 13:40:04 #4 type] 
Type domain.Event is not enhanced.

[2023-04-29 13:40:04 #5 type] 
Type domain.Bet is not enhanced.

[2023-04-29 13:40:04 #6 type] 
Type domain.User is not enhanced.

------------------------------------------------------------------------------------------------------------------------

[2023-04-29 13:41:08 #1 store] 
Database '/home/borja/git/RepositorioPBL/Bets21/src/main/resources/bets.temp' is opened by 16498@fedora-b

[2023-04-29 13:41:09 #2 type] 
Type domain.Question is not enhanced.

[2023-04-29 13:41:09 #3 type] 
Type domain.Forecast is not enhanced.

[2023-04-29 13:41:09 #4 type] 
Type domain.Event is not enhanced.

[2023-04-29 13:41:09 #5 type] 
Type domain.Bet is not enhanced.

[2023-04-29 13:41:09 #6 type] 
Type domain.User is not enhanced.

------------------------------------------------------------------------------------------------------------------------

[2023-04-29 13:42:56 #1 store] 
Database '/home/borja/git/RepositorioPBL/Bets21/src/main/resources/bets.temp' is opened by 16802@fedora-b

[2023-04-29 13:42:56 #2 type] 
Type domain.Question is not enhanced.

[2023-04-29 13:42:56 #3 type] 
Type domain.Forecast is not enhanced.

[2023-04-29 13:42:56 #4 type] 
Type domain.Event is not enhanced.

[2023-04-29 13:42:56 #5 type] 
Type domain.Bet is not enhanced.

[2023-04-29 13:42:56 #6 type] 
Type domain.User is not enhanced.

------------------------------------------------------------------------------------------------------------------------

[2023-04-29 13:43:29 #1 store] 
Database '/home/borja/git/RepositorioPBL/Bets21/src/main/resources/bets.temp' is opened by 16877@fedora-b

[2023-04-29 13:43:30 #2 type] 
Type domain.Question is not enhanced.

[2023-04-29 13:43:30 #3 type] 
Type domain.Forecast is not enhanced.

[2023-04-29 13:43:30 #4 type] 
Type domain.Event is not enhanced.

[2023-04-29 13:43:30 #5 type] 
Type domain.Bet is not enhanced.

[2023-04-29 13:43:30 #6 type] 
Type domain.User is not enhanced.

------------------------------------------------------------------------------------------------------------------------

[2023-04-29 13:48:50 #1 store] 
Database '/home/borja/git/RepositorioPBL/Bets21/src/main/resources/bets.temp' is opened by 17418@fedora-b

[2023-04-29 13:48:50 #2 type] 
Type domain.Question is not enhanced.

[2023-04-29 13:48:50 #3 type] 
Type domain.Forecast is not enhanced.

[2023-04-29 13:48:50 #4 type] 
Type domain.Event is not enhanced.

[2023-04-29 13:48:50 #5 type] 
Type domain.Bet is not enhanced.

[2023-04-29 13:48:50 #6 type] 
Type domain.User is not enhanced.

------------------------------------------------------------------------------------------------------------------------

[2023-04-29 13:49:22 #1 store] 
Database '/home/borja/git/RepositorioPBL/Bets21/src/main/resources/bets.temp' is opened by 17485@fedora-b

[2023-04-29 13:49:22 #2 type] 
Type domain.Question is not enhanced.

[2023-04-29 13:49:22 #3 type] 
Type domain.Forecast is not enhanced.

[2023-04-29 13:49:22 #4 type] 
Type domain.Event is not enhanced.

[2023-04-29 13:49:22 #5 type] 
Type domain.Bet is not enhanced.

[2023-04-29 13:49:22 #6 type] 
Type domain.User is not enhanced.

------------------------------------------------------------------------------------------------------------------------

[2023-04-29 13:50:14 #1 store] 
Database '/home/borja/git/RepositorioPBL/Bets21/src/main/resources/bets.temp' is opened by 17546@fedora-b

[2023-04-29 13:50:14 #2 type] 
Type domain.Question is not enhanced.

[2023-04-29 13:50:14 #3 type] 
Type domain.Forecast is not enhanced.

[2023-04-29 13:50:14 #4 type] 
Type domain.Event is not enhanced.

[2023-04-29 13:50:14 #5 type] 
Type domain.Bet is not enhanced.

[2023-04-29 13:50:14 #6 type] 
Type domain.User is not enhanced.

------------------------------------------------------------------------------------------------------------------------

[2023-04-29 13:51:10 #1 store] 
Database '/home/borja/git/RepositorioPBL/Bets21/src/main/resources/bets.temp' is opened by 17640@fedora-b

[2023-04-29 13:51:11 #2 type] 
Type domain.Question is not enhanced.

[2023-04-29 13:51:11 #3 type] 
Type domain.Forecast is not enhanced.

[2023-04-29 13:51:11 #4 type] 
Type domain.Event is not enhanced.

[2023-04-29 13:51:11 #5 type] 
Type domain.Bet is not enhanced.

[2023-04-29 13:51:11 #6 type] 
Type domain.User is not enhanced.

------------------------------------------------------------------------------------------------------------------------

[2023-04-29 13:51:58 #1 store] 
Database '/home/borja/git/RepositorioPBL/Bets21/src/main/resources/bets.temp' is opened by 17735@fedora-b

[2023-04-29 13:51:59 #2 type] 
Type domain.Question is not enhanced.

[2023-04-29 13:51:59 #3 type] 
Type domain.Forecast is not enhanced.

[2023-04-29 13:51:59 #4 type] 
Type domain.Event is not enhanced.

[2023-04-29 13:51:59 #5 type] 
Type domain.Bet is not enhanced.

[2023-04-29 13:51:59 #6 type] 
Type domain.User is not enhanced.

------------------------------------------------------------------------------------------------------------------------

[2023-04-29 13:54:39 #1 store] 
Database '/home/borja/git/RepositorioPBL/Bets21/src/main/resources/bets.temp' is opened by 17879@fedora-b

[2023-04-29 13:54:39 #2 type] 
Type domain.Question is not enhanced.

[2023-04-29 13:54:39 #3 type] 
Type domain.Forecast is not enhanced.

[2023-04-29 13:54:39 #4 type] 
Type domain.Event is not enhanced.

[2023-04-29 13:54:39 #5 type] 
Type domain.Bet is not enhanced.

[2023-04-29 13:54:39 #6 type] 
Type domain.User is not enhanced.

------------------------------------------------------------------------------------------------------------------------

[2023-04-29 13:55:51 #1 store] 
Database '/home/borja/git/RepositorioPBL/Bets21/src/main/resources/bets.temp' is opened by 17984@fedora-b

[2023-04-29 13:55:51 #2 type] 
Type domain.Question is not enhanced.

[2023-04-29 13:55:51 #3 type] 
Type domain.Forecast is not enhanced.

[2023-04-29 13:55:51 #4 type] 
Type domain.Event is not enhanced.

[2023-04-29 13:55:51 #5 type] 
Type domain.Bet is not enhanced.

[2023-04-29 13:55:51 #6 type] 
Type domain.User is not enhanced.

------------------------------------------------------------------------------------------------------------------------

[2023-04-29 13:57:01 #1 store] 
Database '/home/borja/git/RepositorioPBL/Bets21/src/main/resources/bets.temp' is opened by 18081@fedora-b

[2023-04-29 13:57:01 #2 type] 
Type domain.Question is not enhanced.

[2023-04-29 13:57:01 #3 type] 
Type domain.Forecast is not enhanced.

[2023-04-29 13:57:01 #4 type] 
Type domain.Event is not enhanced.

[2023-04-29 13:57:01 #5 type] 
Type domain.Bet is not enhanced.

[2023-04-29 13:57:01 #6 type] 
Type domain.User is not enhanced.

------------------------------------------------------------------------------------------------------------------------

[2023-04-29 13:59:18 #1 store] 
Database '/home/borja/git/RepositorioPBL/Bets21/src/main/resources/bets.temp' is opened by 18193@fedora-b

[2023-04-29 13:59:18 #2 type] 
Type domain.Question is not enhanced.

[2023-04-29 13:59:18 #3 type] 
Type domain.Forecast is not enhanced.

[2023-04-29 13:59:18 #4 type] 
Type domain.Event is not enhanced.

[2023-04-29 13:59:18 #5 type] 
Type domain.Bet is not enhanced.

[2023-04-29 13:59:18 #6 type] 
Type domain.User is not enhanced.

------------------------------------------------------------------------------------------------------------------------

[2023-04-29 14:00:41 #1 store] 
Database '/home/borja/git/RepositorioPBL/Bets21/src/main/resources/bets.temp' is opened by 18349@fedora-b

[2023-04-29 14:00:42 #2 type] 
Type domain.Question is not enhanced.

[2023-04-29 14:00:42 #3 type] 
Type domain.Forecast is not enhanced.

[2023-04-29 14:00:42 #4 type] 
Type domain.Event is not enhanced.

[2023-04-29 14:00:42 #5 type] 
Type domain.Bet is not enhanced.

[2023-04-29 14:00:42 #6 type] 
Type domain.User is not enhanced.

------------------------------------------------------------------------------------------------------------------------

[2023-04-29 14:01:01 #1 store] 
Database '/home/borja/git/RepositorioPBL/Bets21/src/main/resources/bets.temp' is opened by 18404@fedora-b

[2023-04-29 14:01:02 #2 type] 
Type domain.Question is not enhanced.

[2023-04-29 14:01:02 #3 type] 
Type domain.Forecast is not enhanced.

[2023-04-29 14:01:02 #4 type] 
Type domain.Event is not enhanced.

[2023-04-29 14:01:02 #5 type] 
Type domain.Bet is not enhanced.

[2023-04-29 14:01:02 #6 type] 
Type domain.User is not enhanced.

------------------------------------------------------------------------------------------------------------------------

[2023-04-29 14:01:15 #1 store] 
Database '/home/borja/git/RepositorioPBL/Bets21/src/main/resources/bets.temp' is opened by 18456@fedora-b

[2023-04-29 14:01:15 #2 type] 
Type domain.Question is not enhanced.

[2023-04-29 14:01:15 #3 type] 
Type domain.Forecast is not enhanced.

[2023-04-29 14:01:15 #4 type] 
Type domain.Event is not enhanced.

[2023-04-29 14:01:15 #5 type] 
Type domain.Bet is not enhanced.

[2023-04-29 14:01:15 #6 type] 
Type domain.User is not enhanced.

------------------------------------------------------------------------------------------------------------------------

[2023-04-29 14:01:43 #1 store] 
Database '/home/borja/git/RepositorioPBL/Bets21/src/main/resources/bets.temp' is opened by 18510@fedora-b

[2023-04-29 14:01:43 #2 type] 
Type domain.Question is not enhanced.

[2023-04-29 14:01:43 #3 type] 
Type domain.Forecast is not enhanced.

[2023-04-29 14:01:43 #4 type] 
Type domain.Event is not enhanced.

[2023-04-29 14:01:43 #5 type] 
Type domain.Bet is not enhanced.

[2023-04-29 14:01:43 #6 type] 
Type domain.User is not enhanced.

------------------------------------------------------------------------------------------------------------------------

[2023-04-29 14:02:15 #1 store] 
Database '/home/borja/git/RepositorioPBL/Bets21/src/main/resources/bets.temp' is opened by 18582@fedora-b

[2023-04-29 14:02:15 #2 type] 
Type domain.Question is not enhanced.

[2023-04-29 14:02:15 #3 type] 
Type domain.Forecast is not enhanced.

[2023-04-29 14:02:15 #4 type] 
Type domain.Event is not enhanced.

[2023-04-29 14:02:15 #5 type] 
Type domain.Bet is not enhanced.

[2023-04-29 14:02:15 #6 type] 
Type domain.User is not enhanced.

------------------------------------------------------------------------------------------------------------------------

[2023-04-29 14:04:09 #1 store] 
Database '/home/borja/git/RepositorioPBL/Bets21/src/main/resources/bets.temp' is opened by 18882@fedora-b

[2023-04-29 14:04:09 #2 type] 
Type domain.Question is not enhanced.

[2023-04-29 14:04:09 #3 type] 
Type domain.Forecast is not enhanced.

[2023-04-29 14:04:09 #4 type] 
Type domain.Event is not enhanced.

[2023-04-29 14:04:09 #5 type] 
Type domain.Bet is not enhanced.

[2023-04-29 14:04:09 #6 type] 
Type domain.User is not enhanced.

------------------------------------------------------------------------------------------------------------------------

[2023-04-29 14:05:41 #1 store] 
Database '/home/borja/git/RepositorioPBL/Bets21/src/main/resources/bets.temp' is opened by 19144@fedora-b

[2023-04-29 14:05:42 #2 type] 
Type domain.Question is not enhanced.

[2023-04-29 14:05:42 #3 type] 
Type domain.Forecast is not enhanced.

[2023-04-29 14:05:42 #4 type] 
Type domain.Event is not enhanced.

[2023-04-29 14:05:42 #5 type] 
Type domain.Bet is not enhanced.

[2023-04-29 14:05:42 #6 type] 
Type domain.User is not enhanced.

------------------------------------------------------------------------------------------------------------------------

[2023-04-29 14:06:03 #1 store] 
Database '/home/borja/git/RepositorioPBL/Bets21/src/main/resources/bets.temp' is opened by 19184@fedora-b

[2023-04-29 14:06:03 #2 type] 
Type domain.Question is not enhanced.

[2023-04-29 14:06:03 #3 type] 
Type domain.Forecast is not enhanced.

[2023-04-29 14:06:03 #4 type] 
Type domain.Event is not enhanced.

[2023-04-29 14:06:03 #5 type] 
Type domain.Bet is not enhanced.

[2023-04-29 14:06:03 #6 type] 
Type domain.User is not enhanced.

------------------------------------------------------------------------------------------------------------------------

[2023-04-29 14:06:45 #1 store] 
Database '/home/borja/git/RepositorioPBL/Bets21/src/main/resources/bets.temp' is opened by 19360@fedora-b

[2023-04-29 14:06:45 #2 type] 
Type domain.Question is not enhanced.

[2023-04-29 14:06:45 #3 type] 
Type domain.Forecast is not enhanced.

[2023-04-29 14:06:45 #4 type] 
Type domain.Event is not enhanced.

[2023-04-29 14:06:45 #5 type] 
Type domain.Bet is not enhanced.

[2023-04-29 14:06:45 #6 type] 
Type domain.User is not enhanced.

------------------------------------------------------------------------------------------------------------------------

[2023-04-29 14:07:17 #1 store] 
Database '/home/borja/git/RepositorioPBL/Bets21/src/main/resources/bets.temp' is opened by 19466@fedora-b

[2023-04-29 14:07:17 #2 type] 
Type domain.Question is not enhanced.

[2023-04-29 14:07:17 #3 type] 
Type domain.Forecast is not enhanced.

[2023-04-29 14:07:17 #4 type] 
Type domain.Event is not enhanced.

[2023-04-29 14:07:17 #5 type] 
Type domain.Bet is not enhanced.

[2023-04-29 14:07:17 #6 type] 
Type domain.User is not enhanced.

------------------------------------------------------------------------------------------------------------------------

[2023-04-29 14:08:49 #1 store] 
Database '/home/borja/git/RepositorioPBL/Bets21/src/main/resources/bets.temp' is opened by 19763@fedora-b

[2023-04-29 14:08:50 #2 type] 
Type domain.Question is not enhanced.

[2023-04-29 14:08:50 #3 type] 
Type domain.Forecast is not enhanced.

[2023-04-29 14:08:50 #4 type] 
Type domain.Event is not enhanced.

[2023-04-29 14:08:50 #5 type] 
Type domain.Bet is not enhanced.

[2023-04-29 14:08:50 #6 type] 
Type domain.User is not enhanced.

------------------------------------------------------------------------------------------------------------------------

[2023-04-29 14:09:11 #1 store] 
Database '/home/borja/git/RepositorioPBL/Bets21/src/main/resources/bets.temp' is opened by 19852@fedora-b

[2023-04-29 14:09:11 #2 type] 
Type domain.Question is not enhanced.

[2023-04-29 14:09:11 #3 type] 
Type domain.Forecast is not enhanced.

[2023-04-29 14:09:11 #4 type] 
Type domain.Event is not enhanced.

[2023-04-29 14:09:11 #5 type] 
Type domain.Bet is not enhanced.

[2023-04-29 14:09:11 #6 type] 
Type domain.User is not enhanced.

------------------------------------------------------------------------------------------------------------------------

[2023-04-29 14:09:28 #1 store] 
Database '/home/borja/git/RepositorioPBL/Bets21/src/main/resources/bets.temp' is opened by 19915@fedora-b

[2023-04-29 14:09:28 #2 type] 
Type domain.Question is not enhanced.

[2023-04-29 14:09:28 #3 type] 
Type domain.Forecast is not enhanced.

[2023-04-29 14:09:28 #4 type] 
Type domain.Event is not enhanced.

[2023-04-29 14:09:28 #5 type] 
Type domain.Bet is not enhanced.

[2023-04-29 14:09:28 #6 type] 
Type domain.User is not enhanced.

------------------------------------------------------------------------------------------------------------------------

[2023-04-29 14:10:08 #1 store] 
Database '/home/borja/git/RepositorioPBL/Bets21/src/main/resources/bets.temp' is opened by 20033@fedora-b

[2023-04-29 14:10:08 #2 type] 
Type domain.Question is not enhanced.

[2023-04-29 14:10:08 #3 type] 
Type domain.Forecast is not enhanced.

[2023-04-29 14:10:08 #4 type] 
Type domain.Event is not enhanced.

[2023-04-29 14:10:08 #5 type] 
Type domain.Bet is not enhanced.

[2023-04-29 14:10:08 #6 type] 
Type domain.User is not enhanced.

------------------------------------------------------------------------------------------------------------------------

[2023-04-29 14:10:43 #1 store] 
Database '/home/borja/git/RepositorioPBL/Bets21/src/main/resources/bets.temp' is opened by 20151@fedora-b

[2023-04-29 14:10:43 #2 type] 
Type domain.Question is not enhanced.

[2023-04-29 14:10:43 #3 type] 
Type domain.Forecast is not enhanced.

[2023-04-29 14:10:43 #4 type] 
Type domain.Event is not enhanced.

[2023-04-29 14:10:43 #5 type] 
Type domain.Bet is not enhanced.

[2023-04-29 14:10:43 #6 type] 
Type domain.User is not enhanced.

------------------------------------------------------------------------------------------------------------------------

[2023-04-29 14:11:32 #1 store] 
Database '/home/borja/git/RepositorioPBL/Bets21/src/main/resources/bets.temp' is opened by 20215@fedora-b

[2023-04-29 14:11:33 #2 type] 
Type domain.Question is not enhanced.

[2023-04-29 14:11:33 #3 type] 
Type domain.Forecast is not enhanced.

[2023-04-29 14:11:33 #4 type] 
Type domain.Event is not enhanced.

[2023-04-29 14:11:33 #5 type] 
Type domain.Bet is not enhanced.

[2023-04-29 14:11:33 #6 type] 
Type domain.User is not enhanced.

------------------------------------------------------------------------------------------------------------------------

[2023-04-29 14:12:31 #1 store] 
Database '/home/borja/git/RepositorioPBL/Bets21/src/main/resources/bets.temp' is opened by 20364@fedora-b

[2023-04-29 14:12:31 #2 type] 
Type domain.Question is not enhanced.

[2023-04-29 14:12:31 #3 type] 
Type domain.Forecast is not enhanced.

[2023-04-29 14:12:31 #4 type] 
Type domain.Event is not enhanced.

[2023-04-29 14:12:31 #5 type] 
Type domain.Bet is not enhanced.

[2023-04-29 14:12:31 #6 type] 
Type domain.User is not enhanced.

------------------------------------------------------------------------------------------------------------------------

[2023-04-29 14:12:50 #1 store] 
Database '/home/borja/git/RepositorioPBL/Bets21/src/main/resources/bets.temp' is opened by 20407@fedora-b

[2023-04-29 14:12:51 #2 type] 
Type domain.Question is not enhanced.

[2023-04-29 14:12:51 #3 type] 
Type domain.Forecast is not enhanced.

[2023-04-29 14:12:51 #4 type] 
Type domain.Event is not enhanced.

[2023-04-29 14:12:51 #5 type] 
Type domain.Bet is not enhanced.

[2023-04-29 14:12:51 #6 type] 
Type domain.User is not enhanced.

------------------------------------------------------------------------------------------------------------------------

[2023-04-29 14:13:59 #1 store] 
Database '/home/borja/git/RepositorioPBL/Bets21/src/main/resources/bets.temp' is opened by 20611@fedora-b

[2023-04-29 14:13:59 #2 type] 
Type domain.Question is not enhanced.

[2023-04-29 14:13:59 #3 type] 
Type domain.Forecast is not enhanced.

[2023-04-29 14:13:59 #4 type] 
Type domain.Event is not enhanced.

[2023-04-29 14:13:59 #5 type] 
Type domain.Bet is not enhanced.

[2023-04-29 14:13:59 #6 type] 
Type domain.User is not enhanced.

------------------------------------------------------------------------------------------------------------------------

[2023-04-29 14:15:24 #1 store] 
Database '/home/borja/git/RepositorioPBL/Bets21/src/main/resources/bets.temp' is opened by 20857@fedora-b

[2023-04-29 14:15:24 #2 type] 
Type domain.Question is not enhanced.

[2023-04-29 14:15:24 #3 type] 
Type domain.Forecast is not enhanced.

[2023-04-29 14:15:24 #4 type] 
Type domain.Event is not enhanced.

[2023-04-29 14:15:24 #5 type] 
Type domain.Bet is not enhanced.

[2023-04-29 14:15:24 #6 type] 
Type domain.User is not enhanced.

------------------------------------------------------------------------------------------------------------------------

[2023-04-29 14:20:01 #1 store] 
Database '/home/borja/git/RepositorioPBL/Bets21/src/main/resources/bets.temp' is opened by 21186@fedora-b

[2023-04-29 14:20:01 #2 type] 
Type domain.Question is not enhanced.

[2023-04-29 14:20:01 #3 type] 
Type domain.Forecast is not enhanced.

[2023-04-29 14:20:01 #4 type] 
Type domain.Event is not enhanced.

[2023-04-29 14:20:01 #5 type] 
Type domain.Bet is not enhanced.

[2023-04-29 14:20:01 #6 type] 
Type domain.User is not enhanced.

------------------------------------------------------------------------------------------------------------------------

[2023-04-29 14:21:26 #1 store] 
Database '/home/borja/git/RepositorioPBL/Bets21/src/main/resources/bets.temp' is opened by 21391@fedora-b

[2023-04-29 14:21:26 #2 type] 
Type domain.Question is not enhanced.

[2023-04-29 14:21:26 #3 type] 
Type domain.Forecast is not enhanced.

[2023-04-29 14:21:26 #4 type] 
Type domain.Event is not enhanced.

[2023-04-29 14:21:26 #5 type] 
Type domain.Bet is not enhanced.

[2023-04-29 14:21:26 #6 type] 
Type domain.User is not enhanced.

------------------------------------------------------------------------------------------------------------------------

[2023-04-29 14:22:10 #1 store] 
Database '/home/borja/git/RepositorioPBL/Bets21/src/main/resources/bets.temp' is opened by 21522@fedora-b

[2023-04-29 14:22:10 #2 type] 
Type domain.Question is not enhanced.

[2023-04-29 14:22:10 #3 type] 
Type domain.Forecast is not enhanced.

[2023-04-29 14:22:10 #4 type] 
Type domain.Event is not enhanced.

[2023-04-29 14:22:10 #5 type] 
Type domain.Bet is not enhanced.

[2023-04-29 14:22:10 #6 type] 
Type domain.User is not enhanced.

------------------------------------------------------------------------------------------------------------------------

[2023-04-29 14:22:56 #1 store] 
Database '/home/borja/git/RepositorioPBL/Bets21/src/main/resources/bets.temp' is opened by 21735@fedora-b

[2023-04-29 14:22:57 #2 type] 
Type domain.Question is not enhanced.

[2023-04-29 14:22:57 #3 type] 
Type domain.Forecast is not enhanced.

[2023-04-29 14:22:57 #4 type] 
Type domain.Event is not enhanced.

[2023-04-29 14:22:57 #5 type] 
Type domain.Bet is not enhanced.

[2023-04-29 14:22:57 #6 type] 
Type domain.User is not enhanced.

------------------------------------------------------------------------------------------------------------------------

[2023-04-29 14:23:48 #1 store] 
Database '/home/borja/git/RepositorioPBL/Bets21/src/main/resources/bets.temp' is opened by 21978@fedora-b

[2023-04-29 14:23:48 #2 type] 
Type domain.Question is not enhanced.

[2023-04-29 14:23:48 #3 type] 
Type domain.Forecast is not enhanced.

[2023-04-29 14:23:48 #4 type] 
Type domain.Event is not enhanced.

[2023-04-29 14:23:48 #5 type] 
Type domain.Bet is not enhanced.

[2023-04-29 14:23:48 #6 type] 
Type domain.User is not enhanced.

------------------------------------------------------------------------------------------------------------------------

[2023-04-29 14:25:18 #1 store] 
Database '/home/borja/git/RepositorioPBL/Bets21/src/main/resources/bets.temp' is opened by 22381@fedora-b

[2023-04-29 14:25:18 #2 type] 
Type domain.Question is not enhanced.

[2023-04-29 14:25:18 #3 type] 
Type domain.Forecast is not enhanced.

[2023-04-29 14:25:18 #4 type] 
Type domain.Event is not enhanced.

[2023-04-29 14:25:18 #5 type] 
Type domain.Bet is not enhanced.

[2023-04-29 14:25:18 #6 type] 
Type domain.User is not enhanced.

------------------------------------------------------------------------------------------------------------------------

[2023-04-29 14:26:10 #1 store] 
Database '/home/borja/git/RepositorioPBL/Bets21/src/main/resources/bets.temp' is opened by 22552@fedora-b

[2023-04-29 14:26:10 #2 type] 
Type domain.Question is not enhanced.

[2023-04-29 14:26:10 #3 type] 
Type domain.Forecast is not enhanced.

[2023-04-29 14:26:10 #4 type] 
Type domain.Event is not enhanced.

[2023-04-29 14:26:10 #5 type] 
Type domain.Bet is not enhanced.

[2023-04-29 14:26:10 #6 type] 
Type domain.User is not enhanced.

------------------------------------------------------------------------------------------------------------------------

[2023-04-29 14:29:02 #1 store] 
Database '/home/borja/git/RepositorioPBL/Bets21/src/main/resources/bets.temp' is opened by 22759@fedora-b

[2023-04-29 14:29:02 #2 type] 
Type domain.Question is not enhanced.

[2023-04-29 14:29:02 #3 type] 
Type domain.Forecast is not enhanced.

[2023-04-29 14:29:02 #4 type] 
Type domain.Event is not enhanced.

[2023-04-29 14:29:02 #5 type] 
Type domain.Bet is not enhanced.

[2023-04-29 14:29:02 #6 type] 
Type domain.User is not enhanced.

------------------------------------------------------------------------------------------------------------------------

[2023-04-29 14:30:43 #1 store] 
Database '/home/borja/git/RepositorioPBL/Bets21/src/main/resources/bets.temp' is opened by 22891@fedora-b

[2023-04-29 14:30:43 #2 type] 
Type domain.Question is not enhanced.

[2023-04-29 14:30:43 #3 type] 
Type domain.Forecast is not enhanced.

[2023-04-29 14:30:43 #4 type] 
Type domain.Event is not enhanced.

[2023-04-29 14:30:43 #5 type] 
Type domain.Bet is not enhanced.

[2023-04-29 14:30:43 #6 type] 
Type domain.User is not enhanced.

------------------------------------------------------------------------------------------------------------------------

[2023-04-29 14:31:18 #1 store] 
Database '/home/borja/git/RepositorioPBL/Bets21/src/main/resources/bets.temp' is opened by 23019@fedora-b

[2023-04-29 14:31:18 #2 type] 
Type domain.Question is not enhanced.

[2023-04-29 14:31:18 #3 type] 
Type domain.Forecast is not enhanced.

[2023-04-29 14:31:18 #4 type] 
Type domain.Event is not enhanced.

[2023-04-29 14:31:18 #5 type] 
Type domain.Bet is not enhanced.

[2023-04-29 14:31:18 #6 type] 
Type domain.User is not enhanced.

------------------------------------------------------------------------------------------------------------------------

[2023-04-29 14:31:57 #1 store] 
Database '/home/borja/git/RepositorioPBL/Bets21/src/main/resources/bets.temp' is opened by 23100@fedora-b

[2023-04-29 14:31:57 #2 type] 
Type domain.Question is not enhanced.

[2023-04-29 14:31:57 #3 type] 
Type domain.Forecast is not enhanced.

[2023-04-29 14:31:57 #4 type] 
Type domain.Event is not enhanced.

[2023-04-29 14:31:57 #5 type] 
Type domain.Bet is not enhanced.

[2023-04-29 14:31:57 #6 type] 
Type domain.User is not enhanced.

------------------------------------------------------------------------------------------------------------------------

[2023-04-29 14:35:42 #1 store] 
Database '/home/borja/git/RepositorioPBL/Bets21/src/main/resources/bets.temp' is opened by 23638@fedora-b

[2023-04-29 14:35:42 #2 type] 
Type domain.Question is not enhanced.

[2023-04-29 14:35:42 #3 type] 
Type domain.Forecast is not enhanced.

[2023-04-29 14:35:42 #4 type] 
Type domain.Event is not enhanced.

[2023-04-29 14:35:42 #5 type] 
Type domain.Bet is not enhanced.

[2023-04-29 14:35:42 #6 type] 
Type domain.User is not enhanced.

------------------------------------------------------------------------------------------------------------------------

[2023-04-29 14:43:47 #1 store] 
Database '/home/borja/git/RepositorioPBL/Bets21/src/main/resources/bets.temp' is opened by 23967@fedora-b

[2023-04-29 14:43:47 #2 type] 
Type domain.Question is not enhanced.

[2023-04-29 14:43:47 #3 type] 
Type domain.Forecast is not enhanced.

[2023-04-29 14:43:47 #4 type] 
Type domain.Event is not enhanced.

[2023-04-29 14:43:47 #5 type] 
Type domain.Bet is not enhanced.

[2023-04-29 14:43:47 #6 type] 
Type domain.User is not enhanced.

------------------------------------------------------------------------------------------------------------------------

[2023-04-29 14:44:11 #1 store] 
Database '/home/borja/git/RepositorioPBL/Bets21/src/main/resources/bets.temp' is opened by 24061@fedora-b

[2023-04-29 14:44:11 #2 type] 
Type domain.Question is not enhanced.

[2023-04-29 14:44:11 #3 type] 
Type domain.Forecast is not enhanced.

[2023-04-29 14:44:11 #4 type] 
Type domain.Event is not enhanced.

[2023-04-29 14:44:11 #5 type] 
Type domain.Bet is not enhanced.

[2023-04-29 14:44:11 #6 type] 
Type domain.User is not enhanced.

------------------------------------------------------------------------------------------------------------------------

[2023-04-29 14:44:45 #1 store] 
Database '/home/borja/git/RepositorioPBL/Bets21/src/main/resources/bets.temp' is opened by 24143@fedora-b

[2023-04-29 14:44:45 #2 type] 
Type domain.Question is not enhanced.

[2023-04-29 14:44:45 #3 type] 
Type domain.Forecast is not enhanced.

[2023-04-29 14:44:45 #4 type] 
Type domain.Event is not enhanced.

[2023-04-29 14:44:45 #5 type] 
Type domain.Bet is not enhanced.

[2023-04-29 14:44:45 #6 type] 
Type domain.User is not enhanced.

------------------------------------------------------------------------------------------------------------------------

[2023-04-29 14:51:21 #1 store] 
Database '/home/borja/git/RepositorioPBL/Bets21/src/main/resources/bets.temp' is opened by 24430@fedora-b

[2023-04-29 14:51:21 #2 type] 
Type domain.Question is not enhanced.

[2023-04-29 14:51:21 #3 type] 
Type domain.Forecast is not enhanced.

[2023-04-29 14:51:21 #4 type] 
Type domain.Event is not enhanced.

[2023-04-29 14:51:21 #5 type] 
Type domain.Bet is not enhanced.

[2023-04-29 14:51:21 #6 type] 
Type domain.User is not enhanced.

------------------------------------------------------------------------------------------------------------------------

[2023-04-29 14:52:09 #1 store] 
Database '/home/borja/git/RepositorioPBL/Bets21/src/main/resources/bets.temp' is opened by 24496@fedora-b

[2023-04-29 14:52:10 #2 type] 
Type domain.Question is not enhanced.

[2023-04-29 14:52:10 #3 type] 
Type domain.Forecast is not enhanced.

[2023-04-29 14:52:10 #4 type] 
Type domain.Event is not enhanced.

[2023-04-29 14:52:10 #5 type] 
Type domain.Bet is not enhanced.

[2023-04-29 14:52:10 #6 type] 
Type domain.User is not enhanced.

------------------------------------------------------------------------------------------------------------------------

[2023-04-29 14:53:12 #1 store] 
Database '/home/borja/git/RepositorioPBL/Bets21/src/main/resources/bets.temp' is opened by 24599@fedora-b

[2023-04-29 14:53:12 #2 type] 
Type domain.Question is not enhanced.

[2023-04-29 14:53:12 #3 type] 
Type domain.Forecast is not enhanced.

[2023-04-29 14:53:12 #4 type] 
Type domain.Event is not enhanced.

[2023-04-29 14:53:12 #5 type] 
Type domain.Bet is not enhanced.

[2023-04-29 14:53:12 #6 type] 
Type domain.User is not enhanced.

------------------------------------------------------------------------------------------------------------------------

[2023-04-29 14:55:57 #1 store] 
Database '/home/borja/git/RepositorioPBL/Bets21/src/main/resources/bets.temp' is opened by 24863@fedora-b

[2023-04-29 14:55:57 #2 type] 
Type domain.Question is not enhanced.

[2023-04-29 14:55:57 #3 type] 
Type domain.Forecast is not enhanced.

[2023-04-29 14:55:57 #4 type] 
Type domain.Event is not enhanced.

[2023-04-29 14:55:57 #5 type] 
Type domain.Bet is not enhanced.

[2023-04-29 14:55:57 #6 type] 
Type domain.User is not enhanced.

------------------------------------------------------------------------------------------------------------------------

[2023-04-29 14:57:30 #1 store] 
Database '/home/borja/git/RepositorioPBL/Bets21/src/main/resources/bets.temp' is opened by 24992@fedora-b

[2023-04-29 14:57:30 #2 type] 
Type domain.Question is not enhanced.

[2023-04-29 14:57:30 #3 type] 
Type domain.Forecast is not enhanced.

[2023-04-29 14:57:30 #4 type] 
Type domain.Event is not enhanced.

[2023-04-29 14:57:30 #5 type] 
Type domain.Bet is not enhanced.

[2023-04-29 14:57:30 #6 type] 
Type domain.User is not enhanced.

------------------------------------------------------------------------------------------------------------------------

[2023-04-29 14:58:04 #1 store] 
Database '/home/borja/git/RepositorioPBL/Bets21/src/main/resources/bets.temp' is opened by 25088@fedora-b

[2023-04-29 14:58:04 #2 type] 
Type domain.Question is not enhanced.

[2023-04-29 14:58:04 #3 type] 
Type domain.Forecast is not enhanced.

[2023-04-29 14:58:04 #4 type] 
Type domain.Event is not enhanced.

[2023-04-29 14:58:04 #5 type] 
Type domain.Bet is not enhanced.

[2023-04-29 14:58:04 #6 type] 
Type domain.User is not enhanced.

------------------------------------------------------------------------------------------------------------------------

[2023-04-29 15:04:04 #1 store] 
Database '/home/borja/git/RepositorioPBL/Bets21/src/main/resources/bets.temp' is opened by 25685@fedora-b

[2023-04-29 15:04:05 #2 type] 
Type domain.Question is not enhanced.

[2023-04-29 15:04:05 #3 type] 
Type domain.Forecast is not enhanced.

[2023-04-29 15:04:05 #4 type] 
Type domain.Event is not enhanced.

[2023-04-29 15:04:05 #5 type] 
Type domain.Bet is not enhanced.

[2023-04-29 15:04:05 #6 type] 
Type domain.User is not enhanced.

------------------------------------------------------------------------------------------------------------------------

[2023-04-29 15:04:48 #1 store] 
Database '/home/borja/git/RepositorioPBL/Bets21/src/main/resources/bets.temp' is opened by 25776@fedora-b

[2023-04-29 15:04:48 #2 type] 
Type domain.Question is not enhanced.

[2023-04-29 15:04:48 #3 type] 
Type domain.Forecast is not enhanced.

[2023-04-29 15:04:48 #4 type] 
Type domain.Event is not enhanced.

[2023-04-29 15:04:48 #5 type] 
Type domain.Bet is not enhanced.

[2023-04-29 15:04:48 #6 type] 
Type domain.User is not enhanced.

------------------------------------------------------------------------------------------------------------------------

[2023-04-29 15:05:09 #1 store] 
Database '/home/borja/git/RepositorioPBL/Bets21/src/main/resources/bets.temp' is opened by 25859@fedora-b

[2023-04-29 15:05:09 #2 type] 
Type domain.Question is not enhanced.

[2023-04-29 15:05:09 #3 type] 
Type domain.Forecast is not enhanced.

[2023-04-29 15:05:09 #4 type] 
Type domain.Event is not enhanced.

[2023-04-29 15:05:09 #5 type] 
Type domain.Bet is not enhanced.

[2023-04-29 15:05:09 #6 type] 
Type domain.User is not enhanced.

------------------------------------------------------------------------------------------------------------------------

[2023-04-29 15:06:06 #1 store] 
Database '/home/borja/git/RepositorioPBL/Bets21/src/main/resources/bets.temp' is opened by 25930@fedora-b

[2023-04-29 15:06:06 #2 type] 
Type domain.Question is not enhanced.

[2023-04-29 15:06:06 #3 type] 
Type domain.Forecast is not enhanced.

[2023-04-29 15:06:06 #4 type] 
Type domain.Event is not enhanced.

[2023-04-29 15:06:06 #5 type] 
Type domain.Bet is not enhanced.

[2023-04-29 15:06:06 #6 type] 
Type domain.User is not enhanced.

------------------------------------------------------------------------------------------------------------------------

[2023-04-29 15:07:19 #1 store] 
Database '/home/borja/git/RepositorioPBL/Bets21/src/main/resources/bets.temp' is opened by 26305@fedora-b

[2023-04-29 15:07:19 #2 type] 
Type domain.Question is not enhanced.

[2023-04-29 15:07:19 #3 type] 
Type domain.Forecast is not enhanced.

[2023-04-29 15:07:19 #4 type] 
Type domain.Event is not enhanced.

[2023-04-29 15:07:19 #5 type] 
Type domain.Bet is not enhanced.

[2023-04-29 15:07:19 #6 type] 
Type domain.User is not enhanced.

------------------------------------------------------------------------------------------------------------------------

[2023-04-29 15:07:45 #1 store] 
Database '/home/borja/git/RepositorioPBL/Bets21/src/main/resources/bets.temp' is opened by 26402@fedora-b

[2023-04-29 15:07:45 #2 type] 
Type domain.Question is not enhanced.

[2023-04-29 15:07:45 #3 type] 
Type domain.Forecast is not enhanced.

[2023-04-29 15:07:45 #4 type] 
Type domain.Event is not enhanced.

[2023-04-29 15:07:45 #5 type] 
Type domain.Bet is not enhanced.

[2023-04-29 15:07:45 #6 type] 
Type domain.User is not enhanced.

------------------------------------------------------------------------------------------------------------------------

[2023-04-29 15:11:08 #1 store] 
Database '/home/borja/git/RepositorioPBL/Bets21/src/main/resources/bets.temp' is opened by 27211@fedora-b

[2023-04-29 15:11:08 #2 type] 
Type domain.Question is not enhanced.

[2023-04-29 15:11:08 #3 type] 
Type domain.Forecast is not enhanced.

[2023-04-29 15:11:08 #4 type] 
Type domain.Event is not enhanced.

[2023-04-29 15:11:08 #5 type] 
Type domain.Bet is not enhanced.

[2023-04-29 15:11:08 #6 type] 
Type domain.User is not enhanced.

------------------------------------------------------------------------------------------------------------------------

[2023-04-29 15:11:50 #1 store] 
Database '/home/borja/git/RepositorioPBL/Bets21/src/main/resources/bets.temp' is opened by 27336@fedora-b

[2023-04-29 15:11:50 #2 type] 
Type domain.Question is not enhanced.

[2023-04-29 15:11:50 #3 type] 
Type domain.Forecast is not enhanced.

[2023-04-29 15:11:50 #4 type] 
Type domain.Event is not enhanced.

[2023-04-29 15:11:50 #5 type] 
Type domain.Bet is not enhanced.

[2023-04-29 15:11:50 #6 type] 
Type domain.User is not enhanced.

------------------------------------------------------------------------------------------------------------------------

[2023-04-29 15:12:15 #1 store] 
Database '/home/borja/git/RepositorioPBL/Bets21/src/main/resources/bets.temp' is opened by 27403@fedora-b

[2023-04-29 15:12:15 #2 type] 
Type domain.Question is not enhanced.

[2023-04-29 15:12:15 #3 type] 
Type domain.Forecast is not enhanced.

[2023-04-29 15:12:15 #4 type] 
Type domain.Event is not enhanced.

[2023-04-29 15:12:15 #5 type] 
Type domain.Bet is not enhanced.

[2023-04-29 15:12:15 #6 type] 
Type domain.User is not enhanced.

------------------------------------------------------------------------------------------------------------------------

[2023-04-29 15:12:59 #1 store] 
Database '/home/borja/git/RepositorioPBL/Bets21/src/main/resources/bets.temp' is opened by 27555@fedora-b

[2023-04-29 15:12:59 #2 type] 
Type domain.Question is not enhanced.

[2023-04-29 15:12:59 #3 type] 
Type domain.Forecast is not enhanced.

[2023-04-29 15:12:59 #4 type] 
Type domain.Event is not enhanced.

[2023-04-29 15:12:59 #5 type] 
Type domain.Bet is not enhanced.

[2023-04-29 15:12:59 #6 type] 
Type domain.User is not enhanced.

------------------------------------------------------------------------------------------------------------------------

[2023-04-29 15:14:30 #1 store] 
Database '/home/borja/git/RepositorioPBL/Bets21/src/main/resources/bets.temp' is opened by 27672@fedora-b

[2023-04-29 15:14:30 #2 type] 
Type domain.Question is not enhanced.

[2023-04-29 15:14:30 #3 type] 
Type domain.Forecast is not enhanced.

[2023-04-29 15:14:30 #4 type] 
Type domain.Event is not enhanced.

[2023-04-29 15:14:30 #5 type] 
Type domain.Bet is not enhanced.

[2023-04-29 15:14:30 #6 type] 
Type domain.User is not enhanced.

------------------------------------------------------------------------------------------------------------------------

[2023-04-29 15:15:11 #1 store] 
Database '/home/borja/git/RepositorioPBL/Bets21/src/main/resources/bets.temp' is opened by 27839@fedora-b

[2023-04-29 15:15:11 #2 type] 
Type domain.Question is not enhanced.

[2023-04-29 15:15:11 #3 type] 
Type domain.Forecast is not enhanced.

[2023-04-29 15:15:11 #4 type] 
Type domain.Event is not enhanced.

[2023-04-29 15:15:11 #5 type] 
Type domain.Bet is not enhanced.

[2023-04-29 15:15:11 #6 type] 
Type domain.User is not enhanced.

------------------------------------------------------------------------------------------------------------------------

[2023-04-29 15:15:26 #1 store] 
Database '/home/borja/git/RepositorioPBL/Bets21/src/main/resources/bets.temp' is opened by 27902@fedora-b

[2023-04-29 15:15:26 #2 type] 
Type domain.Question is not enhanced.

[2023-04-29 15:15:26 #3 type] 
Type domain.Forecast is not enhanced.

[2023-04-29 15:15:26 #4 type] 
Type domain.Event is not enhanced.

[2023-04-29 15:15:26 #5 type] 
Type domain.Bet is not enhanced.

[2023-04-29 15:15:26 #6 type] 
Type domain.User is not enhanced.

------------------------------------------------------------------------------------------------------------------------

[2023-04-29 15:58:16 #1 store] 
Database '/home/borja/git/RepositorioPBL/Bets21/src/main/resources/bets.temp' is opened by 28718@fedora-b

[2023-04-29 15:58:17 #2 type] 
Type domain.Question is not enhanced.

[2023-04-29 15:58:17 #3 type] 
Type domain.Forecast is not enhanced.

[2023-04-29 15:58:17 #4 type] 
Type domain.Event is not enhanced.

[2023-04-29 15:58:17 #5 type] 
Type domain.Bet is not enhanced.

[2023-04-29 15:58:17 #6 type] 
Type domain.User is not enhanced.

------------------------------------------------------------------------------------------------------------------------

[2023-04-29 15:59:04 #1 store] 
Database '/home/borja/git/RepositorioPBL/Bets21/src/main/resources/bets.temp' is opened by 28794@fedora-b

[2023-04-29 15:59:04 #2 type] 
Type domain.Question is not enhanced.

[2023-04-29 15:59:04 #3 type] 
Type domain.Forecast is not enhanced.

[2023-04-29 15:59:04 #4 type] 
Type domain.Event is not enhanced.

[2023-04-29 15:59:04 #5 type] 
Type domain.Bet is not enhanced.

[2023-04-29 15:59:04 #6 type] 
Type domain.User is not enhanced.

------------------------------------------------------------------------------------------------------------------------

[2023-04-29 15:59:21 #1 store] 
Database '/home/borja/git/RepositorioPBL/Bets21/src/main/resources/bets.temp' is opened by 28861@fedora-b

[2023-04-29 15:59:21 #2 type] 
Type domain.Question is not enhanced.

[2023-04-29 15:59:21 #3 type] 
Type domain.Forecast is not enhanced.

[2023-04-29 15:59:21 #4 type] 
Type domain.Event is not enhanced.

[2023-04-29 15:59:21 #5 type] 
Type domain.Bet is not enhanced.

[2023-04-29 15:59:21 #6 type] 
Type domain.User is not enhanced.

------------------------------------------------------------------------------------------------------------------------

[2023-04-29 15:59:38 #1 store] 
Database '/home/borja/git/RepositorioPBL/Bets21/src/main/resources/bets.temp' is opened by 28933@fedora-b

[2023-04-29 15:59:38 #2 type] 
Type domain.Question is not enhanced.

[2023-04-29 15:59:38 #3 type] 
Type domain.Forecast is not enhanced.

[2023-04-29 15:59:38 #4 type] 
Type domain.Event is not enhanced.

[2023-04-29 15:59:38 #5 type] 
Type domain.Bet is not enhanced.

[2023-04-29 15:59:38 #6 type] 
Type domain.User is not enhanced.

------------------------------------------------------------------------------------------------------------------------

[2023-04-29 15:59:55 #1 store] 
Database '/home/borja/git/RepositorioPBL/Bets21/src/main/resources/bets.temp' is opened by 29001@fedora-b

[2023-04-29 15:59:56 #2 type] 
Type domain.Question is not enhanced.

[2023-04-29 15:59:56 #3 type] 
Type domain.Forecast is not enhanced.

[2023-04-29 15:59:56 #4 type] 
Type domain.Event is not enhanced.

[2023-04-29 15:59:56 #5 type] 
Type domain.Bet is not enhanced.

[2023-04-29 15:59:56 #6 type] 
Type domain.User is not enhanced.

------------------------------------------------------------------------------------------------------------------------

[2023-04-29 16:00:06 #1 store] 
Database '/home/borja/git/RepositorioPBL/Bets21/src/main/resources/bets.temp' is opened by 29095@fedora-b

[2023-04-29 16:00:06 #2 type] 
Type domain.Question is not enhanced.

[2023-04-29 16:00:06 #3 type] 
Type domain.Forecast is not enhanced.

[2023-04-29 16:00:06 #4 type] 
Type domain.Event is not enhanced.

[2023-04-29 16:00:06 #5 type] 
Type domain.Bet is not enhanced.

[2023-04-29 16:00:06 #6 type] 
Type domain.User is not enhanced.

------------------------------------------------------------------------------------------------------------------------

[2023-04-29 16:00:38 #1 store] 
Database '/home/borja/git/RepositorioPBL/Bets21/src/main/resources/bets.temp' is opened by 29187@fedora-b

[2023-04-29 16:00:38 #2 type] 
Type domain.Question is not enhanced.

[2023-04-29 16:00:38 #3 type] 
Type domain.Forecast is not enhanced.

[2023-04-29 16:00:38 #4 type] 
Type domain.Event is not enhanced.

[2023-04-29 16:00:38 #5 type] 
Type domain.Bet is not enhanced.

[2023-04-29 16:00:38 #6 type] 
Type domain.User is not enhanced.

------------------------------------------------------------------------------------------------------------------------

[2023-04-29 16:00:56 #1 store] 
Database '/home/borja/git/RepositorioPBL/Bets21/src/main/resources/bets.temp' is opened by 29271@fedora-b

[2023-04-29 16:00:56 #2 type] 
Type domain.Question is not enhanced.

[2023-04-29 16:00:56 #3 type] 
Type domain.Forecast is not enhanced.

[2023-04-29 16:00:56 #4 type] 
Type domain.Event is not enhanced.

[2023-04-29 16:00:56 #5 type] 
Type domain.Bet is not enhanced.

[2023-04-29 16:00:56 #6 type] 
Type domain.User is not enhanced.

------------------------------------------------------------------------------------------------------------------------

[2023-04-29 16:01:58 #1 store] 
Database '/home/borja/git/RepositorioPBL/Bets21/src/main/resources/bets.temp' is opened by 29494@fedora-b

[2023-04-29 16:01:58 #2 type] 
Type domain.Question is not enhanced.

[2023-04-29 16:01:58 #3 type] 
Type domain.Forecast is not enhanced.

[2023-04-29 16:01:58 #4 type] 
Type domain.Event is not enhanced.

[2023-04-29 16:01:58 #5 type] 
Type domain.Bet is not enhanced.

[2023-04-29 16:01:58 #6 type] 
Type domain.User is not enhanced.

------------------------------------------------------------------------------------------------------------------------

[2023-04-29 16:03:46 #1 store] 
Database '/home/borja/git/RepositorioPBL/Bets21/src/main/resources/bets.temp' is opened by 29678@fedora-b

[2023-04-29 16:03:46 #2 type] 
Type domain.Question is not enhanced.

[2023-04-29 16:03:46 #3 type] 
Type domain.Forecast is not enhanced.

[2023-04-29 16:03:46 #4 type] 
Type domain.Event is not enhanced.

[2023-04-29 16:03:46 #5 type] 
Type domain.Bet is not enhanced.

[2023-04-29 16:03:46 #6 type] 
Type domain.User is not enhanced.

------------------------------------------------------------------------------------------------------------------------

[2023-04-29 16:04:29 #1 store] 
Database '/home/borja/git/RepositorioPBL/Bets21/src/main/resources/bets.temp' is opened by 29784@fedora-b

[2023-04-29 16:04:29 #2 type] 
Type domain.Question is not enhanced.

[2023-04-29 16:04:29 #3 type] 
Type domain.Forecast is not enhanced.

[2023-04-29 16:04:29 #4 type] 
Type domain.Event is not enhanced.

[2023-04-29 16:04:29 #5 type] 
Type domain.Bet is not enhanced.

[2023-04-29 16:04:29 #6 type] 
Type domain.User is not enhanced.

------------------------------------------------------------------------------------------------------------------------

[2023-04-29 16:15:55 #1 store] 
Database '/home/borja/git/RepositorioPBL/Bets21/src/main/resources/bets.temp' is opened by 30368@fedora-b

[2023-04-29 16:15:55 #2 type] 
Type domain.Question is not enhanced.

[2023-04-29 16:15:55 #3 type] 
Type domain.Forecast is not enhanced.

[2023-04-29 16:15:55 #4 type] 
Type domain.Event is not enhanced.

[2023-04-29 16:15:55 #5 type] 
Type domain.Bet is not enhanced.

[2023-04-29 16:15:55 #6 type] 
Type domain.User is not enhanced.

------------------------------------------------------------------------------------------------------------------------

[2023-04-29 16:17:27 #1 store] 
Database '/home/borja/git/RepositorioPBL/Bets21/src/main/resources/bets.temp' is opened by 30540@fedora-b

[2023-04-29 16:17:28 #2 type] 
Type domain.Question is not enhanced.

[2023-04-29 16:17:28 #3 type] 
Type domain.Forecast is not enhanced.

[2023-04-29 16:17:28 #4 type] 
Type domain.Event is not enhanced.

[2023-04-29 16:17:28 #5 type] 
Type domain.Bet is not enhanced.

[2023-04-29 16:17:28 #6 type] 
Type domain.User is not enhanced.

------------------------------------------------------------------------------------------------------------------------

[2023-04-29 16:19:10 #1 store] 
Database '/home/borja/git/RepositorioPBL/Bets21/src/main/resources/bets.temp' is opened by 30696@fedora-b

[2023-04-29 16:19:11 #2 type] 
Type domain.Question is not enhanced.

[2023-04-29 16:19:11 #3 type] 
Type domain.Forecast is not enhanced.

[2023-04-29 16:19:11 #4 type] 
Type domain.Event is not enhanced.

[2023-04-29 16:19:11 #5 type] 
Type domain.Bet is not enhanced.

[2023-04-29 16:19:11 #6 type] 
Type domain.User is not enhanced.

------------------------------------------------------------------------------------------------------------------------

[2023-04-29 16:21:56 #1 store] 
Database '/home/borja/git/RepositorioPBL/Bets21/src/main/resources/bets.temp' is opened by 30904@fedora-b

[2023-04-29 16:21:56 #2 type] 
Type domain.Question is not enhanced.

[2023-04-29 16:21:56 #3 type] 
Type domain.Forecast is not enhanced.

[2023-04-29 16:21:56 #4 type] 
Type domain.Event is not enhanced.

[2023-04-29 16:21:56 #5 type] 
Type domain.Bet is not enhanced.

[2023-04-29 16:21:56 #6 type] 
Type domain.User is not enhanced.

------------------------------------------------------------------------------------------------------------------------

[2023-04-29 16:23:55 #1 store] 
Database '/home/borja/git/RepositorioPBL/Bets21/src/main/resources/bets.temp' is opened by 31003@fedora-b

[2023-04-29 16:23:55 #2 type] 
Type domain.Question is not enhanced.

[2023-04-29 16:23:55 #3 type] 
Type domain.Forecast is not enhanced.

[2023-04-29 16:23:55 #4 type] 
Type domain.Event is not enhanced.

[2023-04-29 16:23:55 #5 type] 
Type domain.Bet is not enhanced.

[2023-04-29 16:23:55 #6 type] 
Type domain.User is not enhanced.

------------------------------------------------------------------------------------------------------------------------

[2023-04-29 16:27:05 #1 store] 
Database '/home/borja/git/RepositorioPBL/Bets21/src/main/resources/bets.temp' is opened by 31329@fedora-b

[2023-04-29 16:27:05 #2 type] 
Type domain.Question is not enhanced.

[2023-04-29 16:27:05 #3 type] 
Type domain.Forecast is not enhanced.

[2023-04-29 16:27:05 #4 type] 
Type domain.Event is not enhanced.

[2023-04-29 16:27:05 #5 type] 
Type domain.Bet is not enhanced.

[2023-04-29 16:27:05 #6 type] 
Type domain.User is not enhanced.

------------------------------------------------------------------------------------------------------------------------

[2023-04-29 16:28:06 #1 store] 
Database '/home/borja/git/RepositorioPBL/Bets21/src/main/resources/bets.temp' is opened by 31416@fedora-b

[2023-04-29 16:28:06 #2 type] 
Type domain.Question is not enhanced.

[2023-04-29 16:28:06 #3 type] 
Type domain.Forecast is not enhanced.

[2023-04-29 16:28:06 #4 type] 
Type domain.Event is not enhanced.

[2023-04-29 16:28:06 #5 type] 
Type domain.Bet is not enhanced.

[2023-04-29 16:28:06 #6 type] 
Type domain.User is not enhanced.

------------------------------------------------------------------------------------------------------------------------

[2023-04-29 16:30:33 #1 store] 
Database '/home/borja/git/RepositorioPBL/Bets21/src/main/resources/bets.temp' is opened by 31645@fedora-b

[2023-04-29 16:30:33 #2 type] 
Type domain.Question is not enhanced.

[2023-04-29 16:30:33 #3 type] 
Type domain.Forecast is not enhanced.

[2023-04-29 16:30:33 #4 type] 
Type domain.Event is not enhanced.

[2023-04-29 16:30:33 #5 type] 
Type domain.Bet is not enhanced.

[2023-04-29 16:30:33 #6 type] 
Type domain.User is not enhanced.

------------------------------------------------------------------------------------------------------------------------

[2023-04-29 16:34:39 #1 store] 
Database '/home/borja/git/RepositorioPBL/Bets21/src/main/resources/bets.temp' is opened by 32257@fedora-b

[2023-04-29 16:34:39 #2 type] 
Type domain.Question is not enhanced.

[2023-04-29 16:34:39 #3 type] 
Type domain.Forecast is not enhanced.

[2023-04-29 16:34:39 #4 type] 
Type domain.Event is not enhanced.

[2023-04-29 16:34:39 #5 type] 
Type domain.Bet is not enhanced.

[2023-04-29 16:34:39 #6 type] 
Type domain.User is not enhanced.

------------------------------------------------------------------------------------------------------------------------

[2023-04-29 16:38:36 #1 store] 
Database '/home/borja/git/RepositorioPBL/Bets21/src/main/resources/bets.temp' is opened by 32818@fedora-b

[2023-04-29 16:38:36 #2 type] 
Type domain.Question is not enhanced.

[2023-04-29 16:38:36 #3 type] 
Type domain.Forecast is not enhanced.

[2023-04-29 16:38:36 #4 type] 
Type domain.Event is not enhanced.

[2023-04-29 16:38:36 #5 type] 
Type domain.Bet is not enhanced.

[2023-04-29 16:38:36 #6 type] 
Type domain.User is not enhanced.

------------------------------------------------------------------------------------------------------------------------

[2023-04-29 16:38:45 #1 store] 
Database '/home/borja/git/RepositorioPBL/Bets21/src/main/resources/bets.temp' is opened by 32864@fedora-b

[2023-04-29 16:38:45 #2 type] 
Type domain.Question is not enhanced.

[2023-04-29 16:38:45 #3 type] 
Type domain.Forecast is not enhanced.

[2023-04-29 16:38:45 #4 type] 
Type domain.Event is not enhanced.

[2023-04-29 16:38:45 #5 type] 
Type domain.Bet is not enhanced.

[2023-04-29 16:38:45 #6 type] 
Type domain.User is not enhanced.

------------------------------------------------------------------------------------------------------------------------

[2023-04-29 16:43:23 #1 store] 
Database '/home/borja/git/RepositorioPBL/Bets21/src/main/resources/bets.temp' is opened by 33281@fedora-b

[2023-04-29 16:43:23 #2 type] 
Type domain.Question is not enhanced.

[2023-04-29 16:43:23 #3 type] 
Type domain.Forecast is not enhanced.

[2023-04-29 16:43:23 #4 type] 
Type domain.Event is not enhanced.

[2023-04-29 16:43:23 #5 type] 
Type domain.Bet is not enhanced.

[2023-04-29 16:43:23 #6 type] 
Type domain.User is not enhanced.

------------------------------------------------------------------------------------------------------------------------

[2023-04-29 16:46:02 #1 store] 
Database '/home/borja/git/RepositorioPBL/Bets21/src/main/resources/bets.temp' is opened by 33721@fedora-b

[2023-04-29 16:46:02 #2 type] 
Type domain.Question is not enhanced.

[2023-04-29 16:46:02 #3 type] 
Type domain.Forecast is not enhanced.

[2023-04-29 16:46:02 #4 type] 
Type domain.Event is not enhanced.

[2023-04-29 16:46:02 #5 type] 
Type domain.Bet is not enhanced.

[2023-04-29 16:46:02 #6 type] 
Type domain.User is not enhanced.

------------------------------------------------------------------------------------------------------------------------

[2023-04-29 16:46:15 #1 store] 
Database '/home/borja/git/RepositorioPBL/Bets21/src/main/resources/bets.temp' is opened by 33777@fedora-b

[2023-04-29 16:46:15 #2 type] 
Type domain.Question is not enhanced.

[2023-04-29 16:46:15 #3 type] 
Type domain.Forecast is not enhanced.

[2023-04-29 16:46:15 #4 type] 
Type domain.Event is not enhanced.

[2023-04-29 16:46:15 #5 type] 
Type domain.Bet is not enhanced.

[2023-04-29 16:46:15 #6 type] 
Type domain.User is not enhanced.

------------------------------------------------------------------------------------------------------------------------

[2023-04-29 16:47:00 #1 store] 
Database '/home/borja/git/RepositorioPBL/Bets21/src/main/resources/bets.temp' is opened by 33887@fedora-b

[2023-04-29 16:47:00 #2 type] 
Type domain.Question is not enhanced.

[2023-04-29 16:47:00 #3 type] 
Type domain.Forecast is not enhanced.

[2023-04-29 16:47:00 #4 type] 
Type domain.Event is not enhanced.

[2023-04-29 16:47:00 #5 type] 
Type domain.Bet is not enhanced.

[2023-04-29 16:47:00 #6 type] 
Type domain.User is not enhanced.

------------------------------------------------------------------------------------------------------------------------

[2023-04-29 16:49:53 #1 store] 
Database '/home/borja/git/RepositorioPBL/Bets21/src/main/resources/bets.temp' is opened by 34121@fedora-b

[2023-04-29 16:49:53 #2 type] 
Type domain.Question is not enhanced.

[2023-04-29 16:49:53 #3 type] 
Type domain.Forecast is not enhanced.

[2023-04-29 16:49:53 #4 type] 
Type domain.Event is not enhanced.

[2023-04-29 16:49:53 #5 type] 
Type domain.Bet is not enhanced.

[2023-04-29 16:49:53 #6 type] 
Type domain.User is not enhanced.

------------------------------------------------------------------------------------------------------------------------

[2023-04-29 16:58:25 #1 store] 
Database '/home/borja/git/RepositorioPBL/Bets21/src/main/resources/bets.temp' is opened by 35010@fedora-b

[2023-04-29 16:58:25 #2 type] 
Type domain.Question is not enhanced.

[2023-04-29 16:58:25 #3 type] 
Type domain.Forecast is not enhanced.

[2023-04-29 16:58:25 #4 type] 
Type domain.Event is not enhanced.

[2023-04-29 16:58:25 #5 type] 
Type domain.Bet is not enhanced.

[2023-04-29 16:58:25 #6 type] 
Type domain.User is not enhanced.

------------------------------------------------------------------------------------------------------------------------

[2023-04-29 17:02:59 #1 store] 
Database '/home/borja/git/RepositorioPBL/Bets21/src/main/resources/bets.temp' is opened by 35409@fedora-b

[2023-04-29 17:02:59 #2 type] 
Type domain.Question is not enhanced.

[2023-04-29 17:02:59 #3 type] 
Type domain.Forecast is not enhanced.

[2023-04-29 17:02:59 #4 type] 
Type domain.Event is not enhanced.

[2023-04-29 17:02:59 #5 type] 
Type domain.Bet is not enhanced.

[2023-04-29 17:02:59 #6 type] 
Type domain.User is not enhanced.

------------------------------------------------------------------------------------------------------------------------

[2023-04-29 17:07:40 #1 store] 
Database '/home/borja/git/RepositorioPBL/Bets21/src/main/resources/bets.temp' is opened by 35856@fedora-b

[2023-04-29 17:07:40 #2 type] 
Type domain.Question is not enhanced.

[2023-04-29 17:07:40 #3 type] 
Type domain.Forecast is not enhanced.

[2023-04-29 17:07:40 #4 type] 
Type domain.Event is not enhanced.

[2023-04-29 17:07:40 #5 type] 
Type domain.Bet is not enhanced.

[2023-04-29 17:07:40 #6 type] 
Type domain.User is not enhanced.

------------------------------------------------------------------------------------------------------------------------

[2023-04-29 17:08:28 #1 store] 
Database '/home/borja/git/RepositorioPBL/Bets21/src/main/resources/bets.temp' is opened by 36009@fedora-b

[2023-04-29 17:08:28 #2 type] 
Type domain.Question is not enhanced.

[2023-04-29 17:08:28 #3 type] 
Type domain.Forecast is not enhanced.

[2023-04-29 17:08:28 #4 type] 
Type domain.Event is not enhanced.

[2023-04-29 17:08:28 #5 type] 
Type domain.Bet is not enhanced.

[2023-04-29 17:08:28 #6 type] 
Type domain.User is not enhanced.

------------------------------------------------------------------------------------------------------------------------

[2023-04-29 17:14:33 #1 store] 
Database '/home/borja/git/RepositorioPBL/Bets21/src/main/resources/bets.temp' is opened by 36343@fedora-b

[2023-04-29 17:14:33 #2 type] 
Type domain.Question is not enhanced.

[2023-04-29 17:14:33 #3 type] 
Type domain.Forecast is not enhanced.

[2023-04-29 17:14:33 #4 type] 
Type domain.Event is not enhanced.

[2023-04-29 17:14:33 #5 type] 
Type domain.Bet is not enhanced.

[2023-04-29 17:14:33 #6 type] 
Type domain.User is not enhanced.

------------------------------------------------------------------------------------------------------------------------

[2023-04-29 17:14:59 #1 store] 
Database '/home/borja/git/RepositorioPBL/Bets21/src/main/resources/bets.temp' is opened by 36406@fedora-b

[2023-04-29 17:14:59 #2 type] 
Type domain.Question is not enhanced.

[2023-04-29 17:14:59 #3 type] 
Type domain.Forecast is not enhanced.

[2023-04-29 17:14:59 #4 type] 
Type domain.Event is not enhanced.

[2023-04-29 17:14:59 #5 type] 
Type domain.Bet is not enhanced.

[2023-04-29 17:14:59 #6 type] 
Type domain.User is not enhanced.

------------------------------------------------------------------------------------------------------------------------

[2023-04-29 17:17:17 #1 store] 
Database '/home/borja/git/RepositorioPBL/Bets21/src/main/resources/bets.temp' is opened by 36551@fedora-b

[2023-04-29 17:17:17 #2 type] 
Type domain.Question is not enhanced.

[2023-04-29 17:17:17 #3 type] 
Type domain.Forecast is not enhanced.

[2023-04-29 17:17:17 #4 type] 
Type domain.Event is not enhanced.

[2023-04-29 17:17:17 #5 type] 
Type domain.Bet is not enhanced.

[2023-04-29 17:17:17 #6 type] 
Type domain.User is not enhanced.

------------------------------------------------------------------------------------------------------------------------

[2023-04-29 17:40:17 #1 store] 
Database '/home/borja/git/RepositorioPBL/Bets21/src/main/resources/bets.temp' is opened by 37786@fedora-b

[2023-04-29 17:40:17 #2 type] 
Type domain.Question is not enhanced.

[2023-04-29 17:40:17 #3 type] 
Type domain.Forecast is not enhanced.

[2023-04-29 17:40:17 #4 type] 
Type domain.Event is not enhanced.

[2023-04-29 17:40:17 #5 type] 
Type domain.Bet is not enhanced.

[2023-04-29 17:40:17 #6 type] 
Type domain.User is not enhanced.

------------------------------------------------------------------------------------------------------------------------

[2023-04-29 17:47:56 #1 store] 
Database '/home/borja/git/RepositorioPBL/Bets21/src/main/resources/bets.temp' is opened by 38225@fedora-b

[2023-04-29 17:47:56 #2 type] 
Type domain.Question is not enhanced.

[2023-04-29 17:47:56 #3 type] 
Type domain.Forecast is not enhanced.

[2023-04-29 17:47:56 #4 type] 
Type domain.Event is not enhanced.

[2023-04-29 17:47:56 #5 type] 
Type domain.Bet is not enhanced.

[2023-04-29 17:47:56 #6 type] 
Type domain.User is not enhanced.

------------------------------------------------------------------------------------------------------------------------

[2023-04-29 17:50:33 #1 store] 
Database '/home/borja/git/RepositorioPBL/Bets21/src/main/resources/bets.temp' has been recovered (tr. 176-176)

[2023-04-29 17:50:33 #2 store] 
Database '/home/borja/git/RepositorioPBL/Bets21/src/main/resources/bets.temp' is opened by 38559@fedora-b

[2023-04-29 17:50:33 #3 type] 
Type domain.Question is not enhanced.

[2023-04-29 17:50:33 #4 type] 
Type domain.Forecast is not enhanced.

[2023-04-29 17:50:33 #5 type] 
Type domain.Event is not enhanced.

[2023-04-29 17:50:33 #6 type] 
Type domain.Bet is not enhanced.

[2023-04-29 17:50:33 #7 type] 
Type domain.User is not enhanced.

------------------------------------------------------------------------------------------------------------------------

[2023-04-29 17:51:08 #1 store] 
Database '/home/borja/git/RepositorioPBL/Bets21/src/main/resources/bets.temp' is opened by 38684@fedora-b

[2023-04-29 17:51:08 #2 type] 
Type domain.Question is not enhanced.

[2023-04-29 17:51:08 #3 type] 
Type domain.Forecast is not enhanced.

[2023-04-29 17:51:08 #4 type] 
Type domain.Event is not enhanced.

[2023-04-29 17:51:08 #5 type] 
Type domain.Bet is not enhanced.

[2023-04-29 17:51:08 #6 type] 
Type domain.User is not enhanced.

------------------------------------------------------------------------------------------------------------------------

[2023-04-29 17:51:55 #1 store] 
Database '/home/borja/git/RepositorioPBL/Bets21/src/main/resources/bets.temp' is opened by 38815@fedora-b

[2023-04-29 17:51:55 #2 type] 
Type domain.Question is not enhanced.

[2023-04-29 17:51:55 #3 type] 
Type domain.Forecast is not enhanced.

[2023-04-29 17:51:55 #4 type] 
Type domain.Event is not enhanced.

[2023-04-29 17:51:55 #5 type] 
Type domain.Bet is not enhanced.

[2023-04-29 17:51:55 #6 type] 
Type domain.User is not enhanced.

------------------------------------------------------------------------------------------------------------------------

[2023-04-29 17:52:11 #1 store] 
Database '/home/borja/git/RepositorioPBL/Bets21/src/main/resources/bets.temp' is opened by 38856@fedora-b

[2023-04-29 17:52:12 #2 type] 
Type domain.Question is not enhanced.

[2023-04-29 17:52:12 #3 type] 
Type domain.Forecast is not enhanced.

[2023-04-29 17:52:12 #4 type] 
Type domain.Event is not enhanced.

[2023-04-29 17:52:12 #5 type] 
Type domain.Bet is not enhanced.

[2023-04-29 17:52:12 #6 type] 
Type domain.User is not enhanced.

------------------------------------------------------------------------------------------------------------------------

[2023-04-29 17:52:54 #1 store] 
Database '/home/borja/git/RepositorioPBL/Bets21/src/main/resources/bets.temp' is opened by 38921@fedora-b

[2023-04-29 17:52:54 #2 type] 
Type domain.Question is not enhanced.

[2023-04-29 17:52:54 #3 type] 
Type domain.Forecast is not enhanced.

[2023-04-29 17:52:54 #4 type] 
Type domain.Event is not enhanced.

[2023-04-29 17:52:54 #5 type] 
Type domain.Bet is not enhanced.

[2023-04-29 17:52:54 #6 type] 
Type domain.User is not enhanced.

------------------------------------------------------------------------------------------------------------------------

[2023-04-29 17:55:30 #1 store] 
Database '/home/borja/git/RepositorioPBL/Bets21/src/main/resources/bets.temp' is opened by 39086@fedora-b

[2023-04-29 17:55:30 #2 type] 
Type domain.Question is not enhanced.

[2023-04-29 17:55:30 #3 type] 
Type domain.Forecast is not enhanced.

[2023-04-29 17:55:30 #4 type] 
Type domain.Event is not enhanced.

[2023-04-29 17:55:30 #5 type] 
Type domain.Bet is not enhanced.

[2023-04-29 17:55:30 #6 type] 
Type domain.User is not enhanced.

------------------------------------------------------------------------------------------------------------------------

[2023-04-29 17:58:28 #1 store] 
Database '/home/borja/git/RepositorioPBL/Bets21/src/main/resources/bets.temp' is opened by 39309@fedora-b

[2023-04-29 17:58:28 #2 type] 
Type domain.Question is not enhanced.

[2023-04-29 17:58:28 #3 type] 
Type domain.Forecast is not enhanced.

[2023-04-29 17:58:28 #4 type] 
Type domain.Event is not enhanced.

[2023-04-29 17:58:28 #5 type] 
Type domain.Bet is not enhanced.

[2023-04-29 17:58:28 #6 type] 
Type domain.User is not enhanced.

------------------------------------------------------------------------------------------------------------------------

[2023-04-29 18:01:30 #1 store] 
Database '/home/borja/git/RepositorioPBL/Bets21/src/main/resources/bets.temp' is opened by 39515@fedora-b

[2023-04-29 18:01:30 #2 type] 
Type domain.Question is not enhanced.

[2023-04-29 18:01:30 #3 type] 
Type domain.Forecast is not enhanced.

[2023-04-29 18:01:30 #4 type] 
Type domain.Event is not enhanced.

[2023-04-29 18:01:30 #5 type] 
Type domain.Bet is not enhanced.

[2023-04-29 18:01:30 #6 type] 
Type domain.User is not enhanced.

------------------------------------------------------------------------------------------------------------------------

[2023-04-29 18:40:15 #1 store] 
Database '/home/borja/git/RepositorioPBL/Bets21/src/main/resources/bets.temp' is opened by 40291@fedora-b

[2023-04-29 18:40:15 #2 type] 
Type domain.Question is not enhanced.

[2023-04-29 18:40:15 #3 type] 
Type domain.Forecast is not enhanced.

[2023-04-29 18:40:15 #4 type] 
Type domain.Event is not enhanced.

[2023-04-29 18:40:15 #5 type] 
Type domain.Bet is not enhanced.

[2023-04-29 18:40:15 #6 type] 
Type domain.User is not enhanced.

------------------------------------------------------------------------------------------------------------------------

[2023-04-29 18:40:40 #1 store] 
Database '/home/borja/git/RepositorioPBL/Bets21/src/main/resources/bets.temp' is opened by 40338@fedora-b

[2023-04-29 18:40:40 #2 type] 
Type domain.Question is not enhanced.

[2023-04-29 18:40:40 #3 type] 
Type domain.Forecast is not enhanced.

[2023-04-29 18:40:40 #4 type] 
Type domain.Event is not enhanced.

[2023-04-29 18:40:40 #5 type] 
Type domain.Bet is not enhanced.

[2023-04-29 18:40:40 #6 type] 
Type domain.User is not enhanced.

------------------------------------------------------------------------------------------------------------------------

[2023-04-29 18:42:13 #1 store] 
Database '/home/borja/git/RepositorioPBL/Bets21/src/main/resources/bets.temp' is opened by 40540@fedora-b

[2023-04-29 18:42:13 #2 type] 
Type domain.Question is not enhanced.

[2023-04-29 18:42:13 #3 type] 
Type domain.Forecast is not enhanced.

[2023-04-29 18:42:13 #4 type] 
Type domain.Event is not enhanced.

[2023-04-29 18:42:13 #5 type] 
Type domain.Bet is not enhanced.

[2023-04-29 18:42:13 #6 type] 
Type domain.User is not enhanced.

------------------------------------------------------------------------------------------------------------------------

[2023-04-29 18:42:50 #1 store] 
Database '/home/borja/git/RepositorioPBL/Bets21/src/main/resources/bets.temp' is opened by 40603@fedora-b

[2023-04-29 18:42:51 #2 type] 
Type domain.Question is not enhanced.

[2023-04-29 18:42:51 #3 type] 
Type domain.Forecast is not enhanced.

[2023-04-29 18:42:51 #4 type] 
Type domain.Event is not enhanced.

[2023-04-29 18:42:51 #5 type] 
Type domain.Bet is not enhanced.

[2023-04-29 18:42:51 #6 type] 
Type domain.User is not enhanced.

