------------------------------------------------------------------------------------------------------------------------

[2023-04-09 22:39:36 #1 store] 
Database '/home/borja/git/RepositorioPBL/Bets21/src/main/resources/bets.temp' is opened by 4684@fedora-b

[2023-04-09 22:39:36 #2 type] 
Type domain.Question is not enhanced.

[2023-04-09 22:39:36 #3 type] 
Type domain.Forecast is not enhanced.

[2023-04-09 22:39:36 #4 type] 
Type domain.Event is not enhanced.

[2023-04-09 22:39:36 #5 type] 
Type domain.Bet is not enhanced.

[2023-04-09 22:39:36 #6 type] 
Type domain.User is not enhanced.

------------------------------------------------------------------------------------------------------------------------

[2023-04-09 22:41:19 #1 store] 
Database '/home/borja/git/RepositorioPBL/Bets21/src/main/resources/bets.temp' is opened by 5030@fedora-b

[2023-04-09 22:41:19 #2 type] 
Type domain.Question is not enhanced.

[2023-04-09 22:41:19 #3 type] 
Type domain.Forecast is not enhanced.

[2023-04-09 22:41:19 #4 type] 
Type domain.Event is not enhanced.

[2023-04-09 22:41:19 #5 type] 
Type domain.Bet is not enhanced.

[2023-04-09 22:41:19 #6 type] 
Type domain.User is not enhanced.

