------------------------------------------------------------------------------------------------------------------------

[2023-02-22 14:21:30 #1 store] 
Database '/home/borja/git/Bets21/src/main/resources/bets.temp' is opened by 6971@debian-b

[2023-02-22 14:21:30 #2 type.registry] 
New type domain.Question

[2023-02-22 14:21:30 #3 type] 
Type domain.Question is not enhanced.

[2023-02-22 14:21:30 #4 type.registry] 
New type domain.Event

[2023-02-22 14:21:30 #5 type] 
Type domain.Event is not enhanced.

[2023-02-22 14:21:30 #6 type.registry] 
New type java.util.Vector<domain.Question>

[2023-02-22 14:21:30 #7 type.registry] 
New type java.util.Vector<java.lang.Object>

------------------------------------------------------------------------------------------------------------------------

[2023-02-22 14:21:38 #1 store] 
Database '/home/borja/git/Bets21/src/main/resources/bets.temp' is opened by 7021@debian-b

[2023-02-22 14:21:38 #2 type.registry] 
New type domain.Question

[2023-02-22 14:21:38 #3 type] 
Type domain.Question is not enhanced.

[2023-02-22 14:21:38 #4 type.registry] 
New type domain.Event

[2023-02-22 14:21:38 #5 type] 
Type domain.Event is not enhanced.

[2023-02-22 14:21:38 #6 type.registry] 
New type java.util.Vector<domain.Question>

[2023-02-22 14:21:38 #7 type.registry] 
New type java.util.Vector<java.lang.Object>

------------------------------------------------------------------------------------------------------------------------

[2023-02-22 15:25:01 #1 store] 
Database '/home/borja/git/Bets21/src/main/resources/bets.temp' is opened by 12390@debian-b

[2023-02-22 15:25:02 #2 type.registry] 
New type domain.Question

[2023-02-22 15:25:02 #3 type] 
Type domain.Question is not enhanced.

[2023-02-22 15:25:02 #4 type.registry] 
New type domain.Event

[2023-02-22 15:25:02 #5 type] 
Type domain.Event is not enhanced.

[2023-02-22 15:25:02 #6 type.registry] 
New type java.util.Vector<domain.Question>

[2023-02-22 15:25:02 #7 type.registry] 
New type java.util.Vector<java.lang.Object>

