------------------------------------------------------------------------------------------------------------------------

[2023-04-26 00:00:07 #1 store] 
Database '/home/borja/git/RepositorioPBL/Bets21/src/main/resources/bets.temp' is opened by 9687@fedora-b

[2023-04-26 00:00:07 #2 type] 
Type domain.Question is not enhanced.

[2023-04-26 00:00:07 #3 type] 
Type domain.Forecast is not enhanced.

[2023-04-26 00:00:07 #4 type] 
Type domain.Event is not enhanced.

[2023-04-26 00:00:07 #5 type] 
Type domain.Bet is not enhanced.

[2023-04-26 00:00:07 #6 type] 
Type domain.User is not enhanced.

------------------------------------------------------------------------------------------------------------------------

[2023-04-26 00:00:11 #1 store] 
Database '/home/borja/git/RepositorioPBL/Bets21/src/main/resources/bets.temp' is opened by 9733@fedora-b

[2023-04-26 00:00:11 #2 type] 
Type domain.Question is not enhanced.

[2023-04-26 00:00:11 #3 type] 
Type domain.Forecast is not enhanced.

[2023-04-26 00:00:11 #4 type] 
Type domain.Event is not enhanced.

[2023-04-26 00:00:11 #5 type] 
Type domain.Bet is not enhanced.

[2023-04-26 00:00:11 #6 type] 
Type domain.User is not enhanced.

------------------------------------------------------------------------------------------------------------------------

[2023-04-26 00:01:46 #1 store] 
Database '/home/borja/git/RepositorioPBL/Bets21/src/main/resources/bets.temp' is opened by 10099@fedora-b

[2023-04-26 00:01:47 #2 type] 
Type domain.Question is not enhanced.

[2023-04-26 00:01:47 #3 type] 
Type domain.Forecast is not enhanced.

[2023-04-26 00:01:47 #4 type] 
Type domain.Event is not enhanced.

[2023-04-26 00:01:47 #5 type] 
Type domain.Bet is not enhanced.

[2023-04-26 00:01:47 #6 type] 
Type domain.User is not enhanced.

------------------------------------------------------------------------------------------------------------------------

[2023-04-26 00:02:43 #1 store] 
Database '/home/borja/git/RepositorioPBL/Bets21/src/main/resources/bets.temp' is opened by 10150@fedora-b

[2023-04-26 00:02:44 #2 type] 
Type domain.Question is not enhanced.

[2023-04-26 00:02:44 #3 type] 
Type domain.Forecast is not enhanced.

[2023-04-26 00:02:44 #4 type] 
Type domain.Event is not enhanced.

[2023-04-26 00:02:44 #5 type] 
Type domain.Bet is not enhanced.

[2023-04-26 00:02:44 #6 type] 
Type domain.User is not enhanced.

------------------------------------------------------------------------------------------------------------------------

[2023-04-26 00:04:53 #1 store] 
Database '/home/borja/git/RepositorioPBL/Bets21/src/main/resources/bets.temp' is opened by 10325@fedora-b

[2023-04-26 00:04:53 #2 type] 
Type domain.Question is not enhanced.

[2023-04-26 00:04:53 #3 type] 
Type domain.Forecast is not enhanced.

[2023-04-26 00:04:53 #4 type] 
Type domain.Event is not enhanced.

[2023-04-26 00:04:53 #5 type] 
Type domain.Bet is not enhanced.

[2023-04-26 00:04:53 #6 type] 
Type domain.User is not enhanced.

------------------------------------------------------------------------------------------------------------------------

[2023-04-26 00:04:59 #1 store] 
Database '/home/borja/git/RepositorioPBL/Bets21/src/main/resources/bets.temp' is opened by 10370@fedora-b

[2023-04-26 00:04:59 #2 type] 
Type domain.Question is not enhanced.

[2023-04-26 00:04:59 #3 type] 
Type domain.Forecast is not enhanced.

[2023-04-26 00:04:59 #4 type] 
Type domain.Event is not enhanced.

[2023-04-26 00:04:59 #5 type] 
Type domain.Bet is not enhanced.

[2023-04-26 00:04:59 #6 type] 
Type domain.User is not enhanced.

------------------------------------------------------------------------------------------------------------------------

[2023-04-26 00:06:19 #1 store] 
Database '/home/borja/git/RepositorioPBL/Bets21/src/main/resources/bets.temp' is opened by 10487@fedora-b

[2023-04-26 00:06:19 #2 type] 
Type domain.Question is not enhanced.

[2023-04-26 00:06:19 #3 type] 
Type domain.Forecast is not enhanced.

[2023-04-26 00:06:19 #4 type] 
Type domain.Event is not enhanced.

[2023-04-26 00:06:19 #5 type] 
Type domain.Bet is not enhanced.

[2023-04-26 00:06:19 #6 type] 
Type domain.User is not enhanced.

------------------------------------------------------------------------------------------------------------------------

[2023-04-26 00:06:43 #1 store] 
Database '/home/borja/git/RepositorioPBL/Bets21/src/main/resources/bets.temp' is opened by 10549@fedora-b

[2023-04-26 00:06:44 #2 type] 
Type domain.Question is not enhanced.

[2023-04-26 00:06:44 #3 type] 
Type domain.Forecast is not enhanced.

[2023-04-26 00:06:44 #4 type] 
Type domain.Event is not enhanced.

[2023-04-26 00:06:44 #5 type] 
Type domain.Bet is not enhanced.

[2023-04-26 00:06:44 #6 type] 
Type domain.User is not enhanced.

------------------------------------------------------------------------------------------------------------------------

[2023-04-26 00:07:10 #1 store] 
Database '/home/borja/git/RepositorioPBL/Bets21/src/main/resources/bets.temp' is opened by 10679@fedora-b

[2023-04-26 00:07:10 #2 type] 
Type domain.Question is not enhanced.

[2023-04-26 00:07:10 #3 type] 
Type domain.Forecast is not enhanced.

[2023-04-26 00:07:10 #4 type] 
Type domain.Event is not enhanced.

[2023-04-26 00:07:10 #5 type] 
Type domain.Bet is not enhanced.

[2023-04-26 00:07:10 #6 type] 
Type domain.User is not enhanced.

------------------------------------------------------------------------------------------------------------------------

[2023-04-26 00:07:36 #1 store] 
Database '/home/borja/git/RepositorioPBL/Bets21/src/main/resources/bets.temp' is opened by 10742@fedora-b

[2023-04-26 00:07:36 #2 type] 
Type domain.Question is not enhanced.

[2023-04-26 00:07:36 #3 type] 
Type domain.Forecast is not enhanced.

[2023-04-26 00:07:36 #4 type] 
Type domain.Event is not enhanced.

[2023-04-26 00:07:36 #5 type] 
Type domain.Bet is not enhanced.

[2023-04-26 00:07:36 #6 type] 
Type domain.User is not enhanced.

------------------------------------------------------------------------------------------------------------------------

[2023-04-26 00:08:17 #1 store] 
Database '/home/borja/git/RepositorioPBL/Bets21/src/main/resources/bets.temp' is opened by 10803@fedora-b

[2023-04-26 00:08:17 #2 type] 
Type domain.Question is not enhanced.

[2023-04-26 00:08:17 #3 type] 
Type domain.Forecast is not enhanced.

[2023-04-26 00:08:17 #4 type] 
Type domain.Event is not enhanced.

[2023-04-26 00:08:17 #5 type] 
Type domain.Bet is not enhanced.

[2023-04-26 00:08:17 #6 type] 
Type domain.User is not enhanced.

------------------------------------------------------------------------------------------------------------------------

[2023-04-26 00:08:41 #1 store] 
Database '/home/borja/git/RepositorioPBL/Bets21/src/main/resources/bets.temp' is opened by 10881@fedora-b

[2023-04-26 00:08:41 #2 type] 
Type domain.Question is not enhanced.

[2023-04-26 00:08:41 #3 type] 
Type domain.Forecast is not enhanced.

[2023-04-26 00:08:41 #4 type] 
Type domain.Event is not enhanced.

[2023-04-26 00:08:41 #5 type] 
Type domain.Bet is not enhanced.

[2023-04-26 00:08:41 #6 type] 
Type domain.User is not enhanced.

------------------------------------------------------------------------------------------------------------------------

[2023-04-26 00:08:59 #1 store] 
Database '/home/borja/git/RepositorioPBL/Bets21/src/main/resources/bets.temp' is opened by 10933@fedora-b

[2023-04-26 00:08:59 #2 type] 
Type domain.Question is not enhanced.

[2023-04-26 00:08:59 #3 type] 
Type domain.Forecast is not enhanced.

[2023-04-26 00:08:59 #4 type] 
Type domain.Event is not enhanced.

[2023-04-26 00:08:59 #5 type] 
Type domain.Bet is not enhanced.

[2023-04-26 00:08:59 #6 type] 
Type domain.User is not enhanced.

------------------------------------------------------------------------------------------------------------------------

[2023-04-26 00:10:26 #1 store] 
Database '/home/borja/git/RepositorioPBL/Bets21/src/main/resources/bets.temp' is opened by 11014@fedora-b

[2023-04-26 00:10:26 #2 type] 
Type domain.Question is not enhanced.

[2023-04-26 00:10:26 #3 type] 
Type domain.Forecast is not enhanced.

[2023-04-26 00:10:26 #4 type] 
Type domain.Event is not enhanced.

[2023-04-26 00:10:26 #5 type] 
Type domain.Bet is not enhanced.

[2023-04-26 00:10:26 #6 type] 
Type domain.User is not enhanced.

------------------------------------------------------------------------------------------------------------------------

[2023-04-26 00:18:58 #1 store] 
Database '/home/borja/git/RepositorioPBL/Bets21/src/main/resources/bets.temp' is opened by 12715@fedora-b

[2023-04-26 00:18:58 #2 type] 
Type domain.Question is not enhanced.

[2023-04-26 00:18:58 #3 type] 
Type domain.Forecast is not enhanced.

[2023-04-26 00:18:58 #4 type] 
Type domain.Event is not enhanced.

[2023-04-26 00:18:58 #5 type] 
Type domain.Bet is not enhanced.

[2023-04-26 00:18:58 #6 type] 
Type domain.User is not enhanced.

------------------------------------------------------------------------------------------------------------------------

[2023-04-26 00:20:07 #1 store] 
Database '/home/borja/git/RepositorioPBL/Bets21/src/main/resources/bets.temp' is opened by 12852@fedora-b

[2023-04-26 00:20:07 #2 type] 
Type domain.Question is not enhanced.

[2023-04-26 00:20:07 #3 type] 
Type domain.Forecast is not enhanced.

[2023-04-26 00:20:07 #4 type] 
Type domain.Event is not enhanced.

[2023-04-26 00:20:07 #5 type] 
Type domain.Bet is not enhanced.

[2023-04-26 00:20:07 #6 type] 
Type domain.User is not enhanced.

------------------------------------------------------------------------------------------------------------------------

[2023-04-26 00:22:08 #1 store] 
Database '/home/borja/git/RepositorioPBL/Bets21/src/main/resources/bets.temp' is opened by 12941@fedora-b

[2023-04-26 00:22:08 #2 type] 
Type domain.Question is not enhanced.

[2023-04-26 00:22:08 #3 type] 
Type domain.Forecast is not enhanced.

[2023-04-26 00:22:08 #4 type] 
Type domain.Event is not enhanced.

[2023-04-26 00:22:08 #5 type] 
Type domain.Bet is not enhanced.

[2023-04-26 00:22:08 #6 type] 
Type domain.User is not enhanced.

------------------------------------------------------------------------------------------------------------------------

[2023-04-26 00:23:10 #1 store] 
Database '/home/borja/git/RepositorioPBL/Bets21/src/main/resources/bets.temp' is opened by 13028@fedora-b

[2023-04-26 00:23:11 #2 type] 
Type domain.Question is not enhanced.

[2023-04-26 00:23:11 #3 type] 
Type domain.Forecast is not enhanced.

[2023-04-26 00:23:11 #4 type] 
Type domain.Event is not enhanced.

[2023-04-26 00:23:11 #5 type] 
Type domain.Bet is not enhanced.

[2023-04-26 00:23:11 #6 type] 
Type domain.User is not enhanced.

------------------------------------------------------------------------------------------------------------------------

[2023-04-26 00:23:46 #1 store] 
Database '/home/borja/git/RepositorioPBL/Bets21/src/main/resources/bets.temp' is opened by 13087@fedora-b

[2023-04-26 00:23:47 #2 type] 
Type domain.Question is not enhanced.

[2023-04-26 00:23:47 #3 type] 
Type domain.Forecast is not enhanced.

[2023-04-26 00:23:47 #4 type] 
Type domain.Event is not enhanced.

[2023-04-26 00:23:47 #5 type] 
Type domain.Bet is not enhanced.

[2023-04-26 00:23:47 #6 type] 
Type domain.User is not enhanced.

------------------------------------------------------------------------------------------------------------------------

[2023-04-26 00:24:23 #1 store] 
Database '/home/borja/git/RepositorioPBL/Bets21/src/main/resources/bets.temp' is opened by 13150@fedora-b

[2023-04-26 00:24:23 #2 type] 
Type domain.Question is not enhanced.

[2023-04-26 00:24:23 #3 type] 
Type domain.Forecast is not enhanced.

[2023-04-26 00:24:23 #4 type] 
Type domain.Event is not enhanced.

[2023-04-26 00:24:23 #5 type] 
Type domain.Bet is not enhanced.

[2023-04-26 00:24:23 #6 type] 
Type domain.User is not enhanced.

------------------------------------------------------------------------------------------------------------------------

[2023-04-26 00:29:13 #1 store] 
Database '/home/borja/git/RepositorioPBL/Bets21/src/main/resources/bets.temp' is opened by 13782@fedora-b

[2023-04-26 00:29:13 #2 type] 
Type domain.Question is not enhanced.

[2023-04-26 00:29:13 #3 type] 
Type domain.Forecast is not enhanced.

[2023-04-26 00:29:13 #4 type] 
Type domain.Event is not enhanced.

[2023-04-26 00:29:13 #5 type] 
Type domain.Bet is not enhanced.

[2023-04-26 00:29:13 #6 type] 
Type domain.User is not enhanced.

------------------------------------------------------------------------------------------------------------------------

[2023-04-26 14:09:45 #1 store] 
Database '/home/borja/git/RepositorioPBL/Bets21/src/main/resources/bets.temp' is opened by 5248@fedora-b

[2023-04-26 14:09:45 #2 type] 
Type domain.Question is not enhanced.

[2023-04-26 14:09:45 #3 type] 
Type domain.Forecast is not enhanced.

[2023-04-26 14:09:45 #4 type] 
Type domain.Event is not enhanced.

[2023-04-26 14:09:45 #5 type] 
Type domain.Bet is not enhanced.

[2023-04-26 14:09:45 #6 type] 
Type domain.User is not enhanced.

------------------------------------------------------------------------------------------------------------------------

[2023-04-26 14:32:50 #1 store] 
Database '/home/borja/git/RepositorioPBL/Bets21/src/main/resources/bets.temp' is opened by 9946@fedora-b

[2023-04-26 14:32:50 #2 type] 
Type domain.Question is not enhanced.

[2023-04-26 14:32:50 #3 type] 
Type domain.Forecast is not enhanced.

[2023-04-26 14:32:50 #4 type] 
Type domain.Event is not enhanced.

[2023-04-26 14:32:50 #5 type] 
Type domain.Bet is not enhanced.

[2023-04-26 14:32:50 #6 type] 
Type domain.User is not enhanced.

------------------------------------------------------------------------------------------------------------------------

[2023-04-26 15:09:51 #1 store] 
Database '/home/borja/git/RepositorioPBL/Bets21/src/main/resources/bets.temp' is opened by 15458@fedora-b

[2023-04-26 15:09:51 #2 type] 
Type domain.Question is not enhanced.

[2023-04-26 15:09:51 #3 type] 
Type domain.Forecast is not enhanced.

[2023-04-26 15:09:51 #4 type] 
Type domain.Event is not enhanced.

[2023-04-26 15:09:51 #5 type] 
Type domain.Bet is not enhanced.

[2023-04-26 15:09:51 #6 type] 
Type domain.User is not enhanced.

------------------------------------------------------------------------------------------------------------------------

[2023-04-26 15:10:25 #1 store] 
Database '/home/borja/git/RepositorioPBL/Bets21/src/main/resources/bets.temp' is opened by 15511@fedora-b

[2023-04-26 15:10:25 #2 type] 
Type domain.Question is not enhanced.

[2023-04-26 15:10:25 #3 type] 
Type domain.Forecast is not enhanced.

[2023-04-26 15:10:25 #4 type] 
Type domain.Event is not enhanced.

[2023-04-26 15:10:25 #5 type] 
Type domain.Bet is not enhanced.

[2023-04-26 15:10:25 #6 type] 
Type domain.User is not enhanced.

------------------------------------------------------------------------------------------------------------------------

[2023-04-26 15:11:19 #1 store] 
Database '/home/borja/git/RepositorioPBL/Bets21/src/main/resources/bets.temp' is opened by 15654@fedora-b

[2023-04-26 15:11:19 #2 type] 
Type domain.Question is not enhanced.

[2023-04-26 15:11:19 #3 type] 
Type domain.Forecast is not enhanced.

[2023-04-26 15:11:19 #4 type] 
Type domain.Event is not enhanced.

[2023-04-26 15:11:19 #5 type] 
Type domain.Bet is not enhanced.

[2023-04-26 15:11:19 #6 type] 
Type domain.User is not enhanced.

------------------------------------------------------------------------------------------------------------------------

[2023-04-26 15:17:47 #1 store] 
Database '/home/borja/git/RepositorioPBL/Bets21/src/main/resources/bets.temp' is opened by 16364@fedora-b

[2023-04-26 15:17:47 #2 type] 
Type domain.Question is not enhanced.

[2023-04-26 15:17:47 #3 type] 
Type domain.Forecast is not enhanced.

[2023-04-26 15:17:47 #4 type] 
Type domain.Event is not enhanced.

[2023-04-26 15:17:47 #5 type] 
Type domain.Bet is not enhanced.

[2023-04-26 15:17:47 #6 type] 
Type domain.User is not enhanced.

------------------------------------------------------------------------------------------------------------------------

[2023-04-26 22:20:30 #1 store] 
Database '/home/borja/git/RepositorioPBL/Bets21/src/main/resources/bets.temp' is opened by 9007@fedora-b

[2023-04-26 22:20:30 #2 type] 
Type domain.Question is not enhanced.

[2023-04-26 22:20:30 #3 type] 
Type domain.Forecast is not enhanced.

[2023-04-26 22:20:30 #4 type] 
Type domain.Event is not enhanced.

[2023-04-26 22:20:30 #5 type] 
Type domain.Bet is not enhanced.

[2023-04-26 22:20:30 #6 type] 
Type domain.User is not enhanced.

------------------------------------------------------------------------------------------------------------------------

[2023-04-26 22:32:05 #1 store] 
Database '/home/borja/git/RepositorioPBL/Bets21/src/main/resources/bets.temp' is opened by 12983@fedora-b

[2023-04-26 22:32:05 #2 type] 
Type domain.Question is not enhanced.

[2023-04-26 22:32:05 #3 type] 
Type domain.Forecast is not enhanced.

[2023-04-26 22:32:05 #4 type] 
Type domain.Event is not enhanced.

[2023-04-26 22:32:05 #5 type] 
Type domain.Bet is not enhanced.

[2023-04-26 22:32:05 #6 type] 
Type domain.User is not enhanced.

------------------------------------------------------------------------------------------------------------------------

[2023-04-26 22:33:04 #1 store] 
Database '/home/borja/git/RepositorioPBL/Bets21/src/main/resources/bets.temp' is opened by 13352@fedora-b

[2023-04-26 22:33:04 #2 type] 
Type domain.Question is not enhanced.

[2023-04-26 22:33:04 #3 type] 
Type domain.Forecast is not enhanced.

[2023-04-26 22:33:04 #4 type] 
Type domain.Event is not enhanced.

[2023-04-26 22:33:04 #5 type] 
Type domain.Bet is not enhanced.

[2023-04-26 22:33:04 #6 type] 
Type domain.User is not enhanced.

------------------------------------------------------------------------------------------------------------------------

[2023-04-26 22:33:15 #1 store] 
Database '/home/borja/git/RepositorioPBL/Bets21/src/main/resources/bets.temp' is opened by 13429@fedora-b

[2023-04-26 22:33:15 #2 type] 
Type domain.Question is not enhanced.

[2023-04-26 22:33:15 #3 type] 
Type domain.Forecast is not enhanced.

[2023-04-26 22:33:15 #4 type] 
Type domain.Event is not enhanced.

[2023-04-26 22:33:15 #5 type] 
Type domain.Bet is not enhanced.

[2023-04-26 22:33:15 #6 type] 
Type domain.User is not enhanced.

------------------------------------------------------------------------------------------------------------------------

[2023-04-26 22:33:22 #1 store] 
Database '/home/borja/git/RepositorioPBL/Bets21/src/main/resources/bets.temp' is opened by 13524@fedora-b

[2023-04-26 22:33:23 #2 type] 
Type domain.Question is not enhanced.

[2023-04-26 22:33:23 #3 type] 
Type domain.Forecast is not enhanced.

[2023-04-26 22:33:23 #4 type] 
Type domain.Event is not enhanced.

[2023-04-26 22:33:23 #5 type] 
Type domain.Bet is not enhanced.

[2023-04-26 22:33:23 #6 type] 
Type domain.User is not enhanced.

------------------------------------------------------------------------------------------------------------------------

[2023-04-26 22:36:21 #1 store] 
Database '/home/borja/git/RepositorioPBL/Bets21/src/main/resources/bets.temp' is opened by 14605@fedora-b

[2023-04-26 22:36:21 #2 type] 
Type domain.Question is not enhanced.

[2023-04-26 22:36:21 #3 type] 
Type domain.Forecast is not enhanced.

[2023-04-26 22:36:21 #4 type] 
Type domain.Event is not enhanced.

[2023-04-26 22:36:21 #5 type] 
Type domain.Bet is not enhanced.

[2023-04-26 22:36:21 #6 type] 
Type domain.User is not enhanced.

------------------------------------------------------------------------------------------------------------------------

[2023-04-26 22:37:39 #1 store] 
Database '/home/borja/git/RepositorioPBL/Bets21/src/main/resources/bets.temp' is opened by 14991@fedora-b

[2023-04-26 22:37:39 #2 type] 
Type domain.Question is not enhanced.

[2023-04-26 22:37:39 #3 type] 
Type domain.Forecast is not enhanced.

[2023-04-26 22:37:39 #4 type] 
Type domain.Event is not enhanced.

[2023-04-26 22:37:39 #5 type] 
Type domain.Bet is not enhanced.

[2023-04-26 22:37:39 #6 type] 
Type domain.User is not enhanced.

------------------------------------------------------------------------------------------------------------------------

[2023-04-26 22:39:18 #1 store] 
Database '/home/borja/git/RepositorioPBL/Bets21/src/main/resources/bets.temp' is opened by 15549@fedora-b

[2023-04-26 22:39:18 #2 type] 
Type domain.Question is not enhanced.

[2023-04-26 22:39:18 #3 type] 
Type domain.Forecast is not enhanced.

[2023-04-26 22:39:18 #4 type] 
Type domain.Event is not enhanced.

[2023-04-26 22:39:18 #5 type] 
Type domain.Bet is not enhanced.

[2023-04-26 22:39:18 #6 type] 
Type domain.User is not enhanced.

------------------------------------------------------------------------------------------------------------------------

[2023-04-26 22:41:19 #1 store] 
Database '/home/borja/git/RepositorioPBL/Bets21/src/main/resources/bets.temp' is opened by 16467@fedora-b

[2023-04-26 22:41:19 #2 type] 
Type domain.Question is not enhanced.

[2023-04-26 22:41:19 #3 type] 
Type domain.Forecast is not enhanced.

[2023-04-26 22:41:19 #4 type] 
Type domain.Event is not enhanced.

[2023-04-26 22:41:19 #5 type] 
Type domain.Bet is not enhanced.

[2023-04-26 22:41:19 #6 type] 
Type domain.User is not enhanced.

------------------------------------------------------------------------------------------------------------------------

[2023-04-26 22:56:19 #1 store] 
Database '/home/borja/git/RepositorioPBL/Bets21/src/main/resources/bets.temp' is opened by 20132@fedora-b

[2023-04-26 22:56:19 #2 type] 
Type domain.Question is not enhanced.

[2023-04-26 22:56:19 #3 type] 
Type domain.Forecast is not enhanced.

[2023-04-26 22:56:19 #4 type] 
Type domain.Event is not enhanced.

[2023-04-26 22:56:19 #5 type] 
Type domain.Bet is not enhanced.

[2023-04-26 22:56:19 #6 type] 
Type domain.User is not enhanced.

------------------------------------------------------------------------------------------------------------------------

[2023-04-26 23:00:01 #1 store] 
Database '/home/borja/git/RepositorioPBL/Bets21/src/main/resources/bets.temp' is opened by 21445@fedora-b

[2023-04-26 23:00:01 #2 type] 
Type domain.Question is not enhanced.

[2023-04-26 23:00:01 #3 type] 
Type domain.Forecast is not enhanced.

[2023-04-26 23:00:01 #4 type] 
Type domain.Event is not enhanced.

[2023-04-26 23:00:01 #5 type] 
Type domain.Bet is not enhanced.

[2023-04-26 23:00:01 #6 type] 
Type domain.User is not enhanced.

------------------------------------------------------------------------------------------------------------------------

[2023-04-26 23:00:20 #1 store] 
Database '/home/borja/git/RepositorioPBL/Bets21/src/main/resources/bets.temp' is opened by 21603@fedora-b

[2023-04-26 23:00:20 #2 type] 
Type domain.Question is not enhanced.

[2023-04-26 23:00:20 #3 type] 
Type domain.Forecast is not enhanced.

[2023-04-26 23:00:20 #4 type] 
Type domain.Event is not enhanced.

[2023-04-26 23:00:20 #5 type] 
Type domain.Bet is not enhanced.

[2023-04-26 23:00:20 #6 type] 
Type domain.User is not enhanced.

------------------------------------------------------------------------------------------------------------------------

[2023-04-26 23:00:28 #1 store] 
Database '/home/borja/git/RepositorioPBL/Bets21/src/main/resources/bets.temp' is opened by 21696@fedora-b

[2023-04-26 23:00:28 #2 type] 
Type domain.Question is not enhanced.

[2023-04-26 23:00:28 #3 type] 
Type domain.Forecast is not enhanced.

[2023-04-26 23:00:28 #4 type] 
Type domain.Event is not enhanced.

[2023-04-26 23:00:28 #5 type] 
Type domain.Bet is not enhanced.

[2023-04-26 23:00:28 #6 type] 
Type domain.User is not enhanced.

------------------------------------------------------------------------------------------------------------------------

[2023-04-26 23:00:48 #1 store] 
Database '/home/borja/git/RepositorioPBL/Bets21/src/main/resources/bets.temp' is opened by 21856@fedora-b

[2023-04-26 23:00:48 #2 type] 
Type domain.Question is not enhanced.

[2023-04-26 23:00:48 #3 type] 
Type domain.Forecast is not enhanced.

[2023-04-26 23:00:48 #4 type] 
Type domain.Event is not enhanced.

[2023-04-26 23:00:48 #5 type] 
Type domain.Bet is not enhanced.

[2023-04-26 23:00:48 #6 type] 
Type domain.User is not enhanced.

------------------------------------------------------------------------------------------------------------------------

[2023-04-26 23:01:22 #1 store] 
Database '/home/borja/git/RepositorioPBL/Bets21/src/main/resources/bets.temp' is opened by 22089@fedora-b

[2023-04-26 23:01:22 #2 type] 
Type domain.Question is not enhanced.

[2023-04-26 23:01:22 #3 type] 
Type domain.Forecast is not enhanced.

[2023-04-26 23:01:22 #4 type] 
Type domain.Event is not enhanced.

[2023-04-26 23:01:22 #5 type] 
Type domain.Bet is not enhanced.

[2023-04-26 23:01:22 #6 type] 
Type domain.User is not enhanced.

------------------------------------------------------------------------------------------------------------------------

[2023-04-26 23:01:28 #1 store] 
Database '/home/borja/git/RepositorioPBL/Bets21/src/main/resources/bets.temp' is opened by 22153@fedora-b

[2023-04-26 23:01:28 #2 type] 
Type domain.Question is not enhanced.

[2023-04-26 23:01:28 #3 type] 
Type domain.Forecast is not enhanced.

[2023-04-26 23:01:28 #4 type] 
Type domain.Event is not enhanced.

[2023-04-26 23:01:28 #5 type] 
Type domain.Bet is not enhanced.

[2023-04-26 23:01:28 #6 type] 
Type domain.User is not enhanced.

------------------------------------------------------------------------------------------------------------------------

[2023-04-26 23:03:42 #1 store] 
Database '/home/borja/git/RepositorioPBL/Bets21/src/main/resources/bets.temp' is opened by 22884@fedora-b

[2023-04-26 23:03:42 #2 type] 
Type domain.Question is not enhanced.

[2023-04-26 23:03:42 #3 type] 
Type domain.Forecast is not enhanced.

[2023-04-26 23:03:42 #4 type] 
Type domain.Event is not enhanced.

[2023-04-26 23:03:42 #5 type] 
Type domain.Bet is not enhanced.

[2023-04-26 23:03:42 #6 type] 
Type domain.User is not enhanced.

------------------------------------------------------------------------------------------------------------------------

[2023-04-26 23:04:19 #1 store] 
Database '/home/borja/git/RepositorioPBL/Bets21/src/main/resources/bets.temp' is opened by 23202@fedora-b

[2023-04-26 23:04:19 #2 type] 
Type domain.Question is not enhanced.

[2023-04-26 23:04:19 #3 type] 
Type domain.Forecast is not enhanced.

[2023-04-26 23:04:19 #4 type] 
Type domain.Event is not enhanced.

[2023-04-26 23:04:19 #5 type] 
Type domain.Bet is not enhanced.

[2023-04-26 23:04:19 #6 type] 
Type domain.User is not enhanced.

------------------------------------------------------------------------------------------------------------------------

[2023-04-26 23:07:03 #1 store] 
Database '/home/borja/git/RepositorioPBL/Bets21/src/main/resources/bets.temp' is opened by 24154@fedora-b

[2023-04-26 23:07:03 #2 type] 
Type domain.Question is not enhanced.

[2023-04-26 23:07:03 #3 type] 
Type domain.Forecast is not enhanced.

[2023-04-26 23:07:03 #4 type] 
Type domain.Event is not enhanced.

[2023-04-26 23:07:03 #5 type] 
Type domain.Bet is not enhanced.

[2023-04-26 23:07:03 #6 type] 
Type domain.User is not enhanced.

------------------------------------------------------------------------------------------------------------------------

[2023-04-26 23:07:50 #1 store] 
Database '/home/borja/git/RepositorioPBL/Bets21/src/main/resources/bets.temp' is opened by 24505@fedora-b

[2023-04-26 23:07:50 #2 type] 
Type domain.Question is not enhanced.

[2023-04-26 23:07:50 #3 type] 
Type domain.Forecast is not enhanced.

[2023-04-26 23:07:50 #4 type] 
Type domain.Event is not enhanced.

[2023-04-26 23:07:50 #5 type] 
Type domain.Bet is not enhanced.

[2023-04-26 23:07:50 #6 type] 
Type domain.User is not enhanced.

------------------------------------------------------------------------------------------------------------------------

[2023-04-26 23:08:30 #1 store] 
Database '/home/borja/git/RepositorioPBL/Bets21/src/main/resources/bets.temp' is opened by 24751@fedora-b

[2023-04-26 23:08:31 #2 type] 
Type domain.Question is not enhanced.

[2023-04-26 23:08:31 #3 type] 
Type domain.Forecast is not enhanced.

[2023-04-26 23:08:31 #4 type] 
Type domain.Event is not enhanced.

[2023-04-26 23:08:31 #5 type] 
Type domain.Bet is not enhanced.

[2023-04-26 23:08:31 #6 type] 
Type domain.User is not enhanced.

------------------------------------------------------------------------------------------------------------------------

[2023-04-26 23:17:33 #1 store] 
Database '/home/borja/git/RepositorioPBL/Bets21/src/main/resources/bets.temp' is opened by 27130@fedora-b

[2023-04-26 23:17:33 #2 type] 
Type domain.Question is not enhanced.

[2023-04-26 23:17:33 #3 type] 
Type domain.Forecast is not enhanced.

[2023-04-26 23:17:33 #4 type] 
Type domain.Event is not enhanced.

[2023-04-26 23:17:33 #5 type] 
Type domain.Bet is not enhanced.

[2023-04-26 23:17:33 #6 type] 
Type domain.User is not enhanced.

------------------------------------------------------------------------------------------------------------------------

[2023-04-26 23:25:59 #1 store] 
Database '/home/borja/git/RepositorioPBL/Bets21/src/main/resources/bets.temp' is opened by 28050@fedora-b

[2023-04-26 23:25:59 #2 type] 
Type domain.Question is not enhanced.

[2023-04-26 23:25:59 #3 type] 
Type domain.Forecast is not enhanced.

[2023-04-26 23:25:59 #4 type] 
Type domain.Event is not enhanced.

[2023-04-26 23:25:59 #5 type] 
Type domain.Bet is not enhanced.

[2023-04-26 23:25:59 #6 type] 
Type domain.User is not enhanced.

------------------------------------------------------------------------------------------------------------------------

[2023-04-26 23:26:05 #1 store] 
Database '/home/borja/git/RepositorioPBL/Bets21/src/main/resources/bets.temp' is opened by 28101@fedora-b

[2023-04-26 23:26:05 #2 type] 
Type domain.Question is not enhanced.

[2023-04-26 23:26:05 #3 type] 
Type domain.Forecast is not enhanced.

[2023-04-26 23:26:05 #4 type] 
Type domain.Event is not enhanced.

[2023-04-26 23:26:05 #5 type] 
Type domain.Bet is not enhanced.

[2023-04-26 23:26:05 #6 type] 
Type domain.User is not enhanced.

------------------------------------------------------------------------------------------------------------------------

[2023-04-26 23:26:18 #1 store] 
Database '/home/borja/git/RepositorioPBL/Bets21/src/main/resources/bets.temp' is opened by 28163@fedora-b

[2023-04-26 23:26:18 #2 type] 
Type domain.Question is not enhanced.

[2023-04-26 23:26:18 #3 type] 
Type domain.Forecast is not enhanced.

[2023-04-26 23:26:18 #4 type] 
Type domain.Event is not enhanced.

[2023-04-26 23:26:18 #5 type] 
Type domain.Bet is not enhanced.

[2023-04-26 23:26:18 #6 type] 
Type domain.User is not enhanced.

------------------------------------------------------------------------------------------------------------------------

[2023-04-26 23:26:29 #1 store] 
Database '/home/borja/git/RepositorioPBL/Bets21/src/main/resources/bets.temp' is opened by 28217@fedora-b

[2023-04-26 23:26:29 #2 type] 
Type domain.Question is not enhanced.

[2023-04-26 23:26:29 #3 type] 
Type domain.Forecast is not enhanced.

[2023-04-26 23:26:29 #4 type] 
Type domain.Event is not enhanced.

[2023-04-26 23:26:29 #5 type] 
Type domain.Bet is not enhanced.

[2023-04-26 23:26:29 #6 type] 
Type domain.User is not enhanced.

------------------------------------------------------------------------------------------------------------------------

[2023-04-26 23:28:02 #1 store] 
Database '/home/borja/git/RepositorioPBL/Bets21/src/main/resources/bets.temp' is opened by 28354@fedora-b

[2023-04-26 23:28:02 #2 type] 
Type domain.Question is not enhanced.

[2023-04-26 23:28:02 #3 type] 
Type domain.Forecast is not enhanced.

[2023-04-26 23:28:02 #4 type] 
Type domain.Event is not enhanced.

[2023-04-26 23:28:02 #5 type] 
Type domain.Bet is not enhanced.

[2023-04-26 23:28:02 #6 type] 
Type domain.User is not enhanced.

