------------------------------------------------------------------------------------------------------------------------

[2023-04-30 15:36:41 #1 store] 
Database '/home/borja/git/RepositorioPBL/Bets21/src/main/resources/bets.temp' is opened by 4174@fedora-b

[2023-04-30 15:36:42 #2 type] 
Type domain.Question is not enhanced.

[2023-04-30 15:36:42 #3 type] 
Type domain.Forecast is not enhanced.

[2023-04-30 15:36:42 #4 type] 
Type domain.Event is not enhanced.

[2023-04-30 15:36:42 #5 type] 
Type domain.Bet is not enhanced.

[2023-04-30 15:36:42 #6 type] 
Type domain.User is not enhanced.

------------------------------------------------------------------------------------------------------------------------

[2023-04-30 15:39:30 #1 store] 
Database '/home/borja/git/RepositorioPBL/Bets21/src/main/resources/bets.temp' is opened by 4549@fedora-b

[2023-04-30 15:39:30 #2 type] 
Type domain.Question is not enhanced.

[2023-04-30 15:39:30 #3 type] 
Type domain.Forecast is not enhanced.

[2023-04-30 15:39:30 #4 type] 
Type domain.Event is not enhanced.

[2023-04-30 15:39:30 #5 type] 
Type domain.Bet is not enhanced.

[2023-04-30 15:39:30 #6 type] 
Type domain.User is not enhanced.

------------------------------------------------------------------------------------------------------------------------

[2023-04-30 15:45:58 #1 store] 
Database '/home/borja/git/RepositorioPBL/Bets21/src/main/resources/bets.temp' is opened by 5431@fedora-b

[2023-04-30 15:45:58 #2 type] 
Type domain.Question is not enhanced.

[2023-04-30 15:45:58 #3 type] 
Type domain.Forecast is not enhanced.

[2023-04-30 15:45:58 #4 type] 
Type domain.Event is not enhanced.

[2023-04-30 15:45:58 #5 type] 
Type domain.Bet is not enhanced.

[2023-04-30 15:45:58 #6 type] 
Type domain.User is not enhanced.

------------------------------------------------------------------------------------------------------------------------

[2023-04-30 15:47:14 #1 store] 
Database '/home/borja/git/RepositorioPBL/Bets21/src/main/resources/bets.temp' is opened by 5576@fedora-b

[2023-04-30 15:47:14 #2 type] 
Type domain.Question is not enhanced.

[2023-04-30 15:47:14 #3 type] 
Type domain.Forecast is not enhanced.

[2023-04-30 15:47:14 #4 type] 
Type domain.Event is not enhanced.

[2023-04-30 15:47:14 #5 type] 
Type domain.Bet is not enhanced.

[2023-04-30 15:47:14 #6 type] 
Type domain.User is not enhanced.

------------------------------------------------------------------------------------------------------------------------

[2023-04-30 15:48:35 #1 store] 
Database '/home/borja/git/RepositorioPBL/Bets21/src/main/resources/bets.temp' is opened by 5741@fedora-b

[2023-04-30 15:48:35 #2 type] 
Type domain.Question is not enhanced.

[2023-04-30 15:48:35 #3 type] 
Type domain.Forecast is not enhanced.

[2023-04-30 15:48:35 #4 type] 
Type domain.Event is not enhanced.

[2023-04-30 15:48:35 #5 type] 
Type domain.Bet is not enhanced.

[2023-04-30 15:48:35 #6 type] 
Type domain.User is not enhanced.

------------------------------------------------------------------------------------------------------------------------

[2023-04-30 15:49:22 #1 store] 
Database '/home/borja/git/RepositorioPBL/Bets21/src/main/resources/bets.temp' is opened by 5885@fedora-b

[2023-04-30 15:49:22 #2 type] 
Type domain.Question is not enhanced.

[2023-04-30 15:49:22 #3 type] 
Type domain.Forecast is not enhanced.

[2023-04-30 15:49:22 #4 type] 
Type domain.Event is not enhanced.

[2023-04-30 15:49:22 #5 type] 
Type domain.Bet is not enhanced.

[2023-04-30 15:49:22 #6 type] 
Type domain.User is not enhanced.

------------------------------------------------------------------------------------------------------------------------

[2023-04-30 15:51:16 #1 store] 
Database '/home/borja/git/RepositorioPBL/Bets21/src/main/resources/bets.temp' is opened by 6075@fedora-b

[2023-04-30 15:51:16 #2 type] 
Type domain.Question is not enhanced.

[2023-04-30 15:51:16 #3 type] 
Type domain.Forecast is not enhanced.

[2023-04-30 15:51:16 #4 type] 
Type domain.Event is not enhanced.

[2023-04-30 15:51:16 #5 type] 
Type domain.Bet is not enhanced.

[2023-04-30 15:51:16 #6 type] 
Type domain.User is not enhanced.

------------------------------------------------------------------------------------------------------------------------

[2023-04-30 15:53:42 #1 store] 
Database '/home/borja/git/RepositorioPBL/Bets21/src/main/resources/bets.temp' is opened by 6443@fedora-b

[2023-04-30 15:53:42 #2 type] 
Type domain.Question is not enhanced.

[2023-04-30 15:53:42 #3 type] 
Type domain.Forecast is not enhanced.

[2023-04-30 15:53:42 #4 type] 
Type domain.Event is not enhanced.

[2023-04-30 15:53:42 #5 type] 
Type domain.Bet is not enhanced.

[2023-04-30 15:53:42 #6 type] 
Type domain.User is not enhanced.

------------------------------------------------------------------------------------------------------------------------

[2023-04-30 15:55:03 #1 store] 
Database '/home/borja/git/RepositorioPBL/Bets21/src/main/resources/bets.temp' is opened by 6580@fedora-b

[2023-04-30 15:55:03 #2 type] 
Type domain.Question is not enhanced.

[2023-04-30 15:55:03 #3 type] 
Type domain.Forecast is not enhanced.

[2023-04-30 15:55:03 #4 type] 
Type domain.Event is not enhanced.

[2023-04-30 15:55:03 #5 type] 
Type domain.Bet is not enhanced.

[2023-04-30 15:55:03 #6 type] 
Type domain.User is not enhanced.

------------------------------------------------------------------------------------------------------------------------

[2023-04-30 15:58:12 #1 store] 
Database '/home/borja/git/RepositorioPBL/Bets21/src/main/resources/bets.temp' is opened by 7621@fedora-b

[2023-04-30 15:58:12 #2 type] 
Type domain.Question is not enhanced.

[2023-04-30 15:58:12 #3 type] 
Type domain.Forecast is not enhanced.

[2023-04-30 15:58:12 #4 type] 
Type domain.Event is not enhanced.

[2023-04-30 15:58:12 #5 type] 
Type domain.Bet is not enhanced.

[2023-04-30 15:58:12 #6 type] 
Type domain.User is not enhanced.

------------------------------------------------------------------------------------------------------------------------

[2023-04-30 15:59:16 #1 store] 
Database '/home/borja/git/RepositorioPBL/Bets21/src/main/resources/bets.temp' is opened by 7754@fedora-b

[2023-04-30 15:59:16 #2 type] 
Type domain.Question is not enhanced.

[2023-04-30 15:59:16 #3 type] 
Type domain.Forecast is not enhanced.

[2023-04-30 15:59:16 #4 type] 
Type domain.Event is not enhanced.

[2023-04-30 15:59:16 #5 type] 
Type domain.Bet is not enhanced.

[2023-04-30 15:59:16 #6 type] 
Type domain.User is not enhanced.

------------------------------------------------------------------------------------------------------------------------

[2023-04-30 16:00:21 #1 store] 
Database '/home/borja/git/RepositorioPBL/Bets21/src/main/resources/bets.temp' is opened by 7889@fedora-b

[2023-04-30 16:00:21 #2 type] 
Type domain.Question is not enhanced.

[2023-04-30 16:00:21 #3 type] 
Type domain.Forecast is not enhanced.

[2023-04-30 16:00:21 #4 type] 
Type domain.Event is not enhanced.

[2023-04-30 16:00:21 #5 type] 
Type domain.Bet is not enhanced.

[2023-04-30 16:00:21 #6 type] 
Type domain.User is not enhanced.

------------------------------------------------------------------------------------------------------------------------

[2023-04-30 16:00:54 #1 store] 
Database '/home/borja/git/RepositorioPBL/Bets21/src/main/resources/bets.temp' is opened by 7983@fedora-b

[2023-04-30 16:00:54 #2 type] 
Type domain.Question is not enhanced.

[2023-04-30 16:00:54 #3 type] 
Type domain.Forecast is not enhanced.

[2023-04-30 16:00:54 #4 type] 
Type domain.Event is not enhanced.

[2023-04-30 16:00:54 #5 type] 
Type domain.Bet is not enhanced.

[2023-04-30 16:00:54 #6 type] 
Type domain.User is not enhanced.

------------------------------------------------------------------------------------------------------------------------

[2023-04-30 16:01:57 #1 store] 
Database '/home/borja/git/RepositorioPBL/Bets21/src/main/resources/bets.temp' is opened by 8127@fedora-b

[2023-04-30 16:01:57 #2 type] 
Type domain.Question is not enhanced.

[2023-04-30 16:01:57 #3 type] 
Type domain.Forecast is not enhanced.

[2023-04-30 16:01:57 #4 type] 
Type domain.Event is not enhanced.

[2023-04-30 16:01:57 #5 type] 
Type domain.Bet is not enhanced.

[2023-04-30 16:01:57 #6 type] 
Type domain.User is not enhanced.

------------------------------------------------------------------------------------------------------------------------

[2023-04-30 16:02:51 #1 store] 
Database '/home/borja/git/RepositorioPBL/Bets21/src/main/resources/bets.temp' is opened by 8195@fedora-b

[2023-04-30 16:02:51 #2 type] 
Type domain.Question is not enhanced.

[2023-04-30 16:02:51 #3 type] 
Type domain.Forecast is not enhanced.

[2023-04-30 16:02:51 #4 type] 
Type domain.Event is not enhanced.

[2023-04-30 16:02:51 #5 type] 
Type domain.Bet is not enhanced.

[2023-04-30 16:02:51 #6 type] 
Type domain.User is not enhanced.

------------------------------------------------------------------------------------------------------------------------

[2023-04-30 16:05:15 #1 store] 
Database '/home/borja/git/RepositorioPBL/Bets21/src/main/resources/bets.temp' is opened by 8451@fedora-b

[2023-04-30 16:05:15 #2 type] 
Type domain.Question is not enhanced.

[2023-04-30 16:05:15 #3 type] 
Type domain.Forecast is not enhanced.

[2023-04-30 16:05:15 #4 type] 
Type domain.Event is not enhanced.

[2023-04-30 16:05:15 #5 type] 
Type domain.Bet is not enhanced.

[2023-04-30 16:05:15 #6 type] 
Type domain.User is not enhanced.

------------------------------------------------------------------------------------------------------------------------

[2023-04-30 16:07:38 #1 store] 
Database '/home/borja/git/RepositorioPBL/Bets21/src/main/resources/bets.temp' is opened by 8751@fedora-b

[2023-04-30 16:07:38 #2 type] 
Type domain.Question is not enhanced.

[2023-04-30 16:07:38 #3 type] 
Type domain.Forecast is not enhanced.

[2023-04-30 16:07:38 #4 type] 
Type domain.Event is not enhanced.

[2023-04-30 16:07:38 #5 type] 
Type domain.Bet is not enhanced.

[2023-04-30 16:07:38 #6 type] 
Type domain.User is not enhanced.

------------------------------------------------------------------------------------------------------------------------

[2023-04-30 16:08:51 #1 store] 
Database '/home/borja/git/RepositorioPBL/Bets21/src/main/resources/bets.temp' is opened by 8891@fedora-b

[2023-04-30 16:08:52 #2 type] 
Type domain.Question is not enhanced.

[2023-04-30 16:08:52 #3 type] 
Type domain.Forecast is not enhanced.

[2023-04-30 16:08:52 #4 type] 
Type domain.Event is not enhanced.

[2023-04-30 16:08:52 #5 type] 
Type domain.Bet is not enhanced.

[2023-04-30 16:08:52 #6 type] 
Type domain.User is not enhanced.

------------------------------------------------------------------------------------------------------------------------

[2023-04-30 16:10:08 #1 store] 
Database '/home/borja/git/RepositorioPBL/Bets21/src/main/resources/bets.temp' has been recovered (tr. 180-181)

[2023-04-30 16:10:08 #2 store] 
Database '/home/borja/git/RepositorioPBL/Bets21/src/main/resources/bets.temp' is opened by 9091@fedora-b

[2023-04-30 16:10:08 #3 type] 
Type domain.Question is not enhanced.

[2023-04-30 16:10:08 #4 type] 
Type domain.Forecast is not enhanced.

[2023-04-30 16:10:08 #5 type] 
Type domain.Event is not enhanced.

[2023-04-30 16:10:08 #6 type] 
Type domain.Bet is not enhanced.

[2023-04-30 16:10:08 #7 type] 
Type domain.User is not enhanced.

------------------------------------------------------------------------------------------------------------------------

[2023-04-30 16:16:27 #1 store] 
Database '/home/borja/git/RepositorioPBL/Bets21/src/main/resources/bets.temp' is opened by 9669@fedora-b

[2023-04-30 16:16:27 #2 type] 
Type domain.Question is not enhanced.

[2023-04-30 16:16:27 #3 type] 
Type domain.Forecast is not enhanced.

[2023-04-30 16:16:27 #4 type] 
Type domain.Event is not enhanced.

[2023-04-30 16:16:27 #5 type] 
Type domain.Bet is not enhanced.

[2023-04-30 16:16:27 #6 type] 
Type domain.User is not enhanced.

------------------------------------------------------------------------------------------------------------------------

[2023-04-30 16:17:16 #1 store] 
Database '/home/borja/git/RepositorioPBL/Bets21/src/main/resources/bets.temp' is opened by 9778@fedora-b

[2023-04-30 16:17:16 #2 type] 
Type domain.Question is not enhanced.

[2023-04-30 16:17:16 #3 type] 
Type domain.Forecast is not enhanced.

[2023-04-30 16:17:16 #4 type] 
Type domain.Event is not enhanced.

[2023-04-30 16:17:16 #5 type] 
Type domain.Bet is not enhanced.

[2023-04-30 16:17:16 #6 type] 
Type domain.User is not enhanced.

------------------------------------------------------------------------------------------------------------------------

[2023-04-30 16:18:28 #1 store] 
Database '/home/borja/git/RepositorioPBL/Bets21/src/main/resources/bets.temp' is opened by 9897@fedora-b

[2023-04-30 16:18:28 #2 type] 
Type domain.Question is not enhanced.

[2023-04-30 16:18:28 #3 type] 
Type domain.Forecast is not enhanced.

[2023-04-30 16:18:28 #4 type] 
Type domain.Event is not enhanced.

[2023-04-30 16:18:28 #5 type] 
Type domain.Bet is not enhanced.

[2023-04-30 16:18:28 #6 type] 
Type domain.User is not enhanced.

------------------------------------------------------------------------------------------------------------------------

[2023-04-30 16:18:49 #1 store] 
Database '/home/borja/git/RepositorioPBL/Bets21/src/main/resources/bets.temp' is opened by 9951@fedora-b

[2023-04-30 16:18:49 #2 type] 
Type domain.Question is not enhanced.

[2023-04-30 16:18:49 #3 type] 
Type domain.Forecast is not enhanced.

[2023-04-30 16:18:49 #4 type] 
Type domain.Event is not enhanced.

[2023-04-30 16:18:49 #5 type] 
Type domain.Bet is not enhanced.

[2023-04-30 16:18:49 #6 type] 
Type domain.User is not enhanced.

------------------------------------------------------------------------------------------------------------------------

[2023-04-30 16:21:20 #1 store] 
Database '/home/borja/git/RepositorioPBL/Bets21/src/main/resources/bets.temp' has been recovered (tr. 182-182)

[2023-04-30 16:21:20 #2 store] 
Database '/home/borja/git/RepositorioPBL/Bets21/src/main/resources/bets.temp' is opened by 10234@fedora-b

[2023-04-30 16:21:21 #3 type] 
Type domain.Question is not enhanced.

[2023-04-30 16:21:21 #4 type] 
Type domain.Forecast is not enhanced.

[2023-04-30 16:21:21 #5 type] 
Type domain.Event is not enhanced.

[2023-04-30 16:21:21 #6 type] 
Type domain.Bet is not enhanced.

[2023-04-30 16:21:21 #7 type] 
Type domain.User is not enhanced.

------------------------------------------------------------------------------------------------------------------------

[2023-04-30 16:24:39 #1 store] 
Database '/home/borja/git/RepositorioPBL/Bets21/src/main/resources/bets.temp' has been recovered (tr. 183-184)

[2023-04-30 16:24:40 #2 store] 
Database '/home/borja/git/RepositorioPBL/Bets21/src/main/resources/bets.temp' is opened by 10551@fedora-b

[2023-04-30 16:24:40 #3 type] 
Type domain.Question is not enhanced.

[2023-04-30 16:24:40 #4 type] 
Type domain.Forecast is not enhanced.

[2023-04-30 16:24:40 #5 type] 
Type domain.Event is not enhanced.

[2023-04-30 16:24:40 #6 type] 
Type domain.Bet is not enhanced.

[2023-04-30 16:24:40 #7 type] 
Type domain.User is not enhanced.

------------------------------------------------------------------------------------------------------------------------

[2023-04-30 16:25:29 #1 store] 
Database '/home/borja/git/RepositorioPBL/Bets21/src/main/resources/bets.temp' has been recovered (tr. 185-186)

[2023-04-30 16:25:30 #2 store] 
Database '/home/borja/git/RepositorioPBL/Bets21/src/main/resources/bets.temp' is opened by 10794@fedora-b

[2023-04-30 16:25:30 #3 type] 
Type domain.Question is not enhanced.

[2023-04-30 16:25:30 #4 type] 
Type domain.Forecast is not enhanced.

[2023-04-30 16:25:30 #5 type] 
Type domain.Event is not enhanced.

[2023-04-30 16:25:30 #6 type] 
Type domain.Bet is not enhanced.

[2023-04-30 16:25:30 #7 type] 
Type domain.User is not enhanced.

------------------------------------------------------------------------------------------------------------------------

[2023-04-30 16:26:32 #1 store] 
Database '/home/borja/git/RepositorioPBL/Bets21/src/main/resources/bets.temp' is opened by 10916@fedora-b

[2023-04-30 16:26:33 #2 type] 
Type domain.Question is not enhanced.

[2023-04-30 16:26:33 #3 type] 
Type domain.Forecast is not enhanced.

[2023-04-30 16:26:33 #4 type] 
Type domain.Event is not enhanced.

[2023-04-30 16:26:33 #5 type] 
Type domain.Bet is not enhanced.

[2023-04-30 16:26:33 #6 type] 
Type domain.User is not enhanced.

------------------------------------------------------------------------------------------------------------------------

[2023-04-30 16:26:49 #1 store] 
Database '/home/borja/git/RepositorioPBL/Bets21/src/main/resources/bets.temp' is opened by 10968@fedora-b

[2023-04-30 16:26:49 #2 type] 
Type domain.Question is not enhanced.

[2023-04-30 16:26:49 #3 type] 
Type domain.Forecast is not enhanced.

[2023-04-30 16:26:49 #4 type] 
Type domain.Event is not enhanced.

[2023-04-30 16:26:49 #5 type] 
Type domain.Bet is not enhanced.

[2023-04-30 16:26:49 #6 type] 
Type domain.User is not enhanced.

------------------------------------------------------------------------------------------------------------------------

[2023-04-30 16:28:04 #1 store] 
Database '/home/borja/git/RepositorioPBL/Bets21/src/main/resources/bets.temp' is opened by 11083@fedora-b

[2023-04-30 16:28:05 #2 type] 
Type domain.Question is not enhanced.

[2023-04-30 16:28:05 #3 type] 
Type domain.Forecast is not enhanced.

[2023-04-30 16:28:05 #4 type] 
Type domain.Event is not enhanced.

[2023-04-30 16:28:05 #5 type] 
Type domain.Bet is not enhanced.

[2023-04-30 16:28:05 #6 type] 
Type domain.User is not enhanced.

------------------------------------------------------------------------------------------------------------------------

[2023-04-30 16:28:26 #1 store] 
Database '/home/borja/git/RepositorioPBL/Bets21/src/main/resources/bets.temp' is opened by 11144@fedora-b

[2023-04-30 16:28:26 #2 type] 
Type domain.Question is not enhanced.

[2023-04-30 16:28:26 #3 type] 
Type domain.Forecast is not enhanced.

[2023-04-30 16:28:26 #4 type] 
Type domain.Event is not enhanced.

[2023-04-30 16:28:26 #5 type] 
Type domain.Bet is not enhanced.

[2023-04-30 16:28:26 #6 type] 
Type domain.User is not enhanced.

------------------------------------------------------------------------------------------------------------------------

[2023-04-30 16:29:04 #1 store] 
Database '/home/borja/git/RepositorioPBL/Bets21/src/main/resources/bets.temp' is opened by 11307@fedora-b

[2023-04-30 16:29:04 #2 type] 
Type domain.Question is not enhanced.

[2023-04-30 16:29:04 #3 type] 
Type domain.Forecast is not enhanced.

[2023-04-30 16:29:04 #4 type] 
Type domain.Event is not enhanced.

[2023-04-30 16:29:04 #5 type] 
Type domain.Bet is not enhanced.

[2023-04-30 16:29:04 #6 type] 
Type domain.User is not enhanced.

------------------------------------------------------------------------------------------------------------------------

[2023-04-30 16:29:55 #1 store] 
Database '/home/borja/git/RepositorioPBL/Bets21/src/main/resources/bets.temp' is opened by 11505@fedora-b

[2023-04-30 16:29:55 #2 type] 
Type domain.Question is not enhanced.

[2023-04-30 16:29:55 #3 type] 
Type domain.Forecast is not enhanced.

[2023-04-30 16:29:55 #4 type] 
Type domain.Event is not enhanced.

[2023-04-30 16:29:55 #5 type] 
Type domain.Bet is not enhanced.

[2023-04-30 16:29:55 #6 type] 
Type domain.User is not enhanced.

------------------------------------------------------------------------------------------------------------------------

[2023-04-30 16:30:32 #1 store] 
Database '/home/borja/git/RepositorioPBL/Bets21/src/main/resources/bets.temp' is opened by 11612@fedora-b

[2023-04-30 16:30:32 #2 type] 
Type domain.Question is not enhanced.

[2023-04-30 16:30:32 #3 type] 
Type domain.Forecast is not enhanced.

[2023-04-30 16:30:32 #4 type] 
Type domain.Event is not enhanced.

[2023-04-30 16:30:32 #5 type] 
Type domain.Bet is not enhanced.

[2023-04-30 16:30:32 #6 type] 
Type domain.User is not enhanced.

------------------------------------------------------------------------------------------------------------------------

[2023-04-30 16:38:02 #1 store] 
Database '/home/borja/git/RepositorioPBL/Bets21/src/main/resources/bets.temp' is opened by 12498@fedora-b

[2023-04-30 16:38:02 #2 type] 
Type domain.Question is not enhanced.

[2023-04-30 16:38:02 #3 type] 
Type domain.Forecast is not enhanced.

[2023-04-30 16:38:02 #4 type] 
Type domain.Event is not enhanced.

[2023-04-30 16:38:02 #5 type] 
Type domain.Bet is not enhanced.

[2023-04-30 16:38:02 #6 type] 
Type domain.User is not enhanced.

------------------------------------------------------------------------------------------------------------------------

[2023-04-30 17:17:26 #1 store] 
Database '/home/borja/git/RepositorioPBL/Bets21/src/main/resources/bets.temp' is opened by 14401@fedora-b

[2023-04-30 17:17:26 #2 type] 
Type domain.Question is not enhanced.

[2023-04-30 17:17:26 #3 type] 
Type domain.Forecast is not enhanced.

[2023-04-30 17:17:26 #4 type] 
Type domain.Event is not enhanced.

[2023-04-30 17:17:26 #5 type] 
Type domain.Bet is not enhanced.

[2023-04-30 17:17:26 #6 type] 
Type domain.User is not enhanced.

------------------------------------------------------------------------------------------------------------------------

[2023-04-30 17:38:58 #1 store] 
Database '/home/borja/git/RepositorioPBL/Bets21/src/main/resources/bets.temp' is opened by 17225@fedora-b

[2023-04-30 17:38:59 #2 type] 
Type domain.Question is not enhanced.

[2023-04-30 17:38:59 #3 type] 
Type domain.Forecast is not enhanced.

[2023-04-30 17:38:59 #4 type] 
Type domain.Event is not enhanced.

[2023-04-30 17:38:59 #5 type] 
Type domain.Bet is not enhanced.

[2023-04-30 17:38:59 #6 type] 
Type domain.User is not enhanced.

------------------------------------------------------------------------------------------------------------------------

[2023-04-30 17:39:53 #1 store] 
Database '/home/borja/git/RepositorioPBL/Bets21/src/main/resources/bets.temp' has been recovered (tr. 187-188)

[2023-04-30 17:39:53 #2 store] 
Database '/home/borja/git/RepositorioPBL/Bets21/src/main/resources/bets.temp' is opened by 17330@fedora-b

[2023-04-30 17:39:54 #3 type] 
Type domain.Question is not enhanced.

[2023-04-30 17:39:54 #4 type] 
Type domain.Forecast is not enhanced.

[2023-04-30 17:39:54 #5 type] 
Type domain.Event is not enhanced.

[2023-04-30 17:39:54 #6 type] 
Type domain.Bet is not enhanced.

[2023-04-30 17:39:54 #7 type] 
Type domain.User is not enhanced.

------------------------------------------------------------------------------------------------------------------------

[2023-04-30 17:40:19 #1 store] 
Database '/home/borja/git/RepositorioPBL/Bets21/src/main/resources/bets.temp' is opened by 17416@fedora-b

[2023-04-30 17:40:20 #2 type] 
Type domain.Question is not enhanced.

[2023-04-30 17:40:20 #3 type] 
Type domain.Forecast is not enhanced.

[2023-04-30 17:40:20 #4 type] 
Type domain.Event is not enhanced.

[2023-04-30 17:40:20 #5 type] 
Type domain.Bet is not enhanced.

[2023-04-30 17:40:20 #6 type] 
Type domain.User is not enhanced.

------------------------------------------------------------------------------------------------------------------------

[2023-04-30 17:40:50 #1 store] 
Database '/home/borja/git/RepositorioPBL/Bets21/src/main/resources/bets.temp' is opened by 17505@fedora-b

[2023-04-30 17:40:50 #2 type] 
Type domain.Question is not enhanced.

[2023-04-30 17:40:50 #3 type] 
Type domain.Forecast is not enhanced.

[2023-04-30 17:40:50 #4 type] 
Type domain.Event is not enhanced.

[2023-04-30 17:40:50 #5 type] 
Type domain.Bet is not enhanced.

[2023-04-30 17:40:50 #6 type] 
Type domain.User is not enhanced.

------------------------------------------------------------------------------------------------------------------------

[2023-04-30 17:41:31 #1 store] 
Database '/home/borja/git/RepositorioPBL/Bets21/src/main/resources/bets.temp' is opened by 17588@fedora-b

[2023-04-30 17:41:32 #2 type] 
Type domain.Question is not enhanced.

[2023-04-30 17:41:32 #3 type] 
Type domain.Forecast is not enhanced.

[2023-04-30 17:41:32 #4 type] 
Type domain.Event is not enhanced.

[2023-04-30 17:41:32 #5 type] 
Type domain.Bet is not enhanced.

[2023-04-30 17:41:32 #6 type] 
Type domain.User is not enhanced.

------------------------------------------------------------------------------------------------------------------------

[2023-04-30 17:42:00 #1 store] 
Database '/home/borja/git/RepositorioPBL/Bets21/src/main/resources/bets.temp' is opened by 17646@fedora-b

[2023-04-30 17:42:00 #2 type] 
Type domain.Question is not enhanced.

[2023-04-30 17:42:00 #3 type] 
Type domain.Forecast is not enhanced.

[2023-04-30 17:42:00 #4 type] 
Type domain.Event is not enhanced.

[2023-04-30 17:42:00 #5 type] 
Type domain.Bet is not enhanced.

[2023-04-30 17:42:00 #6 type] 
Type domain.User is not enhanced.

------------------------------------------------------------------------------------------------------------------------

[2023-04-30 17:55:00 #1 store] 
Database '/home/borja/git/RepositorioPBL/Bets21/src/main/resources/bets.temp' is opened by 19166@fedora-b

[2023-04-30 17:55:00 #2 type] 
Type domain.Question is not enhanced.

[2023-04-30 17:55:00 #3 type] 
Type domain.Forecast is not enhanced.

[2023-04-30 17:55:00 #4 type] 
Type domain.Event is not enhanced.

[2023-04-30 17:55:00 #5 type] 
Type domain.Bet is not enhanced.

[2023-04-30 17:55:00 #6 type] 
Type domain.User is not enhanced.

------------------------------------------------------------------------------------------------------------------------

[2023-04-30 17:58:01 #1 store] 
Database '/home/borja/git/RepositorioPBL/Bets21/src/main/resources/bets.temp' is opened by 19565@fedora-b

[2023-04-30 17:58:02 #2 type] 
Type domain.Question is not enhanced.

[2023-04-30 17:58:02 #3 type] 
Type domain.Forecast is not enhanced.

[2023-04-30 17:58:02 #4 type] 
Type domain.Event is not enhanced.

[2023-04-30 17:58:02 #5 type] 
Type domain.Bet is not enhanced.

[2023-04-30 17:58:02 #6 type] 
Type domain.User is not enhanced.

------------------------------------------------------------------------------------------------------------------------

[2023-04-30 17:59:28 #1 store] 
Database '/home/borja/git/RepositorioPBL/Bets21/src/main/resources/bets.temp' is opened by 19750@fedora-b

[2023-04-30 17:59:28 #2 type] 
Type domain.Question is not enhanced.

[2023-04-30 17:59:28 #3 type] 
Type domain.Forecast is not enhanced.

[2023-04-30 17:59:28 #4 type] 
Type domain.Event is not enhanced.

[2023-04-30 17:59:29 #5 type] 
Type domain.Bet is not enhanced.

[2023-04-30 17:59:29 #6 type] 
Type domain.User is not enhanced.

------------------------------------------------------------------------------------------------------------------------

[2023-04-30 17:59:42 #1 store] 
Database '/home/borja/git/RepositorioPBL/Bets21/src/main/resources/bets.temp' is opened by 19801@fedora-b

[2023-04-30 17:59:42 #2 type] 
Type domain.Question is not enhanced.

[2023-04-30 17:59:42 #3 type] 
Type domain.Forecast is not enhanced.

[2023-04-30 17:59:42 #4 type] 
Type domain.Event is not enhanced.

[2023-04-30 17:59:42 #5 type] 
Type domain.Bet is not enhanced.

[2023-04-30 17:59:42 #6 type] 
Type domain.User is not enhanced.

------------------------------------------------------------------------------------------------------------------------

[2023-04-30 18:00:07 #1 store] 
Database '/home/borja/git/RepositorioPBL/Bets21/src/main/resources/bets.temp' is opened by 19913@fedora-b

[2023-04-30 18:00:07 #2 type] 
Type domain.Question is not enhanced.

[2023-04-30 18:00:07 #3 type] 
Type domain.Forecast is not enhanced.

[2023-04-30 18:00:07 #4 type] 
Type domain.Event is not enhanced.

[2023-04-30 18:00:07 #5 type] 
Type domain.Bet is not enhanced.

[2023-04-30 18:00:07 #6 type] 
Type domain.User is not enhanced.

------------------------------------------------------------------------------------------------------------------------

[2023-04-30 18:00:25 #1 store] 
Database '/home/borja/git/RepositorioPBL/Bets21/src/main/resources/bets.temp' is opened by 19981@fedora-b

[2023-04-30 18:00:25 #2 type] 
Type domain.Question is not enhanced.

[2023-04-30 18:00:25 #3 type] 
Type domain.Forecast is not enhanced.

[2023-04-30 18:00:25 #4 type] 
Type domain.Event is not enhanced.

[2023-04-30 18:00:25 #5 type] 
Type domain.Bet is not enhanced.

[2023-04-30 18:00:25 #6 type] 
Type domain.User is not enhanced.

------------------------------------------------------------------------------------------------------------------------

[2023-04-30 18:01:30 #1 store] 
Database '/home/borja/git/RepositorioPBL/Bets21/src/main/resources/bets.temp' is opened by 20108@fedora-b

[2023-04-30 18:01:30 #2 type] 
Type domain.Question is not enhanced.

[2023-04-30 18:01:30 #3 type] 
Type domain.Forecast is not enhanced.

[2023-04-30 18:01:30 #4 type] 
Type domain.Event is not enhanced.

[2023-04-30 18:01:30 #5 type] 
Type domain.Bet is not enhanced.

[2023-04-30 18:01:30 #6 type] 
Type domain.User is not enhanced.

------------------------------------------------------------------------------------------------------------------------

[2023-04-30 18:02:03 #1 store] 
Database '/home/borja/git/RepositorioPBL/Bets21/src/main/resources/bets.temp' is opened by 20183@fedora-b

[2023-04-30 18:02:03 #2 type] 
Type domain.Question is not enhanced.

[2023-04-30 18:02:03 #3 type] 
Type domain.Forecast is not enhanced.

[2023-04-30 18:02:03 #4 type] 
Type domain.Event is not enhanced.

[2023-04-30 18:02:03 #5 type] 
Type domain.Bet is not enhanced.

[2023-04-30 18:02:03 #6 type] 
Type domain.User is not enhanced.

------------------------------------------------------------------------------------------------------------------------

[2023-04-30 18:02:29 #1 store] 
Database '/home/borja/git/RepositorioPBL/Bets21/src/main/resources/bets.temp' is opened by 20260@fedora-b

[2023-04-30 18:02:30 #2 type] 
Type domain.Question is not enhanced.

[2023-04-30 18:02:30 #3 type] 
Type domain.Forecast is not enhanced.

[2023-04-30 18:02:30 #4 type] 
Type domain.Event is not enhanced.

[2023-04-30 18:02:30 #5 type] 
Type domain.Bet is not enhanced.

[2023-04-30 18:02:30 #6 type] 
Type domain.User is not enhanced.

------------------------------------------------------------------------------------------------------------------------

[2023-04-30 18:02:51 #1 store] 
Database '/home/borja/git/RepositorioPBL/Bets21/src/main/resources/bets.temp' is opened by 20322@fedora-b

[2023-04-30 18:02:51 #2 type] 
Type domain.Question is not enhanced.

[2023-04-30 18:02:51 #3 type] 
Type domain.Forecast is not enhanced.

[2023-04-30 18:02:51 #4 type] 
Type domain.Event is not enhanced.

[2023-04-30 18:02:51 #5 type] 
Type domain.Bet is not enhanced.

[2023-04-30 18:02:51 #6 type] 
Type domain.User is not enhanced.

------------------------------------------------------------------------------------------------------------------------

[2023-04-30 18:03:47 #1 store] 
Database '/home/borja/git/RepositorioPBL/Bets21/src/main/resources/bets.temp' is opened by 20420@fedora-b

[2023-04-30 18:03:47 #2 type] 
Type domain.Question is not enhanced.

[2023-04-30 18:03:47 #3 type] 
Type domain.Forecast is not enhanced.

[2023-04-30 18:03:47 #4 type] 
Type domain.Event is not enhanced.

[2023-04-30 18:03:47 #5 type] 
Type domain.Bet is not enhanced.

[2023-04-30 18:03:47 #6 type] 
Type domain.User is not enhanced.

------------------------------------------------------------------------------------------------------------------------

[2023-04-30 18:13:15 #1 store] 
Database '/home/borja/git/RepositorioPBL/Bets21/src/main/resources/bets.temp' is opened by 21458@fedora-b

[2023-04-30 18:13:15 #2 type] 
Type domain.Question is not enhanced.

[2023-04-30 18:13:15 #3 type] 
Type domain.Forecast is not enhanced.

[2023-04-30 18:13:15 #4 type] 
Type domain.Event is not enhanced.

[2023-04-30 18:13:15 #5 type] 
Type domain.Bet is not enhanced.

[2023-04-30 18:13:15 #6 type] 
Type domain.User is not enhanced.

------------------------------------------------------------------------------------------------------------------------

[2023-04-30 18:16:13 #1 store] 
Database '/home/borja/git/RepositorioPBL/Bets21/src/main/resources/bets.temp' is opened by 21846@fedora-b

[2023-04-30 18:16:13 #2 type] 
Type domain.Question is not enhanced.

[2023-04-30 18:16:13 #3 type] 
Type domain.Forecast is not enhanced.

[2023-04-30 18:16:13 #4 type] 
Type domain.Event is not enhanced.

[2023-04-30 18:16:13 #5 type] 
Type domain.Bet is not enhanced.

[2023-04-30 18:16:13 #6 type] 
Type domain.User is not enhanced.

------------------------------------------------------------------------------------------------------------------------

[2023-04-30 18:17:08 #1 store] 
Database '/home/borja/git/RepositorioPBL/Bets21/src/main/resources/bets.temp' is opened by 21938@fedora-b

[2023-04-30 18:17:08 #2 type] 
Type domain.Question is not enhanced.

[2023-04-30 18:17:08 #3 type] 
Type domain.Forecast is not enhanced.

[2023-04-30 18:17:08 #4 type] 
Type domain.Event is not enhanced.

[2023-04-30 18:17:08 #5 type] 
Type domain.Bet is not enhanced.

[2023-04-30 18:17:08 #6 type] 
Type domain.User is not enhanced.

------------------------------------------------------------------------------------------------------------------------

[2023-04-30 18:20:23 #1 store] 
Database '/home/borja/git/RepositorioPBL/Bets21/src/main/resources/bets.temp' is opened by 22766@fedora-b

[2023-04-30 18:20:23 #2 type] 
Type domain.Question is not enhanced.

[2023-04-30 18:20:23 #3 type] 
Type domain.Forecast is not enhanced.

[2023-04-30 18:20:23 #4 type] 
Type domain.Event is not enhanced.

[2023-04-30 18:20:23 #5 type] 
Type domain.Bet is not enhanced.

[2023-04-30 18:20:23 #6 type] 
Type domain.User is not enhanced.

------------------------------------------------------------------------------------------------------------------------

[2023-04-30 18:20:42 #1 store] 
Database '/home/borja/git/RepositorioPBL/Bets21/src/main/resources/bets.temp' is opened by 22860@fedora-b

[2023-04-30 18:20:42 #2 type] 
Type domain.Question is not enhanced.

[2023-04-30 18:20:42 #3 type] 
Type domain.Forecast is not enhanced.

[2023-04-30 18:20:42 #4 type] 
Type domain.Event is not enhanced.

[2023-04-30 18:20:42 #5 type] 
Type domain.Bet is not enhanced.

[2023-04-30 18:20:42 #6 type] 
Type domain.User is not enhanced.

------------------------------------------------------------------------------------------------------------------------

[2023-04-30 18:21:05 #1 store] 
Database '/home/borja/git/RepositorioPBL/Bets21/src/main/resources/bets.temp' is opened by 22963@fedora-b

[2023-04-30 18:21:05 #2 type] 
Type domain.Question is not enhanced.

[2023-04-30 18:21:05 #3 type] 
Type domain.Forecast is not enhanced.

[2023-04-30 18:21:05 #4 type] 
Type domain.Event is not enhanced.

[2023-04-30 18:21:05 #5 type] 
Type domain.Bet is not enhanced.

[2023-04-30 18:21:05 #6 type] 
Type domain.User is not enhanced.

------------------------------------------------------------------------------------------------------------------------

[2023-04-30 18:21:21 #1 store] 
Database '/home/borja/git/RepositorioPBL/Bets21/src/main/resources/bets.temp' is opened by 23147@fedora-b

[2023-04-30 18:21:21 #2 type] 
Type domain.Question is not enhanced.

[2023-04-30 18:21:21 #3 type] 
Type domain.Forecast is not enhanced.

[2023-04-30 18:21:21 #4 type] 
Type domain.Event is not enhanced.

[2023-04-30 18:21:21 #5 type] 
Type domain.Bet is not enhanced.

[2023-04-30 18:21:21 #6 type] 
Type domain.User is not enhanced.

------------------------------------------------------------------------------------------------------------------------

[2023-04-30 18:21:37 #1 store] 
Database '/home/borja/git/RepositorioPBL/Bets21/src/main/resources/bets.temp' is opened by 23192@fedora-b

[2023-04-30 18:21:37 #2 type] 
Type domain.Question is not enhanced.

[2023-04-30 18:21:37 #3 type] 
Type domain.Forecast is not enhanced.

[2023-04-30 18:21:37 #4 type] 
Type domain.Event is not enhanced.

[2023-04-30 18:21:37 #5 type] 
Type domain.Bet is not enhanced.

[2023-04-30 18:21:37 #6 type] 
Type domain.User is not enhanced.

------------------------------------------------------------------------------------------------------------------------

[2023-04-30 19:49:42 #1 store] 
Database '/home/borja/git/RepositorioPBL/Bets21/src/main/resources/bets.temp' is opened by 25276@fedora-b

[2023-04-30 19:49:42 #2 type] 
Type domain.Question is not enhanced.

[2023-04-30 19:49:42 #3 type] 
Type domain.Forecast is not enhanced.

[2023-04-30 19:49:42 #4 type] 
Type domain.Event is not enhanced.

[2023-04-30 19:49:42 #5 type] 
Type domain.Bet is not enhanced.

[2023-04-30 19:49:42 #6 type] 
Type domain.User is not enhanced.

------------------------------------------------------------------------------------------------------------------------

[2023-04-30 19:52:58 #1 store] 
Database '/home/borja/git/RepositorioPBL/Bets21/src/main/resources/bets.temp' is opened by 25605@fedora-b

[2023-04-30 19:52:58 #2 type] 
Type domain.Question is not enhanced.

[2023-04-30 19:52:58 #3 type] 
Type domain.Forecast is not enhanced.

[2023-04-30 19:52:58 #4 type] 
Type domain.Event is not enhanced.

[2023-04-30 19:52:58 #5 type] 
Type domain.Bet is not enhanced.

[2023-04-30 19:52:58 #6 type] 
Type domain.User is not enhanced.

------------------------------------------------------------------------------------------------------------------------

[2023-04-30 19:55:00 #1 store] 
Database '/home/borja/git/RepositorioPBL/Bets21/src/main/resources/bets.temp' is opened by 25853@fedora-b

[2023-04-30 19:55:00 #2 type] 
Type domain.Question is not enhanced.

[2023-04-30 19:55:00 #3 type] 
Type domain.Forecast is not enhanced.

[2023-04-30 19:55:00 #4 type] 
Type domain.Event is not enhanced.

[2023-04-30 19:55:00 #5 type] 
Type domain.Bet is not enhanced.

[2023-04-30 19:55:00 #6 type] 
Type domain.User is not enhanced.

------------------------------------------------------------------------------------------------------------------------

[2023-04-30 19:57:33 #1 store] 
Database '/home/borja/git/RepositorioPBL/Bets21/src/main/resources/bets.temp' is opened by 26116@fedora-b

[2023-04-30 19:57:34 #2 type] 
Type domain.Question is not enhanced.

[2023-04-30 19:57:34 #3 type] 
Type domain.Forecast is not enhanced.

[2023-04-30 19:57:34 #4 type] 
Type domain.Event is not enhanced.

[2023-04-30 19:57:34 #5 type] 
Type domain.Bet is not enhanced.

[2023-04-30 19:57:34 #6 type] 
Type domain.User is not enhanced.

------------------------------------------------------------------------------------------------------------------------

[2023-04-30 20:00:23 #1 store] 
Database '/home/borja/git/RepositorioPBL/Bets21/src/main/resources/bets.temp' has been recovered (tr. 189-189)

[2023-04-30 20:00:23 #2 store] 
Database '/home/borja/git/RepositorioPBL/Bets21/src/main/resources/bets.temp' is opened by 26487@fedora-b

[2023-04-30 20:00:23 #3 type] 
Type domain.Question is not enhanced.

[2023-04-30 20:00:23 #4 type] 
Type domain.Forecast is not enhanced.

[2023-04-30 20:00:23 #5 type] 
Type domain.Event is not enhanced.

[2023-04-30 20:00:23 #6 type] 
Type domain.Bet is not enhanced.

[2023-04-30 20:00:23 #7 type] 
Type domain.User is not enhanced.

------------------------------------------------------------------------------------------------------------------------

[2023-04-30 20:33:36 #1 store] 
Database '/home/borja/git/RepositorioPBL/Bets21/src/main/resources/bets.temp' is opened by 29412@fedora-b

[2023-04-30 20:33:36 #2 type] 
Type domain.Question is not enhanced.

[2023-04-30 20:33:36 #3 type] 
Type domain.Forecast is not enhanced.

[2023-04-30 20:33:36 #4 type] 
Type domain.Event is not enhanced.

[2023-04-30 20:33:36 #5 type] 
Type domain.Bet is not enhanced.

[2023-04-30 20:33:36 #6 type] 
Type domain.User is not enhanced.

------------------------------------------------------------------------------------------------------------------------

[2023-04-30 20:35:15 #1 store] 
Database '/home/borja/git/RepositorioPBL/Bets21/src/main/resources/bets.temp' is opened by 29578@fedora-b

[2023-04-30 20:35:15 #2 type] 
Type domain.Question is not enhanced.

[2023-04-30 20:35:15 #3 type] 
Type domain.Forecast is not enhanced.

[2023-04-30 20:35:15 #4 type] 
Type domain.Event is not enhanced.

[2023-04-30 20:35:15 #5 type] 
Type domain.Bet is not enhanced.

[2023-04-30 20:35:15 #6 type] 
Type domain.User is not enhanced.

------------------------------------------------------------------------------------------------------------------------

[2023-04-30 20:35:38 #1 store] 
Database '/home/borja/git/RepositorioPBL/Bets21/src/main/resources/bets.temp' is opened by 29650@fedora-b

[2023-04-30 20:35:38 #2 type] 
Type domain.Question is not enhanced.

[2023-04-30 20:35:38 #3 type] 
Type domain.Forecast is not enhanced.

[2023-04-30 20:35:38 #4 type] 
Type domain.Event is not enhanced.

[2023-04-30 20:35:38 #5 type] 
Type domain.Bet is not enhanced.

[2023-04-30 20:35:38 #6 type] 
Type domain.User is not enhanced.

------------------------------------------------------------------------------------------------------------------------

[2023-04-30 20:36:35 #1 store] 
Database '/home/borja/git/RepositorioPBL/Bets21/src/main/resources/bets.temp' is opened by 29741@fedora-b

[2023-04-30 20:36:35 #2 type] 
Type domain.Question is not enhanced.

[2023-04-30 20:36:35 #3 type] 
Type domain.Forecast is not enhanced.

[2023-04-30 20:36:35 #4 type] 
Type domain.Event is not enhanced.

[2023-04-30 20:36:35 #5 type] 
Type domain.Bet is not enhanced.

[2023-04-30 20:36:35 #6 type] 
Type domain.User is not enhanced.

------------------------------------------------------------------------------------------------------------------------

[2023-04-30 20:37:24 #1 store] 
Database '/home/borja/git/RepositorioPBL/Bets21/src/main/resources/bets.temp' is opened by 29886@fedora-b

[2023-04-30 20:37:24 #2 type] 
Type domain.Question is not enhanced.

[2023-04-30 20:37:24 #3 type] 
Type domain.Forecast is not enhanced.

[2023-04-30 20:37:24 #4 type] 
Type domain.Event is not enhanced.

[2023-04-30 20:37:24 #5 type] 
Type domain.Bet is not enhanced.

[2023-04-30 20:37:24 #6 type] 
Type domain.User is not enhanced.

------------------------------------------------------------------------------------------------------------------------

[2023-04-30 20:38:16 #1 store] 
Database '/home/borja/git/RepositorioPBL/Bets21/src/main/resources/bets.temp' has been recovered (tr. 190-190)

[2023-04-30 20:38:16 #2 store] 
Database '/home/borja/git/RepositorioPBL/Bets21/src/main/resources/bets.temp' is opened by 29970@fedora-b

[2023-04-30 20:38:16 #3 type] 
Type domain.Question is not enhanced.

[2023-04-30 20:38:16 #4 type] 
Type domain.Forecast is not enhanced.

[2023-04-30 20:38:16 #5 type] 
Type domain.Event is not enhanced.

[2023-04-30 20:38:16 #6 type] 
Type domain.Bet is not enhanced.

[2023-04-30 20:38:16 #7 type] 
Type domain.User is not enhanced.

------------------------------------------------------------------------------------------------------------------------

[2023-04-30 20:42:05 #1 store] 
Database '/home/borja/git/RepositorioPBL/Bets21/src/main/resources/bets.temp' is opened by 30270@fedora-b

[2023-04-30 20:42:05 #2 type] 
Type domain.Question is not enhanced.

[2023-04-30 20:42:05 #3 type] 
Type domain.Forecast is not enhanced.

[2023-04-30 20:42:05 #4 type] 
Type domain.Event is not enhanced.

[2023-04-30 20:42:05 #5 type] 
Type domain.Bet is not enhanced.

[2023-04-30 20:42:05 #6 type] 
Type domain.User is not enhanced.

------------------------------------------------------------------------------------------------------------------------

[2023-04-30 20:43:22 #1 store] 
Database '/home/borja/git/RepositorioPBL/Bets21/src/main/resources/bets.temp' is opened by 30523@fedora-b

[2023-04-30 20:43:22 #2 type] 
Type domain.Question is not enhanced.

[2023-04-30 20:43:22 #3 type] 
Type domain.Forecast is not enhanced.

[2023-04-30 20:43:22 #4 type] 
Type domain.Event is not enhanced.

[2023-04-30 20:43:22 #5 type] 
Type domain.Bet is not enhanced.

[2023-04-30 20:43:22 #6 type] 
Type domain.User is not enhanced.

------------------------------------------------------------------------------------------------------------------------

[2023-04-30 20:53:50 #1 store] 
Database '/home/borja/git/RepositorioPBL/Bets21/src/main/resources/bets.temp' has been recovered (tr. 191-191)

[2023-04-30 20:53:50 #2 store] 
Database '/home/borja/git/RepositorioPBL/Bets21/src/main/resources/bets.temp' is opened by 31156@fedora-b

[2023-04-30 20:53:50 #3 type] 
Type domain.Question is not enhanced.

[2023-04-30 20:53:50 #4 type] 
Type domain.Forecast is not enhanced.

[2023-04-30 20:53:50 #5 type] 
Type domain.Event is not enhanced.

[2023-04-30 20:53:50 #6 type] 
Type domain.Bet is not enhanced.

[2023-04-30 20:53:50 #7 type] 
Type domain.User is not enhanced.

------------------------------------------------------------------------------------------------------------------------

[2023-04-30 20:55:24 #1 store] 
Database '/home/borja/git/RepositorioPBL/Bets21/src/main/resources/bets.temp' is opened by 31287@fedora-b

[2023-04-30 20:55:24 #2 type] 
Type domain.Question is not enhanced.

[2023-04-30 20:55:24 #3 type] 
Type domain.Forecast is not enhanced.

[2023-04-30 20:55:24 #4 type] 
Type domain.Event is not enhanced.

[2023-04-30 20:55:24 #5 type] 
Type domain.Bet is not enhanced.

[2023-04-30 20:55:24 #6 type] 
Type domain.User is not enhanced.

------------------------------------------------------------------------------------------------------------------------

[2023-04-30 20:58:15 #1 store] 
Database '/home/borja/git/RepositorioPBL/Bets21/src/main/resources/bets.temp' is opened by 31844@fedora-b

[2023-04-30 20:58:15 #2 type] 
Type domain.Question is not enhanced.

[2023-04-30 20:58:15 #3 type] 
Type domain.Forecast is not enhanced.

[2023-04-30 20:58:15 #4 type] 
Type domain.Event is not enhanced.

[2023-04-30 20:58:15 #5 type] 
Type domain.Bet is not enhanced.

[2023-04-30 20:58:15 #6 type] 
Type domain.User is not enhanced.

------------------------------------------------------------------------------------------------------------------------

[2023-04-30 20:58:50 #1 store] 
Database '/home/borja/git/RepositorioPBL/Bets21/src/main/resources/bets.temp' is opened by 31950@fedora-b

[2023-04-30 20:58:50 #2 type] 
Type domain.Question is not enhanced.

[2023-04-30 20:58:50 #3 type] 
Type domain.Forecast is not enhanced.

[2023-04-30 20:58:50 #4 type] 
Type domain.Event is not enhanced.

[2023-04-30 20:58:50 #5 type] 
Type domain.Bet is not enhanced.

[2023-04-30 20:58:50 #6 type] 
Type domain.User is not enhanced.

------------------------------------------------------------------------------------------------------------------------

[2023-04-30 21:01:20 #1 store] 
Database '/home/borja/git/RepositorioPBL/Bets21/src/main/resources/bets.temp' is opened by 32320@fedora-b

[2023-04-30 21:01:20 #2 type] 
Type domain.Question is not enhanced.

[2023-04-30 21:01:20 #3 type] 
Type domain.Forecast is not enhanced.

[2023-04-30 21:01:20 #4 type] 
Type domain.Event is not enhanced.

[2023-04-30 21:01:20 #5 type] 
Type domain.Bet is not enhanced.

[2023-04-30 21:01:20 #6 type] 
Type domain.User is not enhanced.

------------------------------------------------------------------------------------------------------------------------

[2023-04-30 21:03:00 #1 store] 
Database '/home/borja/git/RepositorioPBL/Bets21/src/main/resources/bets.temp' is opened by 32526@fedora-b

[2023-04-30 21:03:00 #2 type] 
Type domain.Question is not enhanced.

[2023-04-30 21:03:00 #3 type] 
Type domain.Forecast is not enhanced.

[2023-04-30 21:03:00 #4 type] 
Type domain.Event is not enhanced.

[2023-04-30 21:03:00 #5 type] 
Type domain.Bet is not enhanced.

[2023-04-30 21:03:00 #6 type] 
Type domain.User is not enhanced.

------------------------------------------------------------------------------------------------------------------------

[2023-04-30 21:04:11 #1 store] 
Database '/home/borja/git/RepositorioPBL/Bets21/src/main/resources/bets.temp' is opened by 32646@fedora-b

[2023-04-30 21:04:11 #2 type] 
Type domain.Question is not enhanced.

[2023-04-30 21:04:11 #3 type] 
Type domain.Forecast is not enhanced.

[2023-04-30 21:04:11 #4 type] 
Type domain.Event is not enhanced.

[2023-04-30 21:04:11 #5 type] 
Type domain.Bet is not enhanced.

[2023-04-30 21:04:11 #6 type] 
Type domain.User is not enhanced.

------------------------------------------------------------------------------------------------------------------------

[2023-04-30 21:05:29 #1 store] 
Database '/home/borja/git/RepositorioPBL/Bets21/src/main/resources/bets.temp' is opened by 32750@fedora-b

[2023-04-30 21:05:29 #2 type] 
Type domain.Question is not enhanced.

[2023-04-30 21:05:29 #3 type] 
Type domain.Forecast is not enhanced.

[2023-04-30 21:05:29 #4 type] 
Type domain.Event is not enhanced.

[2023-04-30 21:05:29 #5 type] 
Type domain.Bet is not enhanced.

[2023-04-30 21:05:29 #6 type] 
Type domain.User is not enhanced.

------------------------------------------------------------------------------------------------------------------------

[2023-04-30 21:06:38 #1 store] 
Database '/home/borja/git/RepositorioPBL/Bets21/src/main/resources/bets.temp' is opened by 32885@fedora-b

[2023-04-30 21:06:39 #2 type] 
Type domain.Question is not enhanced.

[2023-04-30 21:06:39 #3 type] 
Type domain.Forecast is not enhanced.

[2023-04-30 21:06:39 #4 type] 
Type domain.Event is not enhanced.

[2023-04-30 21:06:39 #5 type] 
Type domain.Bet is not enhanced.

[2023-04-30 21:06:39 #6 type] 
Type domain.User is not enhanced.

------------------------------------------------------------------------------------------------------------------------

[2023-04-30 21:07:30 #1 store] 
Database '/home/borja/git/RepositorioPBL/Bets21/src/main/resources/bets.temp' is opened by 32951@fedora-b

[2023-04-30 21:07:30 #2 type] 
Type domain.Question is not enhanced.

[2023-04-30 21:07:30 #3 type] 
Type domain.Forecast is not enhanced.

[2023-04-30 21:07:30 #4 type] 
Type domain.Event is not enhanced.

[2023-04-30 21:07:30 #5 type] 
Type domain.Bet is not enhanced.

[2023-04-30 21:07:30 #6 type] 
Type domain.User is not enhanced.

------------------------------------------------------------------------------------------------------------------------

[2023-04-30 21:23:59 #1 store] 
Database '/home/borja/git/RepositorioPBL/Bets21/src/main/resources/bets.temp' is opened by 35253@fedora-b

[2023-04-30 21:23:59 #2 type] 
Type domain.Question is not enhanced.

[2023-04-30 21:23:59 #3 type] 
Type domain.Forecast is not enhanced.

[2023-04-30 21:23:59 #4 type] 
Type domain.Event is not enhanced.

[2023-04-30 21:23:59 #5 type] 
Type domain.Bet is not enhanced.

[2023-04-30 21:23:59 #6 type] 
Type domain.User is not enhanced.

------------------------------------------------------------------------------------------------------------------------

[2023-04-30 21:24:29 #1 store] 
Database '/home/borja/git/RepositorioPBL/Bets21/src/main/resources/bets.temp' is opened by 35354@fedora-b

[2023-04-30 21:24:29 #2 type] 
Type domain.Question is not enhanced.

[2023-04-30 21:24:29 #3 type] 
Type domain.Forecast is not enhanced.

[2023-04-30 21:24:29 #4 type] 
Type domain.Event is not enhanced.

[2023-04-30 21:24:29 #5 type] 
Type domain.Bet is not enhanced.

[2023-04-30 21:24:29 #6 type] 
Type domain.User is not enhanced.

------------------------------------------------------------------------------------------------------------------------

[2023-04-30 21:27:27 #1 store] 
Database '/home/borja/git/RepositorioPBL/Bets21/src/main/resources/bets.temp' is opened by 35915@fedora-b

[2023-04-30 21:27:27 #2 type] 
Type domain.Question is not enhanced.

[2023-04-30 21:27:27 #3 type] 
Type domain.Forecast is not enhanced.

[2023-04-30 21:27:27 #4 type] 
Type domain.Event is not enhanced.

[2023-04-30 21:27:27 #5 type] 
Type domain.Bet is not enhanced.

[2023-04-30 21:27:27 #6 type] 
Type domain.User is not enhanced.

------------------------------------------------------------------------------------------------------------------------

[2023-04-30 21:32:11 #1 store] 
Database '/home/borja/git/RepositorioPBL/Bets21/src/main/resources/bets.temp' is opened by 36142@fedora-b

[2023-04-30 21:32:11 #2 type] 
Type domain.Question is not enhanced.

[2023-04-30 21:32:11 #3 type] 
Type domain.Forecast is not enhanced.

[2023-04-30 21:32:11 #4 type] 
Type domain.Event is not enhanced.

[2023-04-30 21:32:11 #5 type] 
Type domain.Bet is not enhanced.

[2023-04-30 21:32:11 #6 type] 
Type domain.User is not enhanced.

------------------------------------------------------------------------------------------------------------------------

[2023-04-30 21:37:06 #1 store] 
Database '/home/borja/git/RepositorioPBL/Bets21/src/main/resources/bets.temp' is opened by 36554@fedora-b

[2023-04-30 21:37:06 #2 type] 
Type domain.Question is not enhanced.

[2023-04-30 21:37:06 #3 type] 
Type domain.Forecast is not enhanced.

[2023-04-30 21:37:06 #4 type] 
Type domain.Event is not enhanced.

[2023-04-30 21:37:06 #5 type] 
Type domain.Bet is not enhanced.

[2023-04-30 21:37:06 #6 type] 
Type domain.User is not enhanced.

------------------------------------------------------------------------------------------------------------------------

[2023-04-30 21:38:29 #1 store] 
Database '/home/borja/git/RepositorioPBL/Bets21/src/main/resources/bets.temp' is opened by 36883@fedora-b

[2023-04-30 21:38:29 #2 type] 
Type domain.Question is not enhanced.

[2023-04-30 21:38:29 #3 type] 
Type domain.Forecast is not enhanced.

[2023-04-30 21:38:29 #4 type] 
Type domain.Event is not enhanced.

[2023-04-30 21:38:29 #5 type] 
Type domain.Bet is not enhanced.

[2023-04-30 21:38:29 #6 type] 
Type domain.User is not enhanced.

------------------------------------------------------------------------------------------------------------------------

[2023-04-30 21:39:19 #1 store] 
Database '/home/borja/git/RepositorioPBL/Bets21/src/main/resources/bets.temp' is opened by 36972@fedora-b

[2023-04-30 21:39:19 #2 type] 
Type domain.Question is not enhanced.

[2023-04-30 21:39:19 #3 type] 
Type domain.Forecast is not enhanced.

[2023-04-30 21:39:19 #4 type] 
Type domain.Event is not enhanced.

[2023-04-30 21:39:19 #5 type] 
Type domain.Bet is not enhanced.

[2023-04-30 21:39:19 #6 type] 
Type domain.User is not enhanced.

------------------------------------------------------------------------------------------------------------------------

[2023-04-30 21:40:10 #1 store] 
Database '/home/borja/git/RepositorioPBL/Bets21/src/main/resources/bets.temp' is opened by 37046@fedora-b

[2023-04-30 21:40:10 #2 type] 
Type domain.Question is not enhanced.

[2023-04-30 21:40:10 #3 type] 
Type domain.Forecast is not enhanced.

[2023-04-30 21:40:10 #4 type] 
Type domain.Event is not enhanced.

[2023-04-30 21:40:10 #5 type] 
Type domain.Bet is not enhanced.

[2023-04-30 21:40:10 #6 type] 
Type domain.User is not enhanced.

------------------------------------------------------------------------------------------------------------------------

[2023-04-30 21:42:04 #1 store] 
Database '/home/borja/git/RepositorioPBL/Bets21/src/main/resources/bets.temp' has been recovered (tr. 192-194)

[2023-04-30 21:42:04 #2 store] 
Database '/home/borja/git/RepositorioPBL/Bets21/src/main/resources/bets.temp' is opened by 37226@fedora-b

[2023-04-30 21:42:04 #3 type] 
Type domain.Question is not enhanced.

[2023-04-30 21:42:04 #4 type] 
Type domain.Forecast is not enhanced.

[2023-04-30 21:42:04 #5 type] 
Type domain.Event is not enhanced.

[2023-04-30 21:42:04 #6 type] 
Type domain.Bet is not enhanced.

[2023-04-30 21:42:04 #7 type] 
Type domain.User is not enhanced.

------------------------------------------------------------------------------------------------------------------------

[2023-04-30 21:43:02 #1 store] 
Database '/home/borja/git/RepositorioPBL/Bets21/src/main/resources/bets.temp' has been recovered (tr. 195-195)

[2023-04-30 21:43:02 #2 store] 
Database '/home/borja/git/RepositorioPBL/Bets21/src/main/resources/bets.temp' is opened by 37412@fedora-b

[2023-04-30 21:43:02 #3 type] 
Type domain.Question is not enhanced.

[2023-04-30 21:43:02 #4 type] 
Type domain.Forecast is not enhanced.

[2023-04-30 21:43:02 #5 type] 
Type domain.Event is not enhanced.

[2023-04-30 21:43:02 #6 type] 
Type domain.Bet is not enhanced.

[2023-04-30 21:43:02 #7 type] 
Type domain.User is not enhanced.

------------------------------------------------------------------------------------------------------------------------

[2023-04-30 22:15:31 #1 store] 
Database '/home/borja/git/RepositorioPBL/Bets21/src/main/resources/bets.temp' has been recovered (tr. 196-196)

[2023-04-30 22:15:32 #2 store] 
Database '/home/borja/git/RepositorioPBL/Bets21/src/main/resources/bets.temp' is opened by 38564@fedora-b

[2023-04-30 22:15:32 #3 type] 
Type domain.Question is not enhanced.

[2023-04-30 22:15:32 #4 type] 
Type domain.Forecast is not enhanced.

[2023-04-30 22:15:32 #5 type] 
Type domain.Event is not enhanced.

[2023-04-30 22:15:32 #6 type] 
Type domain.Bet is not enhanced.

[2023-04-30 22:15:32 #7 type] 
Type domain.User is not enhanced.

------------------------------------------------------------------------------------------------------------------------

[2023-04-30 22:17:04 #1 store] 
Database '/home/borja/git/RepositorioPBL/Bets21/src/main/resources/bets.temp' is opened by 38782@fedora-b

[2023-04-30 22:17:04 #2 type] 
Type domain.Question is not enhanced.

[2023-04-30 22:17:04 #3 type] 
Type domain.Forecast is not enhanced.

[2023-04-30 22:17:04 #4 type] 
Type domain.Event is not enhanced.

[2023-04-30 22:17:04 #5 type] 
Type domain.Bet is not enhanced.

[2023-04-30 22:17:04 #6 type] 
Type domain.User is not enhanced.

------------------------------------------------------------------------------------------------------------------------

[2023-04-30 22:20:00 #1 store] 
Database '/home/borja/git/RepositorioPBL/Bets21/src/main/resources/bets.temp' has been recovered (tr. 197-200)

[2023-04-30 22:20:00 #2 store] 
Database '/home/borja/git/RepositorioPBL/Bets21/src/main/resources/bets.temp' is opened by 39282@fedora-b

[2023-04-30 22:20:01 #3 type] 
Type domain.Question is not enhanced.

[2023-04-30 22:20:01 #4 type] 
Type domain.Forecast is not enhanced.

[2023-04-30 22:20:01 #5 type] 
Type domain.Event is not enhanced.

[2023-04-30 22:20:01 #6 type] 
Type domain.Bet is not enhanced.

[2023-04-30 22:20:01 #7 type] 
Type domain.User is not enhanced.

------------------------------------------------------------------------------------------------------------------------

[2023-04-30 22:20:56 #1 store] 
Database '/home/borja/git/RepositorioPBL/Bets21/src/main/resources/bets.temp' is opened by 39358@fedora-b

[2023-04-30 22:20:57 #2 type] 
Type domain.Question is not enhanced.

[2023-04-30 22:20:57 #3 type] 
Type domain.Forecast is not enhanced.

[2023-04-30 22:20:57 #4 type] 
Type domain.Event is not enhanced.

[2023-04-30 22:20:57 #5 type] 
Type domain.Bet is not enhanced.

[2023-04-30 22:20:57 #6 type] 
Type domain.User is not enhanced.

------------------------------------------------------------------------------------------------------------------------

[2023-04-30 22:31:32 #1 store] 
Database '/home/borja/git/RepositorioPBL/Bets21/src/main/resources/bets.temp' is opened by 40760@fedora-b

[2023-04-30 22:31:32 #2 type] 
Type domain.Question is not enhanced.

[2023-04-30 22:31:32 #3 type] 
Type domain.Forecast is not enhanced.

[2023-04-30 22:31:32 #4 type] 
Type domain.Event is not enhanced.

[2023-04-30 22:31:32 #5 type] 
Type domain.Bet is not enhanced.

[2023-04-30 22:31:32 #6 type] 
Type domain.User is not enhanced.

------------------------------------------------------------------------------------------------------------------------

[2023-04-30 22:35:04 #1 store] 
Database '/home/borja/git/RepositorioPBL/Bets21/src/main/resources/bets.temp' is opened by 41193@fedora-b

[2023-04-30 22:35:04 #2 type] 
Type domain.Question is not enhanced.

[2023-04-30 22:35:04 #3 type] 
Type domain.Forecast is not enhanced.

[2023-04-30 22:35:04 #4 type] 
Type domain.Event is not enhanced.

[2023-04-30 22:35:04 #5 type] 
Type domain.Bet is not enhanced.

[2023-04-30 22:35:04 #6 type] 
Type domain.User is not enhanced.

------------------------------------------------------------------------------------------------------------------------

[2023-04-30 22:42:54 #1 store] 
Database '/home/borja/git/RepositorioPBL/Bets21/src/main/resources/bets.temp' is opened by 42099@fedora-b

[2023-04-30 22:42:55 #2 type] 
Type domain.Question is not enhanced.

[2023-04-30 22:42:55 #3 type] 
Type domain.Forecast is not enhanced.

[2023-04-30 22:42:55 #4 type] 
Type domain.Event is not enhanced.

[2023-04-30 22:42:55 #5 type] 
Type domain.Bet is not enhanced.

[2023-04-30 22:42:55 #6 type] 
Type domain.User is not enhanced.

------------------------------------------------------------------------------------------------------------------------

[2023-04-30 22:43:48 #1 store] 
Database '/home/borja/git/RepositorioPBL/Bets21/src/main/resources/bets.temp' is opened by 42307@fedora-b

[2023-04-30 22:43:48 #2 type] 
Type domain.Question is not enhanced.

[2023-04-30 22:43:48 #3 type] 
Type domain.Forecast is not enhanced.

[2023-04-30 22:43:48 #4 type] 
Type domain.Event is not enhanced.

[2023-04-30 22:43:48 #5 type] 
Type domain.Bet is not enhanced.

[2023-04-30 22:43:48 #6 type] 
Type domain.User is not enhanced.

------------------------------------------------------------------------------------------------------------------------

[2023-04-30 22:44:54 #1 store] 
Database '/home/borja/git/RepositorioPBL/Bets21/src/main/resources/bets.temp' is opened by 42450@fedora-b

[2023-04-30 22:44:55 #2 type] 
Type domain.Question is not enhanced.

[2023-04-30 22:44:55 #3 type] 
Type domain.Forecast is not enhanced.

[2023-04-30 22:44:55 #4 type] 
Type domain.Event is not enhanced.

[2023-04-30 22:44:55 #5 type] 
Type domain.Bet is not enhanced.

[2023-04-30 22:44:55 #6 type] 
Type domain.User is not enhanced.

------------------------------------------------------------------------------------------------------------------------

[2023-04-30 22:46:14 #1 store] 
Database '/home/borja/git/RepositorioPBL/Bets21/src/main/resources/bets.temp' is opened by 42686@fedora-b

[2023-04-30 22:46:15 #2 type] 
Type domain.Question is not enhanced.

[2023-04-30 22:46:15 #3 type] 
Type domain.Forecast is not enhanced.

[2023-04-30 22:46:15 #4 type] 
Type domain.Event is not enhanced.

[2023-04-30 22:46:15 #5 type] 
Type domain.Bet is not enhanced.

[2023-04-30 22:46:15 #6 type] 
Type domain.User is not enhanced.

------------------------------------------------------------------------------------------------------------------------

[2023-04-30 22:46:43 #1 store] 
Database '/home/borja/git/RepositorioPBL/Bets21/src/main/resources/bets.temp' is opened by 42817@fedora-b

[2023-04-30 22:46:43 #2 type] 
Type domain.Question is not enhanced.

[2023-04-30 22:46:43 #3 type] 
Type domain.Forecast is not enhanced.

[2023-04-30 22:46:43 #4 type] 
Type domain.Event is not enhanced.

[2023-04-30 22:46:43 #5 type] 
Type domain.Bet is not enhanced.

[2023-04-30 22:46:43 #6 type] 
Type domain.User is not enhanced.

------------------------------------------------------------------------------------------------------------------------

[2023-04-30 22:47:18 #1 store] 
Database '/home/borja/git/RepositorioPBL/Bets21/src/main/resources/bets.temp' is opened by 43077@fedora-b

[2023-04-30 22:47:18 #2 type] 
Type domain.Question is not enhanced.

[2023-04-30 22:47:18 #3 type] 
Type domain.Forecast is not enhanced.

[2023-04-30 22:47:18 #4 type] 
Type domain.Event is not enhanced.

[2023-04-30 22:47:18 #5 type] 
Type domain.Bet is not enhanced.

[2023-04-30 22:47:18 #6 type] 
Type domain.User is not enhanced.

------------------------------------------------------------------------------------------------------------------------

[2023-04-30 22:47:45 #1 store] 
Database '/home/borja/git/RepositorioPBL/Bets21/src/main/resources/bets.temp' is opened by 43191@fedora-b

[2023-04-30 22:47:45 #2 type] 
Type domain.Question is not enhanced.

[2023-04-30 22:47:45 #3 type] 
Type domain.Forecast is not enhanced.

[2023-04-30 22:47:45 #4 type] 
Type domain.Event is not enhanced.

[2023-04-30 22:47:45 #5 type] 
Type domain.Bet is not enhanced.

[2023-04-30 22:47:45 #6 type] 
Type domain.User is not enhanced.

------------------------------------------------------------------------------------------------------------------------

[2023-04-30 23:00:15 #1 store] 
Database '/home/borja/git/RepositorioPBL/Bets21/src/main/resources/bets.temp' is opened by 44769@fedora-b

[2023-04-30 23:00:15 #2 type] 
Type domain.Question is not enhanced.

[2023-04-30 23:00:15 #3 type] 
Type domain.Forecast is not enhanced.

[2023-04-30 23:00:15 #4 type] 
Type domain.Event is not enhanced.

[2023-04-30 23:00:15 #5 type] 
Type domain.Bet is not enhanced.

[2023-04-30 23:00:15 #6 type] 
Type domain.User is not enhanced.

------------------------------------------------------------------------------------------------------------------------

[2023-04-30 23:04:29 #1 store] 
Database '/home/borja/git/RepositorioPBL/Bets21/src/main/resources/bets.temp' is opened by 45262@fedora-b

[2023-04-30 23:04:29 #2 type] 
Type domain.Question is not enhanced.

[2023-04-30 23:04:29 #3 type] 
Type domain.Forecast is not enhanced.

[2023-04-30 23:04:29 #4 type] 
Type domain.Event is not enhanced.

[2023-04-30 23:04:29 #5 type] 
Type domain.Bet is not enhanced.

[2023-04-30 23:04:29 #6 type] 
Type domain.User is not enhanced.

------------------------------------------------------------------------------------------------------------------------

[2023-04-30 23:06:54 #1 store] 
Database '/home/borja/git/RepositorioPBL/Bets21/src/main/resources/bets.temp' has been recovered (tr. 201-201)

[2023-04-30 23:06:54 #2 store] 
Database '/home/borja/git/RepositorioPBL/Bets21/src/main/resources/bets.temp' is opened by 45756@fedora-b

[2023-04-30 23:06:54 #3 type] 
Type domain.Question is not enhanced.

[2023-04-30 23:06:54 #4 type] 
Type domain.Forecast is not enhanced.

[2023-04-30 23:06:54 #5 type] 
Type domain.Event is not enhanced.

[2023-04-30 23:06:54 #6 type] 
Type domain.Bet is not enhanced.

[2023-04-30 23:06:54 #7 type] 
Type domain.User is not enhanced.

------------------------------------------------------------------------------------------------------------------------

[2023-04-30 23:20:23 #1 store] 
Database '/home/borja/git/RepositorioPBL/Bets21/src/main/resources/bets.temp' is opened by 47491@fedora-b

[2023-04-30 23:20:23 #2 type] 
Type domain.Question is not enhanced.

[2023-04-30 23:20:23 #3 type] 
Type domain.Forecast is not enhanced.

[2023-04-30 23:20:23 #4 type] 
Type domain.Event is not enhanced.

[2023-04-30 23:20:23 #5 type] 
Type domain.Bet is not enhanced.

[2023-04-30 23:20:23 #6 type] 
Type domain.User is not enhanced.

------------------------------------------------------------------------------------------------------------------------

[2023-04-30 23:21:01 #1 store] 
Database '/home/borja/git/RepositorioPBL/Bets21/src/main/resources/bets.temp' is opened by 47578@fedora-b

[2023-04-30 23:21:01 #2 type] 
Type domain.Question is not enhanced.

[2023-04-30 23:21:01 #3 type] 
Type domain.Forecast is not enhanced.

[2023-04-30 23:21:01 #4 type] 
Type domain.Event is not enhanced.

[2023-04-30 23:21:01 #5 type] 
Type domain.Bet is not enhanced.

[2023-04-30 23:21:01 #6 type] 
Type domain.User is not enhanced.

------------------------------------------------------------------------------------------------------------------------

[2023-04-30 23:23:03 #1 store] 
Database '/home/borja/git/RepositorioPBL/Bets21/src/main/resources/bets.temp' is opened by 47973@fedora-b

[2023-04-30 23:23:04 #2 type] 
Type domain.Question is not enhanced.

[2023-04-30 23:23:04 #3 type] 
Type domain.Forecast is not enhanced.

[2023-04-30 23:23:04 #4 type] 
Type domain.Event is not enhanced.

[2023-04-30 23:23:04 #5 type] 
Type domain.Bet is not enhanced.

[2023-04-30 23:23:04 #6 type] 
Type domain.User is not enhanced.

------------------------------------------------------------------------------------------------------------------------

[2023-04-30 23:23:42 #1 store] 
Database '/home/borja/git/RepositorioPBL/Bets21/src/main/resources/bets.temp' is opened by 48061@fedora-b

[2023-04-30 23:23:42 #2 type] 
Type domain.Question is not enhanced.

[2023-04-30 23:23:42 #3 type] 
Type domain.Forecast is not enhanced.

[2023-04-30 23:23:42 #4 type] 
Type domain.Event is not enhanced.

[2023-04-30 23:23:42 #5 type] 
Type domain.Bet is not enhanced.

[2023-04-30 23:23:42 #6 type] 
Type domain.User is not enhanced.

------------------------------------------------------------------------------------------------------------------------

[2023-04-30 23:24:07 #1 store] 
Database '/home/borja/git/RepositorioPBL/Bets21/src/main/resources/bets.temp' is opened by 48124@fedora-b

[2023-04-30 23:24:07 #2 type] 
Type domain.Question is not enhanced.

[2023-04-30 23:24:07 #3 type] 
Type domain.Forecast is not enhanced.

[2023-04-30 23:24:07 #4 type] 
Type domain.Event is not enhanced.

[2023-04-30 23:24:07 #5 type] 
Type domain.Bet is not enhanced.

[2023-04-30 23:24:07 #6 type] 
Type domain.User is not enhanced.

------------------------------------------------------------------------------------------------------------------------

[2023-04-30 23:24:39 #1 store] 
Database '/home/borja/git/RepositorioPBL/Bets21/src/main/resources/bets.temp' is opened by 48244@fedora-b

[2023-04-30 23:24:40 #2 type] 
Type domain.Question is not enhanced.

[2023-04-30 23:24:40 #3 type] 
Type domain.Forecast is not enhanced.

[2023-04-30 23:24:40 #4 type] 
Type domain.Event is not enhanced.

[2023-04-30 23:24:40 #5 type] 
Type domain.Bet is not enhanced.

[2023-04-30 23:24:40 #6 type] 
Type domain.User is not enhanced.

------------------------------------------------------------------------------------------------------------------------

[2023-04-30 23:25:16 #1 store] 
Database '/home/borja/git/RepositorioPBL/Bets21/src/main/resources/bets.temp' is opened by 48351@fedora-b

[2023-04-30 23:25:16 #2 type] 
Type domain.Question is not enhanced.

[2023-04-30 23:25:16 #3 type] 
Type domain.Forecast is not enhanced.

[2023-04-30 23:25:16 #4 type] 
Type domain.Event is not enhanced.

[2023-04-30 23:25:16 #5 type] 
Type domain.Bet is not enhanced.

[2023-04-30 23:25:16 #6 type] 
Type domain.User is not enhanced.

------------------------------------------------------------------------------------------------------------------------

[2023-04-30 23:28:46 #1 store] 
Database '/home/borja/git/RepositorioPBL/Bets21/src/main/resources/bets.temp' is opened by 48739@fedora-b

[2023-04-30 23:28:46 #2 type] 
Type domain.Question is not enhanced.

[2023-04-30 23:28:46 #3 type] 
Type domain.Forecast is not enhanced.

[2023-04-30 23:28:46 #4 type] 
Type domain.Event is not enhanced.

[2023-04-30 23:28:46 #5 type] 
Type domain.Bet is not enhanced.

[2023-04-30 23:28:46 #6 type] 
Type domain.User is not enhanced.

------------------------------------------------------------------------------------------------------------------------

[2023-04-30 23:30:26 #1 store] 
Database '/home/borja/git/RepositorioPBL/Bets21/src/main/resources/bets.temp' is opened by 48993@fedora-b

[2023-04-30 23:30:26 #2 type] 
Type domain.Question is not enhanced.

[2023-04-30 23:30:26 #3 type] 
Type domain.Forecast is not enhanced.

[2023-04-30 23:30:26 #4 type] 
Type domain.Event is not enhanced.

[2023-04-30 23:30:26 #5 type] 
Type domain.Bet is not enhanced.

[2023-04-30 23:30:26 #6 type] 
Type domain.User is not enhanced.

------------------------------------------------------------------------------------------------------------------------

[2023-04-30 23:33:58 #1 store] 
Database '/home/borja/git/RepositorioPBL/Bets21/src/main/resources/bets.temp' has been recovered (tr. 202-203)

[2023-04-30 23:33:58 #2 store] 
Database '/home/borja/git/RepositorioPBL/Bets21/src/main/resources/bets.temp' is opened by 49432@fedora-b

[2023-04-30 23:33:58 #3 type] 
Type domain.Question is not enhanced.

[2023-04-30 23:33:58 #4 type] 
Type domain.Forecast is not enhanced.

[2023-04-30 23:33:58 #5 type] 
Type domain.Event is not enhanced.

[2023-04-30 23:33:58 #6 type] 
Type domain.Bet is not enhanced.

[2023-04-30 23:33:58 #7 type] 
Type domain.User is not enhanced.

------------------------------------------------------------------------------------------------------------------------

[2023-04-30 23:40:57 #1 store] 
Database '/home/borja/git/RepositorioPBL/Bets21/src/main/resources/bets.temp' is opened by 50366@fedora-b

[2023-04-30 23:40:57 #2 type] 
Type domain.Question is not enhanced.

[2023-04-30 23:40:57 #3 type] 
Type domain.Forecast is not enhanced.

[2023-04-30 23:40:57 #4 type] 
Type domain.Event is not enhanced.

[2023-04-30 23:40:57 #5 type] 
Type domain.Bet is not enhanced.

[2023-04-30 23:40:57 #6 type] 
Type domain.User is not enhanced.

------------------------------------------------------------------------------------------------------------------------

[2023-04-30 23:42:26 #1 store] 
Database '/home/borja/git/RepositorioPBL/Bets21/src/main/resources/bets.temp' is opened by 50640@fedora-b

[2023-04-30 23:42:26 #2 type] 
Type domain.Question is not enhanced.

[2023-04-30 23:42:26 #3 type] 
Type domain.Forecast is not enhanced.

[2023-04-30 23:42:26 #4 type] 
Type domain.Event is not enhanced.

[2023-04-30 23:42:26 #5 type] 
Type domain.Bet is not enhanced.

[2023-04-30 23:42:26 #6 type] 
Type domain.User is not enhanced.

------------------------------------------------------------------------------------------------------------------------

[2023-04-30 23:43:41 #1 store] 
Database '/home/borja/git/RepositorioPBL/Bets21/src/main/resources/bets.temp' is opened by 50892@fedora-b

[2023-04-30 23:43:42 #2 type] 
Type domain.Question is not enhanced.

[2023-04-30 23:43:42 #3 type] 
Type domain.Forecast is not enhanced.

[2023-04-30 23:43:42 #4 type] 
Type domain.Event is not enhanced.

[2023-04-30 23:43:42 #5 type] 
Type domain.Bet is not enhanced.

[2023-04-30 23:43:42 #6 type] 
Type domain.User is not enhanced.

------------------------------------------------------------------------------------------------------------------------

[2023-04-30 23:44:15 #1 store] 
Database '/home/borja/git/RepositorioPBL/Bets21/src/main/resources/bets.temp' is opened by 50979@fedora-b

[2023-04-30 23:44:15 #2 type] 
Type domain.Question is not enhanced.

[2023-04-30 23:44:15 #3 type] 
Type domain.Forecast is not enhanced.

[2023-04-30 23:44:15 #4 type] 
Type domain.Event is not enhanced.

[2023-04-30 23:44:15 #5 type] 
Type domain.Bet is not enhanced.

[2023-04-30 23:44:15 #6 type] 
Type domain.User is not enhanced.

------------------------------------------------------------------------------------------------------------------------

[2023-04-30 23:45:40 #1 store] 
Database '/home/borja/git/RepositorioPBL/Bets21/src/main/resources/bets.temp' is opened by 51277@fedora-b

[2023-04-30 23:45:40 #2 type] 
Type domain.Question is not enhanced.

[2023-04-30 23:45:40 #3 type] 
Type domain.Forecast is not enhanced.

[2023-04-30 23:45:40 #4 type] 
Type domain.Event is not enhanced.

[2023-04-30 23:45:40 #5 type] 
Type domain.Bet is not enhanced.

[2023-04-30 23:45:40 #6 type] 
Type domain.User is not enhanced.

------------------------------------------------------------------------------------------------------------------------

[2023-04-30 23:55:09 #1 store] 
Database '/home/borja/git/RepositorioPBL/Bets21/src/main/resources/bets.temp' is opened by 52901@fedora-b

[2023-04-30 23:55:09 #2 type] 
Type domain.Question is not enhanced.

[2023-04-30 23:55:09 #3 type] 
Type domain.Forecast is not enhanced.

[2023-04-30 23:55:09 #4 type] 
Type domain.Event is not enhanced.

[2023-04-30 23:55:09 #5 type] 
Type domain.Bet is not enhanced.

[2023-04-30 23:55:09 #6 type] 
Type domain.User is not enhanced.

------------------------------------------------------------------------------------------------------------------------

[2023-04-30 23:57:30 #1 store] 
Database '/home/borja/git/RepositorioPBL/Bets21/src/main/resources/bets.temp' is opened by 53116@fedora-b

[2023-04-30 23:57:31 #2 type] 
Type domain.Question is not enhanced.

[2023-04-30 23:57:31 #3 type] 
Type domain.Forecast is not enhanced.

[2023-04-30 23:57:31 #4 type] 
Type domain.Event is not enhanced.

[2023-04-30 23:57:31 #5 type] 
Type domain.Bet is not enhanced.

[2023-04-30 23:57:31 #6 type] 
Type domain.User is not enhanced.

------------------------------------------------------------------------------------------------------------------------

[2023-04-30 23:58:22 #1 store] 
Database '/home/borja/git/RepositorioPBL/Bets21/src/main/resources/bets.temp' is opened by 53255@fedora-b

[2023-04-30 23:58:22 #2 type] 
Type domain.Question is not enhanced.

[2023-04-30 23:58:22 #3 type] 
Type domain.Forecast is not enhanced.

[2023-04-30 23:58:22 #4 type] 
Type domain.Event is not enhanced.

[2023-04-30 23:58:22 #5 type] 
Type domain.Bet is not enhanced.

[2023-04-30 23:58:22 #6 type] 
Type domain.User is not enhanced.

------------------------------------------------------------------------------------------------------------------------

[2023-04-30 23:58:55 #1 store] 
Database '/home/borja/git/RepositorioPBL/Bets21/src/main/resources/bets.temp' is opened by 53347@fedora-b

[2023-04-30 23:58:55 #2 type] 
Type domain.Question is not enhanced.

[2023-04-30 23:58:55 #3 type] 
Type domain.Forecast is not enhanced.

[2023-04-30 23:58:55 #4 type] 
Type domain.Event is not enhanced.

[2023-04-30 23:58:55 #5 type] 
Type domain.Bet is not enhanced.

[2023-04-30 23:58:55 #6 type] 
Type domain.User is not enhanced.

------------------------------------------------------------------------------------------------------------------------

[2023-04-30 23:59:19 #1 store] 
Database '/home/borja/git/RepositorioPBL/Bets21/src/main/resources/bets.temp' is opened by 53464@fedora-b

[2023-04-30 23:59:19 #2 type] 
Type domain.Question is not enhanced.

[2023-04-30 23:59:19 #3 type] 
Type domain.Forecast is not enhanced.

[2023-04-30 23:59:19 #4 type] 
Type domain.Event is not enhanced.

[2023-04-30 23:59:19 #5 type] 
Type domain.Bet is not enhanced.

[2023-04-30 23:59:19 #6 type] 
Type domain.User is not enhanced.

------------------------------------------------------------------------------------------------------------------------

[2023-04-30 23:59:59 #1 store] 
Database '/home/borja/git/RepositorioPBL/Bets21/src/main/resources/bets.temp' is opened by 53650@fedora-b

[2023-05-01 00:00:00 #2 type] 
Type domain.Question is not enhanced.

[2023-05-01 00:00:00 #3 type] 
Type domain.Forecast is not enhanced.

[2023-05-01 00:00:00 #4 type] 
Type domain.Event is not enhanced.

[2023-05-01 00:00:00 #5 type] 
Type domain.Bet is not enhanced.

[2023-05-01 00:00:00 #6 type] 
Type domain.User is not enhanced.

